#
# A fatal error has been detected by the Java Runtime Environment:
#
#  EXCEPTION_ACCESS_VIOLATION (0xc0000005) at pc=0x00007ffb13e0d422, pid=11408, tid=6664
#
# JRE version: Java(TM) SE Runtime Environment (17.0.6+9) (build 17.0.6+9-LTS-190)
# Java VM: Java HotSpot(TM) 64-Bit Server VM (17.0.6+9-LTS-190, mixed mode, sharing, tiered, compressed oops, compressed class ptrs, g1 gc, windows-amd64)
# Problematic frame:
# V  [jvm.dll+0x57d422]
#
# No core dump will be written. Minidumps are not enabled by default on client versions of Windows
#
# If you would like to submit a bug report, please visit:
#   https://bugreport.java.com/bugreport/crash.jsp
#

---------------  S U M M A R Y ------------

Command Line: -ea -Didea.test.cyclic.buffer.size=1048576 -javaagent:C:\Program Files\JetBrains\IntelliJ IDEA Community Edition 2022.3.2\lib\idea_rt.jar=8834:C:\Program Files\JetBrains\IntelliJ IDEA Community Edition 2022.3.2\bin -Dfile.encoding=UTF-8 com.intellij.rt.junit.JUnitStarter -ideVersion5 -junit5 renderer.ReflectionRefractionTests,fourObjects

Host: Intel(R) Core(TM) i5-10210U CPU @ 1.60GHz, 8 cores, 7G,  Windows 10 , 64 bit Build 19041 (10.0.19041.3031)
Time: Sun Jun 25 23:54:49 2023 Jerusalem Daylight Time elapsed time: 0.720170 seconds (0d 0h 0m 0s)

---------------  T H R E A D  ---------------

Current thread (0x0000021c6049deb0):  JavaThread "C2 CompilerThread0" daemon [_thread_in_native, id=6664, stack(0x000000cfa3e00000,0x000000cfa3f00000)]


Current CompileTask:
C2:    720 1143       4       geometries.Triangle::findGeoIntersectionsHelper (348 bytes)

Stack: [0x000000cfa3e00000,0x000000cfa3f00000],  sp=0x000000cfa3efa750,  free space=1001k
Native frames: (J=compiled Java code, j=interpreted, Vv=VM code, C=native code)
V  [jvm.dll+0x57d422]
V  [jvm.dll+0x57d134]
V  [jvm.dll+0x57c388]
V  [jvm.dll+0x21e142]
V  [jvm.dll+0x2177c5]
V  [jvm.dll+0x215109]
V  [jvm.dll+0x1a1730]
V  [jvm.dll+0x224b6e]
V  [jvm.dll+0x222f15]
V  [jvm.dll+0x78753c]
V  [jvm.dll+0x781a7a]
V  [jvm.dll+0x672375]
C  [ucrtbase.dll+0x21bb2]
C  [KERNEL32.DLL+0x17614]
C  [ntdll.dll+0x526f1]


siginfo: EXCEPTION_ACCESS_VIOLATION (0xc0000005), reading address 0x0000000000000008


Register to memory mapping:

RIP=0x00007ffb13e0d422 jvm.dll
RAX=0x0000021c61c9e0a0 points into unknown readable memory: 0x0000000000000000 | 00 00 00 00 00 00 00 00
RBX=0x0 is NULL
RCX=0x0 is NULL
RDX=0x000000cfa3efabb0 is pointing into the stack for thread: 0x0000021c6049deb0
RSP=0x000000cfa3efa750 is pointing into the stack for thread: 0x0000021c6049deb0
RBP=0x0000021c615887e0 points into unknown readable memory: 0x00007ffb14145100 | 00 51 14 14 fb 7f 00 00
RSI=0x0000021c61c40010 points into unknown readable memory: 0x0000000000000000 | 00 00 00 00 00 00 00 00
RDI=0x000000cfa3efab80 is pointing into the stack for thread: 0x0000021c6049deb0
R8 =0x0000021c61c9e0a0 points into unknown readable memory: 0x0000000000000000 | 00 00 00 00 00 00 00 00
R9 =0x0000000000002000 is an unknown value
R10=0x00007ffb29b70000 VCRUNTIME140.dll
R11=0x00007ffb29b71b41 VCRUNTIME140.dll
R12=0x000000cfa3efa848 is pointing into the stack for thread: 0x0000021c6049deb0
R13=0x000000cfa3efa820 is pointing into the stack for thread: 0x0000021c6049deb0
R14=0x0000021c615895f8 points into unknown readable memory: 0x00007ffb141c50b0 | b0 50 1c 14 fb 7f 00 00
R15=0x0000021c6155c5a0 points into unknown readable memory: 0x00007ffb140df640 | 40 f6 0d 14 fb 7f 00 00


Registers:
RAX=0x0000021c61c9e0a0, RBX=0x0000000000000000, RCX=0x0000000000000000, RDX=0x000000cfa3efabb0
RSP=0x000000cfa3efa750, RBP=0x0000021c615887e0, RSI=0x0000021c61c40010, RDI=0x000000cfa3efab80
R8 =0x0000021c61c9e0a0, R9 =0x0000000000002000, R10=0x00007ffb29b70000, R11=0x00007ffb29b71b41
R12=0x000000cfa3efa848, R13=0x000000cfa3efa820, R14=0x0000021c615895f8, R15=0x0000021c6155c5a0
RIP=0x00007ffb13e0d422, EFLAGS=0x0000000000010206

Top of Stack: (sp=0x000000cfa3efa750)
0x000000cfa3efa750:   000000cfa3efab80 0000021c615895f8
0x000000cfa3efa760:   0000021c6155c5a0 0000021c615887e0
0x000000cfa3efa770:   0000000000000006 000000cfa3efa868
0x000000cfa3efa780:   0000021c615b5060 00007ffb13e0d134
0x000000cfa3efa790:   0000000000000011 000000000000007f
0x000000cfa3efa7a0:   000000cfa3efa848 0000021c615895f8
0x000000cfa3efa7b0:   0000021c60330c90 0000021c60330c40
0x000000cfa3efa7c0:   0000021c61068068 000000cfa3efa8f0
0x000000cfa3efa7d0:   0000021c4042f6c0 0000000000000000
0x000000cfa3efa7e0:   000000cfa3efab80 00007ffb13e0c388
0x000000cfa3efa7f0:   000000cfa3efab80 0000000000000001
0x000000cfa3efa800:   0000021c00000006 000000cfa3efa868
0x000000cfa3efa810:   0000021c61385830 0000021c61385830
0x000000cfa3efa820:   0000021c6048b510 0000000000000400
0x000000cfa3efa830:   0000021c61ccd100 0000000000000250
0x000000cfa3efa840:   0000000000000000 0000021c00000100 

Instructions: (pc=0x00007ffb13e0d422)
0x00007ffb13e0d322:   4a 0d 00 48 8b 47 30 48 c7 04 d8 00 00 00 00 48
0x00007ffb13e0d332:   83 c4 20 41 5e 5f 5b c3 49 8b d6 4c 89 7c 24 58
0x00007ffb13e0d342:   48 8b cf e8 26 c8 fe ff 45 33 c9 4c 8b c0 49 8b
0x00007ffb13e0d352:   d6 48 8b cf 4c 8b f8 e8 62 13 00 00 41 8b 4e 2c
0x00007ffb13e0d362:   48 8b d8 83 e1 3f 80 f9 30 75 19 49 3b c7 74 14
0x00007ffb13e0d372:   4c 8b c8 4d 8b c7 49 8b d6 48 8b cf e8 dd 3b 00
0x00007ffb13e0d382:   00 48 8b d8 48 89 74 24 48 48 85 db 75 55 41 8b
0x00007ffb13e0d392:   5e 28 3b 5f 28 72 0b 8b d3 48 8d 4f 20 e8 3c 4a
0x00007ffb13e0d3a2:   0d 00 48 8b 47 30 48 c7 04 d8 00 00 00 00 8b 9f
0x00007ffb13e0d3b2:   d0 09 00 00 8d 43 01 89 87 d0 09 00 00 3b 9f c0
0x00007ffb13e0d3c2:   09 00 00 72 0e 8b d3 48 8d 8f b8 09 00 00 e8 0b
0x00007ffb13e0d3d2:   4a 0d 00 48 8b 87 c8 09 00 00 4c 89 34 d8 e9 30
0x00007ffb13e0d3e2:   03 00 00 48 89 6c 24 40 48 8b eb 4c 3b fb 0f 84
0x00007ffb13e0d3f2:   75 02 00 00 44 8b 4f 28 48 8d 57 30 4c 89 64 24
0x00007ffb13e0d402:   50 0f 1f 40 00 66 0f 1f 84 00 00 00 00 00 8b 4b
0x00007ffb13e0d412:   28 48 8b 87 f8 09 00 00 48 8b 1c c8 4c 8d 04 c8
0x00007ffb13e0d422:   48 8b 43 08 48 83 38 00 75 2b 0f 1f 40 00 8b 43
0x00007ffb13e0d432:   28 41 3b c1 73 0b 8b c8 48 8b 02 48 8b 1c c8 eb
0x00007ffb13e0d442:   02 33 db 48 83 e3 fe 48 8d 57 30 48 8b 43 08 48
0x00007ffb13e0d452:   83 38 00 74 d9 49 89 18 8b 43 28 3b 47 28 73 0f
0x00007ffb13e0d462:   8b c8 48 8b 47 30 48 8b 34 c8 48 85 f6 75 07 48
0x00007ffb13e0d472:   8b b7 90 09 00 00 48 85 ed 75 24 4c 8d 0d 2c e1
0x00007ffb13e0d482:   36 00 ba b0 03 00 00 4c 8d 05 30 e1 36 00 48 8d
0x00007ffb13e0d492:   0d a9 ee 35 00 e8 14 5e cc ff e8 bf 5b 0f 00 8b
0x00007ffb13e0d4a2:   45 28 44 8b 4f 28 41 3b c1 73 13 8b c8 48 8d 57
0x00007ffb13e0d4b2:   30 48 8b 47 30 4c 8b 04 c8 4d 85 c0 75 0b 4c 8b
0x00007ffb13e0d4c2:   87 90 09 00 00 48 8d 57 30 41 0f b7 40 58 48 8b
0x00007ffb13e0d4d2:   cb 66 39 46 58 48 0f 43 cd 48 8b e9 4c 3b fb 0f
0x00007ffb13e0d4e2:   85 29 ff ff ff 49 3b cf 0f 84 76 01 00 00 8b 41
0x00007ffb13e0d4f2:   2c 48 8b f1 24 0f 3c 08 75 68 0f 1f 40 00 33 d2
0x00007ffb13e0d502:   48 8b ce e8 46 4b 0c 00 48 85 c0 74 55 48 8b c8
0x00007ffb13e0d512:   e8 59 d3 c2 ff 85 c0 79 49 f7 d0 c1 f8 03 83 e0 


Stack slot to memory mapping:
stack at sp + 0 slots: 0x000000cfa3efab80 is pointing into the stack for thread: 0x0000021c6049deb0
stack at sp + 1 slots: 0x0000021c615895f8 points into unknown readable memory: 0x00007ffb141c50b0 | b0 50 1c 14 fb 7f 00 00
stack at sp + 2 slots: 0x0000021c6155c5a0 points into unknown readable memory: 0x00007ffb140df640 | 40 f6 0d 14 fb 7f 00 00
stack at sp + 3 slots: 0x0000021c615887e0 points into unknown readable memory: 0x00007ffb14145100 | 00 51 14 14 fb 7f 00 00
stack at sp + 4 slots: 0x0000000000000006 is an unknown value
stack at sp + 5 slots: 0x000000cfa3efa868 is pointing into the stack for thread: 0x0000021c6049deb0
stack at sp + 6 slots: 0x0000021c615b5060 points into unknown readable memory: 0x00007ffb1415d1c8 | c8 d1 15 14 fb 7f 00 00
stack at sp + 7 slots: 0x00007ffb13e0d134 jvm.dll


---------------  P R O C E S S  ---------------

Threads class SMR info:
_java_thread_list=0x0000021c61777470, length=15, elements={
0x0000021c404420f0, 0x0000021c6047a530, 0x0000021c6047b3a0, 0x0000021c6048bb70,
0x0000021c6048e540, 0x0000021c6048eef0, 0x0000021c60497cc0, 0x0000021c6049deb0,
0x0000021c604a08b0, 0x0000021c604a12a0, 0x0000021c60462c30, 0x0000021c610e1260,
0x0000021c611ffd80, 0x0000021c61200250, 0x0000021c61776e50
}

Java Threads: ( => current thread )
  0x0000021c404420f0 JavaThread "main" [_thread_in_Java, id=19336, stack(0x000000cfa3100000,0x000000cfa3200000)]
  0x0000021c6047a530 JavaThread "Reference Handler" daemon [_thread_blocked, id=8524, stack(0x000000cfa3800000,0x000000cfa3900000)]
  0x0000021c6047b3a0 JavaThread "Finalizer" daemon [_thread_blocked, id=9420, stack(0x000000cfa3900000,0x000000cfa3a00000)]
  0x0000021c6048bb70 JavaThread "Signal Dispatcher" daemon [_thread_blocked, id=5220, stack(0x000000cfa3a00000,0x000000cfa3b00000)]
  0x0000021c6048e540 JavaThread "Attach Listener" daemon [_thread_blocked, id=9016, stack(0x000000cfa3b00000,0x000000cfa3c00000)]
  0x0000021c6048eef0 JavaThread "Service Thread" daemon [_thread_blocked, id=13152, stack(0x000000cfa3c00000,0x000000cfa3d00000)]
  0x0000021c60497cc0 JavaThread "Monitor Deflation Thread" daemon [_thread_blocked, id=7844, stack(0x000000cfa3d00000,0x000000cfa3e00000)]
=>0x0000021c6049deb0 JavaThread "C2 CompilerThread0" daemon [_thread_in_native, id=6664, stack(0x000000cfa3e00000,0x000000cfa3f00000)]
  0x0000021c604a08b0 JavaThread "C1 CompilerThread0" daemon [_thread_blocked, id=15960, stack(0x000000cfa3f00000,0x000000cfa4000000)]
  0x0000021c604a12a0 JavaThread "Sweeper thread" daemon [_thread_blocked, id=8704, stack(0x000000cfa4000000,0x000000cfa4100000)]
  0x0000021c60462c30 JavaThread "Common-Cleaner" daemon [_thread_blocked, id=8268, stack(0x000000cfa4100000,0x000000cfa4200000)]
  0x0000021c610e1260 JavaThread "C2 CompilerThread1" daemon [_thread_in_native, id=18256, stack(0x000000cfa4200000,0x000000cfa4300000)]
  0x0000021c611ffd80 JavaThread "Monitor Ctrl-Break" daemon [_thread_in_native, id=18540, stack(0x000000cfa4300000,0x000000cfa4400000)]
  0x0000021c61200250 JavaThread "Notification Thread" daemon [_thread_blocked, id=14020, stack(0x000000cfa4400000,0x000000cfa4500000)]
  0x0000021c61776e50 JavaThread "C2 CompilerThread2" daemon [_thread_in_native, id=2724, stack(0x000000cfa4a00000,0x000000cfa4b00000)]

Other Threads:
  0x0000021c604736d0 VMThread "VM Thread" [stack: 0x000000cfa3700000,0x000000cfa3800000] [id=14768]
  0x0000021c404bd7c0 WatcherThread [stack: 0x000000cfa4500000,0x000000cfa4600000] [id=9300]
  0x0000021c404a0810 GCTaskThread "GC Thread#0" [stack: 0x000000cfa3200000,0x000000cfa3300000] [id=2352]
  0x0000021c6176dd30 GCTaskThread "GC Thread#1" [stack: 0x000000cfa4600000,0x000000cfa4700000] [id=6580]
  0x0000021c6176dfe0 GCTaskThread "GC Thread#2" [stack: 0x000000cfa4700000,0x000000cfa4800000] [id=18688]
  0x0000021c61782f00 GCTaskThread "GC Thread#3" [stack: 0x000000cfa4800000,0x000000cfa4900000] [id=18828]
  0x0000021c6178a0f0 GCTaskThread "GC Thread#4" [stack: 0x000000cfa4900000,0x000000cfa4a00000] [id=15004]
  0x0000021c404b1250 ConcurrentGCThread "G1 Main Marker" [stack: 0x000000cfa3300000,0x000000cfa3400000] [id=16588]
  0x0000021c404b1c60 ConcurrentGCThread "G1 Conc#0" [stack: 0x000000cfa3400000,0x000000cfa3500000] [id=8616]
  0x0000021c6032f5b0 ConcurrentGCThread "G1 Refine#0" [stack: 0x000000cfa3500000,0x000000cfa3600000] [id=14444]
  0x0000021c6032ffd0 ConcurrentGCThread "G1 Service" [stack: 0x000000cfa3600000,0x000000cfa3700000] [id=8260]

Threads with active compile tasks:
C2 CompilerThread0      752 1143       4       geometries.Triangle::findGeoIntersectionsHelper (348 bytes)
C2 CompilerThread1      752 1203       4       renderer.Camera::castRay (30 bytes)
C2 CompilerThread2      752 1204       4       renderer.RayTracerBasic::calcColor (44 bytes)

VM state: not at safepoint (normal execution)

VM Mutex/Monitor currently owned by a thread: None

Heap address: 0x0000000082800000, size: 2008 MB, Compressed Oops mode: 32-bit

CDS archive(s) mapped at: [0x0000000800000000-0x0000000800bd0000-0x0000000800bd0000), size 12386304, SharedBaseAddress: 0x0000000800000000, ArchiveRelocationMode: 0.
Compressed class space mapped at: 0x0000000800c00000-0x0000000840c00000, reserved size: 1073741824
Narrow klass base: 0x0000000800000000, Narrow klass shift: 0, Narrow klass range: 0x100000000

GC Precious Log:
 CPUs: 8 total, 8 available
 Memory: 8027M
 Large Page Support: Disabled
 NUMA Support: Disabled
 Compressed Oops: Enabled (32-bit)
 Heap Region Size: 1M
 Heap Min Capacity: 8M
 Heap Initial Capacity: 126M
 Heap Max Capacity: 2008M
 Pre-touch: Disabled
 Parallel Workers: 8
 Concurrent Workers: 2
 Concurrent Refinement Workers: 8
 Periodic GC: Disabled

Heap:
 garbage-first heap   total 129024K, used 52475K [0x0000000082800000, 0x0000000100000000)
  region size 1024K, 53 young (54272K), 3 survivors (3072K)
 Metaspace       used 5041K, committed 5248K, reserved 1056768K
  class space    used 647K, committed 768K, reserved 1048576K

Heap Regions: E=young(eden), S=young(survivor), O=old, HS=humongous(starts), HC=humongous(continues), CS=collection set, F=free, OA=open archive, CA=closed archive, TAMS=top-at-mark-start (previous, next)
|   0|0x0000000082800000, 0x0000000082800000, 0x0000000082900000|  0%| F|  |TAMS 0x0000000082800000, 0x0000000082800000| Untracked 
|   1|0x0000000082900000, 0x0000000082900000, 0x0000000082a00000|  0%| F|  |TAMS 0x0000000082900000, 0x0000000082900000| Untracked 
|   2|0x0000000082a00000, 0x0000000082a00000, 0x0000000082b00000|  0%| F|  |TAMS 0x0000000082a00000, 0x0000000082a00000| Untracked 
|   3|0x0000000082b00000, 0x0000000082b00000, 0x0000000082c00000|  0%| F|  |TAMS 0x0000000082b00000, 0x0000000082b00000| Untracked 
|   4|0x0000000082c00000, 0x0000000082c00000, 0x0000000082d00000|  0%| F|  |TAMS 0x0000000082c00000, 0x0000000082c00000| Untracked 
|   5|0x0000000082d00000, 0x0000000082d00000, 0x0000000082e00000|  0%| F|  |TAMS 0x0000000082d00000, 0x0000000082d00000| Untracked 
|   6|0x0000000082e00000, 0x0000000082e00000, 0x0000000082f00000|  0%| F|  |TAMS 0x0000000082e00000, 0x0000000082e00000| Untracked 
|   7|0x0000000082f00000, 0x0000000082f00000, 0x0000000083000000|  0%| F|  |TAMS 0x0000000082f00000, 0x0000000082f00000| Untracked 
|   8|0x0000000083000000, 0x0000000083000000, 0x0000000083100000|  0%| F|  |TAMS 0x0000000083000000, 0x0000000083000000| Untracked 
|   9|0x0000000083100000, 0x0000000083100000, 0x0000000083200000|  0%| F|  |TAMS 0x0000000083100000, 0x0000000083100000| Untracked 
|  10|0x0000000083200000, 0x0000000083200000, 0x0000000083300000|  0%| F|  |TAMS 0x0000000083200000, 0x0000000083200000| Untracked 
|  11|0x0000000083300000, 0x0000000083300000, 0x0000000083400000|  0%| F|  |TAMS 0x0000000083300000, 0x0000000083300000| Untracked 
|  12|0x0000000083400000, 0x0000000083400000, 0x0000000083500000|  0%| F|  |TAMS 0x0000000083400000, 0x0000000083400000| Untracked 
|  13|0x0000000083500000, 0x0000000083500000, 0x0000000083600000|  0%| F|  |TAMS 0x0000000083500000, 0x0000000083500000| Untracked 
|  14|0x0000000083600000, 0x0000000083600000, 0x0000000083700000|  0%| F|  |TAMS 0x0000000083600000, 0x0000000083600000| Untracked 
|  15|0x0000000083700000, 0x0000000083700000, 0x0000000083800000|  0%| F|  |TAMS 0x0000000083700000, 0x0000000083700000| Untracked 
|  16|0x0000000083800000, 0x0000000083800000, 0x0000000083900000|  0%| F|  |TAMS 0x0000000083800000, 0x0000000083800000| Untracked 
|  17|0x0000000083900000, 0x0000000083900000, 0x0000000083a00000|  0%| F|  |TAMS 0x0000000083900000, 0x0000000083900000| Untracked 
|  18|0x0000000083a00000, 0x0000000083a00000, 0x0000000083b00000|  0%| F|  |TAMS 0x0000000083a00000, 0x0000000083a00000| Untracked 
|  19|0x0000000083b00000, 0x0000000083b00000, 0x0000000083c00000|  0%| F|  |TAMS 0x0000000083b00000, 0x0000000083b00000| Untracked 
|  20|0x0000000083c00000, 0x0000000083c00000, 0x0000000083d00000|  0%| F|  |TAMS 0x0000000083c00000, 0x0000000083c00000| Untracked 
|  21|0x0000000083d00000, 0x0000000083d00000, 0x0000000083e00000|  0%| F|  |TAMS 0x0000000083d00000, 0x0000000083d00000| Untracked 
|  22|0x0000000083e00000, 0x0000000083e00000, 0x0000000083f00000|  0%| F|  |TAMS 0x0000000083e00000, 0x0000000083e00000| Untracked 
|  23|0x0000000083f00000, 0x0000000083f00000, 0x0000000084000000|  0%| F|  |TAMS 0x0000000083f00000, 0x0000000083f00000| Untracked 
|  24|0x0000000084000000, 0x0000000084000000, 0x0000000084100000|  0%| F|  |TAMS 0x0000000084000000, 0x0000000084000000| Untracked 
|  25|0x0000000084100000, 0x0000000084100000, 0x0000000084200000|  0%| F|  |TAMS 0x0000000084100000, 0x0000000084100000| Untracked 
|  26|0x0000000084200000, 0x0000000084200000, 0x0000000084300000|  0%| F|  |TAMS 0x0000000084200000, 0x0000000084200000| Untracked 
|  27|0x0000000084300000, 0x0000000084300000, 0x0000000084400000|  0%| F|  |TAMS 0x0000000084300000, 0x0000000084300000| Untracked 
|  28|0x0000000084400000, 0x0000000084400000, 0x0000000084500000|  0%| F|  |TAMS 0x0000000084400000, 0x0000000084400000| Untracked 
|  29|0x0000000084500000, 0x0000000084500000, 0x0000000084600000|  0%| F|  |TAMS 0x0000000084500000, 0x0000000084500000| Untracked 
|  30|0x0000000084600000, 0x0000000084600000, 0x0000000084700000|  0%| F|  |TAMS 0x0000000084600000, 0x0000000084600000| Untracked 
|  31|0x0000000084700000, 0x0000000084700000, 0x0000000084800000|  0%| F|  |TAMS 0x0000000084700000, 0x0000000084700000| Untracked 
|  32|0x0000000084800000, 0x0000000084800000, 0x0000000084900000|  0%| F|  |TAMS 0x0000000084800000, 0x0000000084800000| Untracked 
|  33|0x0000000084900000, 0x0000000084900000, 0x0000000084a00000|  0%| F|  |TAMS 0x0000000084900000, 0x0000000084900000| Untracked 
|  34|0x0000000084a00000, 0x0000000084a00000, 0x0000000084b00000|  0%| F|  |TAMS 0x0000000084a00000, 0x0000000084a00000| Untracked 
|  35|0x0000000084b00000, 0x0000000084b00000, 0x0000000084c00000|  0%| F|  |TAMS 0x0000000084b00000, 0x0000000084b00000| Untracked 
|  36|0x0000000084c00000, 0x0000000084c00000, 0x0000000084d00000|  0%| F|  |TAMS 0x0000000084c00000, 0x0000000084c00000| Untracked 
|  37|0x0000000084d00000, 0x0000000084d00000, 0x0000000084e00000|  0%| F|  |TAMS 0x0000000084d00000, 0x0000000084d00000| Untracked 
|  38|0x0000000084e00000, 0x0000000084e00000, 0x0000000084f00000|  0%| F|  |TAMS 0x0000000084e00000, 0x0000000084e00000| Untracked 
|  39|0x0000000084f00000, 0x0000000084f00000, 0x0000000085000000|  0%| F|  |TAMS 0x0000000084f00000, 0x0000000084f00000| Untracked 
|  40|0x0000000085000000, 0x0000000085000000, 0x0000000085100000|  0%| F|  |TAMS 0x0000000085000000, 0x0000000085000000| Untracked 
|  41|0x0000000085100000, 0x0000000085100000, 0x0000000085200000|  0%| F|  |TAMS 0x0000000085100000, 0x0000000085100000| Untracked 
|  42|0x0000000085200000, 0x0000000085200000, 0x0000000085300000|  0%| F|  |TAMS 0x0000000085200000, 0x0000000085200000| Untracked 
|  43|0x0000000085300000, 0x0000000085300000, 0x0000000085400000|  0%| F|  |TAMS 0x0000000085300000, 0x0000000085300000| Untracked 
|  44|0x0000000085400000, 0x0000000085400000, 0x0000000085500000|  0%| F|  |TAMS 0x0000000085400000, 0x0000000085400000| Untracked 
|  45|0x0000000085500000, 0x0000000085500000, 0x0000000085600000|  0%| F|  |TAMS 0x0000000085500000, 0x0000000085500000| Untracked 
|  46|0x0000000085600000, 0x0000000085600000, 0x0000000085700000|  0%| F|  |TAMS 0x0000000085600000, 0x0000000085600000| Untracked 
|  47|0x0000000085700000, 0x0000000085700000, 0x0000000085800000|  0%| F|  |TAMS 0x0000000085700000, 0x0000000085700000| Untracked 
|  48|0x0000000085800000, 0x000000008583ed40, 0x0000000085900000| 24%| S|CS|TAMS 0x0000000085800000, 0x0000000085800000| Complete 
|  49|0x0000000085900000, 0x0000000085a00000, 0x0000000085a00000|100%| S|CS|TAMS 0x0000000085900000, 0x0000000085900000| Complete 
|  50|0x0000000085a00000, 0x0000000085b00000, 0x0000000085b00000|100%| S|CS|TAMS 0x0000000085a00000, 0x0000000085a00000| Complete 
|  51|0x0000000085b00000, 0x0000000085b00000, 0x0000000085c00000|  0%| F|  |TAMS 0x0000000085b00000, 0x0000000085b00000| Untracked 
|  52|0x0000000085c00000, 0x0000000085c00000, 0x0000000085d00000|  0%| F|  |TAMS 0x0000000085c00000, 0x0000000085c00000| Untracked 
|  53|0x0000000085d00000, 0x0000000085d00000, 0x0000000085e00000|  0%| F|  |TAMS 0x0000000085d00000, 0x0000000085d00000| Untracked 
|  54|0x0000000085e00000, 0x0000000085e00000, 0x0000000085f00000|  0%| F|  |TAMS 0x0000000085e00000, 0x0000000085e00000| Untracked 
|  55|0x0000000085f00000, 0x0000000085f00000, 0x0000000086000000|  0%| F|  |TAMS 0x0000000085f00000, 0x0000000085f00000| Untracked 
|  56|0x0000000086000000, 0x0000000086000000, 0x0000000086100000|  0%| F|  |TAMS 0x0000000086000000, 0x0000000086000000| Untracked 
|  57|0x0000000086100000, 0x0000000086100000, 0x0000000086200000|  0%| F|  |TAMS 0x0000000086100000, 0x0000000086100000| Untracked 
|  58|0x0000000086200000, 0x0000000086200000, 0x0000000086300000|  0%| F|  |TAMS 0x0000000086200000, 0x0000000086200000| Untracked 
|  59|0x0000000086300000, 0x0000000086300000, 0x0000000086400000|  0%| F|  |TAMS 0x0000000086300000, 0x0000000086300000| Untracked 
|  60|0x0000000086400000, 0x0000000086400000, 0x0000000086500000|  0%| F|  |TAMS 0x0000000086400000, 0x0000000086400000| Untracked 
|  61|0x0000000086500000, 0x0000000086500000, 0x0000000086600000|  0%| F|  |TAMS 0x0000000086500000, 0x0000000086500000| Untracked 
|  62|0x0000000086600000, 0x0000000086600000, 0x0000000086700000|  0%| F|  |TAMS 0x0000000086600000, 0x0000000086600000| Untracked 
|  63|0x0000000086700000, 0x0000000086700000, 0x0000000086800000|  0%| F|  |TAMS 0x0000000086700000, 0x0000000086700000| Untracked 
|  64|0x0000000086800000, 0x0000000086800000, 0x0000000086900000|  0%| F|  |TAMS 0x0000000086800000, 0x0000000086800000| Untracked 
|  65|0x0000000086900000, 0x0000000086900000, 0x0000000086a00000|  0%| F|  |TAMS 0x0000000086900000, 0x0000000086900000| Untracked 
|  66|0x0000000086a00000, 0x0000000086a00000, 0x0000000086b00000|  0%| F|  |TAMS 0x0000000086a00000, 0x0000000086a00000| Untracked 
|  67|0x0000000086b00000, 0x0000000086b00000, 0x0000000086c00000|  0%| F|  |TAMS 0x0000000086b00000, 0x0000000086b00000| Untracked 
|  68|0x0000000086c00000, 0x0000000086c00000, 0x0000000086d00000|  0%| F|  |TAMS 0x0000000086c00000, 0x0000000086c00000| Untracked 
|  69|0x0000000086d00000, 0x0000000086d00000, 0x0000000086e00000|  0%| F|  |TAMS 0x0000000086d00000, 0x0000000086d00000| Untracked 
|  70|0x0000000086e00000, 0x0000000086e00000, 0x0000000086f00000|  0%| F|  |TAMS 0x0000000086e00000, 0x0000000086e00000| Untracked 
|  71|0x0000000086f00000, 0x0000000086f00000, 0x0000000087000000|  0%| F|  |TAMS 0x0000000086f00000, 0x0000000086f00000| Untracked 
|  72|0x0000000087000000, 0x0000000087080800, 0x0000000087100000| 50%| E|  |TAMS 0x0000000087000000, 0x0000000087000000| Complete 
|  73|0x0000000087100000, 0x0000000087200000, 0x0000000087200000|100%| E|CS|TAMS 0x0000000087100000, 0x0000000087100000| Complete 
|  74|0x0000000087200000, 0x0000000087300000, 0x0000000087300000|100%| E|CS|TAMS 0x0000000087200000, 0x0000000087200000| Complete 
|  75|0x0000000087300000, 0x0000000087400000, 0x0000000087400000|100%| E|CS|TAMS 0x0000000087300000, 0x0000000087300000| Complete 
|  76|0x0000000087400000, 0x0000000087500000, 0x0000000087500000|100%| E|CS|TAMS 0x0000000087400000, 0x0000000087400000| Complete 
|  77|0x0000000087500000, 0x0000000087600000, 0x0000000087600000|100%| E|CS|TAMS 0x0000000087500000, 0x0000000087500000| Complete 
|  78|0x0000000087600000, 0x0000000087700000, 0x0000000087700000|100%| E|CS|TAMS 0x0000000087600000, 0x0000000087600000| Complete 
|  79|0x0000000087700000, 0x0000000087800000, 0x0000000087800000|100%| E|CS|TAMS 0x0000000087700000, 0x0000000087700000| Complete 
|  80|0x0000000087800000, 0x0000000087900000, 0x0000000087900000|100%| E|CS|TAMS 0x0000000087800000, 0x0000000087800000| Complete 
|  81|0x0000000087900000, 0x0000000087a00000, 0x0000000087a00000|100%| E|CS|TAMS 0x0000000087900000, 0x0000000087900000| Complete 
|  82|0x0000000087a00000, 0x0000000087b00000, 0x0000000087b00000|100%| E|CS|TAMS 0x0000000087a00000, 0x0000000087a00000| Complete 
|  83|0x0000000087b00000, 0x0000000087c00000, 0x0000000087c00000|100%| E|CS|TAMS 0x0000000087b00000, 0x0000000087b00000| Complete 
|  84|0x0000000087c00000, 0x0000000087d00000, 0x0000000087d00000|100%| E|CS|TAMS 0x0000000087c00000, 0x0000000087c00000| Complete 
|  85|0x0000000087d00000, 0x0000000087e00000, 0x0000000087e00000|100%| E|CS|TAMS 0x0000000087d00000, 0x0000000087d00000| Complete 
|  86|0x0000000087e00000, 0x0000000087f00000, 0x0000000087f00000|100%| E|CS|TAMS 0x0000000087e00000, 0x0000000087e00000| Complete 
|  87|0x0000000087f00000, 0x0000000088000000, 0x0000000088000000|100%| E|CS|TAMS 0x0000000087f00000, 0x0000000087f00000| Complete 
|  88|0x0000000088000000, 0x0000000088100000, 0x0000000088100000|100%| E|CS|TAMS 0x0000000088000000, 0x0000000088000000| Complete 
|  89|0x0000000088100000, 0x0000000088200000, 0x0000000088200000|100%| E|CS|TAMS 0x0000000088100000, 0x0000000088100000| Complete 
|  90|0x0000000088200000, 0x0000000088300000, 0x0000000088300000|100%| E|CS|TAMS 0x0000000088200000, 0x0000000088200000| Complete 
|  91|0x0000000088300000, 0x0000000088400000, 0x0000000088400000|100%| E|CS|TAMS 0x0000000088300000, 0x0000000088300000| Complete 
|  92|0x0000000088400000, 0x0000000088500000, 0x0000000088500000|100%| E|CS|TAMS 0x0000000088400000, 0x0000000088400000| Complete 
|  93|0x0000000088500000, 0x0000000088600000, 0x0000000088600000|100%| E|CS|TAMS 0x0000000088500000, 0x0000000088500000| Complete 
|  94|0x0000000088600000, 0x0000000088700000, 0x0000000088700000|100%| E|CS|TAMS 0x0000000088600000, 0x0000000088600000| Complete 
|  95|0x0000000088700000, 0x0000000088800000, 0x0000000088800000|100%| E|CS|TAMS 0x0000000088700000, 0x0000000088700000| Complete 
|  96|0x0000000088800000, 0x0000000088900000, 0x0000000088900000|100%| E|CS|TAMS 0x0000000088800000, 0x0000000088800000| Complete 
|  97|0x0000000088900000, 0x0000000088a00000, 0x0000000088a00000|100%| E|CS|TAMS 0x0000000088900000, 0x0000000088900000| Complete 
|  98|0x0000000088a00000, 0x0000000088b00000, 0x0000000088b00000|100%| E|CS|TAMS 0x0000000088a00000, 0x0000000088a00000| Complete 
|  99|0x0000000088b00000, 0x0000000088c00000, 0x0000000088c00000|100%| E|CS|TAMS 0x0000000088b00000, 0x0000000088b00000| Complete 
| 100|0x0000000088c00000, 0x0000000088d00000, 0x0000000088d00000|100%| E|CS|TAMS 0x0000000088c00000, 0x0000000088c00000| Complete 
| 101|0x0000000088d00000, 0x0000000088e00000, 0x0000000088e00000|100%| E|CS|TAMS 0x0000000088d00000, 0x0000000088d00000| Complete 
| 102|0x0000000088e00000, 0x0000000088f00000, 0x0000000088f00000|100%| E|CS|TAMS 0x0000000088e00000, 0x0000000088e00000| Complete 
| 103|0x0000000088f00000, 0x0000000089000000, 0x0000000089000000|100%| E|CS|TAMS 0x0000000088f00000, 0x0000000088f00000| Complete 
| 104|0x0000000089000000, 0x0000000089100000, 0x0000000089100000|100%| E|CS|TAMS 0x0000000089000000, 0x0000000089000000| Complete 
| 105|0x0000000089100000, 0x0000000089200000, 0x0000000089200000|100%| E|CS|TAMS 0x0000000089100000, 0x0000000089100000| Complete 
| 106|0x0000000089200000, 0x0000000089300000, 0x0000000089300000|100%| E|CS|TAMS 0x0000000089200000, 0x0000000089200000| Complete 
| 107|0x0000000089300000, 0x0000000089400000, 0x0000000089400000|100%| E|CS|TAMS 0x0000000089300000, 0x0000000089300000| Complete 
| 108|0x0000000089400000, 0x0000000089500000, 0x0000000089500000|100%| E|CS|TAMS 0x0000000089400000, 0x0000000089400000| Complete 
| 109|0x0000000089500000, 0x0000000089600000, 0x0000000089600000|100%| E|CS|TAMS 0x0000000089500000, 0x0000000089500000| Complete 
| 110|0x0000000089600000, 0x0000000089700000, 0x0000000089700000|100%| E|CS|TAMS 0x0000000089600000, 0x0000000089600000| Complete 
| 111|0x0000000089700000, 0x0000000089800000, 0x0000000089800000|100%| E|CS|TAMS 0x0000000089700000, 0x0000000089700000| Complete 
| 112|0x0000000089800000, 0x0000000089900000, 0x0000000089900000|100%| E|CS|TAMS 0x0000000089800000, 0x0000000089800000| Complete 
| 113|0x0000000089900000, 0x0000000089a00000, 0x0000000089a00000|100%| E|CS|TAMS 0x0000000089900000, 0x0000000089900000| Complete 
| 114|0x0000000089a00000, 0x0000000089b00000, 0x0000000089b00000|100%| E|CS|TAMS 0x0000000089a00000, 0x0000000089a00000| Complete 
| 115|0x0000000089b00000, 0x0000000089c00000, 0x0000000089c00000|100%| E|CS|TAMS 0x0000000089b00000, 0x0000000089b00000| Complete 
| 116|0x0000000089c00000, 0x0000000089d00000, 0x0000000089d00000|100%| E|CS|TAMS 0x0000000089c00000, 0x0000000089c00000| Complete 
| 117|0x0000000089d00000, 0x0000000089e00000, 0x0000000089e00000|100%| E|CS|TAMS 0x0000000089d00000, 0x0000000089d00000| Complete 
| 118|0x0000000089e00000, 0x0000000089f00000, 0x0000000089f00000|100%| E|CS|TAMS 0x0000000089e00000, 0x0000000089e00000| Complete 
| 119|0x0000000089f00000, 0x000000008a000000, 0x000000008a000000|100%| E|CS|TAMS 0x0000000089f00000, 0x0000000089f00000| Complete 
| 120|0x000000008a000000, 0x000000008a100000, 0x000000008a100000|100%| E|CS|TAMS 0x000000008a000000, 0x000000008a000000| Complete 
| 121|0x000000008a100000, 0x000000008a200000, 0x000000008a200000|100%| E|CS|TAMS 0x000000008a100000, 0x000000008a100000| Complete 
| 122|0x000000008a200000, 0x000000008a300000, 0x000000008a300000|100%| E|CS|TAMS 0x000000008a200000, 0x000000008a200000| Complete 
| 123|0x000000008a300000, 0x000000008a400000, 0x000000008a400000|100%| E|CS|TAMS 0x000000008a300000, 0x000000008a300000| Complete 
| 124|0x000000008a400000, 0x000000008a500000, 0x000000008a500000|100%| E|CS|TAMS 0x000000008a400000, 0x000000008a400000| Complete 
| 125|0x000000008a500000, 0x000000008a600000, 0x000000008a600000|100%| E|CS|TAMS 0x000000008a500000, 0x000000008a500000| Complete 

Card table byte_map: [0x0000021c59330000,0x0000021c59720000] _byte_map_base: 0x0000021c58f1c000

Marking Bits (Prev, Next): (CMBitMap*) 0x0000021c404a0e20, (CMBitMap*) 0x0000021c404a0e60
 Prev Bits: [0x0000021c59b10000, 0x0000021c5ba70000)
 Next Bits: [0x0000021c5ba70000, 0x0000021c5d9d0000)

Polling page: 0x0000021c40520000

Metaspace:

Usage:
  Non-class:      4.29 MB used.
      Class:    647.23 KB used.
       Both:      4.92 MB used.

Virtual space:
  Non-class space:        8.00 MB reserved,       4.38 MB ( 55%) committed,  1 nodes.
      Class space:        1.00 GB reserved,     768.00 KB ( <1%) committed,  1 nodes.
             Both:        1.01 GB reserved,       5.12 MB ( <1%) committed. 

Chunk freelists:
   Non-Class:  2.16 MB
       Class:  3.31 MB
        Both:  5.47 MB

MaxMetaspaceSize: unlimited
CompressedClassSpaceSize: 1.00 GB
Initial GC threshold: 21.00 MB
Current GC threshold: 21.00 MB
CDS: on
MetaspaceReclaimPolicy: balanced
 - commit_granule_bytes: 65536.
 - commit_granule_words: 8192.
 - virtual_space_node_default_size: 1048576.
 - enlarge_chunks_in_place: 1.
 - new_chunks_are_fully_committed: 0.
 - uncommit_free_chunks: 1.
 - use_allocation_guard: 0.
 - handle_deallocations: 1.


Internal statistics:

num_allocs_failed_limit: 0.
num_arena_births: 126.
num_arena_deaths: 0.
num_vsnodes_births: 2.
num_vsnodes_deaths: 0.
num_space_committed: 82.
num_space_uncommitted: 0.
num_chunks_returned_to_freelist: 0.
num_chunks_taken_from_freelist: 300.
num_chunk_merges: 0.
num_chunk_splits: 156.
num_chunks_enlarged: 89.
num_purges: 0.
num_inconsistent_stats: 0.

CodeHeap 'non-profiled nmethods': size=120000Kb used=404Kb max_used=404Kb free=119595Kb
 bounds [0x0000021c50fa0000, 0x0000021c51210000, 0x0000021c584d0000]
CodeHeap 'profiled nmethods': size=120000Kb used=2143Kb max_used=2143Kb free=117856Kb
 bounds [0x0000021c494d0000, 0x0000021c49740000, 0x0000021c50a00000]
CodeHeap 'non-nmethods': size=5760Kb used=1152Kb max_used=1181Kb free=4607Kb
 bounds [0x0000021c50a00000, 0x0000021c50c70000, 0x0000021c50fa0000]
 total_blobs=1654 nmethods=1211 adapters=356
 compilation: enabled
              stopped_count=0, restarted_count=0
 full_count=0

Compilation events (20 events):
Event: 0.687 Thread 0x0000021c61776e50 nmethod 1189 0x0000021c51001510 code [0x0000021c51001700, 0x0000021c51002708]
Event: 0.687 Thread 0x0000021c61776e50 1196       4       java.util.ImmutableCollections$List12::toArray (41 bytes)
Event: 0.688 Thread 0x0000021c61776e50 nmethod 1196 0x0000021c51003310 code [0x0000021c510034a0, 0x0000021c51003678]
Event: 0.689 Thread 0x0000021c604a08b0 1197       3       geometries.Sphere::getNormal (12 bytes)
Event: 0.689 Thread 0x0000021c604a08b0 nmethod 1197 0x0000021c496e1510 code [0x0000021c496e1780, 0x0000021c496e21e8]
Event: 0.689 Thread 0x0000021c604a08b0 1198       3       geometries.Intersectable$GeoPoint::equals (64 bytes)
Event: 0.690 Thread 0x0000021c604a08b0 nmethod 1198 0x0000021c496e2610 code [0x0000021c496e2800, 0x0000021c496e3088]
Event: 0.690 Thread 0x0000021c61776e50 1199       4       java.awt.Color::<init> (11 bytes)
Event: 0.692 Thread 0x0000021c61776e50 nmethod 1199 0x0000021c51003790 code [0x0000021c51003900, 0x0000021c51003b58]
Event: 0.692 Thread 0x0000021c61776e50 1202       4       primitives.Color::scale (32 bytes)
Event: 0.693 Thread 0x0000021c610e1260 nmethod 1195 0x0000021c51003c90 code [0x0000021c51003e40, 0x0000021c510044f8]
Event: 0.693 Thread 0x0000021c610e1260 1203       4       renderer.Camera::castRay (30 bytes)
Event: 0.695 Thread 0x0000021c61776e50 nmethod 1202 0x0000021c51004810 code [0x0000021c510049a0, 0x0000021c51004d18]
Event: 0.695 Thread 0x0000021c61776e50 1204       4       renderer.RayTracerBasic::calcColor (44 bytes)
Event: 0.696 Thread 0x0000021c604a08b0 1206       3       java.util.ImmutableCollections$AbstractImmutableList::iterator (13 bytes)
Event: 0.696 Thread 0x0000021c604a08b0 nmethod 1206 0x0000021c496e3210 code [0x0000021c496e33c0, 0x0000021c496e3728]
Event: 0.696 Thread 0x0000021c604a08b0 1207       3       java.util.ImmutableCollections$ListItr::<init> (25 bytes)
Event: 0.697 Thread 0x0000021c604a08b0 nmethod 1207 0x0000021c496e3890 code [0x0000021c496e3a20, 0x0000021c496e3bf8]
Event: 0.697 Thread 0x0000021c604a08b0 1208   !   3       java.util.ImmutableCollections$ListItr::next (34 bytes)
Event: 0.697 Thread 0x0000021c604a08b0 nmethod 1208 0x0000021c496e3c90 code [0x0000021c496e3e40, 0x0000021c496e40d8]

GC Heap History (4 events):
Event: 0.592 GC heap before
{Heap before GC invocations=0 (full 0):
 garbage-first heap   total 129024K, used 23552K [0x0000000082800000, 0x0000000100000000)
  region size 1024K, 23 young (23552K), 0 survivors (0K)
 Metaspace       used 5018K, committed 5248K, reserved 1056768K
  class space    used 647K, committed 768K, reserved 1048576K
}
Event: 0.596 GC heap after
{Heap after GC invocations=1 (full 0):
 garbage-first heap   total 129024K, used 2303K [0x0000000082800000, 0x0000000100000000)
  region size 1024K, 3 young (3072K), 3 survivors (3072K)
 Metaspace       used 5018K, committed 5248K, reserved 1056768K
  class space    used 647K, committed 768K, reserved 1048576K
}
Event: 0.629 GC heap before
{Heap before GC invocations=1 (full 0):
 garbage-first heap   total 129024K, used 38143K [0x0000000082800000, 0x0000000100000000)
  region size 1024K, 38 young (38912K), 3 survivors (3072K)
 Metaspace       used 5035K, committed 5248K, reserved 1056768K
  class space    used 647K, committed 768K, reserved 1048576K
}
Event: 0.632 GC heap after
{Heap after GC invocations=2 (full 0):
 garbage-first heap   total 129024K, used 2305K [0x0000000082800000, 0x0000000100000000)
  region size 1024K, 3 young (3072K), 3 survivors (3072K)
 Metaspace       used 5035K, committed 5248K, reserved 1056768K
  class space    used 647K, committed 768K, reserved 1048576K
}

Deoptimization events (20 events):
Event: 0.535 Thread 0x0000021c404420f0 Uncommon trap: trap_request=0xffffff45 fr.pc=0x0000021c50fa91b4 relative=0x00000000000001b4
Event: 0.535 Thread 0x0000021c404420f0 Uncommon trap: reason=unstable_if action=reinterpret pc=0x0000021c50fa91b4 method=java.lang.String.isLatin1()Z @ 10 c2
Event: 0.535 Thread 0x0000021c404420f0 DEOPT PACKING pc=0x0000021c50fa91b4 sp=0x000000cfa31fc4f0
Event: 0.535 Thread 0x0000021c404420f0 DEOPT UNPACKING pc=0x0000021c50a523a3 sp=0x000000cfa31fc420 mode 2
Event: 0.644 Thread 0x0000021c404420f0 Uncommon trap: trap_request=0xffffff45 fr.pc=0x0000021c50ff887c relative=0x00000000000002dc
Event: 0.644 Thread 0x0000021c404420f0 Uncommon trap: reason=unstable_if action=reinterpret pc=0x0000021c50ff887c method=geometries.Sphere.findGeoIntersectionsHelper(Lprimitives/Ray;)Ljava/util/List; @ 90 c2
Event: 0.644 Thread 0x0000021c404420f0 DEOPT PACKING pc=0x0000021c50ff887c sp=0x000000cfa31fc5e0
Event: 0.644 Thread 0x0000021c404420f0 DEOPT UNPACKING pc=0x0000021c50a523a3 sp=0x000000cfa31fc518 mode 2
Event: 0.644 Thread 0x0000021c404420f0 Uncommon trap: trap_request=0xffffff45 fr.pc=0x0000021c50ff6e14 relative=0x0000000000000354
Event: 0.644 Thread 0x0000021c404420f0 Uncommon trap: reason=unstable_if action=reinterpret pc=0x0000021c50ff6e14 method=geometries.Geometries.findGeoIntersectionsHelper(Lprimitives/Ray;)Ljava/util/List; @ 46 c2
Event: 0.644 Thread 0x0000021c404420f0 DEOPT PACKING pc=0x0000021c50ff6e14 sp=0x000000cfa31fc620
Event: 0.644 Thread 0x0000021c404420f0 DEOPT UNPACKING pc=0x0000021c50a523a3 sp=0x000000cfa31fc5b8 mode 2
Event: 0.644 Thread 0x0000021c404420f0 Uncommon trap: trap_request=0xffffff45 fr.pc=0x0000021c50ffd178 relative=0x0000000000000138
Event: 0.644 Thread 0x0000021c404420f0 Uncommon trap: reason=unstable_if action=reinterpret pc=0x0000021c50ffd178 method=java.lang.Math.max(DD)D @ 36 c2
Event: 0.644 Thread 0x0000021c404420f0 DEOPT PACKING pc=0x0000021c50ffd178 sp=0x000000cfa31fc320
Event: 0.644 Thread 0x0000021c404420f0 DEOPT UNPACKING pc=0x0000021c50a523a3 sp=0x000000cfa31fc2a0 mode 2
Event: 0.661 Thread 0x0000021c404420f0 Uncommon trap: trap_request=0xffffff45 fr.pc=0x0000021c50ffdcc8 relative=0x0000000000000868
Event: 0.661 Thread 0x0000021c404420f0 Uncommon trap: reason=unstable_if action=reinterpret pc=0x0000021c50ffdcc8 method=primitives.Ray.findClosestGeoPoint(Ljava/util/List;)Lgeometries/Intersectable$GeoPoint; @ 87 c2
Event: 0.661 Thread 0x0000021c404420f0 DEOPT PACKING pc=0x0000021c50ffdcc8 sp=0x000000cfa31fc0b0
Event: 0.661 Thread 0x0000021c404420f0 DEOPT UNPACKING pc=0x0000021c50a523a3 sp=0x000000cfa31fc058 mode 2

Classes unloaded (0 events):
No events

Classes redefined (0 events):
No events

Internal exceptions (20 events):
Event: 0.394 Thread 0x0000021c404420f0 Exception <a 'java/lang/IncompatibleClassChangeError'{0x0000000089c61590}: Found class java.lang.Object, but interface was expected> (0x0000000089c61590) 
thrown [s\open\src\hotspot\share\interpreter\linkResolver.cpp, line 826]
Event: 0.401 Thread 0x0000021c404420f0 Exception <a 'java/lang/NoSuchMethodError'{0x0000000089ca0088}: 'void java.lang.invoke.DirectMethodHandle$Holder.invokeInterface(java.lang.Object, java.lang.Object, java.lang.Object)'> (0x0000000089ca0088) 
thrown [s\open\src\hotspot\share\interpreter\linkResolver.cpp, line 759]
Event: 0.402 Thread 0x0000021c404420f0 Exception <a 'java/lang/IncompatibleClassChangeError'{0x0000000089ca36f0}: Found class java.lang.Object, but interface was expected> (0x0000000089ca36f0) 
thrown [s\open\src\hotspot\share\interpreter\linkResolver.cpp, line 826]
Event: 0.406 Thread 0x0000021c404420f0 Exception <a 'java/lang/NoSuchMethodError'{0x0000000089cbf2a0}: 'java.lang.Object java.lang.invoke.DirectMethodHandle$Holder.invokeStatic(java.lang.Object, java.lang.Object, int)'> (0x0000000089cbf2a0) 
thrown [s\open\src\hotspot\share\interpreter\linkResolver.cpp, line 759]
Event: 0.414 Thread 0x0000021c404420f0 Exception <a 'java/lang/NoSuchMethodError'{0x0000000089b14788}: 'void java.lang.invoke.DirectMethodHandle$Holder.invokeSpecial(java.lang.Object, java.lang.Object, java.lang.Object, java.lang.Object, java.lang.Object)'> (0x0000000089b14788) 
thrown [s\open\src\hotspot\share\interpreter\linkResolver.cpp, line 759]
Event: 0.423 Thread 0x0000021c404420f0 Exception <a 'java/lang/NoSuchMethodError'{0x0000000089b6fd08}: 'void java.lang.invoke.DirectMethodHandle$Holder.invokeInterface(java.lang.Object, java.lang.Object, java.lang.Object, java.lang.Object)'> (0x0000000089b6fd08) 
thrown [s\open\src\hotspot\share\interpreter\linkResolver.cpp, line 759]
Event: 0.424 Thread 0x0000021c404420f0 Exception <a 'java/lang/IncompatibleClassChangeError'{0x0000000089b73630}: Found class java.lang.Object, but interface was expected> (0x0000000089b73630) 
thrown [s\open\src\hotspot\share\interpreter\linkResolver.cpp, line 826]
Event: 0.428 Thread 0x0000021c404420f0 Exception <a 'java/lang/NoSuchMethodError'{0x0000000089b98fa0}: 'void java.lang.invoke.DirectMethodHandle$Holder.invokeStatic(java.lang.Object, java.lang.Object, java.lang.Object, java.lang.Object)'> (0x0000000089b98fa0) 
thrown [s\open\src\hotspot\share\interpreter\linkResolver.cpp, line 759]
Event: 0.432 Thread 0x0000021c404420f0 Exception <a 'java/lang/NoSuchMethodError'{0x0000000089bba878}: 'java.lang.Object java.lang.invoke.DirectMethodHandle$Holder.newInvokeSpecial(java.lang.Object, java.lang.Object, int)'> (0x0000000089bba878) 
thrown [s\open\src\hotspot\share\interpreter\linkResolver.cpp, line 759]
Event: 0.447 Thread 0x0000021c404420f0 Exception <a 'java/lang/NoSuchMethodError'{0x0000000089a2ea70}: 'java.lang.Object java.lang.invoke.Invokers$Holder.invokeExact_MT(java.lang.Object, java.lang.Object, java.lang.Object, java.lang.Object, java.lang.Object, java.lang.Object)'> (0x0000000089a2ea70) 
thrown [s\open\src\hotspot\share\interpreter\linkResolver.cpp, line 759]
Event: 0.448 Thread 0x0000021c404420f0 Exception <a 'java/lang/NoSuchMethodError'{0x0000000089a3e7e0}: 'int java.lang.invoke.DirectMethodHandle$Holder.invokeStatic(java.lang.Object, java.lang.Object, java.lang.Object, java.lang.Object, java.lang.Object)'> (0x0000000089a3e7e0) 
thrown [s\open\src\hotspot\share\interpreter\linkResolver.cpp, line 759]
Event: 0.458 Thread 0x0000021c404420f0 Exception <a 'java/lang/NoSuchMethodError'{0x0000000089a85670}: 'void java.lang.invoke.DirectMethodHandle$Holder.invokeStaticInit(java.lang.Object)'> (0x0000000089a85670) 
thrown [s\open\src\hotspot\share\interpreter\linkResolver.cpp, line 759]
Event: 0.481 Thread 0x0000021c404420f0 Exception <a 'java/lang/NoSuchMethodError'{0x000000008997c930}: 'int java.lang.invoke.DirectMethodHandle$Holder.invokeStaticInit(java.lang.Object, java.lang.Object)'> (0x000000008997c930) 
thrown [s\open\src\hotspot\share\interpreter\linkResolver.cpp, line 759]
Event: 0.511 Thread 0x0000021c404420f0 Exception <a 'java/lang/NoSuchMethodError'{0x000000008988a5d8}: 'java.lang.Object java.lang.invoke.DirectMethodHandle$Holder.newInvokeSpecial(java.lang.Object, java.lang.Object, java.lang.Object, java.lang.Object, java.lang.Object, java.lang.Object, java.lang.Object)'> (0x000000008988a5d8) 
thrown [s\open\src\hotspot\share\interpreter\linkResolver.cpp, line 759]
Event: 0.511 Thread 0x0000021c404420f0 Exception <a 'java/lang/NoSuchMethodError'{0x000000008988f190}: 'java.lang.Object java.lang.invoke.Invokers$Holder.linkToTargetMethod(java.lang.Object, java.lang.Object, java.lang.Object, java.lang.Object, java.lang.Object, java.lang.Object, java.lang.Object)'> (0x000000008988f190) 
thrown [s\open\src\hotspot\share\interpreter\linkResolver.cpp, line 759]
Event: 0.514 Thread 0x0000021c404420f0 Exception <a 'java/lang/NoSuchMethodError'{0x000000008989fa38}: 'java.lang.Object java.lang.invoke.DirectMethodHandle$Holder.invokeInterface(java.lang.Object, java.lang.Object, java.lang.Object, java.lang.Object, java.lang.Object)'> (0x000000008989fa38) 
thrown [s\open\src\hotspot\share\interpreter\linkResolver.cpp, line 759]
Event: 0.515 Thread 0x0000021c404420f0 Exception <a 'java/lang/IncompatibleClassChangeError'{0x00000000898a3830}: Found class java.lang.Object, but interface was expected> (0x00000000898a3830) 
thrown [s\open\src\hotspot\share\interpreter\linkResolver.cpp, line 826]
Event: 0.550 Thread 0x0000021c404420f0 Exception <a 'java/lang/ClassNotFoundException'{0x00000000897b7258}: sun/awt/resources/spi/awtProvider> (0x00000000897b7258) 
thrown [s\open\src\hotspot\share\classfile\systemDictionary.cpp, line 256]
Event: 0.560 Thread 0x0000021c404420f0 Exception <a 'java/io/FileNotFoundException'{0x00000000897fd010}> (0x00000000897fd010) 
thrown [s\open\src\hotspot\share\prims\jni.cpp, line 516]
Event: 0.564 Thread 0x0000021c404420f0 Exception <a 'java/io/FileNotFoundException'{0x000000008962aaf0}> (0x000000008962aaf0) 
thrown [s\open\src\hotspot\share\prims\jni.cpp, line 516]

VM Operations (16 events):
Event: 0.114 Executing VM operation: HandshakeAllThreads
Event: 0.114 Executing VM operation: HandshakeAllThreads done
Event: 0.171 Executing VM operation: HandshakeAllThreads
Event: 0.171 Executing VM operation: HandshakeAllThreads done
Event: 0.227 Executing VM operation: HandshakeAllThreads
Event: 0.227 Executing VM operation: HandshakeAllThreads done
Event: 0.518 Executing VM operation: HandshakeAllThreads
Event: 0.518 Executing VM operation: HandshakeAllThreads done
Event: 0.532 Executing VM operation: HandshakeAllThreads
Event: 0.532 Executing VM operation: HandshakeAllThreads done
Event: 0.581 Executing VM operation: ICBufferFull
Event: 0.581 Executing VM operation: ICBufferFull done
Event: 0.592 Executing VM operation: G1CollectForAllocation
Event: 0.596 Executing VM operation: G1CollectForAllocation done
Event: 0.629 Executing VM operation: G1CollectForAllocation
Event: 0.632 Executing VM operation: G1CollectForAllocation done

Events (20 events):
Event: 0.552 loading class sun/awt/resources/awt_he_IL done
Event: 0.552 loading class java/awt/Toolkit$2
Event: 0.552 loading class java/awt/Toolkit$2 done
Event: 0.553 loading class java/awt/Toolkit$1
Event: 0.553 loading class java/awt/Toolkit$1 done
Event: 0.560 loading class java/io/FileNotFoundException
Event: 0.560 loading class java/io/FileNotFoundException done
Event: 0.564 loading class java/awt/Insets
Event: 0.564 loading class java/awt/Insets done
Event: 0.564 loading class java/awt/GraphicsEnvironment
Event: 0.564 loading class java/awt/GraphicsEnvironment done
Event: 0.565 loading class sun/awt/PlatformGraphicsInfo
Event: 0.565 loading class sun/awt/PlatformGraphicsInfo done
Event: 0.566 loading class java/util/LinkedList$ListItr
Event: 0.566 loading class java/util/LinkedList$ListItr done
Event: 0.566 loading class java/awt/Color
Event: 0.566 loading class java/awt/Paint
Event: 0.566 loading class java/awt/Paint done
Event: 0.567 loading class java/awt/Color done
Event: 0.613 Thread 0x0000021c61776e50 Thread added: 0x0000021c61776e50


Dynamic libraries:
0x00007ff61a1e0000 - 0x00007ff61a1f0000 	C:\Program Files\Java\jdk-17\bin\java.exe
0x00007ffb30990000 - 0x00007ffb30b88000 	C:\WINDOWS\SYSTEM32\ntdll.dll
0x00007ffb2ef40000 - 0x00007ffb2efff000 	C:\WINDOWS\System32\KERNEL32.DLL
0x00007ffb2e0a0000 - 0x00007ffb2e396000 	C:\WINDOWS\System32\KERNELBASE.dll
0x00007ffb2e3a0000 - 0x00007ffb2e4a0000 	C:\WINDOWS\System32\ucrtbase.dll
0x00007ffb28e80000 - 0x00007ffb28e98000 	C:\Program Files\Java\jdk-17\bin\jli.dll
0x00007ffb29b70000 - 0x00007ffb29b8b000 	C:\Program Files\Java\jdk-17\bin\VCRUNTIME140.dll
0x00007ffb2f6e0000 - 0x00007ffb2f78f000 	C:\WINDOWS\System32\ADVAPI32.dll
0x00007ffb2f800000 - 0x00007ffb2f89e000 	C:\WINDOWS\System32\msvcrt.dll
0x00007ffb307d0000 - 0x00007ffb3086c000 	C:\WINDOWS\System32\sechost.dll
0x00007ffb2ee00000 - 0x00007ffb2ef26000 	C:\WINDOWS\System32\RPCRT4.dll
0x00007ffb30170000 - 0x00007ffb3030d000 	C:\WINDOWS\System32\USER32.dll
0x00007ffb2e070000 - 0x00007ffb2e092000 	C:\WINDOWS\System32\win32u.dll
0x00007ffb1e430000 - 0x00007ffb1e6ca000 	C:\WINDOWS\WinSxS\amd64_microsoft.windows.common-controls_6595b64144ccf1df_6.0.19041.1110_none_60b5254171f9507e\COMCTL32.dll
0x00007ffb306c0000 - 0x00007ffb306ec000 	C:\WINDOWS\System32\GDI32.dll
0x00007ffb2e720000 - 0x00007ffb2e835000 	C:\WINDOWS\System32\gdi32full.dll
0x00007ffb2e610000 - 0x00007ffb2e6ad000 	C:\WINDOWS\System32\msvcp_win.dll
0x00007ffb24980000 - 0x00007ffb2498a000 	C:\WINDOWS\SYSTEM32\VERSION.dll
0x00007ffb30920000 - 0x00007ffb30950000 	C:\WINDOWS\System32\IMM32.DLL
0x00007ffb29b20000 - 0x00007ffb29b2c000 	C:\Program Files\Java\jdk-17\bin\vcruntime140_1.dll
0x00007ffb18c70000 - 0x00007ffb18cfe000 	C:\Program Files\Java\jdk-17\bin\msvcp140.dll
0x00007ffb13890000 - 0x00007ffb14467000 	C:\Program Files\Java\jdk-17\bin\server\jvm.dll
0x00007ffb306b0000 - 0x00007ffb306b8000 	C:\WINDOWS\System32\PSAPI.DLL
0x00007ffb045b0000 - 0x00007ffb045d7000 	C:\WINDOWS\SYSTEM32\WINMM.dll
0x00007ffad8920000 - 0x00007ffad8929000 	C:\WINDOWS\SYSTEM32\WSOCK32.dll
0x00007ffb2f790000 - 0x00007ffb2f7fb000 	C:\WINDOWS\System32\WS2_32.dll
0x00007ffb2c8b0000 - 0x00007ffb2c8c2000 	C:\WINDOWS\SYSTEM32\kernel.appcore.dll
0x00007ffb28ec0000 - 0x00007ffb28eca000 	C:\Program Files\Java\jdk-17\bin\jimage.dll
0x00007ffb2c690000 - 0x00007ffb2c874000 	C:\WINDOWS\SYSTEM32\DBGHELP.DLL
0x00007ffb1e3a0000 - 0x00007ffb1e3d4000 	C:\WINDOWS\SYSTEM32\dbgcore.DLL
0x00007ffb2e580000 - 0x00007ffb2e602000 	C:\WINDOWS\System32\bcryptPrimitives.dll
0x00007ffb23880000 - 0x00007ffb2388e000 	C:\Program Files\Java\jdk-17\bin\instrument.dll
0x00007ffb23e70000 - 0x00007ffb23e95000 	C:\Program Files\Java\jdk-17\bin\java.dll
0x00007ffb18b90000 - 0x00007ffb18c67000 	C:\Program Files\Java\jdk-17\bin\jsvml.dll
0x00007ffb2f9c0000 - 0x00007ffb30104000 	C:\WINDOWS\System32\SHELL32.dll
0x00007ffb2bef0000 - 0x00007ffb2c683000 	C:\WINDOWS\SYSTEM32\windows.storage.dll
0x00007ffb2e9f0000 - 0x00007ffb2ed44000 	C:\WINDOWS\System32\combase.dll
0x00007ffb2d9e0000 - 0x00007ffb2da0e000 	C:\WINDOWS\SYSTEM32\Wldp.dll
0x00007ffb2ed50000 - 0x00007ffb2edfd000 	C:\WINDOWS\System32\SHCORE.dll
0x00007ffb30310000 - 0x00007ffb30365000 	C:\WINDOWS\System32\shlwapi.dll
0x00007ffb2dfb0000 - 0x00007ffb2dfcf000 	C:\WINDOWS\SYSTEM32\profapi.dll
0x00007ffb23cb0000 - 0x00007ffb23cc8000 	C:\Program Files\Java\jdk-17\bin\zip.dll
0x00007ffb28a70000 - 0x00007ffb28a89000 	C:\Program Files\Java\jdk-17\bin\net.dll
0x00007ffb25110000 - 0x00007ffb2521a000 	C:\WINDOWS\SYSTEM32\WINHTTP.dll
0x00007ffb2d740000 - 0x00007ffb2d7aa000 	C:\WINDOWS\system32\mswsock.dll
0x00007ffb28630000 - 0x00007ffb28646000 	C:\Program Files\Java\jdk-17\bin\nio.dll
0x00007ffb236b0000 - 0x00007ffb236ca000 	C:\Program Files\JetBrains\IntelliJ IDEA Community Edition 2022.3.2\bin\breakgen64.dll
0x00007ffb15f20000 - 0x00007ffb160b1000 	C:\Program Files\Java\jdk-17\bin\awt.dll
0x00007ffb2f610000 - 0x00007ffb2f6dd000 	C:\WINDOWS\System32\OLEAUT32.dll
0x00007ffb2b580000 - 0x00007ffb2b611000 	C:\WINDOWS\SYSTEM32\apphelp.dll

dbghelp: loaded successfully - version: 4.0.5 - missing functions: none
symbol engine: initialized successfully - sym options: 0x614 - pdb path: .;C:\Program Files\Java\jdk-17\bin;C:\WINDOWS\SYSTEM32;C:\WINDOWS\WinSxS\amd64_microsoft.windows.common-controls_6595b64144ccf1df_6.0.19041.1110_none_60b5254171f9507e;C:\Program Files\Java\jdk-17\bin\server;C:\Program Files\JetBrains\IntelliJ IDEA Community Edition 2022.3.2\bin

VM Arguments:
jvm_args: -ea -Didea.test.cyclic.buffer.size=1048576 -javaagent:C:\Program Files\JetBrains\IntelliJ IDEA Community Edition 2022.3.2\lib\idea_rt.jar=8834:C:\Program Files\JetBrains\IntelliJ IDEA Community Edition 2022.3.2\bin -Dfile.encoding=UTF-8 
java_command: com.intellij.rt.junit.JUnitStarter -ideVersion5 -junit5 renderer.ReflectionRefractionTests,fourObjects
java_class_path (initial): C:\Users\admin\.m2\repository\org\junit\platform\junit-platform-launcher\1.9.2\junit-platform-launcher-1.9.2.jar;C:\Program Files\JetBrains\IntelliJ IDEA Community Edition 2022.3.2\lib\idea_rt.jar;C:\Program Files\JetBrains\IntelliJ IDEA Community Edition 2022.3.2\plugins\junit\lib\junit5-rt.jar;C:\Program Files\JetBrains\IntelliJ IDEA Community Edition 2022.3.2\plugins\junit\lib\junit-rt.jar;C:\Google drive\Programs\ISE5783_5876\out\test\ISE5783_5876_5801;C:\Google drive\Programs\ISE5783_5876\out\production\ISE5783_5876_5801;C:\Users\admin\.m2\repository\org\junit\jupiter\junit-jupiter\5.9.2\junit-jupiter-5.9.2.jar;C:\Users\admin\.m2\repository\org\junit\jupiter\junit-jupiter-api\5.9.2\junit-jupiter-api-5.9.2.jar;C:\Users\admin\.m2\repository\org\opentest4j\opentest4j\1.2.0\opentest4j-1.2.0.jar;C:\Users\admin\.m2\repository\org\junit\platform\junit-platform-commons\1.9.2\junit-platform-commons-1.9.2.jar;C:\Users\admin\.m2\repository\org\apiguardian\apiguardian-api\1.1.2\apiguardian-api-1.1.2.jar;C:\Users\admin\.m2\repository\org\junit\jupiter\junit-jupiter-params\5.9.2\junit-jupiter-params-5.9.2.jar;C:\Users\admin\.m2\repository\org\junit\jupiter\junit-jupiter-engine\5.9.2\junit-jupiter-engine-5.9.2.jar;C:\Users\admin\.m2\repository\org\junit\platform\junit-platform-engine\1.9.2\junit-platform-engine-1.9.2.jar
Launcher Type: SUN_STANDARD

[Global flags]
     intx CICompilerCount                          = 4                                         {product} {ergonomic}
     uint ConcGCThreads                            = 2                                         {product} {ergonomic}
     uint G1ConcRefinementThreads                  = 8                                         {product} {ergonomic}
   size_t G1HeapRegionSize                         = 1048576                                   {product} {ergonomic}
    uintx GCDrainStackTargetSize                   = 64                                        {product} {ergonomic}
   size_t InitialHeapSize                          = 132120576                                 {product} {ergonomic}
   size_t MarkStackSize                            = 4194304                                   {product} {ergonomic}
   size_t MaxHeapSize                              = 2105540608                                {product} {ergonomic}
   size_t MaxNewSize                               = 1262485504                                {product} {ergonomic}
   size_t MinHeapDeltaBytes                        = 1048576                                   {product} {ergonomic}
   size_t MinHeapSize                              = 8388608                                   {product} {ergonomic}
    uintx NonNMethodCodeHeapSize                   = 5839372                                {pd product} {ergonomic}
    uintx NonProfiledCodeHeapSize                  = 122909434                              {pd product} {ergonomic}
    uintx ProfiledCodeHeapSize                     = 122909434                              {pd product} {ergonomic}
    uintx ReservedCodeCacheSize                    = 251658240                              {pd product} {ergonomic}
     bool SegmentedCodeCache                       = true                                      {product} {ergonomic}
   size_t SoftMaxHeapSize                          = 2105540608                             {manageable} {ergonomic}
     bool UseCompressedClassPointers               = true                           {product lp64_product} {ergonomic}
     bool UseCompressedOops                        = true                           {product lp64_product} {ergonomic}
     bool UseG1GC                                  = true                                      {product} {ergonomic}
     bool UseLargePagesIndividualAllocation        = false                                  {pd product} {ergonomic}

Logging:
Log output configuration:
 #0: stdout all=warning uptime,level,tags
 #1: stderr all=off uptime,level,tags

Environment Variables:
JAVA_HOME=C:\Program Files\Java\jdk-17
PATH=C:\Program Files\Common Files\Oracle\Java\javapath;C:\Program Files (x86)\Common Files\Oracle\Java\javapath;C:\WINDOWS\system32;C:\WINDOWS;C:\WINDOWS\System32\Wbem;C:\WINDOWS\System32\WindowsPowerShell\v1.0\;C:\WINDOWS\System32\OpenSSH\;C:\Program Files\dotnet\;C:\Program Files (x86)\PuTTY\;C:\Program Files\PuTTY\;C:\Program Files\Git\cmd;C:\Users\admin\AppData\Local\Programs\Python\Python39\Scripts\;C:\Users\admin\AppData\Local\Programs\Python\Python39\;C:\Users\admin\AppData\Local\Microsoft\WindowsApps;C:\Users\admin\.dotnet\tools;C:\Users\admin\AppData\Local\Programs\Microsoft VS Code\bin;C:\Program Files\Java\jdk-17\bin;
USERNAME=admin
OS=Windows_NT
PROCESSOR_IDENTIFIER=Intel64 Family 6 Model 142 Stepping 12, GenuineIntel



---------------  S Y S T E M  ---------------

OS:
 Windows 10 , 64 bit Build 19041 (10.0.19041.3031)
OS uptime: 0 days 3:54 hours

CPU: total 8 (initial active 8) (4 cores per cpu, 2 threads per core) family 6 model 142 stepping 12 microcode 0xca, cx8, cmov, fxsr, ht, mmx, 3dnowpref, sse, sse2, sse3, ssse3, sse4.1, sse4.2, popcnt, lzcnt, tsc, tscinvbit, avx, avx2, aes, erms, clmul, bmi1, bmi2, adx, fma, vzeroupper, clflush, clflushopt

Memory: 4k page, system-wide physical 8027M (1726M free)
TotalPageFile size 21339M (AvailPageFile size 11576M)
current process WorkingSet (physical memory assigned to process): 141M, peak: 141M
current process commit charge ("private bytes"): 237M, peak: 237M

vm_info: Java HotSpot(TM) 64-Bit Server VM (17.0.6+9-LTS-190) for windows-amd64 JRE (17.0.6+9-LTS-190), built on Dec  6 2022 15:53:54 by "mach5one" with MS VC++ 17.1 (VS2022)

END.
