#
# A fatal error has been detected by the Java Runtime Environment:
#
#  EXCEPTION_ACCESS_VIOLATION (0xc0000005) at pc=0x00007ffb13e0d422, pid=2272, tid=16664
#
# JRE version: Java(TM) SE Runtime Environment (17.0.6+9) (build 17.0.6+9-LTS-190)
# Java VM: Java HotSpot(TM) 64-Bit Server VM (17.0.6+9-LTS-190, mixed mode, sharing, tiered, compressed oops, compressed class ptrs, g1 gc, windows-amd64)
# Problematic frame:
# V  [jvm.dll+0x57d422]
#
# No core dump will be written. Minidumps are not enabled by default on client versions of Windows
#
# If you would like to submit a bug report, please visit:
#   https://bugreport.java.com/bugreport/crash.jsp
#

---------------  S U M M A R Y ------------

Command Line: -ea -Didea.test.cyclic.buffer.size=1048576 -javaagent:C:\Program Files\JetBrains\IntelliJ IDEA Community Edition 2022.3.2\lib\idea_rt.jar=8917:C:\Program Files\JetBrains\IntelliJ IDEA Community Edition 2022.3.2\bin -Dfile.encoding=UTF-8 com.intellij.rt.junit.JUnitStarter -ideVersion5 -junit5 renderer.ReflectionRefractionTests,fourObjects

Host: Intel(R) Core(TM) i5-10210U CPU @ 1.60GHz, 8 cores, 7G,  Windows 10 , 64 bit Build 19041 (10.0.19041.3031)
Time: Sun Jun 25 23:56:58 2023 Jerusalem Daylight Time elapsed time: 1.398653 seconds (0d 0h 0m 1s)

---------------  T H R E A D  ---------------

Current thread (0x000001e0038144a0):  JavaThread "C2 CompilerThread1" daemon [_thread_in_native, id=16664, stack(0x000000d58bc00000,0x000000d58bd00000)]


Current CompileTask:
C2:   1398 1183       4       geometries.Triangle::findGeoIntersectionsHelper (348 bytes)

Stack: [0x000000d58bc00000,0x000000d58bd00000],  sp=0x000000d58bcfa780,  free space=1001k
Native frames: (J=compiled Java code, j=interpreted, Vv=VM code, C=native code)
V  [jvm.dll+0x57d422]
V  [jvm.dll+0x57d134]
V  [jvm.dll+0x57c388]
V  [jvm.dll+0x21e142]
V  [jvm.dll+0x2177c5]
V  [jvm.dll+0x215109]
V  [jvm.dll+0x1a1730]
V  [jvm.dll+0x224b6e]
V  [jvm.dll+0x222f15]
V  [jvm.dll+0x78753c]
V  [jvm.dll+0x781a7a]
V  [jvm.dll+0x672375]
C  [ucrtbase.dll+0x21bb2]
C  [KERNEL32.DLL+0x17614]
C  [ntdll.dll+0x526f1]


siginfo: EXCEPTION_ACCESS_VIOLATION (0xc0000005), reading address 0x0000000000000008


Register to memory mapping:

RIP=0x00007ffb13e0d422 jvm.dll
RAX=0x000001e003cb7f20 points into unknown readable memory: 0x0000000000000000 | 00 00 00 00 00 00 00 00
RBX=0x0 is NULL
RCX=0x0 is NULL
RDX=0x000000d58bcfabe0 is pointing into the stack for thread: 0x000001e0038144a0
RSP=0x000000d58bcfa780 is pointing into the stack for thread: 0x000001e0038144a0
RBP=0x000001e0035a7da0 points into unknown readable memory: 0x00007ffb14145100 | 00 51 14 14 fb 7f 00 00
RSI=0x000001e003115c80 points into unknown readable memory: 0x0000000000000000 | 00 00 00 00 00 00 00 00
RDI=0x000000d58bcfabb0 is pointing into the stack for thread: 0x000001e0038144a0
R8 =0x000001e003cb7f20 points into unknown readable memory: 0x0000000000000000 | 00 00 00 00 00 00 00 00
R9 =0x0000000000002000 is an unknown value
R10=0x00007ffb28e80000 VCRUNTIME140.dll
R11=0x00007ffb28e81b41 VCRUNTIME140.dll
R12=0x000000d58bcfa878 is pointing into the stack for thread: 0x000001e0038144a0
R13=0x000000d58bcfa850 is pointing into the stack for thread: 0x000001e0038144a0
R14=0x000001e0035a8bb8 points into unknown readable memory: 0x00007ffb141c50b0 | b0 50 1c 14 fb 7f 00 00
R15=0x000001e00358bb40 points into unknown readable memory: 0x00007ffb140df640 | 40 f6 0d 14 fb 7f 00 00


Registers:
RAX=0x000001e003cb7f20, RBX=0x0000000000000000, RCX=0x0000000000000000, RDX=0x000000d58bcfabe0
RSP=0x000000d58bcfa780, RBP=0x000001e0035a7da0, RSI=0x000001e003115c80, RDI=0x000000d58bcfabb0
R8 =0x000001e003cb7f20, R9 =0x0000000000002000, R10=0x00007ffb28e80000, R11=0x00007ffb28e81b41
R12=0x000000d58bcfa878, R13=0x000000d58bcfa850, R14=0x000001e0035a8bb8, R15=0x000001e00358bb40
RIP=0x00007ffb13e0d422, EFLAGS=0x0000000000010202

Top of Stack: (sp=0x000000d58bcfa780)
0x000000d58bcfa780:   000000d58bcfabb0 000001e0035a8bb8
0x000000d58bcfa790:   000001e00358bb40 000001e0035a7da0
0x000000d58bcfa7a0:   0000000000000006 000000d58bcfa898
0x000000d58bcfa7b0:   000001e0031af100 00007ffb13e0d134
0x000000d58bcfa7c0:   0000000000000011 000000000000007f
0x000000d58bcfa7d0:   000000d58bcfa878 000001e0035a8bb8
0x000000d58bcfa7e0:   000001e0037cef30 000001e0037ceee0
0x000000d58bcfa7f0:   000001e0023ebc48 000000d58bcfa920
0x000000d58bcfa800:   000001e06424cc20 0000000000000000
0x000000d58bcfa810:   000000d58bcfabb0 00007ffb13e0c388
0x000000d58bcfa820:   000000d58bcfabb0 0000000000000001
0x000000d58bcfa830:   000001e000000006 000000d58bcfa898
0x000000d58bcfa840:   000001e00397c170 000001e00397c170
0x000000d58bcfa850:   000001e0032a4af0 0000000000000400
0x000000d58bcfa860:   000001e00394edc0 0000000000000250
0x000000d58bcfa870:   0000000000000000 000001e000000100 

Instructions: (pc=0x00007ffb13e0d422)
0x00007ffb13e0d322:   4a 0d 00 48 8b 47 30 48 c7 04 d8 00 00 00 00 48
0x00007ffb13e0d332:   83 c4 20 41 5e 5f 5b c3 49 8b d6 4c 89 7c 24 58
0x00007ffb13e0d342:   48 8b cf e8 26 c8 fe ff 45 33 c9 4c 8b c0 49 8b
0x00007ffb13e0d352:   d6 48 8b cf 4c 8b f8 e8 62 13 00 00 41 8b 4e 2c
0x00007ffb13e0d362:   48 8b d8 83 e1 3f 80 f9 30 75 19 49 3b c7 74 14
0x00007ffb13e0d372:   4c 8b c8 4d 8b c7 49 8b d6 48 8b cf e8 dd 3b 00
0x00007ffb13e0d382:   00 48 8b d8 48 89 74 24 48 48 85 db 75 55 41 8b
0x00007ffb13e0d392:   5e 28 3b 5f 28 72 0b 8b d3 48 8d 4f 20 e8 3c 4a
0x00007ffb13e0d3a2:   0d 00 48 8b 47 30 48 c7 04 d8 00 00 00 00 8b 9f
0x00007ffb13e0d3b2:   d0 09 00 00 8d 43 01 89 87 d0 09 00 00 3b 9f c0
0x00007ffb13e0d3c2:   09 00 00 72 0e 8b d3 48 8d 8f b8 09 00 00 e8 0b
0x00007ffb13e0d3d2:   4a 0d 00 48 8b 87 c8 09 00 00 4c 89 34 d8 e9 30
0x00007ffb13e0d3e2:   03 00 00 48 89 6c 24 40 48 8b eb 4c 3b fb 0f 84
0x00007ffb13e0d3f2:   75 02 00 00 44 8b 4f 28 48 8d 57 30 4c 89 64 24
0x00007ffb13e0d402:   50 0f 1f 40 00 66 0f 1f 84 00 00 00 00 00 8b 4b
0x00007ffb13e0d412:   28 48 8b 87 f8 09 00 00 48 8b 1c c8 4c 8d 04 c8
0x00007ffb13e0d422:   48 8b 43 08 48 83 38 00 75 2b 0f 1f 40 00 8b 43
0x00007ffb13e0d432:   28 41 3b c1 73 0b 8b c8 48 8b 02 48 8b 1c c8 eb
0x00007ffb13e0d442:   02 33 db 48 83 e3 fe 48 8d 57 30 48 8b 43 08 48
0x00007ffb13e0d452:   83 38 00 74 d9 49 89 18 8b 43 28 3b 47 28 73 0f
0x00007ffb13e0d462:   8b c8 48 8b 47 30 48 8b 34 c8 48 85 f6 75 07 48
0x00007ffb13e0d472:   8b b7 90 09 00 00 48 85 ed 75 24 4c 8d 0d 2c e1
0x00007ffb13e0d482:   36 00 ba b0 03 00 00 4c 8d 05 30 e1 36 00 48 8d
0x00007ffb13e0d492:   0d a9 ee 35 00 e8 14 5e cc ff e8 bf 5b 0f 00 8b
0x00007ffb13e0d4a2:   45 28 44 8b 4f 28 41 3b c1 73 13 8b c8 48 8d 57
0x00007ffb13e0d4b2:   30 48 8b 47 30 4c 8b 04 c8 4d 85 c0 75 0b 4c 8b
0x00007ffb13e0d4c2:   87 90 09 00 00 48 8d 57 30 41 0f b7 40 58 48 8b
0x00007ffb13e0d4d2:   cb 66 39 46 58 48 0f 43 cd 48 8b e9 4c 3b fb 0f
0x00007ffb13e0d4e2:   85 29 ff ff ff 49 3b cf 0f 84 76 01 00 00 8b 41
0x00007ffb13e0d4f2:   2c 48 8b f1 24 0f 3c 08 75 68 0f 1f 40 00 33 d2
0x00007ffb13e0d502:   48 8b ce e8 46 4b 0c 00 48 85 c0 74 55 48 8b c8
0x00007ffb13e0d512:   e8 59 d3 c2 ff 85 c0 79 49 f7 d0 c1 f8 03 83 e0 


Stack slot to memory mapping:
stack at sp + 0 slots: 0x000000d58bcfabb0 is pointing into the stack for thread: 0x000001e0038144a0
stack at sp + 1 slots: 0x000001e0035a8bb8 points into unknown readable memory: 0x00007ffb141c50b0 | b0 50 1c 14 fb 7f 00 00
stack at sp + 2 slots: 0x000001e00358bb40 points into unknown readable memory: 0x00007ffb140df640 | 40 f6 0d 14 fb 7f 00 00
stack at sp + 3 slots: 0x000001e0035a7da0 points into unknown readable memory: 0x00007ffb14145100 | 00 51 14 14 fb 7f 00 00
stack at sp + 4 slots: 0x0000000000000006 is an unknown value
stack at sp + 5 slots: 0x000000d58bcfa898 is pointing into the stack for thread: 0x000001e0038144a0
stack at sp + 6 slots: 0x000001e0031af100 points into unknown readable memory: 0x00007ffb1415d1c8 | c8 d1 15 14 fb 7f 00 00
stack at sp + 7 slots: 0x00007ffb13e0d134 jvm.dll


---------------  P R O C E S S  ---------------

Threads class SMR info:
_java_thread_list=0x000001e0038d15c0, length=15, elements={
0x000001e06425e950, 0x000001e00238a610, 0x000001e00238b190, 0x000001e00239b1d0,
0x000001e00239ba90, 0x000001e00239c350, 0x000001e00239cc10, 0x000001e0023a4d20,
0x000001e0023af640, 0x000001e0023b9b50, 0x000001e003089650, 0x000001e0031a0460,
0x000001e0031a0930, 0x000001e0038144a0, 0x000001e003929bc0
}

Java Threads: ( => current thread )
  0x000001e06425e950 JavaThread "main" [_thread_in_Java, id=13572, stack(0x000000d58a200000,0x000000d58a300000)]
  0x000001e00238a610 JavaThread "Reference Handler" daemon [_thread_blocked, id=10700, stack(0x000000d58a900000,0x000000d58aa00000)]
  0x000001e00238b190 JavaThread "Finalizer" daemon [_thread_blocked, id=3792, stack(0x000000d58aa00000,0x000000d58ab00000)]
  0x000001e00239b1d0 JavaThread "Signal Dispatcher" daemon [_thread_blocked, id=11704, stack(0x000000d58ab00000,0x000000d58ac00000)]
  0x000001e00239ba90 JavaThread "Attach Listener" daemon [_thread_blocked, id=13636, stack(0x000000d58ac00000,0x000000d58ad00000)]
  0x000001e00239c350 JavaThread "Service Thread" daemon [_thread_blocked, id=6988, stack(0x000000d58ad00000,0x000000d58ae00000)]
  0x000001e00239cc10 JavaThread "Monitor Deflation Thread" daemon [_thread_blocked, id=18868, stack(0x000000d58ae00000,0x000000d58af00000)]
  0x000001e0023a4d20 JavaThread "C2 CompilerThread0" daemon [_thread_in_vm, id=8348, stack(0x000000d58af00000,0x000000d58b000000)]
  0x000001e0023af640 JavaThread "C1 CompilerThread0" daemon [_thread_blocked, id=14888, stack(0x000000d58b000000,0x000000d58b100000)]
  0x000001e0023b9b50 JavaThread "Sweeper thread" daemon [_thread_blocked, id=18768, stack(0x000000d58b100000,0x000000d58b200000)]
  0x000001e003089650 JavaThread "Common-Cleaner" daemon [_thread_blocked, id=6188, stack(0x000000d58b200000,0x000000d58b300000)]
  0x000001e0031a0460 JavaThread "Monitor Ctrl-Break" daemon [_thread_in_native, id=10012, stack(0x000000d58b300000,0x000000d58b400000)]
  0x000001e0031a0930 JavaThread "Notification Thread" daemon [_thread_blocked, id=8872, stack(0x000000d58b400000,0x000000d58b500000)]
=>0x000001e0038144a0 JavaThread "C2 CompilerThread1" daemon [_thread_in_native, id=16664, stack(0x000000d58bc00000,0x000000d58bd00000)]
  0x000001e003929bc0 JavaThread "C2 CompilerThread2" daemon [_thread_in_native, id=12356, stack(0x000000d58be00000,0x000000d58bf00000)]

Other Threads:
  0x000001e002383bf0 VMThread "VM Thread" [stack: 0x000000d58a800000,0x000000d58a900000] [id=6996]
  0x000001e0642d5cd0 WatcherThread [stack: 0x000000d58b500000,0x000000d58b600000] [id=6428]
  0x000001e0642ba480 GCTaskThread "GC Thread#0" [stack: 0x000000d58a300000,0x000000d58a400000] [id=18092]
  0x000001e0037b9380 GCTaskThread "GC Thread#1" [stack: 0x000000d58b600000,0x000000d58b700000] [id=15320]
  0x000001e0037b9630 GCTaskThread "GC Thread#2" [stack: 0x000000d58b700000,0x000000d58b800000] [id=9220]
  0x000001e0037de1d0 GCTaskThread "GC Thread#3" [stack: 0x000000d58b800000,0x000000d58b900000] [id=10284]
  0x000001e0037de480 GCTaskThread "GC Thread#4" [stack: 0x000000d58b900000,0x000000d58ba00000] [id=1380]
  0x000001e0037deb50 GCTaskThread "GC Thread#5" [stack: 0x000000d58ba00000,0x000000d58bb00000] [id=13448]
  0x000001e0037df210 GCTaskThread "GC Thread#6" [stack: 0x000000d58bb00000,0x000000d58bc00000] [id=18564]
  0x000001e0038d1110 GCTaskThread "GC Thread#7" [stack: 0x000000d58bd00000,0x000000d58be00000] [id=14972]
  0x000001e0642cbde0 ConcurrentGCThread "G1 Main Marker" [stack: 0x000000d58a400000,0x000000d58a500000] [id=8776]
  0x000001e0642ccea0 ConcurrentGCThread "G1 Conc#0" [stack: 0x000000d58a500000,0x000000d58a600000] [id=11708]
  0x000001e064338830 ConcurrentGCThread "G1 Refine#0" [stack: 0x000000d58a600000,0x000000d58a700000] [id=11396]
  0x000001e002242210 ConcurrentGCThread "G1 Service" [stack: 0x000000d58a700000,0x000000d58a800000] [id=8612]

Threads with active compile tasks:
C2 CompilerThread0     1455 1224       4       renderer.RayTracerBasic::calcColor (44 bytes)
C2 CompilerThread1     1455 1183       4       geometries.Triangle::findGeoIntersectionsHelper (348 bytes)
C2 CompilerThread2     1455 1220       4       renderer.RayTracerBasic::calcLocalEffects (231 bytes)

VM state: not at safepoint (normal execution)

VM Mutex/Monitor currently owned by a thread: None

Heap address: 0x0000000082800000, size: 2008 MB, Compressed Oops mode: 32-bit

CDS archive(s) mapped at: [0x0000000800000000-0x0000000800bd0000-0x0000000800bd0000), size 12386304, SharedBaseAddress: 0x0000000800000000, ArchiveRelocationMode: 0.
Compressed class space mapped at: 0x0000000800c00000-0x0000000840c00000, reserved size: 1073741824
Narrow klass base: 0x0000000800000000, Narrow klass shift: 0, Narrow klass range: 0x100000000

GC Precious Log:
 CPUs: 8 total, 8 available
 Memory: 8027M
 Large Page Support: Disabled
 NUMA Support: Disabled
 Compressed Oops: Enabled (32-bit)
 Heap Region Size: 1M
 Heap Min Capacity: 8M
 Heap Initial Capacity: 126M
 Heap Max Capacity: 2008M
 Pre-touch: Disabled
 Parallel Workers: 8
 Concurrent Workers: 2
 Concurrent Refinement Workers: 8
 Periodic GC: Disabled

Heap:
 garbage-first heap   total 129024K, used 35441K [0x0000000082800000, 0x0000000100000000)
  region size 1024K, 36 young (36864K), 3 survivors (3072K)
 Metaspace       used 5251K, committed 5440K, reserved 1056768K
  class space    used 661K, committed 768K, reserved 1048576K

Heap Regions: E=young(eden), S=young(survivor), O=old, HS=humongous(starts), HC=humongous(continues), CS=collection set, F=free, OA=open archive, CA=closed archive, TAMS=top-at-mark-start (previous, next)
|   0|0x0000000082800000, 0x0000000082800000, 0x0000000082900000|  0%| F|  |TAMS 0x0000000082800000, 0x0000000082800000| Untracked 
|   1|0x0000000082900000, 0x0000000082900000, 0x0000000082a00000|  0%| F|  |TAMS 0x0000000082900000, 0x0000000082900000| Untracked 
|   2|0x0000000082a00000, 0x0000000082a00000, 0x0000000082b00000|  0%| F|  |TAMS 0x0000000082a00000, 0x0000000082a00000| Untracked 
|   3|0x0000000082b00000, 0x0000000082b00000, 0x0000000082c00000|  0%| F|  |TAMS 0x0000000082b00000, 0x0000000082b00000| Untracked 
|   4|0x0000000082c00000, 0x0000000082c00000, 0x0000000082d00000|  0%| F|  |TAMS 0x0000000082c00000, 0x0000000082c00000| Untracked 
|   5|0x0000000082d00000, 0x0000000082d00000, 0x0000000082e00000|  0%| F|  |TAMS 0x0000000082d00000, 0x0000000082d00000| Untracked 
|   6|0x0000000082e00000, 0x0000000082e00000, 0x0000000082f00000|  0%| F|  |TAMS 0x0000000082e00000, 0x0000000082e00000| Untracked 
|   7|0x0000000082f00000, 0x0000000082f00000, 0x0000000083000000|  0%| F|  |TAMS 0x0000000082f00000, 0x0000000082f00000| Untracked 
|   8|0x0000000083000000, 0x0000000083000000, 0x0000000083100000|  0%| F|  |TAMS 0x0000000083000000, 0x0000000083000000| Untracked 
|   9|0x0000000083100000, 0x0000000083100000, 0x0000000083200000|  0%| F|  |TAMS 0x0000000083100000, 0x0000000083100000| Untracked 
|  10|0x0000000083200000, 0x0000000083200000, 0x0000000083300000|  0%| F|  |TAMS 0x0000000083200000, 0x0000000083200000| Untracked 
|  11|0x0000000083300000, 0x0000000083300000, 0x0000000083400000|  0%| F|  |TAMS 0x0000000083300000, 0x0000000083300000| Untracked 
|  12|0x0000000083400000, 0x0000000083400000, 0x0000000083500000|  0%| F|  |TAMS 0x0000000083400000, 0x0000000083400000| Untracked 
|  13|0x0000000083500000, 0x0000000083500000, 0x0000000083600000|  0%| F|  |TAMS 0x0000000083500000, 0x0000000083500000| Untracked 
|  14|0x0000000083600000, 0x0000000083600000, 0x0000000083700000|  0%| F|  |TAMS 0x0000000083600000, 0x0000000083600000| Untracked 
|  15|0x0000000083700000, 0x0000000083700000, 0x0000000083800000|  0%| F|  |TAMS 0x0000000083700000, 0x0000000083700000| Untracked 
|  16|0x0000000083800000, 0x0000000083800000, 0x0000000083900000|  0%| F|  |TAMS 0x0000000083800000, 0x0000000083800000| Untracked 
|  17|0x0000000083900000, 0x0000000083900000, 0x0000000083a00000|  0%| F|  |TAMS 0x0000000083900000, 0x0000000083900000| Untracked 
|  18|0x0000000083a00000, 0x0000000083a00000, 0x0000000083b00000|  0%| F|  |TAMS 0x0000000083a00000, 0x0000000083a00000| Untracked 
|  19|0x0000000083b00000, 0x0000000083b00000, 0x0000000083c00000|  0%| F|  |TAMS 0x0000000083b00000, 0x0000000083b00000| Untracked 
|  20|0x0000000083c00000, 0x0000000083c00000, 0x0000000083d00000|  0%| F|  |TAMS 0x0000000083c00000, 0x0000000083c00000| Untracked 
|  21|0x0000000083d00000, 0x0000000083d00000, 0x0000000083e00000|  0%| F|  |TAMS 0x0000000083d00000, 0x0000000083d00000| Untracked 
|  22|0x0000000083e00000, 0x0000000083e00000, 0x0000000083f00000|  0%| F|  |TAMS 0x0000000083e00000, 0x0000000083e00000| Untracked 
|  23|0x0000000083f00000, 0x0000000083f00000, 0x0000000084000000|  0%| F|  |TAMS 0x0000000083f00000, 0x0000000083f00000| Untracked 
|  24|0x0000000084000000, 0x0000000084000000, 0x0000000084100000|  0%| F|  |TAMS 0x0000000084000000, 0x0000000084000000| Untracked 
|  25|0x0000000084100000, 0x0000000084100000, 0x0000000084200000|  0%| F|  |TAMS 0x0000000084100000, 0x0000000084100000| Untracked 
|  26|0x0000000084200000, 0x0000000084200000, 0x0000000084300000|  0%| F|  |TAMS 0x0000000084200000, 0x0000000084200000| Untracked 
|  27|0x0000000084300000, 0x0000000084300000, 0x0000000084400000|  0%| F|  |TAMS 0x0000000084300000, 0x0000000084300000| Untracked 
|  28|0x0000000084400000, 0x0000000084400000, 0x0000000084500000|  0%| F|  |TAMS 0x0000000084400000, 0x0000000084400000| Untracked 
|  29|0x0000000084500000, 0x0000000084500000, 0x0000000084600000|  0%| F|  |TAMS 0x0000000084500000, 0x0000000084500000| Untracked 
|  30|0x0000000084600000, 0x0000000084600000, 0x0000000084700000|  0%| F|  |TAMS 0x0000000084600000, 0x0000000084600000| Untracked 
|  31|0x0000000084700000, 0x0000000084700000, 0x0000000084800000|  0%| F|  |TAMS 0x0000000084700000, 0x0000000084700000| Untracked 
|  32|0x0000000084800000, 0x0000000084800000, 0x0000000084900000|  0%| F|  |TAMS 0x0000000084800000, 0x0000000084800000| Untracked 
|  33|0x0000000084900000, 0x0000000084900000, 0x0000000084a00000|  0%| F|  |TAMS 0x0000000084900000, 0x0000000084900000| Untracked 
|  34|0x0000000084a00000, 0x0000000084a00000, 0x0000000084b00000|  0%| F|  |TAMS 0x0000000084a00000, 0x0000000084a00000| Untracked 
|  35|0x0000000084b00000, 0x0000000084b00000, 0x0000000084c00000|  0%| F|  |TAMS 0x0000000084b00000, 0x0000000084b00000| Untracked 
|  36|0x0000000084c00000, 0x0000000084c00000, 0x0000000084d00000|  0%| F|  |TAMS 0x0000000084c00000, 0x0000000084c00000| Untracked 
|  37|0x0000000084d00000, 0x0000000084d00000, 0x0000000084e00000|  0%| F|  |TAMS 0x0000000084d00000, 0x0000000084d00000| Untracked 
|  38|0x0000000084e00000, 0x0000000084e00000, 0x0000000084f00000|  0%| F|  |TAMS 0x0000000084e00000, 0x0000000084e00000| Untracked 
|  39|0x0000000084f00000, 0x0000000084f00000, 0x0000000085000000|  0%| F|  |TAMS 0x0000000084f00000, 0x0000000084f00000| Untracked 
|  40|0x0000000085000000, 0x0000000085000000, 0x0000000085100000|  0%| F|  |TAMS 0x0000000085000000, 0x0000000085000000| Untracked 
|  41|0x0000000085100000, 0x0000000085100000, 0x0000000085200000|  0%| F|  |TAMS 0x0000000085100000, 0x0000000085100000| Untracked 
|  42|0x0000000085200000, 0x0000000085200000, 0x0000000085300000|  0%| F|  |TAMS 0x0000000085200000, 0x0000000085200000| Untracked 
|  43|0x0000000085300000, 0x0000000085300000, 0x0000000085400000|  0%| F|  |TAMS 0x0000000085300000, 0x0000000085300000| Untracked 
|  44|0x0000000085400000, 0x0000000085400000, 0x0000000085500000|  0%| F|  |TAMS 0x0000000085400000, 0x0000000085400000| Untracked 
|  45|0x0000000085500000, 0x0000000085500000, 0x0000000085600000|  0%| F|  |TAMS 0x0000000085500000, 0x0000000085500000| Untracked 
|  46|0x0000000085600000, 0x0000000085600000, 0x0000000085700000|  0%| F|  |TAMS 0x0000000085600000, 0x0000000085600000| Untracked 
|  47|0x0000000085700000, 0x0000000085700000, 0x0000000085800000|  0%| F|  |TAMS 0x0000000085700000, 0x0000000085700000| Untracked 
|  48|0x0000000085800000, 0x000000008589c640, 0x0000000085900000| 61%| S|CS|TAMS 0x0000000085800000, 0x0000000085800000| Complete 
|  49|0x0000000085900000, 0x0000000085a00000, 0x0000000085a00000|100%| S|CS|TAMS 0x0000000085900000, 0x0000000085900000| Complete 
|  50|0x0000000085a00000, 0x0000000085b00000, 0x0000000085b00000|100%| S|CS|TAMS 0x0000000085a00000, 0x0000000085a00000| Complete 
|  51|0x0000000085b00000, 0x0000000085b00000, 0x0000000085c00000|  0%| F|  |TAMS 0x0000000085b00000, 0x0000000085b00000| Untracked 
|  52|0x0000000085c00000, 0x0000000085c00000, 0x0000000085d00000|  0%| F|  |TAMS 0x0000000085c00000, 0x0000000085c00000| Untracked 
|  53|0x0000000085d00000, 0x0000000085d00000, 0x0000000085e00000|  0%| F|  |TAMS 0x0000000085d00000, 0x0000000085d00000| Untracked 
|  54|0x0000000085e00000, 0x0000000085e00000, 0x0000000085f00000|  0%| F|  |TAMS 0x0000000085e00000, 0x0000000085e00000| Untracked 
|  55|0x0000000085f00000, 0x0000000085f00000, 0x0000000086000000|  0%| F|  |TAMS 0x0000000085f00000, 0x0000000085f00000| Untracked 
|  56|0x0000000086000000, 0x0000000086000000, 0x0000000086100000|  0%| F|  |TAMS 0x0000000086000000, 0x0000000086000000| Untracked 
|  57|0x0000000086100000, 0x0000000086100000, 0x0000000086200000|  0%| F|  |TAMS 0x0000000086100000, 0x0000000086100000| Untracked 
|  58|0x0000000086200000, 0x0000000086200000, 0x0000000086300000|  0%| F|  |TAMS 0x0000000086200000, 0x0000000086200000| Untracked 
|  59|0x0000000086300000, 0x0000000086300000, 0x0000000086400000|  0%| F|  |TAMS 0x0000000086300000, 0x0000000086300000| Untracked 
|  60|0x0000000086400000, 0x0000000086400000, 0x0000000086500000|  0%| F|  |TAMS 0x0000000086400000, 0x0000000086400000| Untracked 
|  61|0x0000000086500000, 0x0000000086500000, 0x0000000086600000|  0%| F|  |TAMS 0x0000000086500000, 0x0000000086500000| Untracked 
|  62|0x0000000086600000, 0x0000000086600000, 0x0000000086700000|  0%| F|  |TAMS 0x0000000086600000, 0x0000000086600000| Untracked 
|  63|0x0000000086700000, 0x0000000086700000, 0x0000000086800000|  0%| F|  |TAMS 0x0000000086700000, 0x0000000086700000| Untracked 
|  64|0x0000000086800000, 0x0000000086800000, 0x0000000086900000|  0%| F|  |TAMS 0x0000000086800000, 0x0000000086800000| Untracked 
|  65|0x0000000086900000, 0x0000000086900000, 0x0000000086a00000|  0%| F|  |TAMS 0x0000000086900000, 0x0000000086900000| Untracked 
|  66|0x0000000086a00000, 0x0000000086a00000, 0x0000000086b00000|  0%| F|  |TAMS 0x0000000086a00000, 0x0000000086a00000| Untracked 
|  67|0x0000000086b00000, 0x0000000086b00000, 0x0000000086c00000|  0%| F|  |TAMS 0x0000000086b00000, 0x0000000086b00000| Untracked 
|  68|0x0000000086c00000, 0x0000000086c00000, 0x0000000086d00000|  0%| F|  |TAMS 0x0000000086c00000, 0x0000000086c00000| Untracked 
|  69|0x0000000086d00000, 0x0000000086d00000, 0x0000000086e00000|  0%| F|  |TAMS 0x0000000086d00000, 0x0000000086d00000| Untracked 
|  70|0x0000000086e00000, 0x0000000086e00000, 0x0000000086f00000|  0%| F|  |TAMS 0x0000000086e00000, 0x0000000086e00000| Untracked 
|  71|0x0000000086f00000, 0x0000000086f00000, 0x0000000087000000|  0%| F|  |TAMS 0x0000000086f00000, 0x0000000086f00000| Untracked 
|  72|0x0000000087000000, 0x0000000087000000, 0x0000000087100000|  0%| F|  |TAMS 0x0000000087000000, 0x0000000087000000| Untracked 
|  73|0x0000000087100000, 0x0000000087100000, 0x0000000087200000|  0%| F|  |TAMS 0x0000000087100000, 0x0000000087100000| Untracked 
|  74|0x0000000087200000, 0x0000000087200000, 0x0000000087300000|  0%| F|  |TAMS 0x0000000087200000, 0x0000000087200000| Untracked 
|  75|0x0000000087300000, 0x0000000087300000, 0x0000000087400000|  0%| F|  |TAMS 0x0000000087300000, 0x0000000087300000| Untracked 
|  76|0x0000000087400000, 0x0000000087400000, 0x0000000087500000|  0%| F|  |TAMS 0x0000000087400000, 0x0000000087400000| Untracked 
|  77|0x0000000087500000, 0x0000000087500000, 0x0000000087600000|  0%| F|  |TAMS 0x0000000087500000, 0x0000000087500000| Untracked 
|  78|0x0000000087600000, 0x0000000087600000, 0x0000000087700000|  0%| F|  |TAMS 0x0000000087600000, 0x0000000087600000| Untracked 
|  79|0x0000000087700000, 0x0000000087700000, 0x0000000087800000|  0%| F|  |TAMS 0x0000000087700000, 0x0000000087700000| Untracked 
|  80|0x0000000087800000, 0x0000000087800000, 0x0000000087900000|  0%| F|  |TAMS 0x0000000087800000, 0x0000000087800000| Untracked 
|  81|0x0000000087900000, 0x0000000087900000, 0x0000000087a00000|  0%| F|  |TAMS 0x0000000087900000, 0x0000000087900000| Untracked 
|  82|0x0000000087a00000, 0x0000000087a00000, 0x0000000087b00000|  0%| F|  |TAMS 0x0000000087a00000, 0x0000000087a00000| Untracked 
|  83|0x0000000087b00000, 0x0000000087b00000, 0x0000000087c00000|  0%| F|  |TAMS 0x0000000087b00000, 0x0000000087b00000| Untracked 
|  84|0x0000000087c00000, 0x0000000087c00000, 0x0000000087d00000|  0%| F|  |TAMS 0x0000000087c00000, 0x0000000087c00000| Untracked 
|  85|0x0000000087d00000, 0x0000000087d00000, 0x0000000087e00000|  0%| F|  |TAMS 0x0000000087d00000, 0x0000000087d00000| Untracked 
|  86|0x0000000087e00000, 0x0000000087e00000, 0x0000000087f00000|  0%| F|  |TAMS 0x0000000087e00000, 0x0000000087e00000| Untracked 
|  87|0x0000000087f00000, 0x0000000087f00000, 0x0000000088000000|  0%| F|  |TAMS 0x0000000087f00000, 0x0000000087f00000| Untracked 
|  88|0x0000000088000000, 0x0000000088000000, 0x0000000088100000|  0%| F|  |TAMS 0x0000000088000000, 0x0000000088000000| Untracked 
|  89|0x0000000088100000, 0x0000000088100000, 0x0000000088200000|  0%| F|  |TAMS 0x0000000088100000, 0x0000000088100000| Untracked 
|  90|0x0000000088200000, 0x0000000088280800, 0x0000000088300000| 50%| E|  |TAMS 0x0000000088200000, 0x0000000088200000| Complete 
|  91|0x0000000088300000, 0x0000000088400000, 0x0000000088400000|100%| E|CS|TAMS 0x0000000088300000, 0x0000000088300000| Complete 
|  92|0x0000000088400000, 0x0000000088500000, 0x0000000088500000|100%| E|CS|TAMS 0x0000000088400000, 0x0000000088400000| Complete 
|  93|0x0000000088500000, 0x0000000088600000, 0x0000000088600000|100%| E|CS|TAMS 0x0000000088500000, 0x0000000088500000| Complete 
|  94|0x0000000088600000, 0x0000000088700000, 0x0000000088700000|100%| E|CS|TAMS 0x0000000088600000, 0x0000000088600000| Complete 
|  95|0x0000000088700000, 0x0000000088800000, 0x0000000088800000|100%| E|CS|TAMS 0x0000000088700000, 0x0000000088700000| Complete 
|  96|0x0000000088800000, 0x0000000088900000, 0x0000000088900000|100%| E|CS|TAMS 0x0000000088800000, 0x0000000088800000| Complete 
|  97|0x0000000088900000, 0x0000000088a00000, 0x0000000088a00000|100%| E|CS|TAMS 0x0000000088900000, 0x0000000088900000| Complete 
|  98|0x0000000088a00000, 0x0000000088b00000, 0x0000000088b00000|100%| E|CS|TAMS 0x0000000088a00000, 0x0000000088a00000| Complete 
|  99|0x0000000088b00000, 0x0000000088c00000, 0x0000000088c00000|100%| E|CS|TAMS 0x0000000088b00000, 0x0000000088b00000| Complete 
| 100|0x0000000088c00000, 0x0000000088d00000, 0x0000000088d00000|100%| E|CS|TAMS 0x0000000088c00000, 0x0000000088c00000| Complete 
| 101|0x0000000088d00000, 0x0000000088e00000, 0x0000000088e00000|100%| E|CS|TAMS 0x0000000088d00000, 0x0000000088d00000| Complete 
| 102|0x0000000088e00000, 0x0000000088f00000, 0x0000000088f00000|100%| E|CS|TAMS 0x0000000088e00000, 0x0000000088e00000| Complete 
| 103|0x0000000088f00000, 0x0000000089000000, 0x0000000089000000|100%| E|CS|TAMS 0x0000000088f00000, 0x0000000088f00000| Complete 
| 104|0x0000000089000000, 0x0000000089100000, 0x0000000089100000|100%| E|CS|TAMS 0x0000000089000000, 0x0000000089000000| Complete 
| 105|0x0000000089100000, 0x0000000089200000, 0x0000000089200000|100%| E|CS|TAMS 0x0000000089100000, 0x0000000089100000| Complete 
| 106|0x0000000089200000, 0x0000000089300000, 0x0000000089300000|100%| E|CS|TAMS 0x0000000089200000, 0x0000000089200000| Complete 
| 107|0x0000000089300000, 0x0000000089400000, 0x0000000089400000|100%| E|CS|TAMS 0x0000000089300000, 0x0000000089300000| Complete 
| 108|0x0000000089400000, 0x0000000089500000, 0x0000000089500000|100%| E|CS|TAMS 0x0000000089400000, 0x0000000089400000| Complete 
| 109|0x0000000089500000, 0x0000000089600000, 0x0000000089600000|100%| E|CS|TAMS 0x0000000089500000, 0x0000000089500000| Complete 
| 110|0x0000000089600000, 0x0000000089700000, 0x0000000089700000|100%| E|CS|TAMS 0x0000000089600000, 0x0000000089600000| Complete 
| 111|0x0000000089700000, 0x0000000089800000, 0x0000000089800000|100%| E|CS|TAMS 0x0000000089700000, 0x0000000089700000| Complete 
| 112|0x0000000089800000, 0x0000000089900000, 0x0000000089900000|100%| E|CS|TAMS 0x0000000089800000, 0x0000000089800000| Complete 
| 113|0x0000000089900000, 0x0000000089a00000, 0x0000000089a00000|100%| E|CS|TAMS 0x0000000089900000, 0x0000000089900000| Complete 
| 114|0x0000000089a00000, 0x0000000089b00000, 0x0000000089b00000|100%| E|CS|TAMS 0x0000000089a00000, 0x0000000089a00000| Complete 
| 115|0x0000000089b00000, 0x0000000089c00000, 0x0000000089c00000|100%| E|CS|TAMS 0x0000000089b00000, 0x0000000089b00000| Complete 
| 116|0x0000000089c00000, 0x0000000089d00000, 0x0000000089d00000|100%| E|CS|TAMS 0x0000000089c00000, 0x0000000089c00000| Complete 
| 117|0x0000000089d00000, 0x0000000089e00000, 0x0000000089e00000|100%| E|CS|TAMS 0x0000000089d00000, 0x0000000089d00000| Complete 
| 118|0x0000000089e00000, 0x0000000089f00000, 0x0000000089f00000|100%| E|CS|TAMS 0x0000000089e00000, 0x0000000089e00000| Complete 
| 119|0x0000000089f00000, 0x000000008a000000, 0x000000008a000000|100%| E|CS|TAMS 0x0000000089f00000, 0x0000000089f00000| Complete 
| 120|0x000000008a000000, 0x000000008a100000, 0x000000008a100000|100%| E|CS|TAMS 0x000000008a000000, 0x000000008a000000| Complete 
| 121|0x000000008a100000, 0x000000008a200000, 0x000000008a200000|100%| E|CS|TAMS 0x000000008a100000, 0x000000008a100000| Complete 
| 122|0x000000008a200000, 0x000000008a300000, 0x000000008a300000|100%| E|CS|TAMS 0x000000008a200000, 0x000000008a200000| Complete 
| 123|0x000000008a300000, 0x000000008a400000, 0x000000008a400000|100%| E|CS|TAMS 0x000000008a300000, 0x000000008a300000| Complete 
| 124|0x000000008a400000, 0x000000008a500000, 0x000000008a500000|100%| E|CS|TAMS 0x000000008a400000, 0x000000008a400000| Complete 
| 125|0x000000008a500000, 0x000000008a600000, 0x000000008a600000|100%| E|CS|TAMS 0x000000008a500000, 0x000000008a500000| Complete 

Card table byte_map: [0x000001e07b210000,0x000001e07b600000] _byte_map_base: 0x000001e07adfc000

Marking Bits (Prev, Next): (CMBitMap*) 0x000001e0642bb9b0, (CMBitMap*) 0x000001e0642bb9f0
 Prev Bits: [0x000001e07b9f0000, 0x000001e07d950000)
 Next Bits: [0x000001e07d950000, 0x000001e07f8b0000)

Polling page: 0x000001e062250000

Metaspace:

Usage:
  Non-class:      4.48 MB used.
      Class:    661.74 KB used.
       Both:      5.13 MB used.

Virtual space:
  Non-class space:        8.00 MB reserved,       4.56 MB ( 57%) committed,  1 nodes.
      Class space:        1.00 GB reserved,     768.00 KB ( <1%) committed,  1 nodes.
             Both:        1.01 GB reserved,       5.31 MB ( <1%) committed. 

Chunk freelists:
   Non-Class:  2.14 MB
       Class:  3.31 MB
        Both:  5.45 MB

MaxMetaspaceSize: unlimited
CompressedClassSpaceSize: 1.00 GB
Initial GC threshold: 21.00 MB
Current GC threshold: 21.00 MB
CDS: on
MetaspaceReclaimPolicy: balanced
 - commit_granule_bytes: 65536.
 - commit_granule_words: 8192.
 - virtual_space_node_default_size: 1048576.
 - enlarge_chunks_in_place: 1.
 - new_chunks_are_fully_committed: 0.
 - uncommit_free_chunks: 1.
 - use_allocation_guard: 0.
 - handle_deallocations: 1.


Internal statistics:

num_allocs_failed_limit: 0.
num_arena_births: 128.
num_arena_deaths: 0.
num_vsnodes_births: 2.
num_vsnodes_deaths: 0.
num_space_committed: 85.
num_space_uncommitted: 0.
num_chunks_returned_to_freelist: 0.
num_chunks_taken_from_freelist: 307.
num_chunk_merges: 0.
num_chunk_splits: 159.
num_chunks_enlarged: 88.
num_purges: 0.
num_inconsistent_stats: 0.

CodeHeap 'non-profiled nmethods': size=120000Kb used=416Kb max_used=416Kb free=119583Kb
 bounds [0x000001e0735c0000, 0x000001e073830000, 0x000001e07aaf0000]
CodeHeap 'profiled nmethods': size=120000Kb used=2206Kb max_used=2206Kb free=117793Kb
 bounds [0x000001e06baf0000, 0x000001e06bd60000, 0x000001e073020000]
CodeHeap 'non-nmethods': size=5760Kb used=1153Kb max_used=1177Kb free=4606Kb
 bounds [0x000001e073020000, 0x000001e073290000, 0x000001e0735c0000]
 total_blobs=1676 nmethods=1231 adapters=358
 compilation: enabled
              stopped_count=0, restarted_count=0
 full_count=0

Compilation events (20 events):
Event: 1.327 Thread 0x000001e0023af640 1216       3       java.util.ImmutableCollections$ListItr::hasNext (17 bytes)
Event: 1.327 Thread 0x000001e0023af640 nmethod 1216 0x000001e06bd0fe10 code [0x000001e06bd0ffa0, 0x000001e06bd10118]
Event: 1.328 Thread 0x000001e003929bc0 nmethod 1201 0x000001e073620e90 code [0x000001e073621080, 0x000001e073621918]
Event: 1.328 Thread 0x000001e003929bc0 1200       4       primitives.Color::scale (53 bytes)
Event: 1.333 Thread 0x000001e003929bc0 nmethod 1200 0x000001e073621e90 code [0x000001e073622020, 0x000001e073622418]
Event: 1.334 Thread 0x000001e003929bc0 1198       4       primitives.Color::<init> (49 bytes)
Event: 1.337 Thread 0x000001e003929bc0 nmethod 1198 0x000001e073622610 code [0x000001e0736227a0, 0x000001e073622a38]
Event: 1.337 Thread 0x000001e003929bc0 1212       4       lighting.SpotLight::getL (6 bytes)
Event: 1.345 Thread 0x000001e003929bc0 nmethod 1212 0x000001e073622b90 code [0x000001e073622d40, 0x000001e0736230f8]
Event: 1.345 Thread 0x000001e003929bc0 1213       4       java.lang.Math::max (45 bytes)
Event: 1.345 Thread 0x000001e0023af640 1218       3       geometries.Sphere::getNormal (12 bytes)
Event: 1.346 Thread 0x000001e003929bc0 nmethod 1213 0x000001e073623410 code [0x000001e0736235c0, 0x000001e0736236f8]
Event: 1.346 Thread 0x000001e003929bc0 1210       4       java.util.LinkedList::get (14 bytes)
Event: 1.346 Thread 0x000001e0023af640 nmethod 1218 0x000001e06bd10190 code [0x000001e06bd10400, 0x000001e06bd10e88]
Event: 1.346 Thread 0x000001e0023af640 1219       3       geometries.Intersectable$GeoPoint::equals (64 bytes)
Event: 1.347 Thread 0x000001e0023af640 nmethod 1219 0x000001e06bd11290 code [0x000001e06bd11480, 0x000001e06bd11d08]
Event: 1.348 Thread 0x000001e003929bc0 nmethod 1210 0x000001e073623790 code [0x000001e073623920, 0x000001e073623a58]
Event: 1.348 Thread 0x000001e003929bc0 1217       4       java.util.ImmutableCollections$List12::toArray (41 bytes)
Event: 1.350 Thread 0x000001e003929bc0 nmethod 1217 0x000001e073623b90 code [0x000001e073623d20, 0x000001e073623ef8]
Event: 1.351 Thread 0x000001e003929bc0 1220       4       renderer.RayTracerBasic::calcLocalEffects (231 bytes)

GC Heap History (4 events):
Event: 1.142 GC heap before
{Heap before GC invocations=0 (full 0):
 garbage-first heap   total 129024K, used 23552K [0x0000000082800000, 0x0000000100000000)
  region size 1024K, 23 young (23552K), 0 survivors (0K)
 Metaspace       used 5224K, committed 5440K, reserved 1056768K
  class space    used 661K, committed 768K, reserved 1048576K
}
Event: 1.151 GC heap after
{Heap after GC invocations=1 (full 0):
 garbage-first heap   total 129024K, used 2730K [0x0000000082800000, 0x0000000100000000)
  region size 1024K, 3 young (3072K), 3 survivors (3072K)
 Metaspace       used 5224K, committed 5440K, reserved 1056768K
  class space    used 661K, committed 768K, reserved 1048576K
}
Event: 1.218 GC heap before
{Heap before GC invocations=1 (full 0):
 garbage-first heap   total 129024K, used 36522K [0x0000000082800000, 0x0000000100000000)
  region size 1024K, 36 young (36864K), 3 survivors (3072K)
 Metaspace       used 5246K, committed 5440K, reserved 1056768K
  class space    used 661K, committed 768K, reserved 1048576K
}
Event: 1.225 GC heap after
{Heap after GC invocations=2 (full 0):
 garbage-first heap   total 129024K, used 2828K [0x0000000082800000, 0x0000000100000000)
  region size 1024K, 3 young (3072K), 3 survivors (3072K)
 Metaspace       used 5246K, committed 5440K, reserved 1056768K
  class space    used 661K, committed 768K, reserved 1048576K
}

Deoptimization events (20 events):
Event: 1.003 Thread 0x000001e06425e950 Uncommon trap: trap_request=0xffffff45 fr.pc=0x000001e0735f5648 relative=0x0000000000000048
Event: 1.003 Thread 0x000001e06425e950 Uncommon trap: reason=unstable_if action=reinterpret pc=0x000001e0735f5648 method=java.lang.CharacterData.of(I)Ljava/lang/CharacterData; @ 4 c2
Event: 1.003 Thread 0x000001e06425e950 DEOPT PACKING pc=0x000001e0735f5648 sp=0x000000d58a2fbc90
Event: 1.003 Thread 0x000001e06425e950 DEOPT UNPACKING pc=0x000001e0730723a3 sp=0x000000d58a2fbc30 mode 2
Event: 1.007 Thread 0x000001e06425e950 Uncommon trap: trap_request=0xffffff45 fr.pc=0x000001e0735c91b4 relative=0x00000000000001b4
Event: 1.007 Thread 0x000001e06425e950 Uncommon trap: reason=unstable_if action=reinterpret pc=0x000001e0735c91b4 method=java.lang.String.isLatin1()Z @ 10 c2
Event: 1.007 Thread 0x000001e06425e950 DEOPT PACKING pc=0x000001e0735c91b4 sp=0x000000d58a2fc500
Event: 1.007 Thread 0x000001e06425e950 DEOPT UNPACKING pc=0x000001e0730723a3 sp=0x000000d58a2fc430 mode 2
Event: 1.136 Thread 0x000001e00239ba90 Uncommon trap: trap_request=0xffffff45 fr.pc=0x000001e0735e6cd4 relative=0x00000000000002b4
Event: 1.136 Thread 0x000001e00239ba90 Uncommon trap: reason=unstable_if action=reinterpret pc=0x000001e0735e6cd4 method=java.lang.String.startsWith(Ljava/lang/String;I)Z @ 14 c2
Event: 1.136 Thread 0x000001e00239ba90 DEOPT PACKING pc=0x000001e0735e6cd4 sp=0x000000d58acfeba0
Event: 1.136 Thread 0x000001e00239ba90 DEOPT UNPACKING pc=0x000001e0730723a3 sp=0x000000d58acfeb00 mode 2
Event: 1.247 Thread 0x000001e06425e950 Uncommon trap: trap_request=0xffffff45 fr.pc=0x000001e07361697c relative=0x00000000000002dc
Event: 1.247 Thread 0x000001e06425e950 Uncommon trap: reason=unstable_if action=reinterpret pc=0x000001e07361697c method=geometries.Sphere.findGeoIntersectionsHelper(Lprimitives/Ray;)Ljava/util/List; @ 90 c2
Event: 1.247 Thread 0x000001e06425e950 DEOPT PACKING pc=0x000001e07361697c sp=0x000000d58a2fc5f0
Event: 1.247 Thread 0x000001e06425e950 DEOPT UNPACKING pc=0x000001e0730723a3 sp=0x000000d58a2fc528 mode 2
Event: 1.247 Thread 0x000001e06425e950 Uncommon trap: trap_request=0xffffff45 fr.pc=0x000001e073618850 relative=0x0000000000000310
Event: 1.247 Thread 0x000001e06425e950 Uncommon trap: reason=unstable_if action=reinterpret pc=0x000001e073618850 method=geometries.Geometries.findGeoIntersectionsHelper(Lprimitives/Ray;)Ljava/util/List; @ 46 c2
Event: 1.247 Thread 0x000001e06425e950 DEOPT PACKING pc=0x000001e073618850 sp=0x000000d58a2fc630
Event: 1.247 Thread 0x000001e06425e950 DEOPT UNPACKING pc=0x000001e0730723a3 sp=0x000000d58a2fc5c8 mode 2

Classes unloaded (0 events):
No events

Classes redefined (0 events):
No events

Internal exceptions (20 events):
Event: 0.686 Thread 0x000001e06425e950 Exception <a 'java/lang/IncompatibleClassChangeError'{0x0000000089c61440}: Found class java.lang.Object, but interface was expected> (0x0000000089c61440) 
thrown [s\open\src\hotspot\share\interpreter\linkResolver.cpp, line 826]
Event: 0.704 Thread 0x000001e06425e950 Exception <a 'java/lang/NoSuchMethodError'{0x0000000089c9ff70}: 'void java.lang.invoke.DirectMethodHandle$Holder.invokeInterface(java.lang.Object, java.lang.Object, java.lang.Object)'> (0x0000000089c9ff70) 
thrown [s\open\src\hotspot\share\interpreter\linkResolver.cpp, line 759]
Event: 0.704 Thread 0x000001e06425e950 Exception <a 'java/lang/IncompatibleClassChangeError'{0x0000000089ca35d8}: Found class java.lang.Object, but interface was expected> (0x0000000089ca35d8) 
thrown [s\open\src\hotspot\share\interpreter\linkResolver.cpp, line 826]
Event: 0.711 Thread 0x000001e06425e950 Exception <a 'java/lang/NoSuchMethodError'{0x0000000089cbf188}: 'java.lang.Object java.lang.invoke.DirectMethodHandle$Holder.invokeStatic(java.lang.Object, java.lang.Object, int)'> (0x0000000089cbf188) 
thrown [s\open\src\hotspot\share\interpreter\linkResolver.cpp, line 759]
Event: 0.733 Thread 0x000001e06425e950 Exception <a 'java/lang/NoSuchMethodError'{0x0000000089b14788}: 'void java.lang.invoke.DirectMethodHandle$Holder.invokeSpecial(java.lang.Object, java.lang.Object, java.lang.Object, java.lang.Object, java.lang.Object)'> (0x0000000089b14788) 
thrown [s\open\src\hotspot\share\interpreter\linkResolver.cpp, line 759]
Event: 0.756 Thread 0x000001e06425e950 Exception <a 'java/lang/NoSuchMethodError'{0x0000000089b6fd08}: 'void java.lang.invoke.DirectMethodHandle$Holder.invokeInterface(java.lang.Object, java.lang.Object, java.lang.Object, java.lang.Object)'> (0x0000000089b6fd08) 
thrown [s\open\src\hotspot\share\interpreter\linkResolver.cpp, line 759]
Event: 0.757 Thread 0x000001e06425e950 Exception <a 'java/lang/IncompatibleClassChangeError'{0x0000000089b73630}: Found class java.lang.Object, but interface was expected> (0x0000000089b73630) 
thrown [s\open\src\hotspot\share\interpreter\linkResolver.cpp, line 826]
Event: 0.766 Thread 0x000001e06425e950 Exception <a 'java/lang/NoSuchMethodError'{0x0000000089b98fa0}: 'void java.lang.invoke.DirectMethodHandle$Holder.invokeStatic(java.lang.Object, java.lang.Object, java.lang.Object, java.lang.Object)'> (0x0000000089b98fa0) 
thrown [s\open\src\hotspot\share\interpreter\linkResolver.cpp, line 759]
Event: 0.774 Thread 0x000001e06425e950 Exception <a 'java/lang/NoSuchMethodError'{0x0000000089bba878}: 'java.lang.Object java.lang.invoke.DirectMethodHandle$Holder.newInvokeSpecial(java.lang.Object, java.lang.Object, int)'> (0x0000000089bba878) 
thrown [s\open\src\hotspot\share\interpreter\linkResolver.cpp, line 759]
Event: 0.803 Thread 0x000001e06425e950 Exception <a 'java/lang/NoSuchMethodError'{0x0000000089a2ea70}: 'java.lang.Object java.lang.invoke.Invokers$Holder.invokeExact_MT(java.lang.Object, java.lang.Object, java.lang.Object, java.lang.Object, java.lang.Object, java.lang.Object)'> (0x0000000089a2ea70) 
thrown [s\open\src\hotspot\share\interpreter\linkResolver.cpp, line 759]
Event: 0.807 Thread 0x000001e06425e950 Exception <a 'java/lang/NoSuchMethodError'{0x0000000089a3e7e0}: 'int java.lang.invoke.DirectMethodHandle$Holder.invokeStatic(java.lang.Object, java.lang.Object, java.lang.Object, java.lang.Object, java.lang.Object)'> (0x0000000089a3e7e0) 
thrown [s\open\src\hotspot\share\interpreter\linkResolver.cpp, line 759]
Event: 0.826 Thread 0x000001e06425e950 Exception <a 'java/lang/NoSuchMethodError'{0x0000000089a852b0}: 'void java.lang.invoke.DirectMethodHandle$Holder.invokeStaticInit(java.lang.Object)'> (0x0000000089a852b0) 
thrown [s\open\src\hotspot\share\interpreter\linkResolver.cpp, line 759]
Event: 0.880 Thread 0x000001e06425e950 Exception <a 'java/lang/NoSuchMethodError'{0x000000008997c9c0}: 'int java.lang.invoke.DirectMethodHandle$Holder.invokeStaticInit(java.lang.Object, java.lang.Object)'> (0x000000008997c9c0) 
thrown [s\open\src\hotspot\share\interpreter\linkResolver.cpp, line 759]
Event: 0.954 Thread 0x000001e06425e950 Exception <a 'java/lang/NoSuchMethodError'{0x000000008988add8}: 'java.lang.Object java.lang.invoke.DirectMethodHandle$Holder.newInvokeSpecial(java.lang.Object, java.lang.Object, java.lang.Object, java.lang.Object, java.lang.Object, java.lang.Object, java.lang.Object)'> (0x000000008988add8) 
thrown [s\open\src\hotspot\share\interpreter\linkResolver.cpp, line 759]
Event: 0.954 Thread 0x000001e06425e950 Exception <a 'java/lang/NoSuchMethodError'{0x000000008988f990}: 'java.lang.Object java.lang.invoke.Invokers$Holder.linkToTargetMethod(java.lang.Object, java.lang.Object, java.lang.Object, java.lang.Object, java.lang.Object, java.lang.Object, java.lang.Object)'> (0x000000008988f990) 
thrown [s\open\src\hotspot\share\interpreter\linkResolver.cpp, line 759]
Event: 0.959 Thread 0x000001e06425e950 Exception <a 'java/lang/NoSuchMethodError'{0x00000000898a0238}: 'java.lang.Object java.lang.invoke.DirectMethodHandle$Holder.invokeInterface(java.lang.Object, java.lang.Object, java.lang.Object, java.lang.Object, java.lang.Object)'> (0x00000000898a0238) 
thrown [s\open\src\hotspot\share\interpreter\linkResolver.cpp, line 759]
Event: 0.959 Thread 0x000001e06425e950 Exception <a 'java/lang/IncompatibleClassChangeError'{0x00000000898a4030}: Found class java.lang.Object, but interface was expected> (0x00000000898a4030) 
thrown [s\open\src\hotspot\share\interpreter\linkResolver.cpp, line 826]
Event: 1.051 Thread 0x000001e06425e950 Exception <a 'java/lang/ClassNotFoundException'{0x00000000897b83d0}: sun/awt/resources/spi/awtProvider> (0x00000000897b83d0) 
thrown [s\open\src\hotspot\share\classfile\systemDictionary.cpp, line 256]
Event: 1.075 Thread 0x000001e06425e950 Exception <a 'java/io/FileNotFoundException'{0x00000000897fe198}> (0x00000000897fe198) 
thrown [s\open\src\hotspot\share\prims\jni.cpp, line 516]
Event: 1.083 Thread 0x000001e06425e950 Exception <a 'java/io/FileNotFoundException'{0x000000008962b8c8}> (0x000000008962b8c8) 
thrown [s\open\src\hotspot\share\prims\jni.cpp, line 516]

VM Operations (18 events):
Event: 0.107 Executing VM operation: HandshakeAllThreads
Event: 0.107 Executing VM operation: HandshakeAllThreads done
Event: 0.179 Executing VM operation: HandshakeAllThreads
Event: 0.179 Executing VM operation: HandshakeAllThreads done
Event: 0.305 Executing VM operation: HandshakeAllThreads
Event: 0.305 Executing VM operation: HandshakeAllThreads done
Event: 0.968 Executing VM operation: HandshakeAllThreads
Event: 0.968 Executing VM operation: HandshakeAllThreads done
Event: 1.003 Executing VM operation: HandshakeAllThreads
Event: 1.003 Executing VM operation: HandshakeAllThreads done
Event: 1.118 Executing VM operation: HandshakeAllThreads
Event: 1.118 Executing VM operation: HandshakeAllThreads done
Event: 1.118 Executing VM operation: Cleanup
Event: 1.118 Executing VM operation: Cleanup done
Event: 1.142 Executing VM operation: G1CollectForAllocation
Event: 1.153 Executing VM operation: G1CollectForAllocation done
Event: 1.218 Executing VM operation: G1CollectForAllocation
Event: 1.225 Executing VM operation: G1CollectForAllocation done

Events (20 events):
Event: 1.126 loading class sun/util/locale/provider/TimeZoneNameProviderImpl done
Event: 1.126 loading class sun/util/cldr/CLDRTimeZoneNameProviderImpl done
Event: 1.131 loading class sun/util/locale/provider/BaseLocaleDataMetaInfo
Event: 1.132 loading class sun/util/locale/provider/BaseLocaleDataMetaInfo done
Event: 1.134 loading class sun/util/resources/cldr/TimeZoneNames
Event: 1.134 loading class sun/util/resources/TimeZoneNamesBundle
Event: 1.134 loading class sun/util/resources/OpenListResourceBundle
Event: 1.135 loading class sun/util/resources/OpenListResourceBundle done
Event: 1.135 loading class sun/util/resources/TimeZoneNamesBundle done
Event: 1.135 loading class sun/util/resources/cldr/TimeZoneNames done
Event: 1.135 loading class sun/util/resources/cldr/TimeZoneNames_en
Event: 1.136 loading class sun/util/resources/cldr/TimeZoneNames_en done
Event: 1.136 loading class sun/util/resources/cldr/TimeZoneNames_en_US
Event: 1.136 loading class sun/util/resources/cldr/TimeZoneNames_en_US done
Event: 1.139 loading class sun/util/resources/TimeZoneNames
Event: 1.141 loading class sun/util/resources/TimeZoneNames done
Event: 1.142 loading class sun/util/resources/TimeZoneNames_en
Event: 1.142 loading class sun/util/resources/TimeZoneNames_en done
Event: 1.167 Thread 0x000001e0038144a0 Thread added: 0x000001e0038144a0
Event: 1.253 Thread 0x000001e003929bc0 Thread added: 0x000001e003929bc0


Dynamic libraries:
0x00007ff61a1e0000 - 0x00007ff61a1f0000 	C:\Program Files\Java\jdk-17\bin\java.exe
0x00007ffb30990000 - 0x00007ffb30b88000 	C:\WINDOWS\SYSTEM32\ntdll.dll
0x00007ffb2ef40000 - 0x00007ffb2efff000 	C:\WINDOWS\System32\KERNEL32.DLL
0x00007ffb2e0a0000 - 0x00007ffb2e396000 	C:\WINDOWS\System32\KERNELBASE.dll
0x00007ffb2e3a0000 - 0x00007ffb2e4a0000 	C:\WINDOWS\System32\ucrtbase.dll
0x00007ffb29b70000 - 0x00007ffb29b88000 	C:\Program Files\Java\jdk-17\bin\jli.dll
0x00007ffb28e80000 - 0x00007ffb28e9b000 	C:\Program Files\Java\jdk-17\bin\VCRUNTIME140.dll
0x00007ffb2f6e0000 - 0x00007ffb2f78f000 	C:\WINDOWS\System32\ADVAPI32.dll
0x00007ffb2f800000 - 0x00007ffb2f89e000 	C:\WINDOWS\System32\msvcrt.dll
0x00007ffb307d0000 - 0x00007ffb3086c000 	C:\WINDOWS\System32\sechost.dll
0x00007ffb2ee00000 - 0x00007ffb2ef26000 	C:\WINDOWS\System32\RPCRT4.dll
0x00007ffb30170000 - 0x00007ffb3030d000 	C:\WINDOWS\System32\USER32.dll
0x00007ffb2e070000 - 0x00007ffb2e092000 	C:\WINDOWS\System32\win32u.dll
0x00007ffb306c0000 - 0x00007ffb306ec000 	C:\WINDOWS\System32\GDI32.dll
0x00007ffb1e430000 - 0x00007ffb1e6ca000 	C:\WINDOWS\WinSxS\amd64_microsoft.windows.common-controls_6595b64144ccf1df_6.0.19041.1110_none_60b5254171f9507e\COMCTL32.dll
0x00007ffb2e720000 - 0x00007ffb2e835000 	C:\WINDOWS\System32\gdi32full.dll
0x00007ffb2e610000 - 0x00007ffb2e6ad000 	C:\WINDOWS\System32\msvcp_win.dll
0x00007ffb24980000 - 0x00007ffb2498a000 	C:\WINDOWS\SYSTEM32\VERSION.dll
0x00007ffb30920000 - 0x00007ffb30950000 	C:\WINDOWS\System32\IMM32.DLL
0x00007ffb29b20000 - 0x00007ffb29b2c000 	C:\Program Files\Java\jdk-17\bin\vcruntime140_1.dll
0x00007ffb18c70000 - 0x00007ffb18cfe000 	C:\Program Files\Java\jdk-17\bin\msvcp140.dll
0x00007ffb13890000 - 0x00007ffb14467000 	C:\Program Files\Java\jdk-17\bin\server\jvm.dll
0x00007ffb306b0000 - 0x00007ffb306b8000 	C:\WINDOWS\System32\PSAPI.DLL
0x00007ffad8920000 - 0x00007ffad8929000 	C:\WINDOWS\SYSTEM32\WSOCK32.dll
0x00007ffb045b0000 - 0x00007ffb045d7000 	C:\WINDOWS\SYSTEM32\WINMM.dll
0x00007ffb2f790000 - 0x00007ffb2f7fb000 	C:\WINDOWS\System32\WS2_32.dll
0x00007ffb2c8b0000 - 0x00007ffb2c8c2000 	C:\WINDOWS\SYSTEM32\kernel.appcore.dll
0x00007ffb28ec0000 - 0x00007ffb28eca000 	C:\Program Files\Java\jdk-17\bin\jimage.dll
0x00007ffb2c690000 - 0x00007ffb2c874000 	C:\WINDOWS\SYSTEM32\DBGHELP.DLL
0x00007ffb1e3a0000 - 0x00007ffb1e3d4000 	C:\WINDOWS\SYSTEM32\dbgcore.DLL
0x00007ffb2e580000 - 0x00007ffb2e602000 	C:\WINDOWS\System32\bcryptPrimitives.dll
0x00007ffb28a80000 - 0x00007ffb28a8e000 	C:\Program Files\Java\jdk-17\bin\instrument.dll
0x00007ffb23e70000 - 0x00007ffb23e95000 	C:\Program Files\Java\jdk-17\bin\java.dll
0x00007ffb18b90000 - 0x00007ffb18c67000 	C:\Program Files\Java\jdk-17\bin\jsvml.dll
0x00007ffb2f9c0000 - 0x00007ffb30104000 	C:\WINDOWS\System32\SHELL32.dll
0x00007ffb2bef0000 - 0x00007ffb2c683000 	C:\WINDOWS\SYSTEM32\windows.storage.dll
0x00007ffb2e9f0000 - 0x00007ffb2ed44000 	C:\WINDOWS\System32\combase.dll
0x00007ffb2d9e0000 - 0x00007ffb2da0e000 	C:\WINDOWS\SYSTEM32\Wldp.dll
0x00007ffb2ed50000 - 0x00007ffb2edfd000 	C:\WINDOWS\System32\SHCORE.dll
0x00007ffb30310000 - 0x00007ffb30365000 	C:\WINDOWS\System32\shlwapi.dll
0x00007ffb2dfb0000 - 0x00007ffb2dfcf000 	C:\WINDOWS\SYSTEM32\profapi.dll
0x00007ffb23690000 - 0x00007ffb236a8000 	C:\Program Files\Java\jdk-17\bin\zip.dll
0x00007ffb28630000 - 0x00007ffb28649000 	C:\Program Files\Java\jdk-17\bin\net.dll
0x00007ffb25110000 - 0x00007ffb2521a000 	C:\WINDOWS\SYSTEM32\WINHTTP.dll
0x00007ffb2d740000 - 0x00007ffb2d7aa000 	C:\WINDOWS\system32\mswsock.dll
0x00007ffb23cb0000 - 0x00007ffb23cc6000 	C:\Program Files\Java\jdk-17\bin\nio.dll
0x00007ffb15a80000 - 0x00007ffb15a9a000 	C:\Program Files\JetBrains\IntelliJ IDEA Community Edition 2022.3.2\bin\breakgen64.dll
0x00007ffaec970000 - 0x00007ffaecb01000 	C:\Program Files\Java\jdk-17\bin\awt.dll
0x00007ffb2f610000 - 0x00007ffb2f6dd000 	C:\WINDOWS\System32\OLEAUT32.dll
0x00007ffb2b580000 - 0x00007ffb2b611000 	C:\WINDOWS\SYSTEM32\apphelp.dll

dbghelp: loaded successfully - version: 4.0.5 - missing functions: none
symbol engine: initialized successfully - sym options: 0x614 - pdb path: .;C:\Program Files\Java\jdk-17\bin;C:\WINDOWS\SYSTEM32;C:\WINDOWS\WinSxS\amd64_microsoft.windows.common-controls_6595b64144ccf1df_6.0.19041.1110_none_60b5254171f9507e;C:\Program Files\Java\jdk-17\bin\server;C:\Program Files\JetBrains\IntelliJ IDEA Community Edition 2022.3.2\bin

VM Arguments:
jvm_args: -ea -Didea.test.cyclic.buffer.size=1048576 -javaagent:C:\Program Files\JetBrains\IntelliJ IDEA Community Edition 2022.3.2\lib\idea_rt.jar=8917:C:\Program Files\JetBrains\IntelliJ IDEA Community Edition 2022.3.2\bin -Dfile.encoding=UTF-8 
java_command: com.intellij.rt.junit.JUnitStarter -ideVersion5 -junit5 renderer.ReflectionRefractionTests,fourObjects
java_class_path (initial): C:\Users\admin\.m2\repository\org\junit\platform\junit-platform-launcher\1.9.2\junit-platform-launcher-1.9.2.jar;C:\Program Files\JetBrains\IntelliJ IDEA Community Edition 2022.3.2\lib\idea_rt.jar;C:\Program Files\JetBrains\IntelliJ IDEA Community Edition 2022.3.2\plugins\junit\lib\junit5-rt.jar;C:\Program Files\JetBrains\IntelliJ IDEA Community Edition 2022.3.2\plugins\junit\lib\junit-rt.jar;C:\Google drive\Programs\ISE5783_5876\out\test\ISE5783_5876_5801;C:\Google drive\Programs\ISE5783_5876\out\production\ISE5783_5876_5801;C:\Users\admin\.m2\repository\org\junit\jupiter\junit-jupiter\5.9.2\junit-jupiter-5.9.2.jar;C:\Users\admin\.m2\repository\org\junit\jupiter\junit-jupiter-api\5.9.2\junit-jupiter-api-5.9.2.jar;C:\Users\admin\.m2\repository\org\opentest4j\opentest4j\1.2.0\opentest4j-1.2.0.jar;C:\Users\admin\.m2\repository\org\junit\platform\junit-platform-commons\1.9.2\junit-platform-commons-1.9.2.jar;C:\Users\admin\.m2\repository\org\apiguardian\apiguardian-api\1.1.2\apiguardian-api-1.1.2.jar;C:\Users\admin\.m2\repository\org\junit\jupiter\junit-jupiter-params\5.9.2\junit-jupiter-params-5.9.2.jar;C:\Users\admin\.m2\repository\org\junit\jupiter\junit-jupiter-engine\5.9.2\junit-jupiter-engine-5.9.2.jar;C:\Users\admin\.m2\repository\org\junit\platform\junit-platform-engine\1.9.2\junit-platform-engine-1.9.2.jar
Launcher Type: SUN_STANDARD

[Global flags]
     intx CICompilerCount                          = 4                                         {product} {ergonomic}
     uint ConcGCThreads                            = 2                                         {product} {ergonomic}
     uint G1ConcRefinementThreads                  = 8                                         {product} {ergonomic}
   size_t G1HeapRegionSize                         = 1048576                                   {product} {ergonomic}
    uintx GCDrainStackTargetSize                   = 64                                        {product} {ergonomic}
   size_t InitialHeapSize                          = 132120576                                 {product} {ergonomic}
   size_t MarkStackSize                            = 4194304                                   {product} {ergonomic}
   size_t MaxHeapSize                              = 2105540608                                {product} {ergonomic}
   size_t MaxNewSize                               = 1262485504                                {product} {ergonomic}
   size_t MinHeapDeltaBytes                        = 1048576                                   {product} {ergonomic}
   size_t MinHeapSize                              = 8388608                                   {product} {ergonomic}
    uintx NonNMethodCodeHeapSize                   = 5839372                                {pd product} {ergonomic}
    uintx NonProfiledCodeHeapSize                  = 122909434                              {pd product} {ergonomic}
    uintx ProfiledCodeHeapSize                     = 122909434                              {pd product} {ergonomic}
    uintx ReservedCodeCacheSize                    = 251658240                              {pd product} {ergonomic}
     bool SegmentedCodeCache                       = true                                      {product} {ergonomic}
   size_t SoftMaxHeapSize                          = 2105540608                             {manageable} {ergonomic}
     bool UseCompressedClassPointers               = true                           {product lp64_product} {ergonomic}
     bool UseCompressedOops                        = true                           {product lp64_product} {ergonomic}
     bool UseG1GC                                  = true                                      {product} {ergonomic}
     bool UseLargePagesIndividualAllocation        = false                                  {pd product} {ergonomic}

Logging:
Log output configuration:
 #0: stdout all=warning uptime,level,tags
 #1: stderr all=off uptime,level,tags

Environment Variables:
JAVA_HOME=C:\Program Files\Java\jdk-17
PATH=C:\Program Files\Common Files\Oracle\Java\javapath;C:\Program Files (x86)\Common Files\Oracle\Java\javapath;C:\WINDOWS\system32;C:\WINDOWS;C:\WINDOWS\System32\Wbem;C:\WINDOWS\System32\WindowsPowerShell\v1.0\;C:\WINDOWS\System32\OpenSSH\;C:\Program Files\dotnet\;C:\Program Files (x86)\PuTTY\;C:\Program Files\PuTTY\;C:\Program Files\Git\cmd;C:\Users\admin\AppData\Local\Programs\Python\Python39\Scripts\;C:\Users\admin\AppData\Local\Programs\Python\Python39\;C:\Users\admin\AppData\Local\Microsoft\WindowsApps;C:\Users\admin\.dotnet\tools;C:\Users\admin\AppData\Local\Programs\Microsoft VS Code\bin;C:\Program Files\Java\jdk-17\bin;
USERNAME=admin
OS=Windows_NT
PROCESSOR_IDENTIFIER=Intel64 Family 6 Model 142 Stepping 12, GenuineIntel



---------------  S Y S T E M  ---------------

OS:
 Windows 10 , 64 bit Build 19041 (10.0.19041.3031)
OS uptime: 0 days 3:56 hours

CPU: total 8 (initial active 8) (4 cores per cpu, 2 threads per core) family 6 model 142 stepping 12 microcode 0xca, cx8, cmov, fxsr, ht, mmx, 3dnowpref, sse, sse2, sse3, ssse3, sse4.1, sse4.2, popcnt, lzcnt, tsc, tscinvbit, avx, avx2, aes, erms, clmul, bmi1, bmi2, adx, fma, vzeroupper, clflush, clflushopt

Memory: 4k page, system-wide physical 8027M (952M free)
TotalPageFile size 21339M (AvailPageFile size 10505M)
current process WorkingSet (physical memory assigned to process): 141M, peak: 141M
current process commit charge ("private bytes"): 236M, peak: 236M

vm_info: Java HotSpot(TM) 64-Bit Server VM (17.0.6+9-LTS-190) for windows-amd64 JRE (17.0.6+9-LTS-190), built on Dec  6 2022 15:53:54 by "mach5one" with MS VC++ 17.1 (VS2022)

END.
