#
# A fatal error has been detected by the Java Runtime Environment:
#
#  EXCEPTION_ACCESS_VIOLATION (0xc0000005) at pc=0x00007ffb13e0d422, pid=15636, tid=18388
#
# JRE version: Java(TM) SE Runtime Environment (17.0.6+9) (build 17.0.6+9-LTS-190)
# Java VM: Java HotSpot(TM) 64-Bit Server VM (17.0.6+9-LTS-190, mixed mode, sharing, tiered, compressed oops, compressed class ptrs, g1 gc, windows-amd64)
# Problematic frame:
# V  [jvm.dll+0x57d422]
#
# No core dump will be written. Minidumps are not enabled by default on client versions of Windows
#
# If you would like to submit a bug report, please visit:
#   https://bugreport.java.com/bugreport/crash.jsp
#

---------------  S U M M A R Y ------------

Command Line: -ea -Didea.test.cyclic.buffer.size=1048576 -javaagent:C:\Program Files\JetBrains\IntelliJ IDEA Community Edition 2022.3.2\lib\idea_rt.jar=8831:C:\Program Files\JetBrains\IntelliJ IDEA Community Edition 2022.3.2\bin -Dfile.encoding=UTF-8 com.intellij.rt.junit.JUnitStarter -ideVersion5 -junit5 renderer.ReflectionRefractionTests,fourObjects

Host: Intel(R) Core(TM) i5-10210U CPU @ 1.60GHz, 8 cores, 7G,  Windows 10 , 64 bit Build 19041 (10.0.19041.3031)
Time: Sun Jun 25 23:53:47 2023 Jerusalem Daylight Time elapsed time: 0.972853 seconds (0d 0h 0m 0s)

---------------  T H R E A D  ---------------

Current thread (0x0000013ab126fef0):  JavaThread "C2 CompilerThread0" daemon [_thread_in_native, id=18388, stack(0x0000001e15800000,0x0000001e15900000)]


Current CompileTask:
C2:    972 1137       4       geometries.Triangle::findGeoIntersectionsHelper (348 bytes)

Stack: [0x0000001e15800000,0x0000001e15900000],  sp=0x0000001e158fa960,  free space=1002k
Native frames: (J=compiled Java code, j=interpreted, Vv=VM code, C=native code)
V  [jvm.dll+0x57d422]
V  [jvm.dll+0x57d134]
V  [jvm.dll+0x57c388]
V  [jvm.dll+0x21e142]
V  [jvm.dll+0x2177c5]
V  [jvm.dll+0x215109]
V  [jvm.dll+0x1a1730]
V  [jvm.dll+0x224b6e]
V  [jvm.dll+0x222f15]
V  [jvm.dll+0x78753c]
V  [jvm.dll+0x781a7a]
V  [jvm.dll+0x672375]
C  [ucrtbase.dll+0x21bb2]
C  [KERNEL32.DLL+0x17614]
C  [ntdll.dll+0x526f1]


siginfo: EXCEPTION_ACCESS_VIOLATION (0xc0000005), reading address 0x0000000000000008


Register to memory mapping:

RIP=0x00007ffb13e0d422 jvm.dll
RAX=0x0000013ab2a08060 points into unknown readable memory: 0x0000000000000000 | 00 00 00 00 00 00 00 00
RBX=0x0 is NULL
RCX=0x0 is NULL
RDX=0x0000001e158fadc0 is pointing into the stack for thread: 0x0000013ab126fef0
RSP=0x0000001e158fa960 is pointing into the stack for thread: 0x0000013ab126fef0
RBP=0x0000013ab2147ee0 points into unknown readable memory: 0x00007ffb14145100 | 00 51 14 14 fb 7f 00 00
RSI=0x0000013ab256ce30 points into unknown readable memory: 0x0000000000000000 | 00 00 00 00 00 00 00 00
RDI=0x0000001e158fad90 is pointing into the stack for thread: 0x0000013ab126fef0
R8 =0x0000013ab2a08060 points into unknown readable memory: 0x0000000000000000 | 00 00 00 00 00 00 00 00
R9 =0x0000000000002000 is an unknown value
R10=0x00007ffb29b70000 VCRUNTIME140.dll
R11=0x00007ffb29b71b41 VCRUNTIME140.dll
R12=0x0000001e158faa58 is pointing into the stack for thread: 0x0000013ab126fef0
R13=0x0000001e158faa30 is pointing into the stack for thread: 0x0000013ab126fef0
R14=0x0000013ab2148cf8 points into unknown readable memory: 0x00007ffb141c50b0 | b0 50 1c 14 fb 7f 00 00
R15=0x0000013ab2243a50 points into unknown readable memory: 0x00007ffb140df640 | 40 f6 0d 14 fb 7f 00 00


Registers:
RAX=0x0000013ab2a08060, RBX=0x0000000000000000, RCX=0x0000000000000000, RDX=0x0000001e158fadc0
RSP=0x0000001e158fa960, RBP=0x0000013ab2147ee0, RSI=0x0000013ab256ce30, RDI=0x0000001e158fad90
R8 =0x0000013ab2a08060, R9 =0x0000000000002000, R10=0x00007ffb29b70000, R11=0x00007ffb29b71b41
R12=0x0000001e158faa58, R13=0x0000001e158faa30, R14=0x0000013ab2148cf8, R15=0x0000013ab2243a50
RIP=0x00007ffb13e0d422, EFLAGS=0x0000000000010206

Top of Stack: (sp=0x0000001e158fa960)
0x0000001e158fa960:   0000001e158fad90 0000013ab2148cf8
0x0000001e158fa970:   0000013ab2243a50 0000013ab2147ee0
0x0000001e158fa980:   0000000000000006 0000001e158faa78
0x0000001e158fa990:   0000013ab208e440 00007ffb13e0d134
0x0000001e158fa9a0:   0000000000000011 000000000000007f
0x0000001e158fa9b0:   0000001e158faa58 0000013ab2148cf8
0x0000001e158fa9c0:   0000013a9328e2f0 0000013a9328e2a0
0x0000001e158fa9d0:   0000013ab1c6da78 0000001e158fab00
0x0000001e158fa9e0:   0000013a9320cd80 0000000000000000
0x0000001e158fa9f0:   0000001e158fad90 00007ffb13e0c388
0x0000001e158faa00:   0000001e158fad90 0000000000000001
0x0000001e158faa10:   0000013a00000006 0000001e158faa78
0x0000001e158faa20:   0000013a91130000 0000013ab2521d60
0x0000001e158faa30:   0000013ab1267910 0000000000000400
0x0000001e158faa40:   0000013ab1efc850 0000000000000250
0x0000001e158faa50:   0000000000000000 0000013a00000100 

Instructions: (pc=0x00007ffb13e0d422)
0x00007ffb13e0d322:   4a 0d 00 48 8b 47 30 48 c7 04 d8 00 00 00 00 48
0x00007ffb13e0d332:   83 c4 20 41 5e 5f 5b c3 49 8b d6 4c 89 7c 24 58
0x00007ffb13e0d342:   48 8b cf e8 26 c8 fe ff 45 33 c9 4c 8b c0 49 8b
0x00007ffb13e0d352:   d6 48 8b cf 4c 8b f8 e8 62 13 00 00 41 8b 4e 2c
0x00007ffb13e0d362:   48 8b d8 83 e1 3f 80 f9 30 75 19 49 3b c7 74 14
0x00007ffb13e0d372:   4c 8b c8 4d 8b c7 49 8b d6 48 8b cf e8 dd 3b 00
0x00007ffb13e0d382:   00 48 8b d8 48 89 74 24 48 48 85 db 75 55 41 8b
0x00007ffb13e0d392:   5e 28 3b 5f 28 72 0b 8b d3 48 8d 4f 20 e8 3c 4a
0x00007ffb13e0d3a2:   0d 00 48 8b 47 30 48 c7 04 d8 00 00 00 00 8b 9f
0x00007ffb13e0d3b2:   d0 09 00 00 8d 43 01 89 87 d0 09 00 00 3b 9f c0
0x00007ffb13e0d3c2:   09 00 00 72 0e 8b d3 48 8d 8f b8 09 00 00 e8 0b
0x00007ffb13e0d3d2:   4a 0d 00 48 8b 87 c8 09 00 00 4c 89 34 d8 e9 30
0x00007ffb13e0d3e2:   03 00 00 48 89 6c 24 40 48 8b eb 4c 3b fb 0f 84
0x00007ffb13e0d3f2:   75 02 00 00 44 8b 4f 28 48 8d 57 30 4c 89 64 24
0x00007ffb13e0d402:   50 0f 1f 40 00 66 0f 1f 84 00 00 00 00 00 8b 4b
0x00007ffb13e0d412:   28 48 8b 87 f8 09 00 00 48 8b 1c c8 4c 8d 04 c8
0x00007ffb13e0d422:   48 8b 43 08 48 83 38 00 75 2b 0f 1f 40 00 8b 43
0x00007ffb13e0d432:   28 41 3b c1 73 0b 8b c8 48 8b 02 48 8b 1c c8 eb
0x00007ffb13e0d442:   02 33 db 48 83 e3 fe 48 8d 57 30 48 8b 43 08 48
0x00007ffb13e0d452:   83 38 00 74 d9 49 89 18 8b 43 28 3b 47 28 73 0f
0x00007ffb13e0d462:   8b c8 48 8b 47 30 48 8b 34 c8 48 85 f6 75 07 48
0x00007ffb13e0d472:   8b b7 90 09 00 00 48 85 ed 75 24 4c 8d 0d 2c e1
0x00007ffb13e0d482:   36 00 ba b0 03 00 00 4c 8d 05 30 e1 36 00 48 8d
0x00007ffb13e0d492:   0d a9 ee 35 00 e8 14 5e cc ff e8 bf 5b 0f 00 8b
0x00007ffb13e0d4a2:   45 28 44 8b 4f 28 41 3b c1 73 13 8b c8 48 8d 57
0x00007ffb13e0d4b2:   30 48 8b 47 30 4c 8b 04 c8 4d 85 c0 75 0b 4c 8b
0x00007ffb13e0d4c2:   87 90 09 00 00 48 8d 57 30 41 0f b7 40 58 48 8b
0x00007ffb13e0d4d2:   cb 66 39 46 58 48 0f 43 cd 48 8b e9 4c 3b fb 0f
0x00007ffb13e0d4e2:   85 29 ff ff ff 49 3b cf 0f 84 76 01 00 00 8b 41
0x00007ffb13e0d4f2:   2c 48 8b f1 24 0f 3c 08 75 68 0f 1f 40 00 33 d2
0x00007ffb13e0d502:   48 8b ce e8 46 4b 0c 00 48 85 c0 74 55 48 8b c8
0x00007ffb13e0d512:   e8 59 d3 c2 ff 85 c0 79 49 f7 d0 c1 f8 03 83 e0 


Stack slot to memory mapping:
stack at sp + 0 slots: 0x0000001e158fad90 is pointing into the stack for thread: 0x0000013ab126fef0
stack at sp + 1 slots: 0x0000013ab2148cf8 points into unknown readable memory: 0x00007ffb141c50b0 | b0 50 1c 14 fb 7f 00 00
stack at sp + 2 slots: 0x0000013ab2243a50 points into unknown readable memory: 0x00007ffb140df640 | 40 f6 0d 14 fb 7f 00 00
stack at sp + 3 slots: 0x0000013ab2147ee0 points into unknown readable memory: 0x00007ffb14145100 | 00 51 14 14 fb 7f 00 00
stack at sp + 4 slots: 0x0000000000000006 is an unknown value
stack at sp + 5 slots: 0x0000001e158faa78 is pointing into the stack for thread: 0x0000013ab126fef0
stack at sp + 6 slots: 0x0000013ab208e440 points into unknown readable memory: 0x00007ffb1415d1c8 | c8 d1 15 14 fb 7f 00 00
stack at sp + 7 slots: 0x00007ffb13e0d134 jvm.dll


---------------  P R O C E S S  ---------------

Threads class SMR info:
_java_thread_list=0x0000013ab235e580, length=15, elements={
0x0000013a93220070, 0x0000013ab1252be0, 0x0000013ab1253a50, 0x0000013ab1267df0,
0x0000013ab12689a0, 0x0000013ab126b360, 0x0000013ab126bd10, 0x0000013ab126fef0,
0x0000013ab129a9c0, 0x0000013ab129b3b0, 0x0000013ab123e0a0, 0x0000013ab1d3b7b0,
0x0000013ab1db2700, 0x0000013ab2375de0, 0x0000013ab226cad0
}

Java Threads: ( => current thread )
  0x0000013a93220070 JavaThread "main" [_thread_in_Java, id=15628, stack(0x0000001e14b00000,0x0000001e14c00000)]
  0x0000013ab1252be0 JavaThread "Reference Handler" daemon [_thread_blocked, id=19324, stack(0x0000001e15200000,0x0000001e15300000)]
  0x0000013ab1253a50 JavaThread "Finalizer" daemon [_thread_blocked, id=13204, stack(0x0000001e15300000,0x0000001e15400000)]
  0x0000013ab1267df0 JavaThread "Signal Dispatcher" daemon [_thread_blocked, id=3168, stack(0x0000001e15400000,0x0000001e15500000)]
  0x0000013ab12689a0 JavaThread "Attach Listener" daemon [_thread_blocked, id=9108, stack(0x0000001e15500000,0x0000001e15600000)]
  0x0000013ab126b360 JavaThread "Service Thread" daemon [_thread_blocked, id=19156, stack(0x0000001e15600000,0x0000001e15700000)]
  0x0000013ab126bd10 JavaThread "Monitor Deflation Thread" daemon [_thread_blocked, id=544, stack(0x0000001e15700000,0x0000001e15800000)]
=>0x0000013ab126fef0 JavaThread "C2 CompilerThread0" daemon [_thread_in_native, id=18388, stack(0x0000001e15800000,0x0000001e15900000)]
  0x0000013ab129a9c0 JavaThread "C1 CompilerThread0" daemon [_thread_blocked, id=16992, stack(0x0000001e15900000,0x0000001e15a00000)]
  0x0000013ab129b3b0 JavaThread "Sweeper thread" daemon [_thread_blocked, id=5364, stack(0x0000001e15a00000,0x0000001e15b00000)]
  0x0000013ab123e0a0 JavaThread "Common-Cleaner" daemon [_thread_blocked, id=9552, stack(0x0000001e15b00000,0x0000001e15c00000)]
  0x0000013ab1d3b7b0 JavaThread "Monitor Ctrl-Break" daemon [_thread_in_native, id=18040, stack(0x0000001e15c00000,0x0000001e15d00000)]
  0x0000013ab1db2700 JavaThread "Notification Thread" daemon [_thread_blocked, id=11016, stack(0x0000001e15d00000,0x0000001e15e00000)]
  0x0000013ab2375de0 JavaThread "C2 CompilerThread1" daemon [_thread_in_vm, id=7976, stack(0x0000001e15f00000,0x0000001e16000000)]
  0x0000013ab226cad0 JavaThread "C2 CompilerThread2" daemon [_thread_in_native, id=7032, stack(0x0000001e16400000,0x0000001e16500000)]

Other Threads:
  0x0000013ab124ebb0 VMThread "VM Thread" [stack: 0x0000001e15100000,0x0000001e15200000] [id=3028]
  0x0000013a932951b0 WatcherThread [stack: 0x0000001e15e00000,0x0000001e15f00000] [id=14740]
  0x0000013a93278850 GCTaskThread "GC Thread#0" [stack: 0x0000001e14c00000,0x0000001e14d00000] [id=16708]
  0x0000013ab238fbc0 GCTaskThread "GC Thread#1" [stack: 0x0000001e16000000,0x0000001e16100000] [id=16368]
  0x0000013ab238fe70 GCTaskThread "GC Thread#2" [stack: 0x0000001e16100000,0x0000001e16200000] [id=15300]
  0x0000013ab23cb400 GCTaskThread "GC Thread#3" [stack: 0x0000001e16200000,0x0000001e16300000] [id=1680]
  0x0000013ab23cb6b0 GCTaskThread "GC Thread#4" [stack: 0x0000001e16300000,0x0000001e16400000] [id=5984]
  0x0000013a93289290 ConcurrentGCThread "G1 Main Marker" [stack: 0x0000001e14d00000,0x0000001e14e00000] [id=11040]
  0x0000013a9328a440 ConcurrentGCThread "G1 Conc#0" [stack: 0x0000001e14e00000,0x0000001e14f00000] [id=11100]
  0x0000013ab11100a0 ConcurrentGCThread "G1 Refine#0" [stack: 0x0000001e14f00000,0x0000001e15000000] [id=14404]
  0x0000013ab11108d0 ConcurrentGCThread "G1 Service" [stack: 0x0000001e15000000,0x0000001e15100000] [id=772]

Threads with active compile tasks:
C2 CompilerThread0     1021 1137       4       geometries.Triangle::findGeoIntersectionsHelper (348 bytes)
C2 CompilerThread1     1021 1215       4       renderer.Camera::castRay (30 bytes)
C2 CompilerThread2     1021 1192       4       renderer.RayTracerBasic::calcColor (44 bytes)

VM state: not at safepoint (normal execution)

VM Mutex/Monitor currently owned by a thread: None

Heap address: 0x0000000082800000, size: 2008 MB, Compressed Oops mode: 32-bit

CDS archive(s) mapped at: [0x0000000800000000-0x0000000800bd0000-0x0000000800bd0000), size 12386304, SharedBaseAddress: 0x0000000800000000, ArchiveRelocationMode: 0.
Compressed class space mapped at: 0x0000000800c00000-0x0000000840c00000, reserved size: 1073741824
Narrow klass base: 0x0000000800000000, Narrow klass shift: 0, Narrow klass range: 0x100000000

GC Precious Log:
 CPUs: 8 total, 8 available
 Memory: 8027M
 Large Page Support: Disabled
 NUMA Support: Disabled
 Compressed Oops: Enabled (32-bit)
 Heap Region Size: 1M
 Heap Min Capacity: 8M
 Heap Initial Capacity: 126M
 Heap Max Capacity: 2008M
 Pre-touch: Disabled
 Parallel Workers: 8
 Concurrent Workers: 2
 Concurrent Refinement Workers: 8
 Periodic GC: Disabled

Heap:
 garbage-first heap   total 129024K, used 45306K [0x0000000082800000, 0x0000000100000000)
  region size 1024K, 46 young (47104K), 3 survivors (3072K)
 Metaspace       used 5041K, committed 5248K, reserved 1056768K
  class space    used 647K, committed 768K, reserved 1048576K

Heap Regions: E=young(eden), S=young(survivor), O=old, HS=humongous(starts), HC=humongous(continues), CS=collection set, F=free, OA=open archive, CA=closed archive, TAMS=top-at-mark-start (previous, next)
|   0|0x0000000082800000, 0x0000000082800000, 0x0000000082900000|  0%| F|  |TAMS 0x0000000082800000, 0x0000000082800000| Untracked 
|   1|0x0000000082900000, 0x0000000082900000, 0x0000000082a00000|  0%| F|  |TAMS 0x0000000082900000, 0x0000000082900000| Untracked 
|   2|0x0000000082a00000, 0x0000000082a00000, 0x0000000082b00000|  0%| F|  |TAMS 0x0000000082a00000, 0x0000000082a00000| Untracked 
|   3|0x0000000082b00000, 0x0000000082b00000, 0x0000000082c00000|  0%| F|  |TAMS 0x0000000082b00000, 0x0000000082b00000| Untracked 
|   4|0x0000000082c00000, 0x0000000082c00000, 0x0000000082d00000|  0%| F|  |TAMS 0x0000000082c00000, 0x0000000082c00000| Untracked 
|   5|0x0000000082d00000, 0x0000000082d00000, 0x0000000082e00000|  0%| F|  |TAMS 0x0000000082d00000, 0x0000000082d00000| Untracked 
|   6|0x0000000082e00000, 0x0000000082e00000, 0x0000000082f00000|  0%| F|  |TAMS 0x0000000082e00000, 0x0000000082e00000| Untracked 
|   7|0x0000000082f00000, 0x0000000082f00000, 0x0000000083000000|  0%| F|  |TAMS 0x0000000082f00000, 0x0000000082f00000| Untracked 
|   8|0x0000000083000000, 0x0000000083000000, 0x0000000083100000|  0%| F|  |TAMS 0x0000000083000000, 0x0000000083000000| Untracked 
|   9|0x0000000083100000, 0x0000000083100000, 0x0000000083200000|  0%| F|  |TAMS 0x0000000083100000, 0x0000000083100000| Untracked 
|  10|0x0000000083200000, 0x0000000083200000, 0x0000000083300000|  0%| F|  |TAMS 0x0000000083200000, 0x0000000083200000| Untracked 
|  11|0x0000000083300000, 0x0000000083300000, 0x0000000083400000|  0%| F|  |TAMS 0x0000000083300000, 0x0000000083300000| Untracked 
|  12|0x0000000083400000, 0x0000000083400000, 0x0000000083500000|  0%| F|  |TAMS 0x0000000083400000, 0x0000000083400000| Untracked 
|  13|0x0000000083500000, 0x0000000083500000, 0x0000000083600000|  0%| F|  |TAMS 0x0000000083500000, 0x0000000083500000| Untracked 
|  14|0x0000000083600000, 0x0000000083600000, 0x0000000083700000|  0%| F|  |TAMS 0x0000000083600000, 0x0000000083600000| Untracked 
|  15|0x0000000083700000, 0x0000000083700000, 0x0000000083800000|  0%| F|  |TAMS 0x0000000083700000, 0x0000000083700000| Untracked 
|  16|0x0000000083800000, 0x0000000083800000, 0x0000000083900000|  0%| F|  |TAMS 0x0000000083800000, 0x0000000083800000| Untracked 
|  17|0x0000000083900000, 0x0000000083900000, 0x0000000083a00000|  0%| F|  |TAMS 0x0000000083900000, 0x0000000083900000| Untracked 
|  18|0x0000000083a00000, 0x0000000083a00000, 0x0000000083b00000|  0%| F|  |TAMS 0x0000000083a00000, 0x0000000083a00000| Untracked 
|  19|0x0000000083b00000, 0x0000000083b00000, 0x0000000083c00000|  0%| F|  |TAMS 0x0000000083b00000, 0x0000000083b00000| Untracked 
|  20|0x0000000083c00000, 0x0000000083c00000, 0x0000000083d00000|  0%| F|  |TAMS 0x0000000083c00000, 0x0000000083c00000| Untracked 
|  21|0x0000000083d00000, 0x0000000083d00000, 0x0000000083e00000|  0%| F|  |TAMS 0x0000000083d00000, 0x0000000083d00000| Untracked 
|  22|0x0000000083e00000, 0x0000000083e00000, 0x0000000083f00000|  0%| F|  |TAMS 0x0000000083e00000, 0x0000000083e00000| Untracked 
|  23|0x0000000083f00000, 0x0000000083f00000, 0x0000000084000000|  0%| F|  |TAMS 0x0000000083f00000, 0x0000000083f00000| Untracked 
|  24|0x0000000084000000, 0x0000000084000000, 0x0000000084100000|  0%| F|  |TAMS 0x0000000084000000, 0x0000000084000000| Untracked 
|  25|0x0000000084100000, 0x0000000084100000, 0x0000000084200000|  0%| F|  |TAMS 0x0000000084100000, 0x0000000084100000| Untracked 
|  26|0x0000000084200000, 0x0000000084200000, 0x0000000084300000|  0%| F|  |TAMS 0x0000000084200000, 0x0000000084200000| Untracked 
|  27|0x0000000084300000, 0x0000000084300000, 0x0000000084400000|  0%| F|  |TAMS 0x0000000084300000, 0x0000000084300000| Untracked 
|  28|0x0000000084400000, 0x0000000084400000, 0x0000000084500000|  0%| F|  |TAMS 0x0000000084400000, 0x0000000084400000| Untracked 
|  29|0x0000000084500000, 0x0000000084500000, 0x0000000084600000|  0%| F|  |TAMS 0x0000000084500000, 0x0000000084500000| Untracked 
|  30|0x0000000084600000, 0x0000000084600000, 0x0000000084700000|  0%| F|  |TAMS 0x0000000084600000, 0x0000000084600000| Untracked 
|  31|0x0000000084700000, 0x0000000084700000, 0x0000000084800000|  0%| F|  |TAMS 0x0000000084700000, 0x0000000084700000| Untracked 
|  32|0x0000000084800000, 0x0000000084800000, 0x0000000084900000|  0%| F|  |TAMS 0x0000000084800000, 0x0000000084800000| Untracked 
|  33|0x0000000084900000, 0x0000000084900000, 0x0000000084a00000|  0%| F|  |TAMS 0x0000000084900000, 0x0000000084900000| Untracked 
|  34|0x0000000084a00000, 0x0000000084a00000, 0x0000000084b00000|  0%| F|  |TAMS 0x0000000084a00000, 0x0000000084a00000| Untracked 
|  35|0x0000000084b00000, 0x0000000084b00000, 0x0000000084c00000|  0%| F|  |TAMS 0x0000000084b00000, 0x0000000084b00000| Untracked 
|  36|0x0000000084c00000, 0x0000000084c00000, 0x0000000084d00000|  0%| F|  |TAMS 0x0000000084c00000, 0x0000000084c00000| Untracked 
|  37|0x0000000084d00000, 0x0000000084d00000, 0x0000000084e00000|  0%| F|  |TAMS 0x0000000084d00000, 0x0000000084d00000| Untracked 
|  38|0x0000000084e00000, 0x0000000084e00000, 0x0000000084f00000|  0%| F|  |TAMS 0x0000000084e00000, 0x0000000084e00000| Untracked 
|  39|0x0000000084f00000, 0x0000000084f00000, 0x0000000085000000|  0%| F|  |TAMS 0x0000000084f00000, 0x0000000084f00000| Untracked 
|  40|0x0000000085000000, 0x0000000085000000, 0x0000000085100000|  0%| F|  |TAMS 0x0000000085000000, 0x0000000085000000| Untracked 
|  41|0x0000000085100000, 0x0000000085100000, 0x0000000085200000|  0%| F|  |TAMS 0x0000000085100000, 0x0000000085100000| Untracked 
|  42|0x0000000085200000, 0x0000000085200000, 0x0000000085300000|  0%| F|  |TAMS 0x0000000085200000, 0x0000000085200000| Untracked 
|  43|0x0000000085300000, 0x0000000085300000, 0x0000000085400000|  0%| F|  |TAMS 0x0000000085300000, 0x0000000085300000| Untracked 
|  44|0x0000000085400000, 0x0000000085400000, 0x0000000085500000|  0%| F|  |TAMS 0x0000000085400000, 0x0000000085400000| Untracked 
|  45|0x0000000085500000, 0x0000000085500000, 0x0000000085600000|  0%| F|  |TAMS 0x0000000085500000, 0x0000000085500000| Untracked 
|  46|0x0000000085600000, 0x0000000085600000, 0x0000000085700000|  0%| F|  |TAMS 0x0000000085600000, 0x0000000085600000| Untracked 
|  47|0x0000000085700000, 0x0000000085700000, 0x0000000085800000|  0%| F|  |TAMS 0x0000000085700000, 0x0000000085700000| Untracked 
|  48|0x0000000085800000, 0x000000008583e900, 0x0000000085900000| 24%| S|CS|TAMS 0x0000000085800000, 0x0000000085800000| Complete 
|  49|0x0000000085900000, 0x0000000085a00000, 0x0000000085a00000|100%| S|CS|TAMS 0x0000000085900000, 0x0000000085900000| Complete 
|  50|0x0000000085a00000, 0x0000000085b00000, 0x0000000085b00000|100%| S|CS|TAMS 0x0000000085a00000, 0x0000000085a00000| Complete 
|  51|0x0000000085b00000, 0x0000000085b00000, 0x0000000085c00000|  0%| F|  |TAMS 0x0000000085b00000, 0x0000000085b00000| Untracked 
|  52|0x0000000085c00000, 0x0000000085c00000, 0x0000000085d00000|  0%| F|  |TAMS 0x0000000085c00000, 0x0000000085c00000| Untracked 
|  53|0x0000000085d00000, 0x0000000085d00000, 0x0000000085e00000|  0%| F|  |TAMS 0x0000000085d00000, 0x0000000085d00000| Untracked 
|  54|0x0000000085e00000, 0x0000000085e00000, 0x0000000085f00000|  0%| F|  |TAMS 0x0000000085e00000, 0x0000000085e00000| Untracked 
|  55|0x0000000085f00000, 0x0000000085f00000, 0x0000000086000000|  0%| F|  |TAMS 0x0000000085f00000, 0x0000000085f00000| Untracked 
|  56|0x0000000086000000, 0x0000000086000000, 0x0000000086100000|  0%| F|  |TAMS 0x0000000086000000, 0x0000000086000000| Untracked 
|  57|0x0000000086100000, 0x0000000086100000, 0x0000000086200000|  0%| F|  |TAMS 0x0000000086100000, 0x0000000086100000| Untracked 
|  58|0x0000000086200000, 0x0000000086200000, 0x0000000086300000|  0%| F|  |TAMS 0x0000000086200000, 0x0000000086200000| Untracked 
|  59|0x0000000086300000, 0x0000000086300000, 0x0000000086400000|  0%| F|  |TAMS 0x0000000086300000, 0x0000000086300000| Untracked 
|  60|0x0000000086400000, 0x0000000086400000, 0x0000000086500000|  0%| F|  |TAMS 0x0000000086400000, 0x0000000086400000| Untracked 
|  61|0x0000000086500000, 0x0000000086500000, 0x0000000086600000|  0%| F|  |TAMS 0x0000000086500000, 0x0000000086500000| Untracked 
|  62|0x0000000086600000, 0x0000000086600000, 0x0000000086700000|  0%| F|  |TAMS 0x0000000086600000, 0x0000000086600000| Untracked 
|  63|0x0000000086700000, 0x0000000086700000, 0x0000000086800000|  0%| F|  |TAMS 0x0000000086700000, 0x0000000086700000| Untracked 
|  64|0x0000000086800000, 0x0000000086800000, 0x0000000086900000|  0%| F|  |TAMS 0x0000000086800000, 0x0000000086800000| Untracked 
|  65|0x0000000086900000, 0x0000000086900000, 0x0000000086a00000|  0%| F|  |TAMS 0x0000000086900000, 0x0000000086900000| Untracked 
|  66|0x0000000086a00000, 0x0000000086a00000, 0x0000000086b00000|  0%| F|  |TAMS 0x0000000086a00000, 0x0000000086a00000| Untracked 
|  67|0x0000000086b00000, 0x0000000086b00000, 0x0000000086c00000|  0%| F|  |TAMS 0x0000000086b00000, 0x0000000086b00000| Untracked 
|  68|0x0000000086c00000, 0x0000000086c00000, 0x0000000086d00000|  0%| F|  |TAMS 0x0000000086c00000, 0x0000000086c00000| Untracked 
|  69|0x0000000086d00000, 0x0000000086d00000, 0x0000000086e00000|  0%| F|  |TAMS 0x0000000086d00000, 0x0000000086d00000| Untracked 
|  70|0x0000000086e00000, 0x0000000086e00000, 0x0000000086f00000|  0%| F|  |TAMS 0x0000000086e00000, 0x0000000086e00000| Untracked 
|  71|0x0000000086f00000, 0x0000000086f00000, 0x0000000087000000|  0%| F|  |TAMS 0x0000000086f00000, 0x0000000086f00000| Untracked 
|  72|0x0000000087000000, 0x0000000087000000, 0x0000000087100000|  0%| F|  |TAMS 0x0000000087000000, 0x0000000087000000| Untracked 
|  73|0x0000000087100000, 0x0000000087100000, 0x0000000087200000|  0%| F|  |TAMS 0x0000000087100000, 0x0000000087100000| Untracked 
|  74|0x0000000087200000, 0x0000000087200000, 0x0000000087300000|  0%| F|  |TAMS 0x0000000087200000, 0x0000000087200000| Untracked 
|  75|0x0000000087300000, 0x0000000087300000, 0x0000000087400000|  0%| F|  |TAMS 0x0000000087300000, 0x0000000087300000| Untracked 
|  76|0x0000000087400000, 0x0000000087400000, 0x0000000087500000|  0%| F|  |TAMS 0x0000000087400000, 0x0000000087400000| Untracked 
|  77|0x0000000087500000, 0x0000000087500000, 0x0000000087600000|  0%| F|  |TAMS 0x0000000087500000, 0x0000000087500000| Untracked 
|  78|0x0000000087600000, 0x0000000087600000, 0x0000000087700000|  0%| F|  |TAMS 0x0000000087600000, 0x0000000087600000| Untracked 
|  79|0x0000000087700000, 0x0000000087700000, 0x0000000087800000|  0%| F|  |TAMS 0x0000000087700000, 0x0000000087700000| Untracked 
|  80|0x0000000087800000, 0x0000000087880800, 0x0000000087900000| 50%| E|  |TAMS 0x0000000087800000, 0x0000000087800000| Complete 
|  81|0x0000000087900000, 0x0000000087a00000, 0x0000000087a00000|100%| E|CS|TAMS 0x0000000087900000, 0x0000000087900000| Complete 
|  82|0x0000000087a00000, 0x0000000087b00000, 0x0000000087b00000|100%| E|CS|TAMS 0x0000000087a00000, 0x0000000087a00000| Complete 
|  83|0x0000000087b00000, 0x0000000087c00000, 0x0000000087c00000|100%| E|CS|TAMS 0x0000000087b00000, 0x0000000087b00000| Complete 
|  84|0x0000000087c00000, 0x0000000087d00000, 0x0000000087d00000|100%| E|CS|TAMS 0x0000000087c00000, 0x0000000087c00000| Complete 
|  85|0x0000000087d00000, 0x0000000087e00000, 0x0000000087e00000|100%| E|CS|TAMS 0x0000000087d00000, 0x0000000087d00000| Complete 
|  86|0x0000000087e00000, 0x0000000087f00000, 0x0000000087f00000|100%| E|CS|TAMS 0x0000000087e00000, 0x0000000087e00000| Complete 
|  87|0x0000000087f00000, 0x0000000088000000, 0x0000000088000000|100%| E|CS|TAMS 0x0000000087f00000, 0x0000000087f00000| Complete 
|  88|0x0000000088000000, 0x0000000088100000, 0x0000000088100000|100%| E|CS|TAMS 0x0000000088000000, 0x0000000088000000| Complete 
|  89|0x0000000088100000, 0x0000000088200000, 0x0000000088200000|100%| E|CS|TAMS 0x0000000088100000, 0x0000000088100000| Complete 
|  90|0x0000000088200000, 0x0000000088300000, 0x0000000088300000|100%| E|CS|TAMS 0x0000000088200000, 0x0000000088200000| Complete 
|  91|0x0000000088300000, 0x0000000088400000, 0x0000000088400000|100%| E|CS|TAMS 0x0000000088300000, 0x0000000088300000| Complete 
|  92|0x0000000088400000, 0x0000000088500000, 0x0000000088500000|100%| E|CS|TAMS 0x0000000088400000, 0x0000000088400000| Complete 
|  93|0x0000000088500000, 0x0000000088600000, 0x0000000088600000|100%| E|CS|TAMS 0x0000000088500000, 0x0000000088500000| Complete 
|  94|0x0000000088600000, 0x0000000088700000, 0x0000000088700000|100%| E|CS|TAMS 0x0000000088600000, 0x0000000088600000| Complete 
|  95|0x0000000088700000, 0x0000000088800000, 0x0000000088800000|100%| E|CS|TAMS 0x0000000088700000, 0x0000000088700000| Complete 
|  96|0x0000000088800000, 0x0000000088900000, 0x0000000088900000|100%| E|CS|TAMS 0x0000000088800000, 0x0000000088800000| Complete 
|  97|0x0000000088900000, 0x0000000088a00000, 0x0000000088a00000|100%| E|CS|TAMS 0x0000000088900000, 0x0000000088900000| Complete 
|  98|0x0000000088a00000, 0x0000000088b00000, 0x0000000088b00000|100%| E|CS|TAMS 0x0000000088a00000, 0x0000000088a00000| Complete 
|  99|0x0000000088b00000, 0x0000000088c00000, 0x0000000088c00000|100%| E|CS|TAMS 0x0000000088b00000, 0x0000000088b00000| Complete 
| 100|0x0000000088c00000, 0x0000000088d00000, 0x0000000088d00000|100%| E|CS|TAMS 0x0000000088c00000, 0x0000000088c00000| Complete 
| 101|0x0000000088d00000, 0x0000000088e00000, 0x0000000088e00000|100%| E|CS|TAMS 0x0000000088d00000, 0x0000000088d00000| Complete 
| 102|0x0000000088e00000, 0x0000000088f00000, 0x0000000088f00000|100%| E|CS|TAMS 0x0000000088e00000, 0x0000000088e00000| Complete 
| 103|0x0000000088f00000, 0x0000000089000000, 0x0000000089000000|100%| E|CS|TAMS 0x0000000088f00000, 0x0000000088f00000| Complete 
| 104|0x0000000089000000, 0x0000000089100000, 0x0000000089100000|100%| E|CS|TAMS 0x0000000089000000, 0x0000000089000000| Complete 
| 105|0x0000000089100000, 0x0000000089200000, 0x0000000089200000|100%| E|CS|TAMS 0x0000000089100000, 0x0000000089100000| Complete 
| 106|0x0000000089200000, 0x0000000089300000, 0x0000000089300000|100%| E|CS|TAMS 0x0000000089200000, 0x0000000089200000| Complete 
| 107|0x0000000089300000, 0x0000000089400000, 0x0000000089400000|100%| E|CS|TAMS 0x0000000089300000, 0x0000000089300000| Complete 
| 108|0x0000000089400000, 0x0000000089500000, 0x0000000089500000|100%| E|CS|TAMS 0x0000000089400000, 0x0000000089400000| Complete 
| 109|0x0000000089500000, 0x0000000089600000, 0x0000000089600000|100%| E|CS|TAMS 0x0000000089500000, 0x0000000089500000| Complete 
| 110|0x0000000089600000, 0x0000000089700000, 0x0000000089700000|100%| E|CS|TAMS 0x0000000089600000, 0x0000000089600000| Complete 
| 111|0x0000000089700000, 0x0000000089800000, 0x0000000089800000|100%| E|CS|TAMS 0x0000000089700000, 0x0000000089700000| Complete 
| 112|0x0000000089800000, 0x0000000089900000, 0x0000000089900000|100%| E|CS|TAMS 0x0000000089800000, 0x0000000089800000| Complete 
| 113|0x0000000089900000, 0x0000000089a00000, 0x0000000089a00000|100%| E|CS|TAMS 0x0000000089900000, 0x0000000089900000| Complete 
| 114|0x0000000089a00000, 0x0000000089b00000, 0x0000000089b00000|100%| E|CS|TAMS 0x0000000089a00000, 0x0000000089a00000| Complete 
| 115|0x0000000089b00000, 0x0000000089c00000, 0x0000000089c00000|100%| E|CS|TAMS 0x0000000089b00000, 0x0000000089b00000| Complete 
| 116|0x0000000089c00000, 0x0000000089d00000, 0x0000000089d00000|100%| E|CS|TAMS 0x0000000089c00000, 0x0000000089c00000| Complete 
| 117|0x0000000089d00000, 0x0000000089e00000, 0x0000000089e00000|100%| E|CS|TAMS 0x0000000089d00000, 0x0000000089d00000| Complete 
| 118|0x0000000089e00000, 0x0000000089f00000, 0x0000000089f00000|100%| E|CS|TAMS 0x0000000089e00000, 0x0000000089e00000| Complete 
| 119|0x0000000089f00000, 0x000000008a000000, 0x000000008a000000|100%| E|CS|TAMS 0x0000000089f00000, 0x0000000089f00000| Complete 
| 120|0x000000008a000000, 0x000000008a100000, 0x000000008a100000|100%| E|CS|TAMS 0x000000008a000000, 0x000000008a000000| Complete 
| 121|0x000000008a100000, 0x000000008a200000, 0x000000008a200000|100%| E|CS|TAMS 0x000000008a100000, 0x000000008a100000| Complete 
| 122|0x000000008a200000, 0x000000008a300000, 0x000000008a300000|100%| E|CS|TAMS 0x000000008a200000, 0x000000008a200000| Complete 
| 123|0x000000008a300000, 0x000000008a400000, 0x000000008a400000|100%| E|CS|TAMS 0x000000008a300000, 0x000000008a300000| Complete 
| 124|0x000000008a400000, 0x000000008a500000, 0x000000008a500000|100%| E|CS|TAMS 0x000000008a400000, 0x000000008a400000| Complete 
| 125|0x000000008a500000, 0x000000008a600000, 0x000000008a600000|100%| E|CS|TAMS 0x000000008a500000, 0x000000008a500000| Complete 

Card table byte_map: [0x0000013aaa1d0000,0x0000013aaa5c0000] _byte_map_base: 0x0000013aa9dbc000

Marking Bits (Prev, Next): (CMBitMap*) 0x0000013a93278e60, (CMBitMap*) 0x0000013a93278ea0
 Prev Bits: [0x0000013aaa9b0000, 0x0000013aac910000)
 Next Bits: [0x0000013aac910000, 0x0000013aae870000)

Polling page: 0x0000013a92a00000

Metaspace:

Usage:
  Non-class:      4.29 MB used.
      Class:    647.23 KB used.
       Both:      4.92 MB used.

Virtual space:
  Non-class space:        8.00 MB reserved,       4.38 MB ( 55%) committed,  1 nodes.
      Class space:        1.00 GB reserved,     768.00 KB ( <1%) committed,  1 nodes.
             Both:        1.01 GB reserved,       5.12 MB ( <1%) committed. 

Chunk freelists:
   Non-Class:  2.16 MB
       Class:  3.31 MB
        Both:  5.47 MB

MaxMetaspaceSize: unlimited
CompressedClassSpaceSize: 1.00 GB
Initial GC threshold: 21.00 MB
Current GC threshold: 21.00 MB
CDS: on
MetaspaceReclaimPolicy: balanced
 - commit_granule_bytes: 65536.
 - commit_granule_words: 8192.
 - virtual_space_node_default_size: 1048576.
 - enlarge_chunks_in_place: 1.
 - new_chunks_are_fully_committed: 0.
 - uncommit_free_chunks: 1.
 - use_allocation_guard: 0.
 - handle_deallocations: 1.


Internal statistics:

num_allocs_failed_limit: 0.
num_arena_births: 126.
num_arena_deaths: 0.
num_vsnodes_births: 2.
num_vsnodes_deaths: 0.
num_space_committed: 82.
num_space_uncommitted: 0.
num_chunks_returned_to_freelist: 0.
num_chunks_taken_from_freelist: 300.
num_chunk_merges: 0.
num_chunk_splits: 156.
num_chunks_enlarged: 89.
num_purges: 0.
num_inconsistent_stats: 0.

CodeHeap 'non-profiled nmethods': size=120000Kb used=403Kb max_used=403Kb free=119596Kb
 bounds [0x0000013aa2580000, 0x0000013aa27f0000, 0x0000013aa9ab0000]
CodeHeap 'profiled nmethods': size=120000Kb used=2177Kb max_used=2177Kb free=117823Kb
 bounds [0x0000013a9aab0000, 0x0000013a9ad20000, 0x0000013aa1fe0000]
CodeHeap 'non-nmethods': size=5760Kb used=1152Kb max_used=1182Kb free=4607Kb
 bounds [0x0000013aa1fe0000, 0x0000013aa2250000, 0x0000013aa2580000]
 total_blobs=1651 nmethods=1208 adapters=356
 compilation: enabled
              stopped_count=0, restarted_count=0
 full_count=0

Compilation events (20 events):
Event: 0.925 Thread 0x0000013ab2375de0 nmethod 1175 0x0000013aa25dd190 code [0x0000013aa25dd380, 0x0000013aa25ddc18]
Event: 0.925 Thread 0x0000013ab2375de0 1173       4       primitives.Color::scale (53 bytes)
Event: 0.925 Thread 0x0000013ab226cad0 nmethod 1186 0x0000013aa25de190 code [0x0000013aa25de380, 0x0000013aa25df2a8]
Event: 0.925 Thread 0x0000013ab226cad0 1172       4       primitives.Point::distanceSquared (54 bytes)
Event: 0.929 Thread 0x0000013ab226cad0 nmethod 1172 0x0000013aa25dfe10 code [0x0000013aa25dffa0, 0x0000013aa25e0138]
Event: 0.929 Thread 0x0000013ab226cad0 1185       4       lighting.SpotLight::getL (6 bytes)
Event: 0.930 Thread 0x0000013ab2375de0 nmethod 1173 0x0000013aa25e0310 code [0x0000013aa25e04a0, 0x0000013aa25e0898]
Event: 0.930 Thread 0x0000013ab2375de0 1188       4       java.lang.Math::max (45 bytes)
Event: 0.930 Thread 0x0000013ab2375de0 nmethod 1188 0x0000013aa25e0a90 code [0x0000013aa25e0c40, 0x0000013aa25e0d78]
Event: 0.930 Thread 0x0000013ab2375de0 1193       4       renderer.RayTracerBasic::transparency (138 bytes)
Event: 0.933 Thread 0x0000013ab129a9c0 1195       3       java.util.ImmutableCollections$AbstractImmutableList::iterator (13 bytes)
Event: 0.933 Thread 0x0000013ab129a9c0 nmethod 1195 0x0000013a9acc9d10 code [0x0000013a9acc9ec0, 0x0000013a9acca228]
Event: 0.933 Thread 0x0000013ab129a9c0 1196       3       java.util.ImmutableCollections$ListItr::<init> (25 bytes)
Event: 0.933 Thread 0x0000013ab129a9c0 nmethod 1196 0x0000013a9acca390 code [0x0000013a9acca520, 0x0000013a9acca6f8]
Event: 0.933 Thread 0x0000013ab129a9c0 1197   !   3       java.util.ImmutableCollections$ListItr::next (34 bytes)
Event: 0.934 Thread 0x0000013ab129a9c0 nmethod 1197 0x0000013a9acca790 code [0x0000013a9acca940, 0x0000013a9accabd8]
Event: 0.936 Thread 0x0000013ab226cad0 nmethod 1185 0x0000013aa25e0e10 code [0x0000013aa25e0fc0, 0x0000013aa25e1378]
Event: 0.936 Thread 0x0000013ab226cad0 1183       4       java.util.LinkedList::get (14 bytes)
Event: 0.938 Thread 0x0000013ab226cad0 nmethod 1183 0x0000013aa25e1690 code [0x0000013aa25e1820, 0x0000013aa25e1958]
Event: 0.938 Thread 0x0000013ab226cad0 1192       4       renderer.RayTracerBasic::calcColor (44 bytes)

GC Heap History (4 events):
Event: 0.771 GC heap before
{Heap before GC invocations=0 (full 0):
 garbage-first heap   total 129024K, used 23552K [0x0000000082800000, 0x0000000100000000)
  region size 1024K, 23 young (23552K), 0 survivors (0K)
 Metaspace       used 5014K, committed 5248K, reserved 1056768K
  class space    used 647K, committed 768K, reserved 1048576K
}
Event: 0.776 GC heap after
{Heap after GC invocations=1 (full 0):
 garbage-first heap   total 129024K, used 2303K [0x0000000082800000, 0x0000000100000000)
  region size 1024K, 3 young (3072K), 3 survivors (3072K)
 Metaspace       used 5014K, committed 5248K, reserved 1056768K
  class space    used 647K, committed 768K, reserved 1048576K
}
Event: 0.830 GC heap before
{Heap before GC invocations=1 (full 0):
 garbage-first heap   total 129024K, used 38143K [0x0000000082800000, 0x0000000100000000)
  region size 1024K, 38 young (38912K), 3 survivors (3072K)
 Metaspace       used 5035K, committed 5248K, reserved 1056768K
  class space    used 647K, committed 768K, reserved 1048576K
}
Event: 0.835 GC heap after
{Heap after GC invocations=2 (full 0):
 garbage-first heap   total 129024K, used 2301K [0x0000000082800000, 0x0000000100000000)
  region size 1024K, 3 young (3072K), 3 survivors (3072K)
 Metaspace       used 5035K, committed 5248K, reserved 1056768K
  class space    used 647K, committed 768K, reserved 1048576K
}

Deoptimization events (20 events):
Event: 0.489 Thread 0x0000013a93220070 DEOPT PACKING pc=0x0000013a9ab0c77e sp=0x0000001e14bfd6a0
Event: 0.489 Thread 0x0000013a93220070 DEOPT UNPACKING pc=0x0000013aa2032b43 sp=0x0000001e14bfcb10 mode 0
Event: 0.588 Thread 0x0000013a93220070 DEOPT PACKING pc=0x0000013a9aaef7be sp=0x0000001e14bfdb00
Event: 0.588 Thread 0x0000013a93220070 DEOPT UNPACKING pc=0x0000013aa2032b43 sp=0x0000001e14bfcf78 mode 0
Event: 0.680 Thread 0x0000013a93220070 Uncommon trap: trap_request=0xffffff45 fr.pc=0x0000013aa25bd948 relative=0x0000000000000048
Event: 0.680 Thread 0x0000013a93220070 Uncommon trap: reason=unstable_if action=reinterpret pc=0x0000013aa25bd948 method=java.lang.CharacterData.of(I)Ljava/lang/CharacterData; @ 4 c2
Event: 0.680 Thread 0x0000013a93220070 DEOPT PACKING pc=0x0000013aa25bd948 sp=0x0000001e14bfbe60
Event: 0.680 Thread 0x0000013a93220070 DEOPT UNPACKING pc=0x0000013aa20323a3 sp=0x0000001e14bfbe00 mode 2
Event: 0.682 Thread 0x0000013a93220070 Uncommon trap: trap_request=0xffffff45 fr.pc=0x0000013aa2589db4 relative=0x00000000000001b4
Event: 0.682 Thread 0x0000013a93220070 Uncommon trap: reason=unstable_if action=reinterpret pc=0x0000013aa2589db4 method=java.lang.String.isLatin1()Z @ 10 c2
Event: 0.682 Thread 0x0000013a93220070 DEOPT PACKING pc=0x0000013aa2589db4 sp=0x0000001e14bfc6d0
Event: 0.682 Thread 0x0000013a93220070 DEOPT UNPACKING pc=0x0000013aa20323a3 sp=0x0000001e14bfc600 mode 2
Event: 0.849 Thread 0x0000013a93220070 Uncommon trap: trap_request=0xffffff45 fr.pc=0x0000013aa25d71fc relative=0x00000000000002dc
Event: 0.849 Thread 0x0000013a93220070 Uncommon trap: reason=unstable_if action=reinterpret pc=0x0000013aa25d71fc method=geometries.Sphere.findGeoIntersectionsHelper(Lprimitives/Ray;)Ljava/util/List; @ 90 c2
Event: 0.849 Thread 0x0000013a93220070 DEOPT PACKING pc=0x0000013aa25d71fc sp=0x0000001e14bfc7c0
Event: 0.849 Thread 0x0000013a93220070 DEOPT UNPACKING pc=0x0000013aa20323a3 sp=0x0000001e14bfc6f8 mode 2
Event: 0.849 Thread 0x0000013a93220070 Uncommon trap: trap_request=0xffffff45 fr.pc=0x0000013aa25d6750 relative=0x0000000000000310
Event: 0.849 Thread 0x0000013a93220070 Uncommon trap: reason=unstable_if action=reinterpret pc=0x0000013aa25d6750 method=geometries.Geometries.findGeoIntersectionsHelper(Lprimitives/Ray;)Ljava/util/List; @ 46 c2
Event: 0.849 Thread 0x0000013a93220070 DEOPT PACKING pc=0x0000013aa25d6750 sp=0x0000001e14bfc800
Event: 0.849 Thread 0x0000013a93220070 DEOPT UNPACKING pc=0x0000013aa20323a3 sp=0x0000001e14bfc798 mode 2

Classes unloaded (0 events):
No events

Classes redefined (0 events):
No events

Internal exceptions (20 events):
Event: 0.470 Thread 0x0000013a93220070 Exception <a 'java/lang/IncompatibleClassChangeError'{0x0000000089c615f8}: Found class java.lang.Object, but interface was expected> (0x0000000089c615f8) 
thrown [s\open\src\hotspot\share\interpreter\linkResolver.cpp, line 826]
Event: 0.481 Thread 0x0000013a93220070 Exception <a 'java/lang/NoSuchMethodError'{0x0000000089ca0110}: 'void java.lang.invoke.DirectMethodHandle$Holder.invokeInterface(java.lang.Object, java.lang.Object, java.lang.Object)'> (0x0000000089ca0110) 
thrown [s\open\src\hotspot\share\interpreter\linkResolver.cpp, line 759]
Event: 0.482 Thread 0x0000013a93220070 Exception <a 'java/lang/IncompatibleClassChangeError'{0x0000000089ca3778}: Found class java.lang.Object, but interface was expected> (0x0000000089ca3778) 
thrown [s\open\src\hotspot\share\interpreter\linkResolver.cpp, line 826]
Event: 0.488 Thread 0x0000013a93220070 Exception <a 'java/lang/NoSuchMethodError'{0x0000000089cbf328}: 'java.lang.Object java.lang.invoke.DirectMethodHandle$Holder.invokeStatic(java.lang.Object, java.lang.Object, int)'> (0x0000000089cbf328) 
thrown [s\open\src\hotspot\share\interpreter\linkResolver.cpp, line 759]
Event: 0.501 Thread 0x0000013a93220070 Exception <a 'java/lang/NoSuchMethodError'{0x0000000089b14788}: 'void java.lang.invoke.DirectMethodHandle$Holder.invokeSpecial(java.lang.Object, java.lang.Object, java.lang.Object, java.lang.Object, java.lang.Object)'> (0x0000000089b14788) 
thrown [s\open\src\hotspot\share\interpreter\linkResolver.cpp, line 759]
Event: 0.516 Thread 0x0000013a93220070 Exception <a 'java/lang/NoSuchMethodError'{0x0000000089b6fd08}: 'void java.lang.invoke.DirectMethodHandle$Holder.invokeInterface(java.lang.Object, java.lang.Object, java.lang.Object, java.lang.Object)'> (0x0000000089b6fd08) 
thrown [s\open\src\hotspot\share\interpreter\linkResolver.cpp, line 759]
Event: 0.516 Thread 0x0000013a93220070 Exception <a 'java/lang/IncompatibleClassChangeError'{0x0000000089b73630}: Found class java.lang.Object, but interface was expected> (0x0000000089b73630) 
thrown [s\open\src\hotspot\share\interpreter\linkResolver.cpp, line 826]
Event: 0.522 Thread 0x0000013a93220070 Exception <a 'java/lang/NoSuchMethodError'{0x0000000089b98fa0}: 'void java.lang.invoke.DirectMethodHandle$Holder.invokeStatic(java.lang.Object, java.lang.Object, java.lang.Object, java.lang.Object)'> (0x0000000089b98fa0) 
thrown [s\open\src\hotspot\share\interpreter\linkResolver.cpp, line 759]
Event: 0.529 Thread 0x0000013a93220070 Exception <a 'java/lang/NoSuchMethodError'{0x0000000089bba878}: 'java.lang.Object java.lang.invoke.DirectMethodHandle$Holder.newInvokeSpecial(java.lang.Object, java.lang.Object, int)'> (0x0000000089bba878) 
thrown [s\open\src\hotspot\share\interpreter\linkResolver.cpp, line 759]
Event: 0.548 Thread 0x0000013a93220070 Exception <a 'java/lang/NoSuchMethodError'{0x0000000089a2ea70}: 'java.lang.Object java.lang.invoke.Invokers$Holder.invokeExact_MT(java.lang.Object, java.lang.Object, java.lang.Object, java.lang.Object, java.lang.Object, java.lang.Object)'> (0x0000000089a2ea70) 
thrown [s\open\src\hotspot\share\interpreter\linkResolver.cpp, line 759]
Event: 0.550 Thread 0x0000013a93220070 Exception <a 'java/lang/NoSuchMethodError'{0x0000000089a3e7e0}: 'int java.lang.invoke.DirectMethodHandle$Holder.invokeStatic(java.lang.Object, java.lang.Object, java.lang.Object, java.lang.Object, java.lang.Object)'> (0x0000000089a3e7e0) 
thrown [s\open\src\hotspot\share\interpreter\linkResolver.cpp, line 759]
Event: 0.562 Thread 0x0000013a93220070 Exception <a 'java/lang/NoSuchMethodError'{0x0000000089a85670}: 'void java.lang.invoke.DirectMethodHandle$Holder.invokeStaticInit(java.lang.Object)'> (0x0000000089a85670) 
thrown [s\open\src\hotspot\share\interpreter\linkResolver.cpp, line 759]
Event: 0.599 Thread 0x0000013a93220070 Exception <a 'java/lang/NoSuchMethodError'{0x000000008997c930}: 'int java.lang.invoke.DirectMethodHandle$Holder.invokeStaticInit(java.lang.Object, java.lang.Object)'> (0x000000008997c930) 
thrown [s\open\src\hotspot\share\interpreter\linkResolver.cpp, line 759]
Event: 0.647 Thread 0x0000013a93220070 Exception <a 'java/lang/NoSuchMethodError'{0x000000008988a5d8}: 'java.lang.Object java.lang.invoke.DirectMethodHandle$Holder.newInvokeSpecial(java.lang.Object, java.lang.Object, java.lang.Object, java.lang.Object, java.lang.Object, java.lang.Object, java.lang.Object)'> (0x000000008988a5d8) 
thrown [s\open\src\hotspot\share\interpreter\linkResolver.cpp, line 759]
Event: 0.647 Thread 0x0000013a93220070 Exception <a 'java/lang/NoSuchMethodError'{0x000000008988f190}: 'java.lang.Object java.lang.invoke.Invokers$Holder.linkToTargetMethod(java.lang.Object, java.lang.Object, java.lang.Object, java.lang.Object, java.lang.Object, java.lang.Object, java.lang.Object)'> (0x000000008988f190) 
thrown [s\open\src\hotspot\share\interpreter\linkResolver.cpp, line 759]
Event: 0.650 Thread 0x0000013a93220070 Exception <a 'java/lang/NoSuchMethodError'{0x000000008989fa38}: 'java.lang.Object java.lang.invoke.DirectMethodHandle$Holder.invokeInterface(java.lang.Object, java.lang.Object, java.lang.Object, java.lang.Object, java.lang.Object)'> (0x000000008989fa38) 
thrown [s\open\src\hotspot\share\interpreter\linkResolver.cpp, line 759]
Event: 0.651 Thread 0x0000013a93220070 Exception <a 'java/lang/IncompatibleClassChangeError'{0x00000000898a3830}: Found class java.lang.Object, but interface was expected> (0x00000000898a3830) 
thrown [s\open\src\hotspot\share\interpreter\linkResolver.cpp, line 826]
Event: 0.706 Thread 0x0000013a93220070 Exception <a 'java/lang/ClassNotFoundException'{0x00000000897b73e0}: sun/awt/resources/spi/awtProvider> (0x00000000897b73e0) 
thrown [s\open\src\hotspot\share\classfile\systemDictionary.cpp, line 256]
Event: 0.720 Thread 0x0000013a93220070 Exception <a 'java/io/FileNotFoundException'{0x00000000897fd1b0}> (0x00000000897fd1b0) 
thrown [s\open\src\hotspot\share\prims\jni.cpp, line 516]
Event: 0.726 Thread 0x0000013a93220070 Exception <a 'java/io/FileNotFoundException'{0x000000008962aba8}> (0x000000008962aba8) 
thrown [s\open\src\hotspot\share\prims\jni.cpp, line 516]

VM Operations (16 events):
Event: 0.093 Executing VM operation: HandshakeAllThreads
Event: 0.093 Executing VM operation: HandshakeAllThreads done
Event: 0.140 Executing VM operation: HandshakeAllThreads
Event: 0.140 Executing VM operation: HandshakeAllThreads done
Event: 0.226 Executing VM operation: HandshakeAllThreads
Event: 0.226 Executing VM operation: HandshakeAllThreads done
Event: 0.658 Executing VM operation: HandshakeAllThreads
Event: 0.658 Executing VM operation: HandshakeAllThreads done
Event: 0.680 Executing VM operation: HandshakeAllThreads
Event: 0.680 Executing VM operation: HandshakeAllThreads done
Event: 0.766 Executing VM operation: ICBufferFull
Event: 0.766 Executing VM operation: ICBufferFull done
Event: 0.770 Executing VM operation: G1CollectForAllocation
Event: 0.776 Executing VM operation: G1CollectForAllocation done
Event: 0.830 Executing VM operation: G1CollectForAllocation
Event: 0.835 Executing VM operation: G1CollectForAllocation done

Events (20 events):
Event: 0.710 loading class java/awt/Toolkit$2
Event: 0.710 loading class java/awt/Toolkit$2 done
Event: 0.710 loading class java/awt/Toolkit$1
Event: 0.710 loading class java/awt/Toolkit$1 done
Event: 0.720 loading class java/io/FileNotFoundException
Event: 0.720 loading class java/io/FileNotFoundException done
Event: 0.726 loading class java/awt/Insets
Event: 0.726 loading class java/awt/Insets done
Event: 0.726 loading class java/awt/GraphicsEnvironment
Event: 0.727 loading class java/awt/GraphicsEnvironment done
Event: 0.727 loading class sun/awt/PlatformGraphicsInfo
Event: 0.727 loading class sun/awt/PlatformGraphicsInfo done
Event: 0.728 loading class java/util/LinkedList$ListItr
Event: 0.729 loading class java/util/LinkedList$ListItr done
Event: 0.730 loading class java/awt/Color
Event: 0.730 loading class java/awt/Paint
Event: 0.730 loading class java/awt/Paint done
Event: 0.730 loading class java/awt/Color done
Event: 0.750 Thread 0x0000013ab2375de0 Thread added: 0x0000013ab2375de0
Event: 0.870 Thread 0x0000013ab226cad0 Thread added: 0x0000013ab226cad0


Dynamic libraries:
0x00007ff61a1e0000 - 0x00007ff61a1f0000 	C:\Program Files\Java\jdk-17\bin\java.exe
0x00007ffb30990000 - 0x00007ffb30b88000 	C:\WINDOWS\SYSTEM32\ntdll.dll
0x00007ffb2ef40000 - 0x00007ffb2efff000 	C:\WINDOWS\System32\KERNEL32.DLL
0x00007ffb2e0a0000 - 0x00007ffb2e396000 	C:\WINDOWS\System32\KERNELBASE.dll
0x00007ffb2e3a0000 - 0x00007ffb2e4a0000 	C:\WINDOWS\System32\ucrtbase.dll
0x00007ffb29b70000 - 0x00007ffb29b8b000 	C:\Program Files\Java\jdk-17\bin\VCRUNTIME140.dll
0x00007ffb28e80000 - 0x00007ffb28e98000 	C:\Program Files\Java\jdk-17\bin\jli.dll
0x00007ffb2f6e0000 - 0x00007ffb2f78f000 	C:\WINDOWS\System32\ADVAPI32.dll
0x00007ffb2f800000 - 0x00007ffb2f89e000 	C:\WINDOWS\System32\msvcrt.dll
0x00007ffb307d0000 - 0x00007ffb3086c000 	C:\WINDOWS\System32\sechost.dll
0x00007ffb2ee00000 - 0x00007ffb2ef26000 	C:\WINDOWS\System32\RPCRT4.dll
0x00007ffb30170000 - 0x00007ffb3030d000 	C:\WINDOWS\System32\USER32.dll
0x00007ffb2e070000 - 0x00007ffb2e092000 	C:\WINDOWS\System32\win32u.dll
0x00007ffb306c0000 - 0x00007ffb306ec000 	C:\WINDOWS\System32\GDI32.dll
0x00007ffb1e430000 - 0x00007ffb1e6ca000 	C:\WINDOWS\WinSxS\amd64_microsoft.windows.common-controls_6595b64144ccf1df_6.0.19041.1110_none_60b5254171f9507e\COMCTL32.dll
0x00007ffb2e720000 - 0x00007ffb2e835000 	C:\WINDOWS\System32\gdi32full.dll
0x00007ffb2e610000 - 0x00007ffb2e6ad000 	C:\WINDOWS\System32\msvcp_win.dll
0x00007ffb24980000 - 0x00007ffb2498a000 	C:\WINDOWS\SYSTEM32\VERSION.dll
0x00007ffb30920000 - 0x00007ffb30950000 	C:\WINDOWS\System32\IMM32.DLL
0x00007ffb29b20000 - 0x00007ffb29b2c000 	C:\Program Files\Java\jdk-17\bin\vcruntime140_1.dll
0x00007ffb18c70000 - 0x00007ffb18cfe000 	C:\Program Files\Java\jdk-17\bin\msvcp140.dll
0x00007ffb13890000 - 0x00007ffb14467000 	C:\Program Files\Java\jdk-17\bin\server\jvm.dll
0x00007ffb306b0000 - 0x00007ffb306b8000 	C:\WINDOWS\System32\PSAPI.DLL
0x00007ffb045b0000 - 0x00007ffb045d7000 	C:\WINDOWS\SYSTEM32\WINMM.dll
0x00007ffad8920000 - 0x00007ffad8929000 	C:\WINDOWS\SYSTEM32\WSOCK32.dll
0x00007ffb2f790000 - 0x00007ffb2f7fb000 	C:\WINDOWS\System32\WS2_32.dll
0x00007ffb2c8b0000 - 0x00007ffb2c8c2000 	C:\WINDOWS\SYSTEM32\kernel.appcore.dll
0x00007ffb28ec0000 - 0x00007ffb28eca000 	C:\Program Files\Java\jdk-17\bin\jimage.dll
0x00007ffb2c690000 - 0x00007ffb2c874000 	C:\WINDOWS\SYSTEM32\DBGHELP.DLL
0x00007ffb1e3a0000 - 0x00007ffb1e3d4000 	C:\WINDOWS\SYSTEM32\dbgcore.DLL
0x00007ffb2e580000 - 0x00007ffb2e602000 	C:\WINDOWS\System32\bcryptPrimitives.dll
0x00007ffb28a80000 - 0x00007ffb28a8e000 	C:\Program Files\Java\jdk-17\bin\instrument.dll
0x00007ffb23e70000 - 0x00007ffb23e95000 	C:\Program Files\Java\jdk-17\bin\java.dll
0x00007ffb18b90000 - 0x00007ffb18c67000 	C:\Program Files\Java\jdk-17\bin\jsvml.dll
0x00007ffb2f9c0000 - 0x00007ffb30104000 	C:\WINDOWS\System32\SHELL32.dll
0x00007ffb2bef0000 - 0x00007ffb2c683000 	C:\WINDOWS\SYSTEM32\windows.storage.dll
0x00007ffb2e9f0000 - 0x00007ffb2ed44000 	C:\WINDOWS\System32\combase.dll
0x00007ffb2d9e0000 - 0x00007ffb2da0e000 	C:\WINDOWS\SYSTEM32\Wldp.dll
0x00007ffb2ed50000 - 0x00007ffb2edfd000 	C:\WINDOWS\System32\SHCORE.dll
0x00007ffb30310000 - 0x00007ffb30365000 	C:\WINDOWS\System32\shlwapi.dll
0x00007ffb2dfb0000 - 0x00007ffb2dfcf000 	C:\WINDOWS\SYSTEM32\profapi.dll
0x00007ffb23870000 - 0x00007ffb23888000 	C:\Program Files\Java\jdk-17\bin\zip.dll
0x00007ffb28630000 - 0x00007ffb28649000 	C:\Program Files\Java\jdk-17\bin\net.dll
0x00007ffb25110000 - 0x00007ffb2521a000 	C:\WINDOWS\SYSTEM32\WINHTTP.dll
0x00007ffb2d740000 - 0x00007ffb2d7aa000 	C:\WINDOWS\system32\mswsock.dll
0x00007ffb23cb0000 - 0x00007ffb23cc6000 	C:\Program Files\Java\jdk-17\bin\nio.dll
0x00007ffb23690000 - 0x00007ffb236aa000 	C:\Program Files\JetBrains\IntelliJ IDEA Community Edition 2022.3.2\bin\breakgen64.dll
0x00007ffb153d0000 - 0x00007ffb15561000 	C:\Program Files\Java\jdk-17\bin\awt.dll
0x00007ffb2f610000 - 0x00007ffb2f6dd000 	C:\WINDOWS\System32\OLEAUT32.dll
0x00007ffb2b580000 - 0x00007ffb2b611000 	C:\WINDOWS\SYSTEM32\apphelp.dll

dbghelp: loaded successfully - version: 4.0.5 - missing functions: none
symbol engine: initialized successfully - sym options: 0x614 - pdb path: .;C:\Program Files\Java\jdk-17\bin;C:\WINDOWS\SYSTEM32;C:\WINDOWS\WinSxS\amd64_microsoft.windows.common-controls_6595b64144ccf1df_6.0.19041.1110_none_60b5254171f9507e;C:\Program Files\Java\jdk-17\bin\server;C:\Program Files\JetBrains\IntelliJ IDEA Community Edition 2022.3.2\bin

VM Arguments:
jvm_args: -ea -Didea.test.cyclic.buffer.size=1048576 -javaagent:C:\Program Files\JetBrains\IntelliJ IDEA Community Edition 2022.3.2\lib\idea_rt.jar=8831:C:\Program Files\JetBrains\IntelliJ IDEA Community Edition 2022.3.2\bin -Dfile.encoding=UTF-8 
java_command: com.intellij.rt.junit.JUnitStarter -ideVersion5 -junit5 renderer.ReflectionRefractionTests,fourObjects
java_class_path (initial): C:\Users\admin\.m2\repository\org\junit\platform\junit-platform-launcher\1.9.2\junit-platform-launcher-1.9.2.jar;C:\Program Files\JetBrains\IntelliJ IDEA Community Edition 2022.3.2\lib\idea_rt.jar;C:\Program Files\JetBrains\IntelliJ IDEA Community Edition 2022.3.2\plugins\junit\lib\junit5-rt.jar;C:\Program Files\JetBrains\IntelliJ IDEA Community Edition 2022.3.2\plugins\junit\lib\junit-rt.jar;C:\Google drive\Programs\ISE5783_5876\out\test\ISE5783_5876_5801;C:\Google drive\Programs\ISE5783_5876\out\production\ISE5783_5876_5801;C:\Users\admin\.m2\repository\org\junit\jupiter\junit-jupiter\5.9.2\junit-jupiter-5.9.2.jar;C:\Users\admin\.m2\repository\org\junit\jupiter\junit-jupiter-api\5.9.2\junit-jupiter-api-5.9.2.jar;C:\Users\admin\.m2\repository\org\opentest4j\opentest4j\1.2.0\opentest4j-1.2.0.jar;C:\Users\admin\.m2\repository\org\junit\platform\junit-platform-commons\1.9.2\junit-platform-commons-1.9.2.jar;C:\Users\admin\.m2\repository\org\apiguardian\apiguardian-api\1.1.2\apiguardian-api-1.1.2.jar;C:\Users\admin\.m2\repository\org\junit\jupiter\junit-jupiter-params\5.9.2\junit-jupiter-params-5.9.2.jar;C:\Users\admin\.m2\repository\org\junit\jupiter\junit-jupiter-engine\5.9.2\junit-jupiter-engine-5.9.2.jar;C:\Users\admin\.m2\repository\org\junit\platform\junit-platform-engine\1.9.2\junit-platform-engine-1.9.2.jar
Launcher Type: SUN_STANDARD

[Global flags]
     intx CICompilerCount                          = 4                                         {product} {ergonomic}
     uint ConcGCThreads                            = 2                                         {product} {ergonomic}
     uint G1ConcRefinementThreads                  = 8                                         {product} {ergonomic}
   size_t G1HeapRegionSize                         = 1048576                                   {product} {ergonomic}
    uintx GCDrainStackTargetSize                   = 64                                        {product} {ergonomic}
   size_t InitialHeapSize                          = 132120576                                 {product} {ergonomic}
   size_t MarkStackSize                            = 4194304                                   {product} {ergonomic}
   size_t MaxHeapSize                              = 2105540608                                {product} {ergonomic}
   size_t MaxNewSize                               = 1262485504                                {product} {ergonomic}
   size_t MinHeapDeltaBytes                        = 1048576                                   {product} {ergonomic}
   size_t MinHeapSize                              = 8388608                                   {product} {ergonomic}
    uintx NonNMethodCodeHeapSize                   = 5839372                                {pd product} {ergonomic}
    uintx NonProfiledCodeHeapSize                  = 122909434                              {pd product} {ergonomic}
    uintx ProfiledCodeHeapSize                     = 122909434                              {pd product} {ergonomic}
    uintx ReservedCodeCacheSize                    = 251658240                              {pd product} {ergonomic}
     bool SegmentedCodeCache                       = true                                      {product} {ergonomic}
   size_t SoftMaxHeapSize                          = 2105540608                             {manageable} {ergonomic}
     bool UseCompressedClassPointers               = true                           {product lp64_product} {ergonomic}
     bool UseCompressedOops                        = true                           {product lp64_product} {ergonomic}
     bool UseG1GC                                  = true                                      {product} {ergonomic}
     bool UseLargePagesIndividualAllocation        = false                                  {pd product} {ergonomic}

Logging:
Log output configuration:
 #0: stdout all=warning uptime,level,tags
 #1: stderr all=off uptime,level,tags

Environment Variables:
JAVA_HOME=C:\Program Files\Java\jdk-17
PATH=C:\Program Files\Common Files\Oracle\Java\javapath;C:\Program Files (x86)\Common Files\Oracle\Java\javapath;C:\WINDOWS\system32;C:\WINDOWS;C:\WINDOWS\System32\Wbem;C:\WINDOWS\System32\WindowsPowerShell\v1.0\;C:\WINDOWS\System32\OpenSSH\;C:\Program Files\dotnet\;C:\Program Files (x86)\PuTTY\;C:\Program Files\PuTTY\;C:\Program Files\Git\cmd;C:\Users\admin\AppData\Local\Programs\Python\Python39\Scripts\;C:\Users\admin\AppData\Local\Programs\Python\Python39\;C:\Users\admin\AppData\Local\Microsoft\WindowsApps;C:\Users\admin\.dotnet\tools;C:\Users\admin\AppData\Local\Programs\Microsoft VS Code\bin;C:\Program Files\Java\jdk-17\bin;
USERNAME=admin
OS=Windows_NT
PROCESSOR_IDENTIFIER=Intel64 Family 6 Model 142 Stepping 12, GenuineIntel



---------------  S Y S T E M  ---------------

OS:
 Windows 10 , 64 bit Build 19041 (10.0.19041.3031)
OS uptime: 0 days 3:53 hours

CPU: total 8 (initial active 8) (4 cores per cpu, 2 threads per core) family 6 model 142 stepping 12 microcode 0xca, cx8, cmov, fxsr, ht, mmx, 3dnowpref, sse, sse2, sse3, ssse3, sse4.1, sse4.2, popcnt, lzcnt, tsc, tscinvbit, avx, avx2, aes, erms, clmul, bmi1, bmi2, adx, fma, vzeroupper, clflush, clflushopt

Memory: 4k page, system-wide physical 8027M (1703M free)
TotalPageFile size 21339M (AvailPageFile size 11549M)
current process WorkingSet (physical memory assigned to process): 141M, peak: 141M
current process commit charge ("private bytes"): 236M, peak: 236M

vm_info: Java HotSpot(TM) 64-Bit Server VM (17.0.6+9-LTS-190) for windows-amd64 JRE (17.0.6+9-LTS-190), built on Dec  6 2022 15:53:54 by "mach5one" with MS VC++ 17.1 (VS2022)

END.
