#
# A fatal error has been detected by the Java Runtime Environment:
#
#  EXCEPTION_ACCESS_VIOLATION (0xc0000005) at pc=0x00007ffaeb59d422, pid=22288, tid=23476
#
# JRE version: Java(TM) SE Runtime Environment (17.0.6+9) (build 17.0.6+9-LTS-190)
# Java VM: Java HotSpot(TM) 64-Bit Server VM (17.0.6+9-LTS-190, mixed mode, sharing, tiered, compressed oops, compressed class ptrs, g1 gc, windows-amd64)
# Problematic frame:
# V  [jvm.dll+0x57d422]
#
# No core dump will be written. Minidumps are not enabled by default on client versions of Windows
#
# If you would like to submit a bug report, please visit:
#   https://bugreport.java.com/bugreport/crash.jsp
#

---------------  S U M M A R Y ------------

Command Line: -ea -Didea.test.cyclic.buffer.size=1048576 -javaagent:C:\Program Files\JetBrains\IntelliJ IDEA Community Edition 2022.3.2\lib\idea_rt.jar=7414:C:\Program Files\JetBrains\IntelliJ IDEA Community Edition 2022.3.2\bin -Dfile.encoding=UTF-8 com.intellij.rt.junit.JUnitStarter -ideVersion5 -junit5 unittests.special.TeapotTest

Host: Intel(R) Core(TM) i5-10210U CPU @ 1.60GHz, 8 cores, 7G,  Windows 10 , 64 bit Build 19041 (10.0.19041.3031)
Time: Wed Jul  5 01:28:56 2023 West Bank Gaza Daylight Time elapsed time: 1.158806 seconds (0d 0h 0m 1s)

---------------  T H R E A D  ---------------

Current thread (0x000002422e88f1f0):  JavaThread "C2 CompilerThread0" daemon [_thread_in_native, id=23476, stack(0x000000a9eea00000,0x000000a9eeb00000)]


Current CompileTask:
C2:   1158 1119       4       geometries.Triangle::findGeoIntersectionsHelper (348 bytes)

Stack: [0x000000a9eea00000,0x000000a9eeb00000],  sp=0x000000a9eeafa720,  free space=1001k
Native frames: (J=compiled Java code, j=interpreted, Vv=VM code, C=native code)
V  [jvm.dll+0x57d422]
V  [jvm.dll+0x57d134]
V  [jvm.dll+0x57c388]
V  [jvm.dll+0x21e142]
V  [jvm.dll+0x2177c5]
V  [jvm.dll+0x215109]
V  [jvm.dll+0x1a1730]
V  [jvm.dll+0x224b6e]
V  [jvm.dll+0x222f15]
V  [jvm.dll+0x78753c]
V  [jvm.dll+0x781a7a]
V  [jvm.dll+0x672375]
C  [ucrtbase.dll+0x21bb2]
C  [KERNEL32.DLL+0x17614]
C  [ntdll.dll+0x526f1]


siginfo: EXCEPTION_ACCESS_VIOLATION (0xc0000005), reading address 0x0000000000000008


Register to memory mapping:

RIP=0x00007ffaeb59d422 jvm.dll
RAX=0x000002422fd52c90 points into unknown readable memory: 0x0000000000000000 | 00 00 00 00 00 00 00 00
RBX=0x0 is NULL
RCX=0x0 is NULL
RDX=0x000000a9eeafab80 is pointing into the stack for thread: 0x000002422e88f1f0
RSP=0x000000a9eeafa720 is pointing into the stack for thread: 0x000002422e88f1f0
RBP=0x000002422f72dbe0 points into unknown readable memory: 0x00007ffaeb8d5100 | 00 51 8d eb fa 7f 00 00
RSI=0x000002422f59a440 points into unknown readable memory: 0x0000000000000000 | 00 00 00 00 00 00 00 00
RDI=0x000000a9eeafab50 is pointing into the stack for thread: 0x000002422e88f1f0
R8 =0x000002422fd52c90 points into unknown readable memory: 0x0000000000000000 | 00 00 00 00 00 00 00 00
R9 =0x0000000000002000 is an unknown value
R10=0xfefefefefefefeff is an unknown value
R11=0x8080808080808080 is an unknown value
R12=0x000000a9eeafa818 is pointing into the stack for thread: 0x000002422e88f1f0
R13=0x000000a9eeafa7f0 is pointing into the stack for thread: 0x000002422e88f1f0
R14=0x000002422f72e9f8 points into unknown readable memory: 0x00007ffaeb9550b0 | b0 50 95 eb fa 7f 00 00
R15=0x000002422f93b9f0 points into unknown readable memory: 0x00007ffaeb86f640 | 40 f6 86 eb fa 7f 00 00


Registers:
RAX=0x000002422fd52c90, RBX=0x0000000000000000, RCX=0x0000000000000000, RDX=0x000000a9eeafab80
RSP=0x000000a9eeafa720, RBP=0x000002422f72dbe0, RSI=0x000002422f59a440, RDI=0x000000a9eeafab50
R8 =0x000002422fd52c90, R9 =0x0000000000002000, R10=0xfefefefefefefeff, R11=0x8080808080808080
R12=0x000000a9eeafa818, R13=0x000000a9eeafa7f0, R14=0x000002422f72e9f8, R15=0x000002422f93b9f0
RIP=0x00007ffaeb59d422, EFLAGS=0x0000000000010202

Top of Stack: (sp=0x000000a9eeafa720)
0x000000a9eeafa720:   000000a9eeafab50 000002422f72e9f8
0x000000a9eeafa730:   000002422f93b9f0 000002422f72dbe0
0x000000a9eeafa740:   0000000000000006 000000a9eeafa838
0x000000a9eeafa750:   000002422fa96428 00007ffaeb59d134
0x000000a9eeafa760:   000000000000000e 000000000000007e
0x000000a9eeafa770:   000000a9eeafa818 000002422f72e9f8
0x000000a9eeafa780:   000002422e7306a0 000002422e730650
0x000000a9eeafa790:   000002422f4892c8 000000a9eeafa8c0
0x000000a9eeafa7a0:   000002421082d650 0000000000000000
0x000000a9eeafa7b0:   000000a9eeafab50 00007ffaeb59c388
0x000000a9eeafa7c0:   000000a9eeafab50 0000000000000001
0x000000a9eeafa7d0:   0000024200000006 000000a9eeafa838
0x000000a9eeafa7e0:   000002420e6d0000 0000024271000574
0x000000a9eeafa7f0:   000002422e8859c0 0000000000000400
0x000000a9eeafa800:   000002422f46b440 000000000000024c
0x000000a9eeafa810:   0000000000000000 0000024200000100 

Instructions: (pc=0x00007ffaeb59d422)
0x00007ffaeb59d322:   4a 0d 00 48 8b 47 30 48 c7 04 d8 00 00 00 00 48
0x00007ffaeb59d332:   83 c4 20 41 5e 5f 5b c3 49 8b d6 4c 89 7c 24 58
0x00007ffaeb59d342:   48 8b cf e8 26 c8 fe ff 45 33 c9 4c 8b c0 49 8b
0x00007ffaeb59d352:   d6 48 8b cf 4c 8b f8 e8 62 13 00 00 41 8b 4e 2c
0x00007ffaeb59d362:   48 8b d8 83 e1 3f 80 f9 30 75 19 49 3b c7 74 14
0x00007ffaeb59d372:   4c 8b c8 4d 8b c7 49 8b d6 48 8b cf e8 dd 3b 00
0x00007ffaeb59d382:   00 48 8b d8 48 89 74 24 48 48 85 db 75 55 41 8b
0x00007ffaeb59d392:   5e 28 3b 5f 28 72 0b 8b d3 48 8d 4f 20 e8 3c 4a
0x00007ffaeb59d3a2:   0d 00 48 8b 47 30 48 c7 04 d8 00 00 00 00 8b 9f
0x00007ffaeb59d3b2:   d0 09 00 00 8d 43 01 89 87 d0 09 00 00 3b 9f c0
0x00007ffaeb59d3c2:   09 00 00 72 0e 8b d3 48 8d 8f b8 09 00 00 e8 0b
0x00007ffaeb59d3d2:   4a 0d 00 48 8b 87 c8 09 00 00 4c 89 34 d8 e9 30
0x00007ffaeb59d3e2:   03 00 00 48 89 6c 24 40 48 8b eb 4c 3b fb 0f 84
0x00007ffaeb59d3f2:   75 02 00 00 44 8b 4f 28 48 8d 57 30 4c 89 64 24
0x00007ffaeb59d402:   50 0f 1f 40 00 66 0f 1f 84 00 00 00 00 00 8b 4b
0x00007ffaeb59d412:   28 48 8b 87 f8 09 00 00 48 8b 1c c8 4c 8d 04 c8
0x00007ffaeb59d422:   48 8b 43 08 48 83 38 00 75 2b 0f 1f 40 00 8b 43
0x00007ffaeb59d432:   28 41 3b c1 73 0b 8b c8 48 8b 02 48 8b 1c c8 eb
0x00007ffaeb59d442:   02 33 db 48 83 e3 fe 48 8d 57 30 48 8b 43 08 48
0x00007ffaeb59d452:   83 38 00 74 d9 49 89 18 8b 43 28 3b 47 28 73 0f
0x00007ffaeb59d462:   8b c8 48 8b 47 30 48 8b 34 c8 48 85 f6 75 07 48
0x00007ffaeb59d472:   8b b7 90 09 00 00 48 85 ed 75 24 4c 8d 0d 2c e1
0x00007ffaeb59d482:   36 00 ba b0 03 00 00 4c 8d 05 30 e1 36 00 48 8d
0x00007ffaeb59d492:   0d a9 ee 35 00 e8 14 5e cc ff e8 bf 5b 0f 00 8b
0x00007ffaeb59d4a2:   45 28 44 8b 4f 28 41 3b c1 73 13 8b c8 48 8d 57
0x00007ffaeb59d4b2:   30 48 8b 47 30 4c 8b 04 c8 4d 85 c0 75 0b 4c 8b
0x00007ffaeb59d4c2:   87 90 09 00 00 48 8d 57 30 41 0f b7 40 58 48 8b
0x00007ffaeb59d4d2:   cb 66 39 46 58 48 0f 43 cd 48 8b e9 4c 3b fb 0f
0x00007ffaeb59d4e2:   85 29 ff ff ff 49 3b cf 0f 84 76 01 00 00 8b 41
0x00007ffaeb59d4f2:   2c 48 8b f1 24 0f 3c 08 75 68 0f 1f 40 00 33 d2
0x00007ffaeb59d502:   48 8b ce e8 46 4b 0c 00 48 85 c0 74 55 48 8b c8
0x00007ffaeb59d512:   e8 59 d3 c2 ff 85 c0 79 49 f7 d0 c1 f8 03 83 e0 


Stack slot to memory mapping:
stack at sp + 0 slots: 0x000000a9eeafab50 is pointing into the stack for thread: 0x000002422e88f1f0
stack at sp + 1 slots: 0x000002422f72e9f8 points into unknown readable memory: 0x00007ffaeb9550b0 | b0 50 95 eb fa 7f 00 00
stack at sp + 2 slots: 0x000002422f93b9f0 points into unknown readable memory: 0x00007ffaeb86f640 | 40 f6 86 eb fa 7f 00 00
stack at sp + 3 slots: 0x000002422f72dbe0 points into unknown readable memory: 0x00007ffaeb8d5100 | 00 51 8d eb fa 7f 00 00
stack at sp + 4 slots: 0x0000000000000006 is an unknown value
stack at sp + 5 slots: 0x000000a9eeafa838 is pointing into the stack for thread: 0x000002422e88f1f0
stack at sp + 6 slots: 0x000002422fa96428 points into unknown readable memory: 0x00007ffaeb8ed1c8 | c8 d1 8e eb fa 7f 00 00
stack at sp + 7 slots: 0x00007ffaeb59d134 jvm.dll


---------------  P R O C E S S  ---------------

Threads class SMR info:
_java_thread_list=0x000002422fb73c80, length=14, elements={
0x000002421083f9b0, 0x000002422e872480, 0x000002422e8759b0, 0x000002422e885e20,
0x000002422e8887f0, 0x000002422e889850, 0x000002422e88a8b0, 0x000002422e88f1f0,
0x000002422e895bc0, 0x000002422e8a0cd0, 0x000002422f480b60, 0x000002422f5ac390,
0x000002422f54bbf0, 0x000002422fba0820
}

Java Threads: ( => current thread )
  0x000002421083f9b0 JavaThread "main" [_thread_in_Java, id=26208, stack(0x000000a9edd00000,0x000000a9ede00000)]
  0x000002422e872480 JavaThread "Reference Handler" daemon [_thread_blocked, id=22104, stack(0x000000a9ee400000,0x000000a9ee500000)]
  0x000002422e8759b0 JavaThread "Finalizer" daemon [_thread_blocked, id=25040, stack(0x000000a9ee500000,0x000000a9ee600000)]
  0x000002422e885e20 JavaThread "Signal Dispatcher" daemon [_thread_blocked, id=17600, stack(0x000000a9ee600000,0x000000a9ee700000)]
  0x000002422e8887f0 JavaThread "Attach Listener" daemon [_thread_blocked, id=19916, stack(0x000000a9ee700000,0x000000a9ee800000)]
  0x000002422e889850 JavaThread "Service Thread" daemon [_thread_blocked, id=16988, stack(0x000000a9ee800000,0x000000a9ee900000)]
  0x000002422e88a8b0 JavaThread "Monitor Deflation Thread" daemon [_thread_blocked, id=7272, stack(0x000000a9ee900000,0x000000a9eea00000)]
=>0x000002422e88f1f0 JavaThread "C2 CompilerThread0" daemon [_thread_in_native, id=23476, stack(0x000000a9eea00000,0x000000a9eeb00000)]
  0x000002422e895bc0 JavaThread "C1 CompilerThread0" daemon [_thread_blocked, id=16372, stack(0x000000a9eeb00000,0x000000a9eec00000)]
  0x000002422e8a0cd0 JavaThread "Sweeper thread" daemon [_thread_blocked, id=1948, stack(0x000000a9eec00000,0x000000a9eed00000)]
  0x000002422f480b60 JavaThread "Common-Cleaner" daemon [_thread_blocked, id=25756, stack(0x000000a9eed00000,0x000000a9eee00000)]
  0x000002422f5ac390 JavaThread "Monitor Ctrl-Break" daemon [_thread_in_native, id=23356, stack(0x000000a9eee00000,0x000000a9eef00000)]
  0x000002422f54bbf0 JavaThread "Notification Thread" daemon [_thread_blocked, id=12032, stack(0x000000a9eef00000,0x000000a9ef000000)]
  0x000002422fba0820 JavaThread "C2 CompilerThread1" daemon [_thread_blocked, id=10168, stack(0x000000a9ef100000,0x000000a9ef200000)]

Other Threads:
  0x000002422e86cdd0 VMThread "VM Thread" [stack: 0x000000a9ee300000,0x000000a9ee400000] [id=7688]
  0x000002422f54d990 WatcherThread [stack: 0x000000a9ef000000,0x000000a9ef100000] [id=7964]
  0x0000024210899bc0 GCTaskThread "GC Thread#0" [stack: 0x000000a9ede00000,0x000000a9edf00000] [id=23964]
  0x000002422fc35a80 GCTaskThread "GC Thread#1" [stack: 0x000000a9ef200000,0x000000a9ef300000] [id=10836]
  0x000002422fc35d30 GCTaskThread "GC Thread#2" [stack: 0x000000a9ef300000,0x000000a9ef400000] [id=24752]
  0x000002422fc06190 GCTaskThread "GC Thread#3" [stack: 0x000000a9ef400000,0x000000a9ef500000] [id=27572]
  0x000002422fc07450 GCTaskThread "GC Thread#4" [stack: 0x000000a9ef500000,0x000000a9ef600000] [id=1944]
  0x000002422fbd9820 GCTaskThread "GC Thread#5" [stack: 0x000000a9ef600000,0x000000a9ef700000] [id=8504]
  0x00000242108ab520 ConcurrentGCThread "G1 Main Marker" [stack: 0x000000a9edf00000,0x000000a9ee000000] [id=24996]
  0x00000242108ac5e0 ConcurrentGCThread "G1 Conc#0" [stack: 0x000000a9ee000000,0x000000a9ee100000] [id=25212]
  0x0000024210914730 ConcurrentGCThread "G1 Refine#0" [stack: 0x000000a9ee100000,0x000000a9ee200000] [id=788]
  0x0000024210915060 ConcurrentGCThread "G1 Service" [stack: 0x000000a9ee200000,0x000000a9ee300000] [id=4708]

Threads with active compile tasks:
C2 CompilerThread0     1211 1119       4       geometries.Triangle::findGeoIntersectionsHelper (348 bytes)

VM state: not at safepoint (normal execution)

VM Mutex/Monitor currently owned by a thread: None

Heap address: 0x0000000082800000, size: 2008 MB, Compressed Oops mode: 32-bit

CDS archive(s) mapped at: [0x0000000800000000-0x0000000800bd0000-0x0000000800bd0000), size 12386304, SharedBaseAddress: 0x0000000800000000, ArchiveRelocationMode: 0.
Compressed class space mapped at: 0x0000000800c00000-0x0000000840c00000, reserved size: 1073741824
Narrow klass base: 0x0000000800000000, Narrow klass shift: 0, Narrow klass range: 0x100000000

GC Precious Log:
 CPUs: 8 total, 8 available
 Memory: 8027M
 Large Page Support: Disabled
 NUMA Support: Disabled
 Compressed Oops: Enabled (32-bit)
 Heap Region Size: 1M
 Heap Min Capacity: 8M
 Heap Initial Capacity: 126M
 Heap Max Capacity: 2008M
 Pre-touch: Disabled
 Parallel Workers: 8
 Concurrent Workers: 2
 Concurrent Refinement Workers: 8
 Periodic GC: Disabled

Heap:
 garbage-first heap   total 129024K, used 71098K [0x0000000082800000, 0x0000000100000000)
  region size 1024K, 68 young (69632K), 3 survivors (3072K)
 Metaspace       used 5254K, committed 5440K, reserved 1056768K
  class space    used 658K, committed 704K, reserved 1048576K

Heap Regions: E=young(eden), S=young(survivor), O=old, HS=humongous(starts), HC=humongous(continues), CS=collection set, F=free, OA=open archive, CA=closed archive, TAMS=top-at-mark-start (previous, next)
|   0|0x0000000082800000, 0x0000000082900000, 0x0000000082900000|100%|HS|  |TAMS 0x0000000082800000, 0x0000000082800000| Complete 
|   1|0x0000000082900000, 0x0000000082a00000, 0x0000000082a00000|100%|HC|  |TAMS 0x0000000082900000, 0x0000000082900000| Complete 
|   2|0x0000000082a00000, 0x0000000082b00000, 0x0000000082b00000|100%|HC|  |TAMS 0x0000000082a00000, 0x0000000082a00000| Complete 
|   3|0x0000000082b00000, 0x0000000082b00000, 0x0000000082c00000|  0%| F|  |TAMS 0x0000000082b00000, 0x0000000082b00000| Untracked 
|   4|0x0000000082c00000, 0x0000000082c00000, 0x0000000082d00000|  0%| F|  |TAMS 0x0000000082c00000, 0x0000000082c00000| Untracked 
|   5|0x0000000082d00000, 0x0000000082d00000, 0x0000000082e00000|  0%| F|  |TAMS 0x0000000082d00000, 0x0000000082d00000| Untracked 
|   6|0x0000000082e00000, 0x0000000082e00000, 0x0000000082f00000|  0%| F|  |TAMS 0x0000000082e00000, 0x0000000082e00000| Untracked 
|   7|0x0000000082f00000, 0x0000000082f00000, 0x0000000083000000|  0%| F|  |TAMS 0x0000000082f00000, 0x0000000082f00000| Untracked 
|   8|0x0000000083000000, 0x0000000083000000, 0x0000000083100000|  0%| F|  |TAMS 0x0000000083000000, 0x0000000083000000| Untracked 
|   9|0x0000000083100000, 0x0000000083100000, 0x0000000083200000|  0%| F|  |TAMS 0x0000000083100000, 0x0000000083100000| Untracked 
|  10|0x0000000083200000, 0x0000000083200000, 0x0000000083300000|  0%| F|  |TAMS 0x0000000083200000, 0x0000000083200000| Untracked 
|  11|0x0000000083300000, 0x0000000083300000, 0x0000000083400000|  0%| F|  |TAMS 0x0000000083300000, 0x0000000083300000| Untracked 
|  12|0x0000000083400000, 0x0000000083400000, 0x0000000083500000|  0%| F|  |TAMS 0x0000000083400000, 0x0000000083400000| Untracked 
|  13|0x0000000083500000, 0x0000000083500000, 0x0000000083600000|  0%| F|  |TAMS 0x0000000083500000, 0x0000000083500000| Untracked 
|  14|0x0000000083600000, 0x0000000083600000, 0x0000000083700000|  0%| F|  |TAMS 0x0000000083600000, 0x0000000083600000| Untracked 
|  15|0x0000000083700000, 0x0000000083700000, 0x0000000083800000|  0%| F|  |TAMS 0x0000000083700000, 0x0000000083700000| Untracked 
|  16|0x0000000083800000, 0x0000000083800000, 0x0000000083900000|  0%| F|  |TAMS 0x0000000083800000, 0x0000000083800000| Untracked 
|  17|0x0000000083900000, 0x0000000083900000, 0x0000000083a00000|  0%| F|  |TAMS 0x0000000083900000, 0x0000000083900000| Untracked 
|  18|0x0000000083a00000, 0x0000000083a00000, 0x0000000083b00000|  0%| F|  |TAMS 0x0000000083a00000, 0x0000000083a00000| Untracked 
|  19|0x0000000083b00000, 0x0000000083b00000, 0x0000000083c00000|  0%| F|  |TAMS 0x0000000083b00000, 0x0000000083b00000| Untracked 
|  20|0x0000000083c00000, 0x0000000083c00000, 0x0000000083d00000|  0%| F|  |TAMS 0x0000000083c00000, 0x0000000083c00000| Untracked 
|  21|0x0000000083d00000, 0x0000000083d00000, 0x0000000083e00000|  0%| F|  |TAMS 0x0000000083d00000, 0x0000000083d00000| Untracked 
|  22|0x0000000083e00000, 0x0000000083e00000, 0x0000000083f00000|  0%| F|  |TAMS 0x0000000083e00000, 0x0000000083e00000| Untracked 
|  23|0x0000000083f00000, 0x0000000083f00000, 0x0000000084000000|  0%| F|  |TAMS 0x0000000083f00000, 0x0000000083f00000| Untracked 
|  24|0x0000000084000000, 0x0000000084000000, 0x0000000084100000|  0%| F|  |TAMS 0x0000000084000000, 0x0000000084000000| Untracked 
|  25|0x0000000084100000, 0x0000000084100000, 0x0000000084200000|  0%| F|  |TAMS 0x0000000084100000, 0x0000000084100000| Untracked 
|  26|0x0000000084200000, 0x0000000084200000, 0x0000000084300000|  0%| F|  |TAMS 0x0000000084200000, 0x0000000084200000| Untracked 
|  27|0x0000000084300000, 0x0000000084300000, 0x0000000084400000|  0%| F|  |TAMS 0x0000000084300000, 0x0000000084300000| Untracked 
|  28|0x0000000084400000, 0x0000000084400000, 0x0000000084500000|  0%| F|  |TAMS 0x0000000084400000, 0x0000000084400000| Untracked 
|  29|0x0000000084500000, 0x0000000084500000, 0x0000000084600000|  0%| F|  |TAMS 0x0000000084500000, 0x0000000084500000| Untracked 
|  30|0x0000000084600000, 0x0000000084600000, 0x0000000084700000|  0%| F|  |TAMS 0x0000000084600000, 0x0000000084600000| Untracked 
|  31|0x0000000084700000, 0x0000000084700000, 0x0000000084800000|  0%| F|  |TAMS 0x0000000084700000, 0x0000000084700000| Untracked 
|  32|0x0000000084800000, 0x0000000084800000, 0x0000000084900000|  0%| F|  |TAMS 0x0000000084800000, 0x0000000084800000| Untracked 
|  33|0x0000000084900000, 0x0000000084900000, 0x0000000084a00000|  0%| F|  |TAMS 0x0000000084900000, 0x0000000084900000| Untracked 
|  34|0x0000000084a00000, 0x0000000084a00000, 0x0000000084b00000|  0%| F|  |TAMS 0x0000000084a00000, 0x0000000084a00000| Untracked 
|  35|0x0000000084b00000, 0x0000000084b00000, 0x0000000084c00000|  0%| F|  |TAMS 0x0000000084b00000, 0x0000000084b00000| Untracked 
|  36|0x0000000084c00000, 0x0000000084c00000, 0x0000000084d00000|  0%| F|  |TAMS 0x0000000084c00000, 0x0000000084c00000| Untracked 
|  37|0x0000000084d00000, 0x0000000084d00000, 0x0000000084e00000|  0%| F|  |TAMS 0x0000000084d00000, 0x0000000084d00000| Untracked 
|  38|0x0000000084e00000, 0x0000000084e00000, 0x0000000084f00000|  0%| F|  |TAMS 0x0000000084e00000, 0x0000000084e00000| Untracked 
|  39|0x0000000084f00000, 0x0000000084f00000, 0x0000000085000000|  0%| F|  |TAMS 0x0000000084f00000, 0x0000000084f00000| Untracked 
|  40|0x0000000085000000, 0x0000000085000000, 0x0000000085100000|  0%| F|  |TAMS 0x0000000085000000, 0x0000000085000000| Untracked 
|  41|0x0000000085100000, 0x0000000085100000, 0x0000000085200000|  0%| F|  |TAMS 0x0000000085100000, 0x0000000085100000| Untracked 
|  42|0x0000000085200000, 0x0000000085200000, 0x0000000085300000|  0%| F|  |TAMS 0x0000000085200000, 0x0000000085200000| Untracked 
|  43|0x0000000085300000, 0x0000000085300000, 0x0000000085400000|  0%| F|  |TAMS 0x0000000085300000, 0x0000000085300000| Untracked 
|  44|0x0000000085400000, 0x0000000085400000, 0x0000000085500000|  0%| F|  |TAMS 0x0000000085400000, 0x0000000085400000| Untracked 
|  45|0x0000000085500000, 0x0000000085500000, 0x0000000085600000|  0%| F|  |TAMS 0x0000000085500000, 0x0000000085500000| Untracked 
|  46|0x0000000085600000, 0x0000000085600000, 0x0000000085700000|  0%| F|  |TAMS 0x0000000085600000, 0x0000000085600000| Untracked 
|  47|0x0000000085700000, 0x0000000085700000, 0x0000000085800000|  0%| F|  |TAMS 0x0000000085700000, 0x0000000085700000| Untracked 
|  48|0x0000000085800000, 0x0000000085800000, 0x0000000085900000|  0%| F|  |TAMS 0x0000000085800000, 0x0000000085800000| Untracked 
|  49|0x0000000085900000, 0x0000000085900000, 0x0000000085a00000|  0%| F|  |TAMS 0x0000000085900000, 0x0000000085900000| Untracked 
|  50|0x0000000085a00000, 0x0000000085a00000, 0x0000000085b00000|  0%| F|  |TAMS 0x0000000085a00000, 0x0000000085a00000| Untracked 
|  51|0x0000000085b00000, 0x0000000085b6eb20, 0x0000000085c00000| 43%| S|CS|TAMS 0x0000000085b00000, 0x0000000085b00000| Complete 
|  52|0x0000000085c00000, 0x0000000085d00000, 0x0000000085d00000|100%| S|CS|TAMS 0x0000000085c00000, 0x0000000085c00000| Complete 
|  53|0x0000000085d00000, 0x0000000085e00000, 0x0000000085e00000|100%| S|CS|TAMS 0x0000000085d00000, 0x0000000085d00000| Complete 
|  54|0x0000000085e00000, 0x0000000085e00000, 0x0000000085f00000|  0%| F|  |TAMS 0x0000000085e00000, 0x0000000085e00000| Untracked 
|  55|0x0000000085f00000, 0x0000000085f00000, 0x0000000086000000|  0%| F|  |TAMS 0x0000000085f00000, 0x0000000085f00000| Untracked 
|  56|0x0000000086000000, 0x0000000086000000, 0x0000000086100000|  0%| F|  |TAMS 0x0000000086000000, 0x0000000086000000| Untracked 
|  57|0x0000000086100000, 0x0000000086100000, 0x0000000086200000|  0%| F|  |TAMS 0x0000000086100000, 0x0000000086100000| Untracked 
|  58|0x0000000086200000, 0x0000000086280800, 0x0000000086300000| 50%| E|  |TAMS 0x0000000086200000, 0x0000000086200000| Complete 
|  59|0x0000000086300000, 0x0000000086400000, 0x0000000086400000|100%| E|CS|TAMS 0x0000000086300000, 0x0000000086300000| Complete 
|  60|0x0000000086400000, 0x0000000086500000, 0x0000000086500000|100%| E|CS|TAMS 0x0000000086400000, 0x0000000086400000| Complete 
|  61|0x0000000086500000, 0x0000000086600000, 0x0000000086600000|100%| E|CS|TAMS 0x0000000086500000, 0x0000000086500000| Complete 
|  62|0x0000000086600000, 0x0000000086700000, 0x0000000086700000|100%| E|CS|TAMS 0x0000000086600000, 0x0000000086600000| Complete 
|  63|0x0000000086700000, 0x0000000086800000, 0x0000000086800000|100%| E|CS|TAMS 0x0000000086700000, 0x0000000086700000| Complete 
|  64|0x0000000086800000, 0x0000000086900000, 0x0000000086900000|100%| E|CS|TAMS 0x0000000086800000, 0x0000000086800000| Complete 
|  65|0x0000000086900000, 0x0000000086a00000, 0x0000000086a00000|100%| E|CS|TAMS 0x0000000086900000, 0x0000000086900000| Complete 
|  66|0x0000000086a00000, 0x0000000086b00000, 0x0000000086b00000|100%| E|CS|TAMS 0x0000000086a00000, 0x0000000086a00000| Complete 
|  67|0x0000000086b00000, 0x0000000086c00000, 0x0000000086c00000|100%| E|CS|TAMS 0x0000000086b00000, 0x0000000086b00000| Complete 
|  68|0x0000000086c00000, 0x0000000086d00000, 0x0000000086d00000|100%| E|CS|TAMS 0x0000000086c00000, 0x0000000086c00000| Complete 
|  69|0x0000000086d00000, 0x0000000086e00000, 0x0000000086e00000|100%| E|CS|TAMS 0x0000000086d00000, 0x0000000086d00000| Complete 
|  70|0x0000000086e00000, 0x0000000086f00000, 0x0000000086f00000|100%| E|CS|TAMS 0x0000000086e00000, 0x0000000086e00000| Complete 
|  71|0x0000000086f00000, 0x0000000087000000, 0x0000000087000000|100%| E|CS|TAMS 0x0000000086f00000, 0x0000000086f00000| Complete 
|  72|0x0000000087000000, 0x0000000087100000, 0x0000000087100000|100%| E|CS|TAMS 0x0000000087000000, 0x0000000087000000| Complete 
|  73|0x0000000087100000, 0x0000000087200000, 0x0000000087200000|100%| E|CS|TAMS 0x0000000087100000, 0x0000000087100000| Complete 
|  74|0x0000000087200000, 0x0000000087300000, 0x0000000087300000|100%| E|CS|TAMS 0x0000000087200000, 0x0000000087200000| Complete 
|  75|0x0000000087300000, 0x0000000087400000, 0x0000000087400000|100%| E|CS|TAMS 0x0000000087300000, 0x0000000087300000| Complete 
|  76|0x0000000087400000, 0x0000000087500000, 0x0000000087500000|100%| E|CS|TAMS 0x0000000087400000, 0x0000000087400000| Complete 
|  77|0x0000000087500000, 0x0000000087600000, 0x0000000087600000|100%| E|CS|TAMS 0x0000000087500000, 0x0000000087500000| Complete 
|  78|0x0000000087600000, 0x0000000087700000, 0x0000000087700000|100%| E|CS|TAMS 0x0000000087600000, 0x0000000087600000| Complete 
|  79|0x0000000087700000, 0x0000000087800000, 0x0000000087800000|100%| E|CS|TAMS 0x0000000087700000, 0x0000000087700000| Complete 
|  80|0x0000000087800000, 0x0000000087900000, 0x0000000087900000|100%| E|CS|TAMS 0x0000000087800000, 0x0000000087800000| Complete 
|  81|0x0000000087900000, 0x0000000087a00000, 0x0000000087a00000|100%| E|CS|TAMS 0x0000000087900000, 0x0000000087900000| Complete 
|  82|0x0000000087a00000, 0x0000000087b00000, 0x0000000087b00000|100%| E|CS|TAMS 0x0000000087a00000, 0x0000000087a00000| Complete 
|  83|0x0000000087b00000, 0x0000000087c00000, 0x0000000087c00000|100%| E|CS|TAMS 0x0000000087b00000, 0x0000000087b00000| Complete 
|  84|0x0000000087c00000, 0x0000000087d00000, 0x0000000087d00000|100%| E|CS|TAMS 0x0000000087c00000, 0x0000000087c00000| Complete 
|  85|0x0000000087d00000, 0x0000000087e00000, 0x0000000087e00000|100%| E|CS|TAMS 0x0000000087d00000, 0x0000000087d00000| Complete 
|  86|0x0000000087e00000, 0x0000000087f00000, 0x0000000087f00000|100%| E|CS|TAMS 0x0000000087e00000, 0x0000000087e00000| Complete 
|  87|0x0000000087f00000, 0x0000000088000000, 0x0000000088000000|100%| E|CS|TAMS 0x0000000087f00000, 0x0000000087f00000| Complete 
|  88|0x0000000088000000, 0x0000000088100000, 0x0000000088100000|100%| E|CS|TAMS 0x0000000088000000, 0x0000000088000000| Complete 
|  89|0x0000000088100000, 0x0000000088200000, 0x0000000088200000|100%| E|CS|TAMS 0x0000000088100000, 0x0000000088100000| Complete 
|  90|0x0000000088200000, 0x0000000088300000, 0x0000000088300000|100%| E|CS|TAMS 0x0000000088200000, 0x0000000088200000| Complete 
|  91|0x0000000088300000, 0x0000000088400000, 0x0000000088400000|100%| E|CS|TAMS 0x0000000088300000, 0x0000000088300000| Complete 
|  92|0x0000000088400000, 0x0000000088500000, 0x0000000088500000|100%| E|CS|TAMS 0x0000000088400000, 0x0000000088400000| Complete 
|  93|0x0000000088500000, 0x0000000088600000, 0x0000000088600000|100%| E|CS|TAMS 0x0000000088500000, 0x0000000088500000| Complete 
|  94|0x0000000088600000, 0x0000000088700000, 0x0000000088700000|100%| E|CS|TAMS 0x0000000088600000, 0x0000000088600000| Complete 
|  95|0x0000000088700000, 0x0000000088800000, 0x0000000088800000|100%| E|CS|TAMS 0x0000000088700000, 0x0000000088700000| Complete 
|  96|0x0000000088800000, 0x0000000088900000, 0x0000000088900000|100%| E|CS|TAMS 0x0000000088800000, 0x0000000088800000| Complete 
|  97|0x0000000088900000, 0x0000000088a00000, 0x0000000088a00000|100%| E|CS|TAMS 0x0000000088900000, 0x0000000088900000| Complete 
|  98|0x0000000088a00000, 0x0000000088b00000, 0x0000000088b00000|100%| E|CS|TAMS 0x0000000088a00000, 0x0000000088a00000| Complete 
|  99|0x0000000088b00000, 0x0000000088c00000, 0x0000000088c00000|100%| E|CS|TAMS 0x0000000088b00000, 0x0000000088b00000| Complete 
| 100|0x0000000088c00000, 0x0000000088d00000, 0x0000000088d00000|100%| E|CS|TAMS 0x0000000088c00000, 0x0000000088c00000| Complete 
| 101|0x0000000088d00000, 0x0000000088e00000, 0x0000000088e00000|100%| E|CS|TAMS 0x0000000088d00000, 0x0000000088d00000| Complete 
| 102|0x0000000088e00000, 0x0000000088f00000, 0x0000000088f00000|100%| E|CS|TAMS 0x0000000088e00000, 0x0000000088e00000| Complete 
| 103|0x0000000088f00000, 0x0000000089000000, 0x0000000089000000|100%| E|CS|TAMS 0x0000000088f00000, 0x0000000088f00000| Complete 
| 104|0x0000000089000000, 0x0000000089100000, 0x0000000089100000|100%| E|CS|TAMS 0x0000000089000000, 0x0000000089000000| Complete 
| 105|0x0000000089100000, 0x0000000089200000, 0x0000000089200000|100%| E|CS|TAMS 0x0000000089100000, 0x0000000089100000| Complete 
| 106|0x0000000089200000, 0x0000000089300000, 0x0000000089300000|100%| E|CS|TAMS 0x0000000089200000, 0x0000000089200000| Complete 
| 107|0x0000000089300000, 0x0000000089400000, 0x0000000089400000|100%| E|CS|TAMS 0x0000000089300000, 0x0000000089300000| Complete 
| 108|0x0000000089400000, 0x0000000089500000, 0x0000000089500000|100%| E|CS|TAMS 0x0000000089400000, 0x0000000089400000| Complete 
| 109|0x0000000089500000, 0x0000000089600000, 0x0000000089600000|100%| E|CS|TAMS 0x0000000089500000, 0x0000000089500000| Complete 
| 110|0x0000000089600000, 0x0000000089700000, 0x0000000089700000|100%| E|CS|TAMS 0x0000000089600000, 0x0000000089600000| Complete 
| 111|0x0000000089700000, 0x0000000089800000, 0x0000000089800000|100%| E|CS|TAMS 0x0000000089700000, 0x0000000089700000| Complete 
| 112|0x0000000089800000, 0x0000000089900000, 0x0000000089900000|100%| E|CS|TAMS 0x0000000089800000, 0x0000000089800000| Complete 
| 113|0x0000000089900000, 0x0000000089a00000, 0x0000000089a00000|100%| E|CS|TAMS 0x0000000089900000, 0x0000000089900000| Complete 
| 114|0x0000000089a00000, 0x0000000089b00000, 0x0000000089b00000|100%| E|CS|TAMS 0x0000000089a00000, 0x0000000089a00000| Complete 
| 115|0x0000000089b00000, 0x0000000089c00000, 0x0000000089c00000|100%| E|CS|TAMS 0x0000000089b00000, 0x0000000089b00000| Complete 
| 116|0x0000000089c00000, 0x0000000089d00000, 0x0000000089d00000|100%| E|CS|TAMS 0x0000000089c00000, 0x0000000089c00000| Complete 
| 117|0x0000000089d00000, 0x0000000089e00000, 0x0000000089e00000|100%| E|CS|TAMS 0x0000000089d00000, 0x0000000089d00000| Complete 
| 118|0x0000000089e00000, 0x0000000089f00000, 0x0000000089f00000|100%| E|CS|TAMS 0x0000000089e00000, 0x0000000089e00000| Complete 
| 119|0x0000000089f00000, 0x000000008a000000, 0x000000008a000000|100%| E|CS|TAMS 0x0000000089f00000, 0x0000000089f00000| Complete 
| 120|0x000000008a000000, 0x000000008a100000, 0x000000008a100000|100%| E|CS|TAMS 0x000000008a000000, 0x000000008a000000| Complete 
| 121|0x000000008a100000, 0x000000008a200000, 0x000000008a200000|100%| E|CS|TAMS 0x000000008a100000, 0x000000008a100000| Complete 
| 122|0x000000008a200000, 0x000000008a300000, 0x000000008a300000|100%| E|CS|TAMS 0x000000008a200000, 0x000000008a200000| Complete 
| 123|0x000000008a300000, 0x000000008a400000, 0x000000008a400000|100%| E|CS|TAMS 0x000000008a300000, 0x000000008a300000| Complete 
| 124|0x000000008a400000, 0x000000008a500000, 0x000000008a500000|100%| E|CS|TAMS 0x000000008a400000, 0x000000008a400000| Complete 
| 125|0x000000008a500000, 0x000000008a600000, 0x000000008a600000|100%| E|CS|TAMS 0x000000008a500000, 0x000000008a500000| Complete 

Card table byte_map: [0x00000242277f0000,0x0000024227be0000] _byte_map_base: 0x00000242273dc000

Marking Bits (Prev, Next): (CMBitMap*) 0x000002421089b0f0, (CMBitMap*) 0x000002421089b130
 Prev Bits: [0x0000024227fd0000, 0x0000024229f30000)
 Next Bits: [0x0000024229f30000, 0x000002422be90000)

Polling page: 0x0000024210020000

Metaspace:

Usage:
  Non-class:      4.49 MB used.
      Class:    658.36 KB used.
       Both:      5.13 MB used.

Virtual space:
  Non-class space:        8.00 MB reserved,       4.62 MB ( 58%) committed,  1 nodes.
      Class space:        1.00 GB reserved,     704.00 KB ( <1%) committed,  1 nodes.
             Both:        1.01 GB reserved,       5.31 MB ( <1%) committed. 

Chunk freelists:
   Non-Class:  2.10 MB
       Class:  3.31 MB
        Both:  5.42 MB

MaxMetaspaceSize: unlimited
CompressedClassSpaceSize: 1.00 GB
Initial GC threshold: 21.00 MB
Current GC threshold: 21.00 MB
CDS: on
MetaspaceReclaimPolicy: balanced
 - commit_granule_bytes: 65536.
 - commit_granule_words: 8192.
 - virtual_space_node_default_size: 1048576.
 - enlarge_chunks_in_place: 1.
 - new_chunks_are_fully_committed: 0.
 - uncommit_free_chunks: 1.
 - use_allocation_guard: 0.
 - handle_deallocations: 1.


Internal statistics:

num_allocs_failed_limit: 0.
num_arena_births: 130.
num_arena_deaths: 0.
num_vsnodes_births: 2.
num_vsnodes_deaths: 0.
num_space_committed: 85.
num_space_uncommitted: 0.
num_chunks_returned_to_freelist: 0.
num_chunks_taken_from_freelist: 314.
num_chunk_merges: 0.
num_chunk_splits: 154.
num_chunks_enlarged: 86.
num_purges: 0.
num_inconsistent_stats: 0.

CodeHeap 'non-profiled nmethods': size=120000Kb used=361Kb max_used=361Kb free=119638Kb
 bounds [0x000002421fba0000, 0x000002421fe10000, 0x00000242270d0000]
CodeHeap 'profiled nmethods': size=120000Kb used=2044Kb max_used=2044Kb free=117955Kb
 bounds [0x00000242180d0000, 0x0000024218340000, 0x000002421f600000]
CodeHeap 'non-nmethods': size=5760Kb used=1155Kb max_used=1179Kb free=4604Kb
 bounds [0x000002421f600000, 0x000002421f870000, 0x000002421fba0000]
 total_blobs=1604 nmethods=1157 adapters=360
 compilation: enabled
              stopped_count=0, restarted_count=0
 full_count=0

Compilation events (20 events):
Event: 0.897 Thread 0x000002422e895bc0 nmethod 1111 0x00000242182b7510 code [0x00000242182b76c0, 0x00000242182b78e8]
Event: 0.897 Thread 0x000002422e895bc0 1112   !   3       java.lang.ref.ReferenceQueue::enqueue (119 bytes)
Event: 0.897 Thread 0x000002422e88f1f0 1116       4       java.util.ImmutableCollections$List12::get (35 bytes)
Event: 0.898 Thread 0x000002422e895bc0 nmethod 1112 0x00000242182b7990 code [0x00000242182b7b80, 0x00000242182b8248]
Event: 0.898 Thread 0x000002422e895bc0 1114   !   3       java.lang.ref.ReferenceQueue::remove (125 bytes)
Event: 0.898 Thread 0x000002422fba0820 1117       4       java.util.LinkedList$ListItr::next (56 bytes)
Event: 0.899 Thread 0x000002422e88f1f0 nmethod 1116 0x000002421fbf3f10 code [0x000002421fbf40a0, 0x000002421fbf4188]
Event: 0.899 Thread 0x000002422e895bc0 nmethod 1114 0x00000242182b8410 code [0x00000242182b8620, 0x00000242182b8dd8]
Event: 0.899 Thread 0x000002422e88f1f0 1118       4       primitives.Point::add (21 bytes)
Event: 0.899 Thread 0x000002422e895bc0 1115   !   3       jdk.internal.ref.PhantomCleanable::isListEmpty (34 bytes)
Event: 0.899 Thread 0x000002422e895bc0 nmethod 1115 0x00000242182b9110 code [0x00000242182b92a0, 0x00000242182b94f8]
Event: 0.901 Thread 0x000002422e88f1f0 nmethod 1118 0x000002421fbf4290 code [0x000002421fbf4420, 0x000002421fbf45f8]
Event: 0.901 Thread 0x000002422e88f1f0 1119       4       geometries.Triangle::findGeoIntersectionsHelper (348 bytes)
Event: 0.903 Thread 0x000002422fba0820 nmethod 1117 0x000002421fbf4790 code [0x000002421fbf4920, 0x000002421fbf4bf8]
Event: 0.903 Thread 0x000002422fba0820 1120       4       geometries.Plane::findGeoIntersectionsHelper (100 bytes)
Event: 0.922 Thread 0x000002422fba0820 nmethod 1120 0x000002421fbf4d10 code [0x000002421fbf4f00, 0x000002421fbf5658]
Event: 0.996 Thread 0x000002422e895bc0 1121 %     3       geometries.Geometries::findGeoIntersectionsHelper @ 12 (90 bytes)
Event: 0.997 Thread 0x000002422e895bc0 nmethod 1121% 0x00000242182b9610 code [0x00000242182b9880, 0x00000242182ba4e8]
Event: 0.999 Thread 0x000002422e895bc0 1122       3       geometries.Geometries::findGeoIntersectionsHelper (90 bytes)
Event: 0.999 Thread 0x000002422e895bc0 nmethod 1122 0x00000242182ba910 code [0x00000242182bab80, 0x00000242182bb728]

GC Heap History (4 events):
Event: 0.888 GC heap before
{Heap before GC invocations=0 (full 0):
 garbage-first heap   total 129024K, used 26624K [0x0000000082800000, 0x0000000100000000)
  region size 1024K, 23 young (23552K), 0 survivors (0K)
 Metaspace       used 5045K, committed 5184K, reserved 1056768K
  class space    used 644K, committed 704K, reserved 1048576K
}
Event: 0.896 GC heap after
{Heap after GC invocations=1 (full 0):
 garbage-first heap   total 129024K, used 5546K [0x0000000082800000, 0x0000000100000000)
  region size 1024K, 3 young (3072K), 3 survivors (3072K)
 Metaspace       used 5045K, committed 5184K, reserved 1056768K
  class space    used 644K, committed 704K, reserved 1048576K
}
Event: 0.939 GC heap before
{Heap before GC invocations=1 (full 0):
 garbage-first heap   total 129024K, used 40362K [0x0000000082800000, 0x0000000100000000)
  region size 1024K, 37 young (37888K), 3 survivors (3072K)
 Metaspace       used 5048K, committed 5184K, reserved 1056768K
  class space    used 644K, committed 704K, reserved 1048576K
}
Event: 0.944 GC heap after
{Heap after GC invocations=2 (full 0):
 garbage-first heap   total 129024K, used 5416K [0x0000000082800000, 0x0000000100000000)
  region size 1024K, 3 young (3072K), 3 survivors (3072K)
 Metaspace       used 5048K, committed 5184K, reserved 1056768K
  class space    used 644K, committed 704K, reserved 1048576K
}

Deoptimization events (20 events):
Event: 0.750 Thread 0x000002421083f9b0 Uncommon trap: trap_request=0xffffffde fr.pc=0x000002421fbe50c8 relative=0x0000000000000128
Event: 0.750 Thread 0x000002421083f9b0 Uncommon trap: reason=class_check action=maybe_recompile pc=0x000002421fbe50c8 method=jdk.internal.misc.Unsafe.allocateUninitializedArray(Ljava/lang/Class;I)Ljava/lang/Object; @ 51 c2
Event: 0.750 Thread 0x000002421083f9b0 DEOPT PACKING pc=0x000002421fbe50c8 sp=0x000000a9eddfcb00
Event: 0.750 Thread 0x000002421083f9b0 DEOPT UNPACKING pc=0x000002421f6523a3 sp=0x000000a9eddfca88 mode 2
Event: 0.750 Thread 0x000002421083f9b0 Uncommon trap: trap_request=0xffffffde fr.pc=0x000002421fbe50c8 relative=0x0000000000000128
Event: 0.750 Thread 0x000002421083f9b0 Uncommon trap: reason=class_check action=maybe_recompile pc=0x000002421fbe50c8 method=jdk.internal.misc.Unsafe.allocateUninitializedArray(Ljava/lang/Class;I)Ljava/lang/Object; @ 51 c2
Event: 0.750 Thread 0x000002421083f9b0 DEOPT PACKING pc=0x000002421fbe50c8 sp=0x000000a9eddfc950
Event: 0.750 Thread 0x000002421083f9b0 DEOPT UNPACKING pc=0x000002421f6523a3 sp=0x000000a9eddfc8d8 mode 2
Event: 0.840 Thread 0x000002421083f9b0 Uncommon trap: trap_request=0xffffff45 fr.pc=0x000002421fbd5748 relative=0x0000000000000048
Event: 0.840 Thread 0x000002421083f9b0 Uncommon trap: reason=unstable_if action=reinterpret pc=0x000002421fbd5748 method=java.lang.CharacterData.of(I)Ljava/lang/CharacterData; @ 4 c2
Event: 0.840 Thread 0x000002421083f9b0 DEOPT PACKING pc=0x000002421fbd5748 sp=0x000000a9eddfb970
Event: 0.840 Thread 0x000002421083f9b0 DEOPT UNPACKING pc=0x000002421f6523a3 sp=0x000000a9eddfb910 mode 2
Event: 0.844 Thread 0x000002421083f9b0 Uncommon trap: trap_request=0xffffff45 fr.pc=0x000002421fba91b4 relative=0x00000000000001b4
Event: 0.844 Thread 0x000002421083f9b0 Uncommon trap: reason=unstable_if action=reinterpret pc=0x000002421fba91b4 method=java.lang.String.isLatin1()Z @ 10 c2
Event: 0.844 Thread 0x000002421083f9b0 DEOPT PACKING pc=0x000002421fba91b4 sp=0x000000a9eddfc1e0
Event: 0.844 Thread 0x000002421083f9b0 DEOPT UNPACKING pc=0x000002421f6523a3 sp=0x000000a9eddfc110 mode 2
Event: 0.857 Thread 0x000002421083f9b0 Uncommon trap: trap_request=0xffffff45 fr.pc=0x000002421fbedb70 relative=0x00000000000000d0
Event: 0.857 Thread 0x000002421083f9b0 Uncommon trap: reason=unstable_if action=reinterpret pc=0x000002421fbedb70 method=primitives.Double3.equals(Ljava/lang/Object;)Z @ 46 c2
Event: 0.857 Thread 0x000002421083f9b0 DEOPT PACKING pc=0x000002421fbedb70 sp=0x000000a9eddfc1d0
Event: 0.857 Thread 0x000002421083f9b0 DEOPT UNPACKING pc=0x000002421f6523a3 sp=0x000000a9eddfc168 mode 2

Classes unloaded (0 events):
No events

Classes redefined (0 events):
No events

Internal exceptions (20 events):
Event: 0.551 Thread 0x000002421083f9b0 Exception <a 'java/lang/IncompatibleClassChangeError'{0x0000000089cd2230}: Found class java.lang.Object, but interface was expected> (0x0000000089cd2230) 
thrown [s\open\src\hotspot\share\interpreter\linkResolver.cpp, line 826]
Event: 0.558 Thread 0x000002421083f9b0 Exception <a 'java/lang/NoSuchMethodError'{0x0000000089ced6d0}: 'java.lang.Object java.lang.invoke.DirectMethodHandle$Holder.invokeStatic(java.lang.Object, java.lang.Object, int)'> (0x0000000089ced6d0) 
thrown [s\open\src\hotspot\share\interpreter\linkResolver.cpp, line 759]
Event: 0.572 Thread 0x000002421083f9b0 Exception <a 'java/lang/NoSuchMethodError'{0x0000000089b41878}: 'void java.lang.invoke.DirectMethodHandle$Holder.invokeSpecial(java.lang.Object, java.lang.Object, java.lang.Object, java.lang.Object, java.lang.Object)'> (0x0000000089b41878) 
thrown [s\open\src\hotspot\share\interpreter\linkResolver.cpp, line 759]
Event: 0.589 Thread 0x000002421083f9b0 Exception <a 'java/lang/NoSuchMethodError'{0x0000000089b9d128}: 'void java.lang.invoke.DirectMethodHandle$Holder.invokeInterface(java.lang.Object, java.lang.Object, java.lang.Object, java.lang.Object)'> (0x0000000089b9d128) 
thrown [s\open\src\hotspot\share\interpreter\linkResolver.cpp, line 759]
Event: 0.590 Thread 0x000002421083f9b0 Exception <a 'java/lang/IncompatibleClassChangeError'{0x0000000089ba0a50}: Found class java.lang.Object, but interface was expected> (0x0000000089ba0a50) 
thrown [s\open\src\hotspot\share\interpreter\linkResolver.cpp, line 826]
Event: 0.598 Thread 0x000002421083f9b0 Exception <a 'java/lang/NoSuchMethodError'{0x0000000089bc5e10}: 'void java.lang.invoke.DirectMethodHandle$Holder.invokeStatic(java.lang.Object, java.lang.Object, java.lang.Object, java.lang.Object)'> (0x0000000089bc5e10) 
thrown [s\open\src\hotspot\share\interpreter\linkResolver.cpp, line 759]
Event: 0.603 Thread 0x000002421083f9b0 Exception <a 'java/lang/NoSuchMethodError'{0x0000000089be75b8}: 'java.lang.Object java.lang.invoke.DirectMethodHandle$Holder.newInvokeSpecial(java.lang.Object, java.lang.Object, int)'> (0x0000000089be75b8) 
thrown [s\open\src\hotspot\share\interpreter\linkResolver.cpp, line 759]
Event: 0.630 Thread 0x000002421083f9b0 Exception <a 'java/lang/NoSuchMethodError'{0x0000000089a5b868}: 'int java.lang.invoke.DirectMethodHandle$Holder.invokeStatic(java.lang.Object, java.lang.Object, java.lang.Object, java.lang.Object)'> (0x0000000089a5b868) 
thrown [s\open\src\hotspot\share\interpreter\linkResolver.cpp, line 759]
Event: 0.631 Thread 0x000002421083f9b0 Exception <a 'java/lang/NoSuchMethodError'{0x0000000089a5f1e8}: 'java.lang.Object java.lang.invoke.Invokers$Holder.invokeExact_MT(java.lang.Object, java.lang.Object, java.lang.Object, java.lang.Object, java.lang.Object, java.lang.Object)'> (0x0000000089a5f1e8) 
thrown [s\open\src\hotspot\share\interpreter\linkResolver.cpp, line 759]
Event: 0.635 Thread 0x000002421083f9b0 Exception <a 'java/lang/NoSuchMethodError'{0x0000000089a6ef58}: 'int java.lang.invoke.DirectMethodHandle$Holder.invokeStatic(java.lang.Object, java.lang.Object, java.lang.Object, java.lang.Object, java.lang.Object)'> (0x0000000089a6ef58) 
thrown [s\open\src\hotspot\share\interpreter\linkResolver.cpp, line 759]
Event: 0.653 Thread 0x000002421083f9b0 Exception <a 'java/lang/NoSuchMethodError'{0x0000000089ab5dd8}: 'void java.lang.invoke.DirectMethodHandle$Holder.invokeStaticInit(java.lang.Object)'> (0x0000000089ab5dd8) 
thrown [s\open\src\hotspot\share\interpreter\linkResolver.cpp, line 759]
Event: 0.698 Thread 0x000002421083f9b0 Exception <a 'java/lang/NoSuchMethodError'{0x00000000899ae418}: 'int java.lang.invoke.DirectMethodHandle$Holder.invokeStaticInit(java.lang.Object, java.lang.Object)'> (0x00000000899ae418) 
thrown [s\open\src\hotspot\share\interpreter\linkResolver.cpp, line 759]
Event: 0.710 Thread 0x000002421083f9b0 Exception <a 'java/lang/NoSuchMethodError'{0x00000000899eee18}: 'int java.lang.invoke.DirectMethodHandle$Holder.invokeInterface(java.lang.Object, java.lang.Object)'> (0x00000000899eee18) 
thrown [s\open\src\hotspot\share\interpreter\linkResolver.cpp, line 759]
Event: 0.751 Thread 0x000002421083f9b0 Exception <a 'java/lang/NoSuchMethodError'{0x00000000898c2a28}: 'java.lang.Object java.lang.invoke.DirectMethodHandle$Holder.newInvokeSpecial(java.lang.Object, java.lang.Object, java.lang.Object, java.lang.Object, java.lang.Object, java.lang.Object, java.lang.Object)'> (0x00000000898c2a28) 
thrown [s\open\src\hotspot\share\interpreter\linkResolver.cpp, line 759]
Event: 0.752 Thread 0x000002421083f9b0 Exception <a 'java/lang/NoSuchMethodError'{0x00000000898c75e0}: 'java.lang.Object java.lang.invoke.Invokers$Holder.linkToTargetMethod(java.lang.Object, java.lang.Object, java.lang.Object, java.lang.Object, java.lang.Object, java.lang.Object, java.lang.Object)'> (0x00000000898c75e0) 
thrown [s\open\src\hotspot\share\interpreter\linkResolver.cpp, line 759]
Event: 0.755 Thread 0x000002421083f9b0 Exception <a 'java/lang/NoSuchMethodError'{0x00000000898d7e88}: 'java.lang.Object java.lang.invoke.DirectMethodHandle$Holder.invokeInterface(java.lang.Object, java.lang.Object, java.lang.Object, java.lang.Object, java.lang.Object)'> (0x00000000898d7e88) 
thrown [s\open\src\hotspot\share\interpreter\linkResolver.cpp, line 759]
Event: 0.756 Thread 0x000002421083f9b0 Exception <a 'java/lang/IncompatibleClassChangeError'{0x00000000898dbc80}: Found class java.lang.Object, but interface was expected> (0x00000000898dbc80) 
thrown [s\open\src\hotspot\share\interpreter\linkResolver.cpp, line 826]
Event: 0.787 Thread 0x000002421083f9b0 Exception <a 'java/lang/ClassNotFoundException'{0x00000000897178b0}: sun/awt/resources/spi/awtProvider> (0x00000000897178b0) 
thrown [s\open\src\hotspot\share\classfile\systemDictionary.cpp, line 256]
Event: 0.806 Thread 0x000002421083f9b0 Exception <a 'java/io/FileNotFoundException'{0x000000008975d418}> (0x000000008975d418) 
thrown [s\open\src\hotspot\share\prims\jni.cpp, line 516]
Event: 0.816 Thread 0x000002421083f9b0 Exception <a 'java/io/FileNotFoundException'{0x000000008978a890}> (0x000000008978a890) 
thrown [s\open\src\hotspot\share\prims\jni.cpp, line 516]

VM Operations (12 events):
Event: 0.164 Executing VM operation: HandshakeAllThreads
Event: 0.164 Executing VM operation: HandshakeAllThreads done
Event: 0.267 Executing VM operation: HandshakeAllThreads
Event: 0.267 Executing VM operation: HandshakeAllThreads done
Event: 0.763 Executing VM operation: HandshakeAllThreads
Event: 0.763 Executing VM operation: HandshakeAllThreads done
Event: 0.840 Executing VM operation: HandshakeAllThreads
Event: 0.840 Executing VM operation: HandshakeAllThreads done
Event: 0.888 Executing VM operation: G1CollectForAllocation
Event: 0.896 Executing VM operation: G1CollectForAllocation done
Event: 0.939 Executing VM operation: G1CollectForAllocation
Event: 0.944 Executing VM operation: G1CollectForAllocation done

Events (20 events):
Event: 0.817 loading class java/awt/Insets done
Event: 0.817 loading class java/awt/GraphicsEnvironment
Event: 0.817 loading class java/awt/GraphicsEnvironment done
Event: 0.817 loading class sun/awt/PlatformGraphicsInfo
Event: 0.817 loading class sun/awt/PlatformGraphicsInfo done
Event: 0.818 loading class java/util/MissingResourceException
Event: 0.818 loading class java/util/MissingResourceException done
Event: 0.840 loading class java/time/format/DateTimeParseException
Event: 0.840 loading class java/time/DateTimeException
Event: 0.840 loading class java/time/DateTimeException done
Event: 0.840 loading class java/time/format/DateTimeParseException done
Event: 0.844 loading class java/util/concurrent/atomic/AtomicReference
Event: 0.844 loading class java/util/concurrent/atomic/AtomicReference done
Event: 0.858 loading class java/util/LinkedList$ListItr
Event: 0.859 loading class java/util/LinkedList$ListItr done
Event: 0.863 Thread 0x000002422fba0820 Thread added: 0x000002422fba0820
Event: 0.867 loading class java/awt/Color
Event: 0.867 loading class java/awt/Paint
Event: 0.867 loading class java/awt/Paint done
Event: 0.867 loading class java/awt/Color done


Dynamic libraries:
0x00007ff61a1e0000 - 0x00007ff61a1f0000 	C:\Program Files\Java\jdk-17\bin\java.exe
0x00007ffb30990000 - 0x00007ffb30b88000 	C:\WINDOWS\SYSTEM32\ntdll.dll
0x00007ffb2ef40000 - 0x00007ffb2efff000 	C:\WINDOWS\System32\KERNEL32.DLL
0x00007ffb2e0a0000 - 0x00007ffb2e396000 	C:\WINDOWS\System32\KERNELBASE.dll
0x00007ffb2e3a0000 - 0x00007ffb2e4a0000 	C:\WINDOWS\System32\ucrtbase.dll
0x00007ffb29b70000 - 0x00007ffb29b88000 	C:\Program Files\Java\jdk-17\bin\jli.dll
0x00007ffb29b90000 - 0x00007ffb29bab000 	C:\Program Files\Java\jdk-17\bin\VCRUNTIME140.dll
0x00007ffb2f6e0000 - 0x00007ffb2f78f000 	C:\WINDOWS\System32\ADVAPI32.dll
0x00007ffb2f800000 - 0x00007ffb2f89e000 	C:\WINDOWS\System32\msvcrt.dll
0x00007ffb307d0000 - 0x00007ffb3086c000 	C:\WINDOWS\System32\sechost.dll
0x00007ffb2ee00000 - 0x00007ffb2ef26000 	C:\WINDOWS\System32\RPCRT4.dll
0x00007ffb30170000 - 0x00007ffb3030d000 	C:\WINDOWS\System32\USER32.dll
0x00007ffb2e070000 - 0x00007ffb2e092000 	C:\WINDOWS\System32\win32u.dll
0x00007ffb1e430000 - 0x00007ffb1e6ca000 	C:\WINDOWS\WinSxS\amd64_microsoft.windows.common-controls_6595b64144ccf1df_6.0.19041.1110_none_60b5254171f9507e\COMCTL32.dll
0x00007ffb306c0000 - 0x00007ffb306ec000 	C:\WINDOWS\System32\GDI32.dll
0x00007ffb2e720000 - 0x00007ffb2e835000 	C:\WINDOWS\System32\gdi32full.dll
0x00007ffb2e610000 - 0x00007ffb2e6ad000 	C:\WINDOWS\System32\msvcp_win.dll
0x00007ffb24980000 - 0x00007ffb2498a000 	C:\WINDOWS\SYSTEM32\VERSION.dll
0x00007ffb30920000 - 0x00007ffb30950000 	C:\WINDOWS\System32\IMM32.DLL
0x00007ffb28060000 - 0x00007ffb2806c000 	C:\Program Files\Java\jdk-17\bin\vcruntime140_1.dll
0x00007ffb1a8c0000 - 0x00007ffb1a94e000 	C:\Program Files\Java\jdk-17\bin\msvcp140.dll
0x00007ffaeb020000 - 0x00007ffaebbf7000 	C:\Program Files\Java\jdk-17\bin\server\jvm.dll
0x00007ffb306b0000 - 0x00007ffb306b8000 	C:\WINDOWS\System32\PSAPI.DLL
0x00007ffb045b0000 - 0x00007ffb045d7000 	C:\WINDOWS\SYSTEM32\WINMM.dll
0x00007ffad8920000 - 0x00007ffad8929000 	C:\WINDOWS\SYSTEM32\WSOCK32.dll
0x00007ffb2f790000 - 0x00007ffb2f7fb000 	C:\WINDOWS\System32\WS2_32.dll
0x00007ffb2c8b0000 - 0x00007ffb2c8c2000 	C:\WINDOWS\SYSTEM32\kernel.appcore.dll
0x00007ffb27d30000 - 0x00007ffb27d3a000 	C:\Program Files\Java\jdk-17\bin\jimage.dll
0x00007ffb2c690000 - 0x00007ffb2c874000 	C:\WINDOWS\SYSTEM32\DBGHELP.DLL
0x00007ffb1e3a0000 - 0x00007ffb1e3d4000 	C:\WINDOWS\SYSTEM32\dbgcore.DLL
0x00007ffb2e580000 - 0x00007ffb2e602000 	C:\WINDOWS\System32\bcryptPrimitives.dll
0x00007ffb27d20000 - 0x00007ffb27d2e000 	C:\Program Files\Java\jdk-17\bin\instrument.dll
0x00007ffb23950000 - 0x00007ffb23975000 	C:\Program Files\Java\jdk-17\bin\java.dll
0x00007ffb1a560000 - 0x00007ffb1a637000 	C:\Program Files\Java\jdk-17\bin\jsvml.dll
0x00007ffb2f9c0000 - 0x00007ffb30104000 	C:\WINDOWS\System32\SHELL32.dll
0x00007ffb2bef0000 - 0x00007ffb2c683000 	C:\WINDOWS\SYSTEM32\windows.storage.dll
0x00007ffb2e9f0000 - 0x00007ffb2ed44000 	C:\WINDOWS\System32\combase.dll
0x00007ffb2d9e0000 - 0x00007ffb2da0e000 	C:\WINDOWS\SYSTEM32\Wldp.dll
0x00007ffb2ed50000 - 0x00007ffb2edfd000 	C:\WINDOWS\System32\SHCORE.dll
0x00007ffb30310000 - 0x00007ffb30365000 	C:\WINDOWS\System32\shlwapi.dll
0x00007ffb2dfb0000 - 0x00007ffb2dfcf000 	C:\WINDOWS\SYSTEM32\profapi.dll
0x00007ffb23890000 - 0x00007ffb238a8000 	C:\Program Files\Java\jdk-17\bin\zip.dll
0x00007ffb26ba0000 - 0x00007ffb26bb9000 	C:\Program Files\Java\jdk-17\bin\net.dll
0x00007ffb25110000 - 0x00007ffb2521a000 	C:\WINDOWS\SYSTEM32\WINHTTP.dll
0x00007ffb2d740000 - 0x00007ffb2d7aa000 	C:\WINDOWS\system32\mswsock.dll
0x00007ffb245c0000 - 0x00007ffb245d6000 	C:\Program Files\Java\jdk-17\bin\nio.dll
0x00007ffb1e410000 - 0x00007ffb1e42a000 	C:\Program Files\JetBrains\IntelliJ IDEA Community Edition 2022.3.2\bin\breakgen64.dll
0x00007ffb13c80000 - 0x00007ffb13e11000 	C:\Program Files\Java\jdk-17\bin\awt.dll
0x00007ffb2f610000 - 0x00007ffb2f6dd000 	C:\WINDOWS\System32\OLEAUT32.dll
0x00007ffb2b580000 - 0x00007ffb2b611000 	C:\WINDOWS\SYSTEM32\apphelp.dll

dbghelp: loaded successfully - version: 4.0.5 - missing functions: none
symbol engine: initialized successfully - sym options: 0x614 - pdb path: .;C:\Program Files\Java\jdk-17\bin;C:\WINDOWS\SYSTEM32;C:\WINDOWS\WinSxS\amd64_microsoft.windows.common-controls_6595b64144ccf1df_6.0.19041.1110_none_60b5254171f9507e;C:\Program Files\Java\jdk-17\bin\server;C:\Program Files\JetBrains\IntelliJ IDEA Community Edition 2022.3.2\bin

VM Arguments:
jvm_args: -ea -Didea.test.cyclic.buffer.size=1048576 -javaagent:C:\Program Files\JetBrains\IntelliJ IDEA Community Edition 2022.3.2\lib\idea_rt.jar=7414:C:\Program Files\JetBrains\IntelliJ IDEA Community Edition 2022.3.2\bin -Dfile.encoding=UTF-8 
java_command: com.intellij.rt.junit.JUnitStarter -ideVersion5 -junit5 unittests.special.TeapotTest
java_class_path (initial): C:\Users\admin\.m2\repository\org\junit\platform\junit-platform-launcher\1.9.2\junit-platform-launcher-1.9.2.jar;C:\Program Files\JetBrains\IntelliJ IDEA Community Edition 2022.3.2\lib\idea_rt.jar;C:\Program Files\JetBrains\IntelliJ IDEA Community Edition 2022.3.2\plugins\junit\lib\junit5-rt.jar;C:\Program Files\JetBrains\IntelliJ IDEA Community Edition 2022.3.2\plugins\junit\lib\junit-rt.jar;C:\Google drive\Programs\ISE5783_5876\out\test\ISE5783_5876_5801;C:\Google drive\Programs\ISE5783_5876\out\production\ISE5783_5876_5801;C:\Users\admin\.m2\repository\org\junit\jupiter\junit-jupiter\5.9.2\junit-jupiter-5.9.2.jar;C:\Users\admin\.m2\repository\org\junit\jupiter\junit-jupiter-api\5.9.2\junit-jupiter-api-5.9.2.jar;C:\Users\admin\.m2\repository\org\opentest4j\opentest4j\1.2.0\opentest4j-1.2.0.jar;C:\Users\admin\.m2\repository\org\junit\platform\junit-platform-commons\1.9.2\junit-platform-commons-1.9.2.jar;C:\Users\admin\.m2\repository\org\apiguardian\apiguardian-api\1.1.2\apiguardian-api-1.1.2.jar;C:\Users\admin\.m2\repository\org\junit\jupiter\junit-jupiter-params\5.9.2\junit-jupiter-params-5.9.2.jar;C:\Users\admin\.m2\repository\org\junit\jupiter\junit-jupiter-engine\5.9.2\junit-jupiter-engine-5.9.2.jar;C:\Users\admin\.m2\repository\org\junit\platform\junit-platform-engine\1.9.2\junit-platform-engine-1.9.2.jar
Launcher Type: SUN_STANDARD

[Global flags]
     intx CICompilerCount                          = 4                                         {product} {ergonomic}
     uint ConcGCThreads                            = 2                                         {product} {ergonomic}
     uint G1ConcRefinementThreads                  = 8                                         {product} {ergonomic}
   size_t G1HeapRegionSize                         = 1048576                                   {product} {ergonomic}
    uintx GCDrainStackTargetSize                   = 64                                        {product} {ergonomic}
   size_t InitialHeapSize                          = 132120576                                 {product} {ergonomic}
   size_t MarkStackSize                            = 4194304                                   {product} {ergonomic}
   size_t MaxHeapSize                              = 2105540608                                {product} {ergonomic}
   size_t MaxNewSize                               = 1262485504                                {product} {ergonomic}
   size_t MinHeapDeltaBytes                        = 1048576                                   {product} {ergonomic}
   size_t MinHeapSize                              = 8388608                                   {product} {ergonomic}
    uintx NonNMethodCodeHeapSize                   = 5839372                                {pd product} {ergonomic}
    uintx NonProfiledCodeHeapSize                  = 122909434                              {pd product} {ergonomic}
    uintx ProfiledCodeHeapSize                     = 122909434                              {pd product} {ergonomic}
    uintx ReservedCodeCacheSize                    = 251658240                              {pd product} {ergonomic}
     bool SegmentedCodeCache                       = true                                      {product} {ergonomic}
   size_t SoftMaxHeapSize                          = 2105540608                             {manageable} {ergonomic}
     bool UseCompressedClassPointers               = true                           {product lp64_product} {ergonomic}
     bool UseCompressedOops                        = true                           {product lp64_product} {ergonomic}
     bool UseG1GC                                  = true                                      {product} {ergonomic}
     bool UseLargePagesIndividualAllocation        = false                                  {pd product} {ergonomic}

Logging:
Log output configuration:
 #0: stdout all=warning uptime,level,tags
 #1: stderr all=off uptime,level,tags

Environment Variables:
JAVA_HOME=C:\Program Files\Java\jdk-17
PATH=C:\Program Files\Common Files\Oracle\Java\javapath;C:\Program Files (x86)\Common Files\Oracle\Java\javapath;C:\WINDOWS\system32;C:\WINDOWS;C:\WINDOWS\System32\Wbem;C:\WINDOWS\System32\WindowsPowerShell\v1.0\;C:\WINDOWS\System32\OpenSSH\;C:\Program Files\dotnet\;C:\Program Files (x86)\PuTTY\;C:\Program Files\PuTTY\;C:\Program Files\Git\cmd;C:\Users\admin\AppData\Local\Programs\Python\Python39\Scripts\;C:\Users\admin\AppData\Local\Programs\Python\Python39\;C:\Users\admin\AppData\Local\Microsoft\WindowsApps;C:\Users\admin\.dotnet\tools;C:\Users\admin\AppData\Local\Programs\Microsoft VS Code\bin;C:\Program Files\Java\jdk-17\bin;
USERNAME=admin
OS=Windows_NT
PROCESSOR_IDENTIFIER=Intel64 Family 6 Model 142 Stepping 12, GenuineIntel



---------------  S Y S T E M  ---------------

OS:
 Windows 10 , 64 bit Build 19041 (10.0.19041.3031)
OS uptime: 9 days 5:28 hours

CPU: total 8 (initial active 8) (4 cores per cpu, 2 threads per core) family 6 model 142 stepping 12 microcode 0xca, cx8, cmov, fxsr, ht, mmx, 3dnowpref, sse, sse2, sse3, ssse3, sse4.1, sse4.2, popcnt, lzcnt, tsc, tscinvbit, avx, avx2, aes, erms, clmul, bmi1, bmi2, adx, fma, vzeroupper, clflush, clflushopt

Memory: 4k page, system-wide physical 8027M (1475M free)
TotalPageFile size 22213M (AvailPageFile size 6183M)
current process WorkingSet (physical memory assigned to process): 133M, peak: 133M
current process commit charge ("private bytes"): 224M, peak: 224M

vm_info: Java HotSpot(TM) 64-Bit Server VM (17.0.6+9-LTS-190) for windows-amd64 JRE (17.0.6+9-LTS-190), built on Dec  6 2022 15:53:54 by "mach5one" with MS VC++ 17.1 (VS2022)

END.
