#
# A fatal error has been detected by the Java Runtime Environment:
#
#  EXCEPTION_ACCESS_VIOLATION (0xc0000005) at pc=0x00007ffaeb59d422, pid=21020, tid=20320
#
# JRE version: Java(TM) SE Runtime Environment (17.0.6+9) (build 17.0.6+9-LTS-190)
# Java VM: Java HotSpot(TM) 64-Bit Server VM (17.0.6+9-LTS-190, mixed mode, sharing, tiered, compressed oops, compressed class ptrs, g1 gc, windows-amd64)
# Problematic frame:
# V  [jvm.dll+0x57d422]
#
# No core dump will be written. Minidumps are not enabled by default on client versions of Windows
#
# If you would like to submit a bug report, please visit:
#   https://bugreport.java.com/bugreport/crash.jsp
#

---------------  S U M M A R Y ------------

Command Line: -ea -Didea.test.cyclic.buffer.size=1048576 -javaagent:C:\Program Files\JetBrains\IntelliJ IDEA Community Edition 2022.3.2\lib\idea_rt.jar=7405:C:\Program Files\JetBrains\IntelliJ IDEA Community Edition 2022.3.2\bin -Dfile.encoding=UTF-8 com.intellij.rt.junit.JUnitStarter -ideVersion5 -junit5 unittests.special.TeapotTest

Host: Intel(R) Core(TM) i5-10210U CPU @ 1.60GHz, 8 cores, 7G,  Windows 10 , 64 bit Build 19041 (10.0.19041.3031)
Time: Wed Jul  5 01:28:18 2023 West Bank Gaza Daylight Time elapsed time: 1.186195 seconds (0d 0h 0m 1s)

---------------  T H R E A D  ---------------

Current thread (0x00000281eaa19d60):  JavaThread "C2 CompilerThread1" daemon [_thread_in_native, id=20320, stack(0x000000973f200000,0x000000973f300000)]


Current CompileTask:
C2:   1186 1106       4       geometries.Triangle::findGeoIntersectionsHelper (348 bytes)

Stack: [0x000000973f200000,0x000000973f300000],  sp=0x000000973f2fa760,  free space=1001k
Native frames: (J=compiled Java code, j=interpreted, Vv=VM code, C=native code)
V  [jvm.dll+0x57d422]
V  [jvm.dll+0x57d134]
V  [jvm.dll+0x57c388]
V  [jvm.dll+0x21e142]
V  [jvm.dll+0x2177c5]
V  [jvm.dll+0x215109]
V  [jvm.dll+0x1a1730]
V  [jvm.dll+0x224b6e]
V  [jvm.dll+0x222f15]
V  [jvm.dll+0x78753c]
V  [jvm.dll+0x781a7a]
V  [jvm.dll+0x672375]
C  [ucrtbase.dll+0x21bb2]
C  [KERNEL32.DLL+0x17614]
C  [ntdll.dll+0x526f1]


siginfo: EXCEPTION_ACCESS_VIOLATION (0xc0000005), reading address 0x0000000000000008


Register to memory mapping:

RIP=0x00007ffaeb59d422 jvm.dll
RAX=0x00000281eb22cc70 points into unknown readable memory: 0x0000000000000000 | 00 00 00 00 00 00 00 00
RBX=0x0 is NULL
RCX=0x0 is NULL
RDX=0x000000973f2fabc0 is pointing into the stack for thread: 0x00000281eaa19d60
RSP=0x000000973f2fa760 is pointing into the stack for thread: 0x00000281eaa19d60
RBP=0x00000281ead9c880 points into unknown readable memory: 0x00007ffaeb8d5100 | 00 51 8d eb fa 7f 00 00
RSI=0x00000281eb1dcc90 points into unknown readable memory: 0x0000000000000000 | 00 00 00 00 00 00 00 00
RDI=0x000000973f2fab90 is pointing into the stack for thread: 0x00000281eaa19d60
R8 =0x00000281eb22cc70 points into unknown readable memory: 0x0000000000000000 | 00 00 00 00 00 00 00 00
R9 =0x0000000000002000 is an unknown value
R10=0xfefefefefefefeff is an unknown value
R11=0x8080808080808080 is an unknown value
R12=0x000000973f2fa858 is pointing into the stack for thread: 0x00000281eaa19d60
R13=0x000000973f2fa830 is pointing into the stack for thread: 0x00000281eaa19d60
R14=0x00000281ead9d698 points into unknown readable memory: 0x00007ffaeb9550b0 | b0 50 95 eb fa 7f 00 00
R15=0x00000281eacd8780 points into unknown readable memory: 0x00007ffaeb86f640 | 40 f6 86 eb fa 7f 00 00


Registers:
RAX=0x00000281eb22cc70, RBX=0x0000000000000000, RCX=0x0000000000000000, RDX=0x000000973f2fabc0
RSP=0x000000973f2fa760, RBP=0x00000281ead9c880, RSI=0x00000281eb1dcc90, RDI=0x000000973f2fab90
R8 =0x00000281eb22cc70, R9 =0x0000000000002000, R10=0xfefefefefefefeff, R11=0x8080808080808080
R12=0x000000973f2fa858, R13=0x000000973f2fa830, R14=0x00000281ead9d698, R15=0x00000281eacd8780
RIP=0x00007ffaeb59d422, EFLAGS=0x0000000000010202

Top of Stack: (sp=0x000000973f2fa760)
0x000000973f2fa760:   000000973f2fab90 00000281ead9d698
0x000000973f2fa770:   00000281eacd8780 00000281ead9c880
0x000000973f2fa780:   0000000000000006 000000973f2fa878
0x000000973f2fa790:   00000281eae33ba8 00007ffaeb59d134
0x000000973f2fa7a0:   000000000000000e 000000000000007e
0x000000973f2fa7b0:   000000973f2fa858 00000281ead9d698
0x000000973f2fa7c0:   00000281ea9e18f0 00000281ea9e18a0
0x000000973f2fa7d0:   00000281ea984d58 000000973f2fa900
0x000000973f2fa7e0:   00000281cbebccb0 0000000000000000
0x000000973f2fa7f0:   000000973f2fab90 00007ffaeb59c388
0x000000973f2fa800:   000000973f2fab90 0000000000000001
0x000000973f2fa810:   0000028100000006 000000973f2fa878
0x000000973f2fa820:   00000281c9d50000 00000281eb189d00
0x000000973f2fa830:   00000281ea9c97e0 0000000000000400
0x000000973f2fa840:   00000281eb24e770 000000000000024c
0x000000973f2fa850:   0000000000000000 0000028100000100 

Instructions: (pc=0x00007ffaeb59d422)
0x00007ffaeb59d322:   4a 0d 00 48 8b 47 30 48 c7 04 d8 00 00 00 00 48
0x00007ffaeb59d332:   83 c4 20 41 5e 5f 5b c3 49 8b d6 4c 89 7c 24 58
0x00007ffaeb59d342:   48 8b cf e8 26 c8 fe ff 45 33 c9 4c 8b c0 49 8b
0x00007ffaeb59d352:   d6 48 8b cf 4c 8b f8 e8 62 13 00 00 41 8b 4e 2c
0x00007ffaeb59d362:   48 8b d8 83 e1 3f 80 f9 30 75 19 49 3b c7 74 14
0x00007ffaeb59d372:   4c 8b c8 4d 8b c7 49 8b d6 48 8b cf e8 dd 3b 00
0x00007ffaeb59d382:   00 48 8b d8 48 89 74 24 48 48 85 db 75 55 41 8b
0x00007ffaeb59d392:   5e 28 3b 5f 28 72 0b 8b d3 48 8d 4f 20 e8 3c 4a
0x00007ffaeb59d3a2:   0d 00 48 8b 47 30 48 c7 04 d8 00 00 00 00 8b 9f
0x00007ffaeb59d3b2:   d0 09 00 00 8d 43 01 89 87 d0 09 00 00 3b 9f c0
0x00007ffaeb59d3c2:   09 00 00 72 0e 8b d3 48 8d 8f b8 09 00 00 e8 0b
0x00007ffaeb59d3d2:   4a 0d 00 48 8b 87 c8 09 00 00 4c 89 34 d8 e9 30
0x00007ffaeb59d3e2:   03 00 00 48 89 6c 24 40 48 8b eb 4c 3b fb 0f 84
0x00007ffaeb59d3f2:   75 02 00 00 44 8b 4f 28 48 8d 57 30 4c 89 64 24
0x00007ffaeb59d402:   50 0f 1f 40 00 66 0f 1f 84 00 00 00 00 00 8b 4b
0x00007ffaeb59d412:   28 48 8b 87 f8 09 00 00 48 8b 1c c8 4c 8d 04 c8
0x00007ffaeb59d422:   48 8b 43 08 48 83 38 00 75 2b 0f 1f 40 00 8b 43
0x00007ffaeb59d432:   28 41 3b c1 73 0b 8b c8 48 8b 02 48 8b 1c c8 eb
0x00007ffaeb59d442:   02 33 db 48 83 e3 fe 48 8d 57 30 48 8b 43 08 48
0x00007ffaeb59d452:   83 38 00 74 d9 49 89 18 8b 43 28 3b 47 28 73 0f
0x00007ffaeb59d462:   8b c8 48 8b 47 30 48 8b 34 c8 48 85 f6 75 07 48
0x00007ffaeb59d472:   8b b7 90 09 00 00 48 85 ed 75 24 4c 8d 0d 2c e1
0x00007ffaeb59d482:   36 00 ba b0 03 00 00 4c 8d 05 30 e1 36 00 48 8d
0x00007ffaeb59d492:   0d a9 ee 35 00 e8 14 5e cc ff e8 bf 5b 0f 00 8b
0x00007ffaeb59d4a2:   45 28 44 8b 4f 28 41 3b c1 73 13 8b c8 48 8d 57
0x00007ffaeb59d4b2:   30 48 8b 47 30 4c 8b 04 c8 4d 85 c0 75 0b 4c 8b
0x00007ffaeb59d4c2:   87 90 09 00 00 48 8d 57 30 41 0f b7 40 58 48 8b
0x00007ffaeb59d4d2:   cb 66 39 46 58 48 0f 43 cd 48 8b e9 4c 3b fb 0f
0x00007ffaeb59d4e2:   85 29 ff ff ff 49 3b cf 0f 84 76 01 00 00 8b 41
0x00007ffaeb59d4f2:   2c 48 8b f1 24 0f 3c 08 75 68 0f 1f 40 00 33 d2
0x00007ffaeb59d502:   48 8b ce e8 46 4b 0c 00 48 85 c0 74 55 48 8b c8
0x00007ffaeb59d512:   e8 59 d3 c2 ff 85 c0 79 49 f7 d0 c1 f8 03 83 e0 


Stack slot to memory mapping:
stack at sp + 0 slots: 0x000000973f2fab90 is pointing into the stack for thread: 0x00000281eaa19d60
stack at sp + 1 slots: 0x00000281ead9d698 points into unknown readable memory: 0x00007ffaeb9550b0 | b0 50 95 eb fa 7f 00 00
stack at sp + 2 slots: 0x00000281eacd8780 points into unknown readable memory: 0x00007ffaeb86f640 | 40 f6 86 eb fa 7f 00 00
stack at sp + 3 slots: 0x00000281ead9c880 points into unknown readable memory: 0x00007ffaeb8d5100 | 00 51 8d eb fa 7f 00 00
stack at sp + 4 slots: 0x0000000000000006 is an unknown value
stack at sp + 5 slots: 0x000000973f2fa878 is pointing into the stack for thread: 0x00000281eaa19d60
stack at sp + 6 slots: 0x00000281eae33ba8 points into unknown readable memory: 0x00007ffaeb8ed1c8 | c8 d1 8e eb fa 7f 00 00
stack at sp + 7 slots: 0x00007ffaeb59d134 jvm.dll


---------------  P R O C E S S  ---------------

Threads class SMR info:
_java_thread_list=0x00000281eaad9300, length=14, elements={
0x00000281cbece9f0, 0x00000281e9f2c790, 0x00000281e9f2d510, 0x00000281e9f3d1a0,
0x00000281e9f3dc60, 0x00000281e9f40d50, 0x00000281e9f42140, 0x00000281e9f52c10,
0x00000281e9f7b9e0, 0x00000281e9f7c2e0, 0x00000281e9f42610, 0x00000281eaa19d60,
0x00000281e9f43950, 0x00000281e9f42ae0
}

Java Threads: ( => current thread )
  0x00000281cbece9f0 JavaThread "main" [_thread_in_Java, id=24732, stack(0x000000973e100000,0x000000973e200000)]
  0x00000281e9f2c790 JavaThread "Reference Handler" daemon [_thread_blocked, id=16756, stack(0x000000973e800000,0x000000973e900000)]
  0x00000281e9f2d510 JavaThread "Finalizer" daemon [_thread_blocked, id=23000, stack(0x000000973e900000,0x000000973ea00000)]
  0x00000281e9f3d1a0 JavaThread "Signal Dispatcher" daemon [_thread_blocked, id=23980, stack(0x000000973ea00000,0x000000973eb00000)]
  0x00000281e9f3dc60 JavaThread "Attach Listener" daemon [_thread_blocked, id=16972, stack(0x000000973eb00000,0x000000973ec00000)]
  0x00000281e9f40d50 JavaThread "Service Thread" daemon [_thread_blocked, id=24064, stack(0x000000973ec00000,0x000000973ed00000)]
  0x00000281e9f42140 JavaThread "Monitor Deflation Thread" daemon [_thread_blocked, id=18532, stack(0x000000973ed00000,0x000000973ee00000)]
  0x00000281e9f52c10 JavaThread "C2 CompilerThread0" daemon [_thread_blocked, id=16668, stack(0x000000973ee00000,0x000000973ef00000)]
  0x00000281e9f7b9e0 JavaThread "C1 CompilerThread0" daemon [_thread_blocked, id=14276, stack(0x000000973ef00000,0x000000973f000000)]
  0x00000281e9f7c2e0 JavaThread "Sweeper thread" daemon [_thread_blocked, id=13288, stack(0x000000973f000000,0x000000973f100000)]
  0x00000281e9f42610 JavaThread "Common-Cleaner" daemon [_thread_blocked, id=26988, stack(0x000000973f100000,0x000000973f200000)]
=>0x00000281eaa19d60 JavaThread "C2 CompilerThread1" daemon [_thread_in_native, id=20320, stack(0x000000973f200000,0x000000973f300000)]
  0x00000281e9f43950 JavaThread "Monitor Ctrl-Break" daemon [_thread_in_native, id=3516, stack(0x000000973f300000,0x000000973f400000)]
  0x00000281e9f42ae0 JavaThread "Notification Thread" daemon [_thread_blocked, id=26952, stack(0x000000973f400000,0x000000973f500000)]

Other Threads:
  0x00000281e9f24fb0 VMThread "VM Thread" [stack: 0x000000973e700000,0x000000973e800000] [id=27308]
  0x00000281cbf45070 WatcherThread [stack: 0x000000973f500000,0x000000973f600000] [id=18116]
  0x00000281cbf28cf0 GCTaskThread "GC Thread#0" [stack: 0x000000973e200000,0x000000973e300000] [id=23536]
  0x00000281eb0193e0 GCTaskThread "GC Thread#1" [stack: 0x000000973f600000,0x000000973f700000] [id=27448]
  0x00000281eb11f600 GCTaskThread "GC Thread#2" [stack: 0x000000973f700000,0x000000973f800000] [id=25456]
  0x00000281eb081310 GCTaskThread "GC Thread#3" [stack: 0x000000973f800000,0x000000973f900000] [id=20536]
  0x00000281eb0815c0 GCTaskThread "GC Thread#4" [stack: 0x000000973f900000,0x000000973fa00000] [id=21956]
  0x00000281eb735c60 GCTaskThread "GC Thread#5" [stack: 0x000000973fa00000,0x000000973fb00000] [id=10012]
  0x00000281eb663090 GCTaskThread "GC Thread#6" [stack: 0x000000973fb00000,0x000000973fc00000] [id=12460]
  0x00000281eb663340 GCTaskThread "GC Thread#7" [stack: 0x000000973fc00000,0x000000973fd00000] [id=1800]
  0x00000281cbf3a650 ConcurrentGCThread "G1 Main Marker" [stack: 0x000000973e300000,0x000000973e400000] [id=3804]
  0x00000281cbf3b710 ConcurrentGCThread "G1 Conc#0" [stack: 0x000000973e400000,0x000000973e500000] [id=26508]
  0x00000281e9de34e0 ConcurrentGCThread "G1 Refine#0" [stack: 0x000000973e500000,0x000000973e600000] [id=24400]
  0x00000281e9de3e10 ConcurrentGCThread "G1 Service" [stack: 0x000000973e600000,0x000000973e700000] [id=16004]

Threads with active compile tasks:
C2 CompilerThread1     1239 1106       4       geometries.Triangle::findGeoIntersectionsHelper (348 bytes)

VM state: not at safepoint (normal execution)

VM Mutex/Monitor currently owned by a thread: None

Heap address: 0x0000000082800000, size: 2008 MB, Compressed Oops mode: 32-bit

CDS archive(s) mapped at: [0x0000000800000000-0x0000000800bd0000-0x0000000800bd0000), size 12386304, SharedBaseAddress: 0x0000000800000000, ArchiveRelocationMode: 0.
Compressed class space mapped at: 0x0000000800c00000-0x0000000840c00000, reserved size: 1073741824
Narrow klass base: 0x0000000800000000, Narrow klass shift: 0, Narrow klass range: 0x100000000

GC Precious Log:
 CPUs: 8 total, 8 available
 Memory: 8027M
 Large Page Support: Disabled
 NUMA Support: Disabled
 Compressed Oops: Enabled (32-bit)
 Heap Region Size: 1M
 Heap Min Capacity: 8M
 Heap Initial Capacity: 126M
 Heap Max Capacity: 2008M
 Pre-touch: Disabled
 Parallel Workers: 8
 Concurrent Workers: 2
 Concurrent Refinement Workers: 8
 Periodic GC: Disabled

Heap:
 garbage-first heap   total 129024K, used 16245K [0x0000000082800000, 0x0000000100000000)
  region size 1024K, 14 young (14336K), 3 survivors (3072K)
 Metaspace       used 5256K, committed 5440K, reserved 1056768K
  class space    used 658K, committed 704K, reserved 1048576K

Heap Regions: E=young(eden), S=young(survivor), O=old, HS=humongous(starts), HC=humongous(continues), CS=collection set, F=free, OA=open archive, CA=closed archive, TAMS=top-at-mark-start (previous, next)
|   0|0x0000000082800000, 0x0000000082900000, 0x0000000082900000|100%|HS|  |TAMS 0x0000000082800000, 0x0000000082800000| Complete 
|   1|0x0000000082900000, 0x0000000082a00000, 0x0000000082a00000|100%|HC|  |TAMS 0x0000000082900000, 0x0000000082900000| Complete 
|   2|0x0000000082a00000, 0x0000000082b00000, 0x0000000082b00000|100%|HC|  |TAMS 0x0000000082a00000, 0x0000000082a00000| Complete 
|   3|0x0000000082b00000, 0x0000000082b00000, 0x0000000082c00000|  0%| F|  |TAMS 0x0000000082b00000, 0x0000000082b00000| Untracked 
|   4|0x0000000082c00000, 0x0000000082c00000, 0x0000000082d00000|  0%| F|  |TAMS 0x0000000082c00000, 0x0000000082c00000| Untracked 
|   5|0x0000000082d00000, 0x0000000082d00000, 0x0000000082e00000|  0%| F|  |TAMS 0x0000000082d00000, 0x0000000082d00000| Untracked 
|   6|0x0000000082e00000, 0x0000000082e00000, 0x0000000082f00000|  0%| F|  |TAMS 0x0000000082e00000, 0x0000000082e00000| Untracked 
|   7|0x0000000082f00000, 0x0000000082f00000, 0x0000000083000000|  0%| F|  |TAMS 0x0000000082f00000, 0x0000000082f00000| Untracked 
|   8|0x0000000083000000, 0x0000000083000000, 0x0000000083100000|  0%| F|  |TAMS 0x0000000083000000, 0x0000000083000000| Untracked 
|   9|0x0000000083100000, 0x0000000083100000, 0x0000000083200000|  0%| F|  |TAMS 0x0000000083100000, 0x0000000083100000| Untracked 
|  10|0x0000000083200000, 0x0000000083200000, 0x0000000083300000|  0%| F|  |TAMS 0x0000000083200000, 0x0000000083200000| Untracked 
|  11|0x0000000083300000, 0x0000000083300000, 0x0000000083400000|  0%| F|  |TAMS 0x0000000083300000, 0x0000000083300000| Untracked 
|  12|0x0000000083400000, 0x0000000083400000, 0x0000000083500000|  0%| F|  |TAMS 0x0000000083400000, 0x0000000083400000| Untracked 
|  13|0x0000000083500000, 0x0000000083500000, 0x0000000083600000|  0%| F|  |TAMS 0x0000000083500000, 0x0000000083500000| Untracked 
|  14|0x0000000083600000, 0x0000000083600000, 0x0000000083700000|  0%| F|  |TAMS 0x0000000083600000, 0x0000000083600000| Untracked 
|  15|0x0000000083700000, 0x0000000083700000, 0x0000000083800000|  0%| F|  |TAMS 0x0000000083700000, 0x0000000083700000| Untracked 
|  16|0x0000000083800000, 0x0000000083800000, 0x0000000083900000|  0%| F|  |TAMS 0x0000000083800000, 0x0000000083800000| Untracked 
|  17|0x0000000083900000, 0x0000000083900000, 0x0000000083a00000|  0%| F|  |TAMS 0x0000000083900000, 0x0000000083900000| Untracked 
|  18|0x0000000083a00000, 0x0000000083a00000, 0x0000000083b00000|  0%| F|  |TAMS 0x0000000083a00000, 0x0000000083a00000| Untracked 
|  19|0x0000000083b00000, 0x0000000083b00000, 0x0000000083c00000|  0%| F|  |TAMS 0x0000000083b00000, 0x0000000083b00000| Untracked 
|  20|0x0000000083c00000, 0x0000000083c00000, 0x0000000083d00000|  0%| F|  |TAMS 0x0000000083c00000, 0x0000000083c00000| Untracked 
|  21|0x0000000083d00000, 0x0000000083d00000, 0x0000000083e00000|  0%| F|  |TAMS 0x0000000083d00000, 0x0000000083d00000| Untracked 
|  22|0x0000000083e00000, 0x0000000083e00000, 0x0000000083f00000|  0%| F|  |TAMS 0x0000000083e00000, 0x0000000083e00000| Untracked 
|  23|0x0000000083f00000, 0x0000000083f00000, 0x0000000084000000|  0%| F|  |TAMS 0x0000000083f00000, 0x0000000083f00000| Untracked 
|  24|0x0000000084000000, 0x0000000084000000, 0x0000000084100000|  0%| F|  |TAMS 0x0000000084000000, 0x0000000084000000| Untracked 
|  25|0x0000000084100000, 0x0000000084100000, 0x0000000084200000|  0%| F|  |TAMS 0x0000000084100000, 0x0000000084100000| Untracked 
|  26|0x0000000084200000, 0x0000000084200000, 0x0000000084300000|  0%| F|  |TAMS 0x0000000084200000, 0x0000000084200000| Untracked 
|  27|0x0000000084300000, 0x0000000084300000, 0x0000000084400000|  0%| F|  |TAMS 0x0000000084300000, 0x0000000084300000| Untracked 
|  28|0x0000000084400000, 0x0000000084400000, 0x0000000084500000|  0%| F|  |TAMS 0x0000000084400000, 0x0000000084400000| Untracked 
|  29|0x0000000084500000, 0x0000000084500000, 0x0000000084600000|  0%| F|  |TAMS 0x0000000084500000, 0x0000000084500000| Untracked 
|  30|0x0000000084600000, 0x0000000084600000, 0x0000000084700000|  0%| F|  |TAMS 0x0000000084600000, 0x0000000084600000| Untracked 
|  31|0x0000000084700000, 0x0000000084700000, 0x0000000084800000|  0%| F|  |TAMS 0x0000000084700000, 0x0000000084700000| Untracked 
|  32|0x0000000084800000, 0x0000000084800000, 0x0000000084900000|  0%| F|  |TAMS 0x0000000084800000, 0x0000000084800000| Untracked 
|  33|0x0000000084900000, 0x0000000084900000, 0x0000000084a00000|  0%| F|  |TAMS 0x0000000084900000, 0x0000000084900000| Untracked 
|  34|0x0000000084a00000, 0x0000000084a00000, 0x0000000084b00000|  0%| F|  |TAMS 0x0000000084a00000, 0x0000000084a00000| Untracked 
|  35|0x0000000084b00000, 0x0000000084b00000, 0x0000000084c00000|  0%| F|  |TAMS 0x0000000084b00000, 0x0000000084b00000| Untracked 
|  36|0x0000000084c00000, 0x0000000084c00000, 0x0000000084d00000|  0%| F|  |TAMS 0x0000000084c00000, 0x0000000084c00000| Untracked 
|  37|0x0000000084d00000, 0x0000000084d00000, 0x0000000084e00000|  0%| F|  |TAMS 0x0000000084d00000, 0x0000000084d00000| Untracked 
|  38|0x0000000084e00000, 0x0000000084e00000, 0x0000000084f00000|  0%| F|  |TAMS 0x0000000084e00000, 0x0000000084e00000| Untracked 
|  39|0x0000000084f00000, 0x0000000084f00000, 0x0000000085000000|  0%| F|  |TAMS 0x0000000084f00000, 0x0000000084f00000| Untracked 
|  40|0x0000000085000000, 0x0000000085000000, 0x0000000085100000|  0%| F|  |TAMS 0x0000000085000000, 0x0000000085000000| Untracked 
|  41|0x0000000085100000, 0x0000000085100000, 0x0000000085200000|  0%| F|  |TAMS 0x0000000085100000, 0x0000000085100000| Untracked 
|  42|0x0000000085200000, 0x0000000085200000, 0x0000000085300000|  0%| F|  |TAMS 0x0000000085200000, 0x0000000085200000| Untracked 
|  43|0x0000000085300000, 0x0000000085300000, 0x0000000085400000|  0%| F|  |TAMS 0x0000000085300000, 0x0000000085300000| Untracked 
|  44|0x0000000085400000, 0x0000000085400000, 0x0000000085500000|  0%| F|  |TAMS 0x0000000085400000, 0x0000000085400000| Untracked 
|  45|0x0000000085500000, 0x0000000085500000, 0x0000000085600000|  0%| F|  |TAMS 0x0000000085500000, 0x0000000085500000| Untracked 
|  46|0x0000000085600000, 0x0000000085600000, 0x0000000085700000|  0%| F|  |TAMS 0x0000000085600000, 0x0000000085600000| Untracked 
|  47|0x0000000085700000, 0x0000000085700000, 0x0000000085800000|  0%| F|  |TAMS 0x0000000085700000, 0x0000000085700000| Untracked 
|  48|0x0000000085800000, 0x0000000085800000, 0x0000000085900000|  0%| F|  |TAMS 0x0000000085800000, 0x0000000085800000| Untracked 
|  49|0x0000000085900000, 0x0000000085900000, 0x0000000085a00000|  0%| F|  |TAMS 0x0000000085900000, 0x0000000085900000| Untracked 
|  50|0x0000000085a00000, 0x0000000085a00000, 0x0000000085b00000|  0%| F|  |TAMS 0x0000000085a00000, 0x0000000085a00000| Untracked 
|  51|0x0000000085b00000, 0x0000000085bdd730, 0x0000000085c00000| 86%| S|CS|TAMS 0x0000000085b00000, 0x0000000085b00000| Complete 
|  52|0x0000000085c00000, 0x0000000085d00000, 0x0000000085d00000|100%| S|CS|TAMS 0x0000000085c00000, 0x0000000085c00000| Complete 
|  53|0x0000000085d00000, 0x0000000085e00000, 0x0000000085e00000|100%| S|CS|TAMS 0x0000000085d00000, 0x0000000085d00000| Complete 
|  54|0x0000000085e00000, 0x0000000085e00000, 0x0000000085f00000|  0%| F|  |TAMS 0x0000000085e00000, 0x0000000085e00000| Untracked 
|  55|0x0000000085f00000, 0x0000000085f00000, 0x0000000086000000|  0%| F|  |TAMS 0x0000000085f00000, 0x0000000085f00000| Untracked 
|  56|0x0000000086000000, 0x0000000086000000, 0x0000000086100000|  0%| F|  |TAMS 0x0000000086000000, 0x0000000086000000| Untracked 
|  57|0x0000000086100000, 0x0000000086100000, 0x0000000086200000|  0%| F|  |TAMS 0x0000000086100000, 0x0000000086100000| Untracked 
|  58|0x0000000086200000, 0x0000000086200000, 0x0000000086300000|  0%| F|  |TAMS 0x0000000086200000, 0x0000000086200000| Untracked 
|  59|0x0000000086300000, 0x0000000086300000, 0x0000000086400000|  0%| F|  |TAMS 0x0000000086300000, 0x0000000086300000| Untracked 
|  60|0x0000000086400000, 0x0000000086400000, 0x0000000086500000|  0%| F|  |TAMS 0x0000000086400000, 0x0000000086400000| Untracked 
|  61|0x0000000086500000, 0x0000000086500000, 0x0000000086600000|  0%| F|  |TAMS 0x0000000086500000, 0x0000000086500000| Untracked 
|  62|0x0000000086600000, 0x0000000086600000, 0x0000000086700000|  0%| F|  |TAMS 0x0000000086600000, 0x0000000086600000| Untracked 
|  63|0x0000000086700000, 0x0000000086700000, 0x0000000086800000|  0%| F|  |TAMS 0x0000000086700000, 0x0000000086700000| Untracked 
|  64|0x0000000086800000, 0x0000000086800000, 0x0000000086900000|  0%| F|  |TAMS 0x0000000086800000, 0x0000000086800000| Untracked 
|  65|0x0000000086900000, 0x0000000086900000, 0x0000000086a00000|  0%| F|  |TAMS 0x0000000086900000, 0x0000000086900000| Untracked 
|  66|0x0000000086a00000, 0x0000000086a00000, 0x0000000086b00000|  0%| F|  |TAMS 0x0000000086a00000, 0x0000000086a00000| Untracked 
|  67|0x0000000086b00000, 0x0000000086b00000, 0x0000000086c00000|  0%| F|  |TAMS 0x0000000086b00000, 0x0000000086b00000| Untracked 
|  68|0x0000000086c00000, 0x0000000086c00000, 0x0000000086d00000|  0%| F|  |TAMS 0x0000000086c00000, 0x0000000086c00000| Untracked 
|  69|0x0000000086d00000, 0x0000000086d00000, 0x0000000086e00000|  0%| F|  |TAMS 0x0000000086d00000, 0x0000000086d00000| Untracked 
|  70|0x0000000086e00000, 0x0000000086e00000, 0x0000000086f00000|  0%| F|  |TAMS 0x0000000086e00000, 0x0000000086e00000| Untracked 
|  71|0x0000000086f00000, 0x0000000086f00000, 0x0000000087000000|  0%| F|  |TAMS 0x0000000086f00000, 0x0000000086f00000| Untracked 
|  72|0x0000000087000000, 0x0000000087000000, 0x0000000087100000|  0%| F|  |TAMS 0x0000000087000000, 0x0000000087000000| Untracked 
|  73|0x0000000087100000, 0x0000000087100000, 0x0000000087200000|  0%| F|  |TAMS 0x0000000087100000, 0x0000000087100000| Untracked 
|  74|0x0000000087200000, 0x0000000087200000, 0x0000000087300000|  0%| F|  |TAMS 0x0000000087200000, 0x0000000087200000| Untracked 
|  75|0x0000000087300000, 0x0000000087300000, 0x0000000087400000|  0%| F|  |TAMS 0x0000000087300000, 0x0000000087300000| Untracked 
|  76|0x0000000087400000, 0x0000000087400000, 0x0000000087500000|  0%| F|  |TAMS 0x0000000087400000, 0x0000000087400000| Untracked 
|  77|0x0000000087500000, 0x0000000087500000, 0x0000000087600000|  0%| F|  |TAMS 0x0000000087500000, 0x0000000087500000| Untracked 
|  78|0x0000000087600000, 0x0000000087600000, 0x0000000087700000|  0%| F|  |TAMS 0x0000000087600000, 0x0000000087600000| Untracked 
|  79|0x0000000087700000, 0x0000000087700000, 0x0000000087800000|  0%| F|  |TAMS 0x0000000087700000, 0x0000000087700000| Untracked 
|  80|0x0000000087800000, 0x0000000087800000, 0x0000000087900000|  0%| F|  |TAMS 0x0000000087800000, 0x0000000087800000| Untracked 
|  81|0x0000000087900000, 0x0000000087900000, 0x0000000087a00000|  0%| F|  |TAMS 0x0000000087900000, 0x0000000087900000| Untracked 
|  82|0x0000000087a00000, 0x0000000087a00000, 0x0000000087b00000|  0%| F|  |TAMS 0x0000000087a00000, 0x0000000087a00000| Untracked 
|  83|0x0000000087b00000, 0x0000000087b00000, 0x0000000087c00000|  0%| F|  |TAMS 0x0000000087b00000, 0x0000000087b00000| Untracked 
|  84|0x0000000087c00000, 0x0000000087c00000, 0x0000000087d00000|  0%| F|  |TAMS 0x0000000087c00000, 0x0000000087c00000| Untracked 
|  85|0x0000000087d00000, 0x0000000087d00000, 0x0000000087e00000|  0%| F|  |TAMS 0x0000000087d00000, 0x0000000087d00000| Untracked 
|  86|0x0000000087e00000, 0x0000000087e00000, 0x0000000087f00000|  0%| F|  |TAMS 0x0000000087e00000, 0x0000000087e00000| Untracked 
|  87|0x0000000087f00000, 0x0000000087f00000, 0x0000000088000000|  0%| F|  |TAMS 0x0000000087f00000, 0x0000000087f00000| Untracked 
|  88|0x0000000088000000, 0x0000000088000000, 0x0000000088100000|  0%| F|  |TAMS 0x0000000088000000, 0x0000000088000000| Untracked 
|  89|0x0000000088100000, 0x0000000088100000, 0x0000000088200000|  0%| F|  |TAMS 0x0000000088100000, 0x0000000088100000| Untracked 
|  90|0x0000000088200000, 0x0000000088200000, 0x0000000088300000|  0%| F|  |TAMS 0x0000000088200000, 0x0000000088200000| Untracked 
|  91|0x0000000088300000, 0x0000000088300000, 0x0000000088400000|  0%| F|  |TAMS 0x0000000088300000, 0x0000000088300000| Untracked 
|  92|0x0000000088400000, 0x0000000088400000, 0x0000000088500000|  0%| F|  |TAMS 0x0000000088400000, 0x0000000088400000| Untracked 
|  93|0x0000000088500000, 0x0000000088500000, 0x0000000088600000|  0%| F|  |TAMS 0x0000000088500000, 0x0000000088500000| Untracked 
|  94|0x0000000088600000, 0x0000000088600000, 0x0000000088700000|  0%| F|  |TAMS 0x0000000088600000, 0x0000000088600000| Untracked 
|  95|0x0000000088700000, 0x0000000088700000, 0x0000000088800000|  0%| F|  |TAMS 0x0000000088700000, 0x0000000088700000| Untracked 
|  96|0x0000000088800000, 0x0000000088800000, 0x0000000088900000|  0%| F|  |TAMS 0x0000000088800000, 0x0000000088800000| Untracked 
|  97|0x0000000088900000, 0x0000000088900000, 0x0000000088a00000|  0%| F|  |TAMS 0x0000000088900000, 0x0000000088900000| Untracked 
|  98|0x0000000088a00000, 0x0000000088a00000, 0x0000000088b00000|  0%| F|  |TAMS 0x0000000088a00000, 0x0000000088a00000| Untracked 
|  99|0x0000000088b00000, 0x0000000088b00000, 0x0000000088c00000|  0%| F|  |TAMS 0x0000000088b00000, 0x0000000088b00000| Untracked 
| 100|0x0000000088c00000, 0x0000000088c00000, 0x0000000088d00000|  0%| F|  |TAMS 0x0000000088c00000, 0x0000000088c00000| Untracked 
| 101|0x0000000088d00000, 0x0000000088d00000, 0x0000000088e00000|  0%| F|  |TAMS 0x0000000088d00000, 0x0000000088d00000| Untracked 
| 102|0x0000000088e00000, 0x0000000088e00000, 0x0000000088f00000|  0%| F|  |TAMS 0x0000000088e00000, 0x0000000088e00000| Untracked 
| 103|0x0000000088f00000, 0x0000000088f00000, 0x0000000089000000|  0%| F|  |TAMS 0x0000000088f00000, 0x0000000088f00000| Untracked 
| 104|0x0000000089000000, 0x0000000089000000, 0x0000000089100000|  0%| F|  |TAMS 0x0000000089000000, 0x0000000089000000| Untracked 
| 105|0x0000000089100000, 0x0000000089100000, 0x0000000089200000|  0%| F|  |TAMS 0x0000000089100000, 0x0000000089100000| Untracked 
| 106|0x0000000089200000, 0x0000000089200000, 0x0000000089300000|  0%| F|  |TAMS 0x0000000089200000, 0x0000000089200000| Untracked 
| 107|0x0000000089300000, 0x0000000089300000, 0x0000000089400000|  0%| F|  |TAMS 0x0000000089300000, 0x0000000089300000| Untracked 
| 108|0x0000000089400000, 0x0000000089480800, 0x0000000089500000| 50%| E|  |TAMS 0x0000000089400000, 0x0000000089400000| Complete 
| 109|0x0000000089500000, 0x0000000089600000, 0x0000000089600000|100%| E|CS|TAMS 0x0000000089500000, 0x0000000089500000| Complete 
| 110|0x0000000089600000, 0x0000000089700000, 0x0000000089700000|100%| E|CS|TAMS 0x0000000089600000, 0x0000000089600000| Complete 
| 111|0x0000000089700000, 0x0000000089800000, 0x0000000089800000|100%| E|CS|TAMS 0x0000000089700000, 0x0000000089700000| Complete 
| 112|0x0000000089800000, 0x0000000089900000, 0x0000000089900000|100%| E|CS|TAMS 0x0000000089800000, 0x0000000089800000| Complete 
| 113|0x0000000089900000, 0x0000000089a00000, 0x0000000089a00000|100%| E|CS|TAMS 0x0000000089900000, 0x0000000089900000| Complete 
| 114|0x0000000089a00000, 0x0000000089b00000, 0x0000000089b00000|100%| E|CS|TAMS 0x0000000089a00000, 0x0000000089a00000| Complete 
| 115|0x0000000089b00000, 0x0000000089c00000, 0x0000000089c00000|100%| E|CS|TAMS 0x0000000089b00000, 0x0000000089b00000| Complete 
| 116|0x0000000089c00000, 0x0000000089d00000, 0x0000000089d00000|100%| E|CS|TAMS 0x0000000089c00000, 0x0000000089c00000| Complete 
| 117|0x0000000089d00000, 0x0000000089e00000, 0x0000000089e00000|100%| E|CS|TAMS 0x0000000089d00000, 0x0000000089d00000| Complete 
| 118|0x0000000089e00000, 0x0000000089f00000, 0x0000000089f00000|100%| E|CS|TAMS 0x0000000089e00000, 0x0000000089e00000| Complete 
| 119|0x0000000089f00000, 0x000000008a000000, 0x000000008a000000|100%| E|CS|TAMS 0x0000000089f00000, 0x0000000089f00000| Complete 
| 120|0x000000008a000000, 0x000000008a100000, 0x000000008a100000|100%| E|CS|TAMS 0x000000008a000000, 0x000000008a000000| Complete 
| 121|0x000000008a100000, 0x000000008a200000, 0x000000008a200000|100%| E|CS|TAMS 0x000000008a100000, 0x000000008a100000| Complete 
| 122|0x000000008a200000, 0x000000008a300000, 0x000000008a300000|100%| E|CS|TAMS 0x000000008a200000, 0x000000008a200000| Complete 
| 123|0x000000008a300000, 0x000000008a400000, 0x000000008a400000|100%| E|CS|TAMS 0x000000008a300000, 0x000000008a300000| Complete 
| 124|0x000000008a400000, 0x000000008a500000, 0x000000008a500000|100%| E|CS|TAMS 0x000000008a400000, 0x000000008a400000| Complete 
| 125|0x000000008a500000, 0x000000008a600000, 0x000000008a600000|100%| E|CS|TAMS 0x000000008a500000, 0x000000008a500000| Complete 

Card table byte_map: [0x00000281e2e80000,0x00000281e3270000] _byte_map_base: 0x00000281e2a6c000

Marking Bits (Prev, Next): (CMBitMap*) 0x00000281cbf2a220, (CMBitMap*) 0x00000281cbf2a260
 Prev Bits: [0x00000281e3660000, 0x00000281e55c0000)
 Next Bits: [0x00000281e55c0000, 0x00000281e7520000)

Polling page: 0x00000281cb6b0000

Metaspace:

Usage:
  Non-class:      4.49 MB used.
      Class:    658.36 KB used.
       Both:      5.13 MB used.

Virtual space:
  Non-class space:        8.00 MB reserved,       4.62 MB ( 58%) committed,  1 nodes.
      Class space:        1.00 GB reserved,     704.00 KB ( <1%) committed,  1 nodes.
             Both:        1.01 GB reserved,       5.31 MB ( <1%) committed. 

Chunk freelists:
   Non-Class:  2.10 MB
       Class:  3.31 MB
        Both:  5.42 MB

MaxMetaspaceSize: unlimited
CompressedClassSpaceSize: 1.00 GB
Initial GC threshold: 21.00 MB
Current GC threshold: 21.00 MB
CDS: on
MetaspaceReclaimPolicy: balanced
 - commit_granule_bytes: 65536.
 - commit_granule_words: 8192.
 - virtual_space_node_default_size: 1048576.
 - enlarge_chunks_in_place: 1.
 - new_chunks_are_fully_committed: 0.
 - uncommit_free_chunks: 1.
 - use_allocation_guard: 0.
 - handle_deallocations: 1.


Internal statistics:

num_allocs_failed_limit: 0.
num_arena_births: 130.
num_arena_deaths: 0.
num_vsnodes_births: 2.
num_vsnodes_deaths: 0.
num_space_committed: 85.
num_space_uncommitted: 0.
num_chunks_returned_to_freelist: 0.
num_chunks_taken_from_freelist: 314.
num_chunk_merges: 0.
num_chunk_splits: 154.
num_chunks_enlarged: 86.
num_purges: 0.
num_inconsistent_stats: 0.

CodeHeap 'non-profiled nmethods': size=120000Kb used=362Kb max_used=362Kb free=119637Kb
 bounds [0x00000281db230000, 0x00000281db4a0000, 0x00000281e2760000]
CodeHeap 'profiled nmethods': size=120000Kb used=2033Kb max_used=2033Kb free=117966Kb
 bounds [0x00000281d3760000, 0x00000281d39d0000, 0x00000281dac90000]
CodeHeap 'non-nmethods': size=5760Kb used=1155Kb max_used=1181Kb free=4604Kb
 bounds [0x00000281dac90000, 0x00000281daf00000, 0x00000281db230000]
 total_blobs=1596 nmethods=1149 adapters=360
 compilation: enabled
              stopped_count=0, restarted_count=0
 full_count=0

Compilation events (20 events):
Event: 0.970 Thread 0x00000281e9f7b9e0 nmethod 1101 0x00000281d3943990 code [0x00000281d3943b40, 0x00000281d3943d68]
Event: 0.970 Thread 0x00000281e9f7b9e0 1102   !   3       java.lang.ref.ReferenceQueue::enqueue (119 bytes)
Event: 0.970 Thread 0x00000281e9f52c10 1105       4       java.util.LinkedList$ListItr::next (56 bytes)
Event: 0.971 Thread 0x00000281eaa19d60 1106       4       geometries.Triangle::findGeoIntersectionsHelper (348 bytes)
Event: 0.971 Thread 0x00000281e9f7b9e0 nmethod 1102 0x00000281d3943e10 code [0x00000281d3944000, 0x00000281d39446c8]
Event: 0.971 Thread 0x00000281e9f7b9e0 1104   !   3       java.lang.ref.ReferenceQueue::remove (125 bytes)
Event: 0.972 Thread 0x00000281e9f7b9e0 nmethod 1104 0x00000281d3944890 code [0x00000281d3944aa0, 0x00000281d3945258]
Event: 0.975 Thread 0x00000281e9f52c10 nmethod 1105 0x00000281db284990 code [0x00000281db284b20, 0x00000281db284df8]
Event: 0.975 Thread 0x00000281e9f52c10 1108       4       geometries.Plane::findGeoIntersectionsHelper (100 bytes)
Event: 0.995 Thread 0x00000281e9f52c10 nmethod 1108 0x00000281db284f10 code [0x00000281db285100, 0x00000281db285858]
Event: 0.995 Thread 0x00000281e9f52c10 1107       4       java.util.ImmutableCollections$List12::get (35 bytes)
Event: 0.995 Thread 0x00000281e9f52c10 nmethod 1107 0x00000281db285e90 code [0x00000281db286000, 0x00000281db286098]
Event: 0.995 Thread 0x00000281e9f52c10 1109       4       primitives.Point::add (21 bytes)
Event: 0.998 Thread 0x00000281e9f52c10 nmethod 1109 0x00000281db286190 code [0x00000281db286320, 0x00000281db2864f8]
Event: 0.998 Thread 0x00000281e9f52c10 1110       4       primitives.Double3::add (35 bytes)
Event: 1.000 Thread 0x00000281e9f52c10 nmethod 1110 0x00000281db286690 code [0x00000281db286820, 0x00000281db286958]
Event: 1.079 Thread 0x00000281e9f7b9e0 1111 %     3       geometries.Geometries::findGeoIntersectionsHelper @ 12 (90 bytes)
Event: 1.080 Thread 0x00000281e9f7b9e0 nmethod 1111% 0x00000281d3945590 code [0x00000281d3945800, 0x00000281d3946468]
Event: 1.082 Thread 0x00000281e9f7b9e0 1112       3       geometries.Geometries::findGeoIntersectionsHelper (90 bytes)
Event: 1.083 Thread 0x00000281e9f7b9e0 nmethod 1112 0x00000281d3946890 code [0x00000281d3946b00, 0x00000281d39476a8]

GC Heap History (6 events):
Event: 0.960 GC heap before
{Heap before GC invocations=0 (full 0):
 garbage-first heap   total 129024K, used 26624K [0x0000000082800000, 0x0000000100000000)
  region size 1024K, 23 young (23552K), 0 survivors (0K)
 Metaspace       used 5047K, committed 5184K, reserved 1056768K
  class space    used 644K, committed 704K, reserved 1048576K
}
Event: 0.969 GC heap after
{Heap after GC invocations=1 (full 0):
 garbage-first heap   total 129024K, used 5546K [0x0000000082800000, 0x0000000100000000)
  region size 1024K, 3 young (3072K), 3 survivors (3072K)
 Metaspace       used 5047K, committed 5184K, reserved 1056768K
  class space    used 644K, committed 704K, reserved 1048576K
}
Event: 1.028 GC heap before
{Heap before GC invocations=1 (full 0):
 garbage-first heap   total 129024K, used 40362K [0x0000000082800000, 0x0000000100000000)
  region size 1024K, 37 young (37888K), 3 survivors (3072K)
 Metaspace       used 5050K, committed 5184K, reserved 1056768K
  class space    used 644K, committed 704K, reserved 1048576K
}
Event: 1.033 GC heap after
{Heap after GC invocations=2 (full 0):
 garbage-first heap   total 129024K, used 5708K [0x0000000082800000, 0x0000000100000000)
  region size 1024K, 3 young (3072K), 3 survivors (3072K)
 Metaspace       used 5050K, committed 5184K, reserved 1056768K
  class space    used 644K, committed 704K, reserved 1048576K
}
Event: 1.129 GC heap before
{Heap before GC invocations=2 (full 0):
 garbage-first heap   total 129024K, used 79436K [0x0000000082800000, 0x0000000100000000)
  region size 1024K, 75 young (76800K), 3 survivors (3072K)
 Metaspace       used 5054K, committed 5248K, reserved 1056768K
  class space    used 644K, committed 704K, reserved 1048576K
}
Event: 1.134 GC heap after
{Heap after GC invocations=3 (full 0):
 garbage-first heap   total 129024K, used 5562K [0x0000000082800000, 0x0000000100000000)
  region size 1024K, 3 young (3072K), 3 survivors (3072K)
 Metaspace       used 5054K, committed 5248K, reserved 1056768K
  class space    used 644K, committed 704K, reserved 1048576K
}

Deoptimization events (20 events):
Event: 0.828 Thread 0x00000281cbece9f0 Uncommon trap: trap_request=0xffffffde fr.pc=0x00000281db275b48 relative=0x0000000000000128
Event: 0.828 Thread 0x00000281cbece9f0 Uncommon trap: reason=class_check action=maybe_recompile pc=0x00000281db275b48 method=jdk.internal.misc.Unsafe.allocateUninitializedArray(Ljava/lang/Class;I)Ljava/lang/Object; @ 51 c2
Event: 0.828 Thread 0x00000281cbece9f0 DEOPT PACKING pc=0x00000281db275b48 sp=0x000000973e1fca00
Event: 0.828 Thread 0x00000281cbece9f0 DEOPT UNPACKING pc=0x00000281dace23a3 sp=0x000000973e1fc988 mode 2
Event: 0.828 Thread 0x00000281cbece9f0 Uncommon trap: trap_request=0xffffffde fr.pc=0x00000281db275b48 relative=0x0000000000000128
Event: 0.828 Thread 0x00000281cbece9f0 Uncommon trap: reason=class_check action=maybe_recompile pc=0x00000281db275b48 method=jdk.internal.misc.Unsafe.allocateUninitializedArray(Ljava/lang/Class;I)Ljava/lang/Object; @ 51 c2
Event: 0.828 Thread 0x00000281cbece9f0 DEOPT PACKING pc=0x00000281db275b48 sp=0x000000973e1fc7f0
Event: 0.828 Thread 0x00000281cbece9f0 DEOPT UNPACKING pc=0x00000281dace23a3 sp=0x000000973e1fc778 mode 2
Event: 0.910 Thread 0x00000281cbece9f0 Uncommon trap: trap_request=0xffffff45 fr.pc=0x00000281db265bc8 relative=0x0000000000000048
Event: 0.910 Thread 0x00000281cbece9f0 Uncommon trap: reason=unstable_if action=reinterpret pc=0x00000281db265bc8 method=java.lang.CharacterData.of(I)Ljava/lang/CharacterData; @ 4 c2
Event: 0.910 Thread 0x00000281cbece9f0 DEOPT PACKING pc=0x00000281db265bc8 sp=0x000000973e1fba00
Event: 0.910 Thread 0x00000281cbece9f0 DEOPT UNPACKING pc=0x00000281dace23a3 sp=0x000000973e1fb9a0 mode 2
Event: 0.914 Thread 0x00000281cbece9f0 Uncommon trap: trap_request=0xffffff45 fr.pc=0x00000281db2382b4 relative=0x00000000000001b4
Event: 0.914 Thread 0x00000281cbece9f0 Uncommon trap: reason=unstable_if action=reinterpret pc=0x00000281db2382b4 method=java.lang.String.isLatin1()Z @ 10 c2
Event: 0.914 Thread 0x00000281cbece9f0 DEOPT PACKING pc=0x00000281db2382b4 sp=0x000000973e1fc270
Event: 0.914 Thread 0x00000281cbece9f0 DEOPT UNPACKING pc=0x00000281dace23a3 sp=0x000000973e1fc1a0 mode 2
Event: 0.928 Thread 0x00000281cbece9f0 Uncommon trap: trap_request=0xffffff45 fr.pc=0x00000281db27ebf0 relative=0x00000000000000d0
Event: 0.928 Thread 0x00000281cbece9f0 Uncommon trap: reason=unstable_if action=reinterpret pc=0x00000281db27ebf0 method=primitives.Double3.equals(Ljava/lang/Object;)Z @ 46 c2
Event: 0.928 Thread 0x00000281cbece9f0 DEOPT PACKING pc=0x00000281db27ebf0 sp=0x000000973e1fc260
Event: 0.928 Thread 0x00000281cbece9f0 DEOPT UNPACKING pc=0x00000281dace23a3 sp=0x000000973e1fc1f8 mode 2

Classes unloaded (0 events):
No events

Classes redefined (0 events):
No events

Internal exceptions (20 events):
Event: 0.623 Thread 0x00000281cbece9f0 Exception <a 'java/lang/IncompatibleClassChangeError'{0x0000000089cd1ea0}: Found class java.lang.Object, but interface was expected> (0x0000000089cd1ea0) 
thrown [s\open\src\hotspot\share\interpreter\linkResolver.cpp, line 826]
Event: 0.628 Thread 0x00000281cbece9f0 Exception <a 'java/lang/NoSuchMethodError'{0x0000000089ced7d0}: 'java.lang.Object java.lang.invoke.DirectMethodHandle$Holder.invokeStatic(java.lang.Object, java.lang.Object, int)'> (0x0000000089ced7d0) 
thrown [s\open\src\hotspot\share\interpreter\linkResolver.cpp, line 759]
Event: 0.645 Thread 0x00000281cbece9f0 Exception <a 'java/lang/NoSuchMethodError'{0x0000000089b41a18}: 'void java.lang.invoke.DirectMethodHandle$Holder.invokeSpecial(java.lang.Object, java.lang.Object, java.lang.Object, java.lang.Object, java.lang.Object)'> (0x0000000089b41a18) 
thrown [s\open\src\hotspot\share\interpreter\linkResolver.cpp, line 759]
Event: 0.665 Thread 0x00000281cbece9f0 Exception <a 'java/lang/NoSuchMethodError'{0x0000000089b9d338}: 'void java.lang.invoke.DirectMethodHandle$Holder.invokeInterface(java.lang.Object, java.lang.Object, java.lang.Object, java.lang.Object)'> (0x0000000089b9d338) 
thrown [s\open\src\hotspot\share\interpreter\linkResolver.cpp, line 759]
Event: 0.665 Thread 0x00000281cbece9f0 Exception <a 'java/lang/IncompatibleClassChangeError'{0x0000000089ba0c60}: Found class java.lang.Object, but interface was expected> (0x0000000089ba0c60) 
thrown [s\open\src\hotspot\share\interpreter\linkResolver.cpp, line 826]
Event: 0.673 Thread 0x00000281cbece9f0 Exception <a 'java/lang/NoSuchMethodError'{0x0000000089bc6020}: 'void java.lang.invoke.DirectMethodHandle$Holder.invokeStatic(java.lang.Object, java.lang.Object, java.lang.Object, java.lang.Object)'> (0x0000000089bc6020) 
thrown [s\open\src\hotspot\share\interpreter\linkResolver.cpp, line 759]
Event: 0.682 Thread 0x00000281cbece9f0 Exception <a 'java/lang/NoSuchMethodError'{0x0000000089be77c8}: 'java.lang.Object java.lang.invoke.DirectMethodHandle$Holder.newInvokeSpecial(java.lang.Object, java.lang.Object, int)'> (0x0000000089be77c8) 
thrown [s\open\src\hotspot\share\interpreter\linkResolver.cpp, line 759]
Event: 0.708 Thread 0x00000281cbece9f0 Exception <a 'java/lang/NoSuchMethodError'{0x0000000089a5b868}: 'int java.lang.invoke.DirectMethodHandle$Holder.invokeStatic(java.lang.Object, java.lang.Object, java.lang.Object, java.lang.Object)'> (0x0000000089a5b868) 
thrown [s\open\src\hotspot\share\interpreter\linkResolver.cpp, line 759]
Event: 0.709 Thread 0x00000281cbece9f0 Exception <a 'java/lang/NoSuchMethodError'{0x0000000089a5f1e8}: 'java.lang.Object java.lang.invoke.Invokers$Holder.invokeExact_MT(java.lang.Object, java.lang.Object, java.lang.Object, java.lang.Object, java.lang.Object, java.lang.Object)'> (0x0000000089a5f1e8) 
thrown [s\open\src\hotspot\share\interpreter\linkResolver.cpp, line 759]
Event: 0.713 Thread 0x00000281cbece9f0 Exception <a 'java/lang/NoSuchMethodError'{0x0000000089a6ef58}: 'int java.lang.invoke.DirectMethodHandle$Holder.invokeStatic(java.lang.Object, java.lang.Object, java.lang.Object, java.lang.Object, java.lang.Object)'> (0x0000000089a6ef58) 
thrown [s\open\src\hotspot\share\interpreter\linkResolver.cpp, line 759]
Event: 0.729 Thread 0x00000281cbece9f0 Exception <a 'java/lang/NoSuchMethodError'{0x0000000089ab5dd8}: 'void java.lang.invoke.DirectMethodHandle$Holder.invokeStaticInit(java.lang.Object)'> (0x0000000089ab5dd8) 
thrown [s\open\src\hotspot\share\interpreter\linkResolver.cpp, line 759]
Event: 0.773 Thread 0x00000281cbece9f0 Exception <a 'java/lang/NoSuchMethodError'{0x00000000899ae418}: 'int java.lang.invoke.DirectMethodHandle$Holder.invokeStaticInit(java.lang.Object, java.lang.Object)'> (0x00000000899ae418) 
thrown [s\open\src\hotspot\share\interpreter\linkResolver.cpp, line 759]
Event: 0.789 Thread 0x00000281cbece9f0 Exception <a 'java/lang/NoSuchMethodError'{0x00000000899eef30}: 'int java.lang.invoke.DirectMethodHandle$Holder.invokeInterface(java.lang.Object, java.lang.Object)'> (0x00000000899eef30) 
thrown [s\open\src\hotspot\share\interpreter\linkResolver.cpp, line 759]
Event: 0.833 Thread 0x00000281cbece9f0 Exception <a 'java/lang/NoSuchMethodError'{0x00000000898c28f8}: 'java.lang.Object java.lang.invoke.DirectMethodHandle$Holder.newInvokeSpecial(java.lang.Object, java.lang.Object, java.lang.Object, java.lang.Object, java.lang.Object, java.lang.Object, java.lang.Object)'> (0x00000000898c28f8) 
thrown [s\open\src\hotspot\share\interpreter\linkResolver.cpp, line 759]
Event: 0.834 Thread 0x00000281cbece9f0 Exception <a 'java/lang/NoSuchMethodError'{0x00000000898c74b0}: 'java.lang.Object java.lang.invoke.Invokers$Holder.linkToTargetMethod(java.lang.Object, java.lang.Object, java.lang.Object, java.lang.Object, java.lang.Object, java.lang.Object, java.lang.Object)'> (0x00000000898c74b0) 
thrown [s\open\src\hotspot\share\interpreter\linkResolver.cpp, line 759]
Event: 0.837 Thread 0x00000281cbece9f0 Exception <a 'java/lang/NoSuchMethodError'{0x00000000898d7d58}: 'java.lang.Object java.lang.invoke.DirectMethodHandle$Holder.invokeInterface(java.lang.Object, java.lang.Object, java.lang.Object, java.lang.Object, java.lang.Object)'> (0x00000000898d7d58) 
thrown [s\open\src\hotspot\share\interpreter\linkResolver.cpp, line 759]
Event: 0.837 Thread 0x00000281cbece9f0 Exception <a 'java/lang/IncompatibleClassChangeError'{0x00000000898dbb50}: Found class java.lang.Object, but interface was expected> (0x00000000898dbb50) 
thrown [s\open\src\hotspot\share\interpreter\linkResolver.cpp, line 826]
Event: 0.862 Thread 0x00000281cbece9f0 Exception <a 'java/lang/ClassNotFoundException'{0x00000000897177a8}: sun/awt/resources/spi/awtProvider> (0x00000000897177a8) 
thrown [s\open\src\hotspot\share\classfile\systemDictionary.cpp, line 256]
Event: 0.877 Thread 0x00000281cbece9f0 Exception <a 'java/io/FileNotFoundException'{0x000000008975d310}> (0x000000008975d310) 
thrown [s\open\src\hotspot\share\prims\jni.cpp, line 516]
Event: 0.884 Thread 0x00000281cbece9f0 Exception <a 'java/io/FileNotFoundException'{0x000000008978a7b0}> (0x000000008978a7b0) 
thrown [s\open\src\hotspot\share\prims\jni.cpp, line 516]

VM Operations (14 events):
Event: 0.156 Executing VM operation: HandshakeAllThreads
Event: 0.156 Executing VM operation: HandshakeAllThreads done
Event: 0.270 Executing VM operation: HandshakeAllThreads
Event: 0.270 Executing VM operation: HandshakeAllThreads done
Event: 0.843 Executing VM operation: HandshakeAllThreads
Event: 0.843 Executing VM operation: HandshakeAllThreads done
Event: 0.910 Executing VM operation: HandshakeAllThreads
Event: 0.910 Executing VM operation: HandshakeAllThreads done
Event: 0.960 Executing VM operation: G1CollectForAllocation
Event: 0.969 Executing VM operation: G1CollectForAllocation done
Event: 1.028 Executing VM operation: G1CollectForAllocation
Event: 1.033 Executing VM operation: G1CollectForAllocation done
Event: 1.129 Executing VM operation: G1CollectForAllocation
Event: 1.134 Executing VM operation: G1CollectForAllocation done

Events (20 events):
Event: 0.885 loading class java/awt/Insets
Event: 0.885 loading class java/awt/Insets done
Event: 0.885 loading class java/awt/GraphicsEnvironment
Event: 0.885 loading class java/awt/GraphicsEnvironment done
Event: 0.885 loading class sun/awt/PlatformGraphicsInfo
Event: 0.885 loading class sun/awt/PlatformGraphicsInfo done
Event: 0.886 loading class java/util/MissingResourceException
Event: 0.886 loading class java/util/MissingResourceException done
Event: 0.909 loading class java/time/format/DateTimeParseException
Event: 0.909 loading class java/time/DateTimeException
Event: 0.909 loading class java/time/DateTimeException done
Event: 0.909 loading class java/time/format/DateTimeParseException done
Event: 0.915 loading class java/util/concurrent/atomic/AtomicReference
Event: 0.915 loading class java/util/concurrent/atomic/AtomicReference done
Event: 0.930 loading class java/util/LinkedList$ListItr
Event: 0.930 loading class java/util/LinkedList$ListItr done
Event: 0.941 loading class java/awt/Color
Event: 0.941 loading class java/awt/Paint
Event: 0.941 loading class java/awt/Paint done
Event: 0.941 loading class java/awt/Color done


Dynamic libraries:
0x00007ff61a1e0000 - 0x00007ff61a1f0000 	C:\Program Files\Java\jdk-17\bin\java.exe
0x00007ffb30990000 - 0x00007ffb30b88000 	C:\WINDOWS\SYSTEM32\ntdll.dll
0x00007ffb2ef40000 - 0x00007ffb2efff000 	C:\WINDOWS\System32\KERNEL32.DLL
0x00007ffb2e0a0000 - 0x00007ffb2e396000 	C:\WINDOWS\System32\KERNELBASE.dll
0x00007ffb2e3a0000 - 0x00007ffb2e4a0000 	C:\WINDOWS\System32\ucrtbase.dll
0x00007ffb29b70000 - 0x00007ffb29b8b000 	C:\Program Files\Java\jdk-17\bin\VCRUNTIME140.dll
0x00007ffb29b90000 - 0x00007ffb29ba8000 	C:\Program Files\Java\jdk-17\bin\jli.dll
0x00007ffb2f6e0000 - 0x00007ffb2f78f000 	C:\WINDOWS\System32\ADVAPI32.dll
0x00007ffb2f800000 - 0x00007ffb2f89e000 	C:\WINDOWS\System32\msvcrt.dll
0x00007ffb307d0000 - 0x00007ffb3086c000 	C:\WINDOWS\System32\sechost.dll
0x00007ffb2ee00000 - 0x00007ffb2ef26000 	C:\WINDOWS\System32\RPCRT4.dll
0x00007ffb30170000 - 0x00007ffb3030d000 	C:\WINDOWS\System32\USER32.dll
0x00007ffb2e070000 - 0x00007ffb2e092000 	C:\WINDOWS\System32\win32u.dll
0x00007ffb1e430000 - 0x00007ffb1e6ca000 	C:\WINDOWS\WinSxS\amd64_microsoft.windows.common-controls_6595b64144ccf1df_6.0.19041.1110_none_60b5254171f9507e\COMCTL32.dll
0x00007ffb306c0000 - 0x00007ffb306ec000 	C:\WINDOWS\System32\GDI32.dll
0x00007ffb2e720000 - 0x00007ffb2e835000 	C:\WINDOWS\System32\gdi32full.dll
0x00007ffb2e610000 - 0x00007ffb2e6ad000 	C:\WINDOWS\System32\msvcp_win.dll
0x00007ffb24980000 - 0x00007ffb2498a000 	C:\WINDOWS\SYSTEM32\VERSION.dll
0x00007ffb30920000 - 0x00007ffb30950000 	C:\WINDOWS\System32\IMM32.DLL
0x00007ffb28060000 - 0x00007ffb2806c000 	C:\Program Files\Java\jdk-17\bin\vcruntime140_1.dll
0x00007ffb1a8c0000 - 0x00007ffb1a94e000 	C:\Program Files\Java\jdk-17\bin\msvcp140.dll
0x00007ffaeb020000 - 0x00007ffaebbf7000 	C:\Program Files\Java\jdk-17\bin\server\jvm.dll
0x00007ffb306b0000 - 0x00007ffb306b8000 	C:\WINDOWS\System32\PSAPI.DLL
0x00007ffb045b0000 - 0x00007ffb045d7000 	C:\WINDOWS\SYSTEM32\WINMM.dll
0x00007ffad8920000 - 0x00007ffad8929000 	C:\WINDOWS\SYSTEM32\WSOCK32.dll
0x00007ffb2f790000 - 0x00007ffb2f7fb000 	C:\WINDOWS\System32\WS2_32.dll
0x00007ffb2c8b0000 - 0x00007ffb2c8c2000 	C:\WINDOWS\SYSTEM32\kernel.appcore.dll
0x00007ffb27d30000 - 0x00007ffb27d3a000 	C:\Program Files\Java\jdk-17\bin\jimage.dll
0x00007ffb2c690000 - 0x00007ffb2c874000 	C:\WINDOWS\SYSTEM32\DBGHELP.DLL
0x00007ffb1e3a0000 - 0x00007ffb1e3d4000 	C:\WINDOWS\SYSTEM32\dbgcore.DLL
0x00007ffb2e580000 - 0x00007ffb2e602000 	C:\WINDOWS\System32\bcryptPrimitives.dll
0x00007ffb27d20000 - 0x00007ffb27d2e000 	C:\Program Files\Java\jdk-17\bin\instrument.dll
0x00007ffb23950000 - 0x00007ffb23975000 	C:\Program Files\Java\jdk-17\bin\java.dll
0x00007ffb1a560000 - 0x00007ffb1a637000 	C:\Program Files\Java\jdk-17\bin\jsvml.dll
0x00007ffb2f9c0000 - 0x00007ffb30104000 	C:\WINDOWS\System32\SHELL32.dll
0x00007ffb2bef0000 - 0x00007ffb2c683000 	C:\WINDOWS\SYSTEM32\windows.storage.dll
0x00007ffb2e9f0000 - 0x00007ffb2ed44000 	C:\WINDOWS\System32\combase.dll
0x00007ffb2d9e0000 - 0x00007ffb2da0e000 	C:\WINDOWS\SYSTEM32\Wldp.dll
0x00007ffb2ed50000 - 0x00007ffb2edfd000 	C:\WINDOWS\System32\SHCORE.dll
0x00007ffb30310000 - 0x00007ffb30365000 	C:\WINDOWS\System32\shlwapi.dll
0x00007ffb2dfb0000 - 0x00007ffb2dfcf000 	C:\WINDOWS\SYSTEM32\profapi.dll
0x00007ffb23890000 - 0x00007ffb238a8000 	C:\Program Files\Java\jdk-17\bin\zip.dll
0x00007ffb26ba0000 - 0x00007ffb26bb9000 	C:\Program Files\Java\jdk-17\bin\net.dll
0x00007ffb25110000 - 0x00007ffb2521a000 	C:\WINDOWS\SYSTEM32\WINHTTP.dll
0x00007ffb2d740000 - 0x00007ffb2d7aa000 	C:\WINDOWS\system32\mswsock.dll
0x00007ffb245c0000 - 0x00007ffb245d6000 	C:\Program Files\Java\jdk-17\bin\nio.dll
0x00007ffb1e410000 - 0x00007ffb1e42a000 	C:\Program Files\JetBrains\IntelliJ IDEA Community Edition 2022.3.2\bin\breakgen64.dll
0x00007ffb13c80000 - 0x00007ffb13e11000 	C:\Program Files\Java\jdk-17\bin\awt.dll
0x00007ffb2f610000 - 0x00007ffb2f6dd000 	C:\WINDOWS\System32\OLEAUT32.dll
0x00007ffb2b580000 - 0x00007ffb2b611000 	C:\WINDOWS\SYSTEM32\apphelp.dll

dbghelp: loaded successfully - version: 4.0.5 - missing functions: none
symbol engine: initialized successfully - sym options: 0x614 - pdb path: .;C:\Program Files\Java\jdk-17\bin;C:\WINDOWS\SYSTEM32;C:\WINDOWS\WinSxS\amd64_microsoft.windows.common-controls_6595b64144ccf1df_6.0.19041.1110_none_60b5254171f9507e;C:\Program Files\Java\jdk-17\bin\server;C:\Program Files\JetBrains\IntelliJ IDEA Community Edition 2022.3.2\bin

VM Arguments:
jvm_args: -ea -Didea.test.cyclic.buffer.size=1048576 -javaagent:C:\Program Files\JetBrains\IntelliJ IDEA Community Edition 2022.3.2\lib\idea_rt.jar=7405:C:\Program Files\JetBrains\IntelliJ IDEA Community Edition 2022.3.2\bin -Dfile.encoding=UTF-8 
java_command: com.intellij.rt.junit.JUnitStarter -ideVersion5 -junit5 unittests.special.TeapotTest
java_class_path (initial): C:\Users\admin\.m2\repository\org\junit\platform\junit-platform-launcher\1.9.2\junit-platform-launcher-1.9.2.jar;C:\Program Files\JetBrains\IntelliJ IDEA Community Edition 2022.3.2\lib\idea_rt.jar;C:\Program Files\JetBrains\IntelliJ IDEA Community Edition 2022.3.2\plugins\junit\lib\junit5-rt.jar;C:\Program Files\JetBrains\IntelliJ IDEA Community Edition 2022.3.2\plugins\junit\lib\junit-rt.jar;C:\Google drive\Programs\ISE5783_5876\out\test\ISE5783_5876_5801;C:\Google drive\Programs\ISE5783_5876\out\production\ISE5783_5876_5801;C:\Users\admin\.m2\repository\org\junit\jupiter\junit-jupiter\5.9.2\junit-jupiter-5.9.2.jar;C:\Users\admin\.m2\repository\org\junit\jupiter\junit-jupiter-api\5.9.2\junit-jupiter-api-5.9.2.jar;C:\Users\admin\.m2\repository\org\opentest4j\opentest4j\1.2.0\opentest4j-1.2.0.jar;C:\Users\admin\.m2\repository\org\junit\platform\junit-platform-commons\1.9.2\junit-platform-commons-1.9.2.jar;C:\Users\admin\.m2\repository\org\apiguardian\apiguardian-api\1.1.2\apiguardian-api-1.1.2.jar;C:\Users\admin\.m2\repository\org\junit\jupiter\junit-jupiter-params\5.9.2\junit-jupiter-params-5.9.2.jar;C:\Users\admin\.m2\repository\org\junit\jupiter\junit-jupiter-engine\5.9.2\junit-jupiter-engine-5.9.2.jar;C:\Users\admin\.m2\repository\org\junit\platform\junit-platform-engine\1.9.2\junit-platform-engine-1.9.2.jar
Launcher Type: SUN_STANDARD

[Global flags]
     intx CICompilerCount                          = 4                                         {product} {ergonomic}
     uint ConcGCThreads                            = 2                                         {product} {ergonomic}
     uint G1ConcRefinementThreads                  = 8                                         {product} {ergonomic}
   size_t G1HeapRegionSize                         = 1048576                                   {product} {ergonomic}
    uintx GCDrainStackTargetSize                   = 64                                        {product} {ergonomic}
   size_t InitialHeapSize                          = 132120576                                 {product} {ergonomic}
   size_t MarkStackSize                            = 4194304                                   {product} {ergonomic}
   size_t MaxHeapSize                              = 2105540608                                {product} {ergonomic}
   size_t MaxNewSize                               = 1262485504                                {product} {ergonomic}
   size_t MinHeapDeltaBytes                        = 1048576                                   {product} {ergonomic}
   size_t MinHeapSize                              = 8388608                                   {product} {ergonomic}
    uintx NonNMethodCodeHeapSize                   = 5839372                                {pd product} {ergonomic}
    uintx NonProfiledCodeHeapSize                  = 122909434                              {pd product} {ergonomic}
    uintx ProfiledCodeHeapSize                     = 122909434                              {pd product} {ergonomic}
    uintx ReservedCodeCacheSize                    = 251658240                              {pd product} {ergonomic}
     bool SegmentedCodeCache                       = true                                      {product} {ergonomic}
   size_t SoftMaxHeapSize                          = 2105540608                             {manageable} {ergonomic}
     bool UseCompressedClassPointers               = true                           {product lp64_product} {ergonomic}
     bool UseCompressedOops                        = true                           {product lp64_product} {ergonomic}
     bool UseG1GC                                  = true                                      {product} {ergonomic}
     bool UseLargePagesIndividualAllocation        = false                                  {pd product} {ergonomic}

Logging:
Log output configuration:
 #0: stdout all=warning uptime,level,tags
 #1: stderr all=off uptime,level,tags

Environment Variables:
JAVA_HOME=C:\Program Files\Java\jdk-17
PATH=C:\Program Files\Common Files\Oracle\Java\javapath;C:\Program Files (x86)\Common Files\Oracle\Java\javapath;C:\WINDOWS\system32;C:\WINDOWS;C:\WINDOWS\System32\Wbem;C:\WINDOWS\System32\WindowsPowerShell\v1.0\;C:\WINDOWS\System32\OpenSSH\;C:\Program Files\dotnet\;C:\Program Files (x86)\PuTTY\;C:\Program Files\PuTTY\;C:\Program Files\Git\cmd;C:\Users\admin\AppData\Local\Programs\Python\Python39\Scripts\;C:\Users\admin\AppData\Local\Programs\Python\Python39\;C:\Users\admin\AppData\Local\Microsoft\WindowsApps;C:\Users\admin\.dotnet\tools;C:\Users\admin\AppData\Local\Programs\Microsoft VS Code\bin;C:\Program Files\Java\jdk-17\bin;
USERNAME=admin
OS=Windows_NT
PROCESSOR_IDENTIFIER=Intel64 Family 6 Model 142 Stepping 12, GenuineIntel



---------------  S Y S T E M  ---------------

OS:
 Windows 10 , 64 bit Build 19041 (10.0.19041.3031)
OS uptime: 9 days 5:27 hours

CPU: total 8 (initial active 8) (4 cores per cpu, 2 threads per core) family 6 model 142 stepping 12 microcode 0xca, cx8, cmov, fxsr, ht, mmx, 3dnowpref, sse, sse2, sse3, ssse3, sse4.1, sse4.2, popcnt, lzcnt, tsc, tscinvbit, avx, avx2, aes, erms, clmul, bmi1, bmi2, adx, fma, vzeroupper, clflush, clflushopt

Memory: 4k page, system-wide physical 8027M (1420M free)
TotalPageFile size 22213M (AvailPageFile size 6204M)
current process WorkingSet (physical memory assigned to process): 132M, peak: 132M
current process commit charge ("private bytes"): 225M, peak: 225M

vm_info: Java HotSpot(TM) 64-Bit Server VM (17.0.6+9-LTS-190) for windows-amd64 JRE (17.0.6+9-LTS-190), built on Dec  6 2022 15:53:54 by "mach5one" with MS VC++ 17.1 (VS2022)

END.
