#
# A fatal error has been detected by the Java Runtime Environment:
#
#  EXCEPTION_ACCESS_VIOLATION (0xc0000005) at pc=0x00007ffaeb45d422, pid=3500, tid=16848
#
# JRE version: Java(TM) SE Runtime Environment (17.0.6+9) (build 17.0.6+9-LTS-190)
# Java VM: Java HotSpot(TM) 64-Bit Server VM (17.0.6+9-LTS-190, mixed mode, sharing, tiered, compressed oops, compressed class ptrs, g1 gc, windows-amd64)
# Problematic frame:
# V  [jvm.dll+0x57d422]
#
# No core dump will be written. Minidumps are not enabled by default on client versions of Windows
#
# If you would like to submit a bug report, please visit:
#   https://bugreport.java.com/bugreport/crash.jsp
#

---------------  S U M M A R Y ------------

Command Line: -ea -Didea.test.cyclic.buffer.size=1048576 -javaagent:C:\Program Files\JetBrains\IntelliJ IDEA Community Edition 2022.3.2\lib\idea_rt.jar=8660:C:\Program Files\JetBrains\IntelliJ IDEA Community Edition 2022.3.2\bin -Dfile.encoding=UTF-8 com.intellij.rt.junit.JUnitStarter -ideVersion5 -junit5 renderer.ReflectionRefractionTests,fourObjects

Host: Intel(R) Core(TM) i5-10210U CPU @ 1.60GHz, 8 cores, 7G,  Windows 10 , 64 bit Build 19041 (10.0.19041.3031)
Time: Sun Jun 25 23:41:20 2023 Jerusalem Daylight Time elapsed time: 1.812715 seconds (0d 0h 0m 1s)

---------------  T H R E A D  ---------------

Current thread (0x0000014fe74ad840):  JavaThread "C2 CompilerThread1" daemon [_thread_in_native, id=16848, stack(0x000000049fb00000,0x000000049fc00000)]


Current CompileTask:
C2:   1813 1173       4       geometries.Triangle::findGeoIntersectionsHelper (348 bytes)

Stack: [0x000000049fb00000,0x000000049fc00000],  sp=0x000000049fbfaa30,  free space=1002k
Native frames: (J=compiled Java code, j=interpreted, Vv=VM code, C=native code)
V  [jvm.dll+0x57d422]
V  [jvm.dll+0x57d134]
V  [jvm.dll+0x57c388]
V  [jvm.dll+0x21e142]
V  [jvm.dll+0x2177c5]
V  [jvm.dll+0x215109]
V  [jvm.dll+0x1a1730]
V  [jvm.dll+0x224b6e]
V  [jvm.dll+0x222f15]
V  [jvm.dll+0x78753c]
V  [jvm.dll+0x781a7a]
V  [jvm.dll+0x672375]
C  [ucrtbase.dll+0x21bb2]
C  [KERNEL32.DLL+0x17614]
C  [ntdll.dll+0x526f1]


siginfo: EXCEPTION_ACCESS_VIOLATION (0xc0000005), reading address 0x0000000000000008


Register to memory mapping:

RIP=0x00007ffaeb45d422 jvm.dll
RAX=0x0000014fe850b340 points into unknown readable memory: 0x0000000000000000 | 00 00 00 00 00 00 00 00
RBX=0x0 is NULL
RCX=0x0 is NULL
RDX=0x000000049fbfae90 is pointing into the stack for thread: 0x0000014fe74ad840
RSP=0x000000049fbfaa30 is pointing into the stack for thread: 0x0000014fe74ad840
RBP=0x0000014fe7911da0 points into unknown readable memory: 0x00007ffaeb795100 | 00 51 79 eb fa 7f 00 00
RSI=0x0000014fe7ed1560 points into unknown readable memory: 0x0000000000000000 | 00 00 00 00 00 00 00 00
RDI=0x000000049fbfae60 is pointing into the stack for thread: 0x0000014fe74ad840
R8 =0x0000014fe850b340 points into unknown readable memory: 0x0000000000000000 | 00 00 00 00 00 00 00 00
R9 =0x0000000000002000 is an unknown value
R10=0x00007ffb28e80000 VCRUNTIME140.dll
R11=0x00007ffb28e81b37 VCRUNTIME140.dll
R12=0x000000049fbfab28 is pointing into the stack for thread: 0x0000014fe74ad840
R13=0x000000049fbfab00 is pointing into the stack for thread: 0x0000014fe74ad840
R14=0x0000014fe7912bb8 points into unknown readable memory: 0x00007ffaeb8150b0 | b0 50 81 eb fa 7f 00 00
R15=0x0000014fe783f7c0 points into unknown readable memory: 0x00007ffaeb72f640 | 40 f6 72 eb fa 7f 00 00


Registers:
RAX=0x0000014fe850b340, RBX=0x0000000000000000, RCX=0x0000000000000000, RDX=0x000000049fbfae90
RSP=0x000000049fbfaa30, RBP=0x0000014fe7911da0, RSI=0x0000014fe7ed1560, RDI=0x000000049fbfae60
R8 =0x0000014fe850b340, R9 =0x0000000000002000, R10=0x00007ffb28e80000, R11=0x00007ffb28e81b37
R12=0x000000049fbfab28, R13=0x000000049fbfab00, R14=0x0000014fe7912bb8, R15=0x0000014fe783f7c0
RIP=0x00007ffaeb45d422, EFLAGS=0x0000000000010206

Top of Stack: (sp=0x000000049fbfaa30)
0x000000049fbfaa30:   000000049fbfae60 0000014fe7912bb8
0x000000049fbfaa40:   0000014fe783f7c0 0000014fe7911da0
0x000000049fbfaa50:   0000000000000006 000000049fbfab48
0x000000049fbfaa60:   0000014fe76f2bb0 00007ffaeb45d134
0x000000049fbfaa70:   0000000000000011 000000000000007f
0x000000049fbfaa80:   000000049fbfab28 0000014fe7912bb8
0x000000049fbfaa90:   0000014fe7494e60 0000014fe7494e10
0x000000049fbfaaa0:   0000014fe744aca8 000000049fbfabd0
0x000000049fbfaab0:   0000014fc87e2ba0 0000000000000000
0x000000049fbfaac0:   000000049fbfae60 00007ffaeb45c388
0x000000049fbfaad0:   000000049fbfae60 0000000000000001
0x000000049fbfaae0:   0000014f00000006 000000049fbfab48
0x000000049fbfaaf0:   0000014fe7706eb0 0000014f2900052c
0x000000049fbfab00:   0000014fe7473280 0000000000000400
0x000000049fbfab10:   0000014fe7904b00 0000000000000250
0x000000049fbfab20:   0000000000000000 0000014f00000100 

Instructions: (pc=0x00007ffaeb45d422)
0x00007ffaeb45d322:   4a 0d 00 48 8b 47 30 48 c7 04 d8 00 00 00 00 48
0x00007ffaeb45d332:   83 c4 20 41 5e 5f 5b c3 49 8b d6 4c 89 7c 24 58
0x00007ffaeb45d342:   48 8b cf e8 26 c8 fe ff 45 33 c9 4c 8b c0 49 8b
0x00007ffaeb45d352:   d6 48 8b cf 4c 8b f8 e8 62 13 00 00 41 8b 4e 2c
0x00007ffaeb45d362:   48 8b d8 83 e1 3f 80 f9 30 75 19 49 3b c7 74 14
0x00007ffaeb45d372:   4c 8b c8 4d 8b c7 49 8b d6 48 8b cf e8 dd 3b 00
0x00007ffaeb45d382:   00 48 8b d8 48 89 74 24 48 48 85 db 75 55 41 8b
0x00007ffaeb45d392:   5e 28 3b 5f 28 72 0b 8b d3 48 8d 4f 20 e8 3c 4a
0x00007ffaeb45d3a2:   0d 00 48 8b 47 30 48 c7 04 d8 00 00 00 00 8b 9f
0x00007ffaeb45d3b2:   d0 09 00 00 8d 43 01 89 87 d0 09 00 00 3b 9f c0
0x00007ffaeb45d3c2:   09 00 00 72 0e 8b d3 48 8d 8f b8 09 00 00 e8 0b
0x00007ffaeb45d3d2:   4a 0d 00 48 8b 87 c8 09 00 00 4c 89 34 d8 e9 30
0x00007ffaeb45d3e2:   03 00 00 48 89 6c 24 40 48 8b eb 4c 3b fb 0f 84
0x00007ffaeb45d3f2:   75 02 00 00 44 8b 4f 28 48 8d 57 30 4c 89 64 24
0x00007ffaeb45d402:   50 0f 1f 40 00 66 0f 1f 84 00 00 00 00 00 8b 4b
0x00007ffaeb45d412:   28 48 8b 87 f8 09 00 00 48 8b 1c c8 4c 8d 04 c8
0x00007ffaeb45d422:   48 8b 43 08 48 83 38 00 75 2b 0f 1f 40 00 8b 43
0x00007ffaeb45d432:   28 41 3b c1 73 0b 8b c8 48 8b 02 48 8b 1c c8 eb
0x00007ffaeb45d442:   02 33 db 48 83 e3 fe 48 8d 57 30 48 8b 43 08 48
0x00007ffaeb45d452:   83 38 00 74 d9 49 89 18 8b 43 28 3b 47 28 73 0f
0x00007ffaeb45d462:   8b c8 48 8b 47 30 48 8b 34 c8 48 85 f6 75 07 48
0x00007ffaeb45d472:   8b b7 90 09 00 00 48 85 ed 75 24 4c 8d 0d 2c e1
0x00007ffaeb45d482:   36 00 ba b0 03 00 00 4c 8d 05 30 e1 36 00 48 8d
0x00007ffaeb45d492:   0d a9 ee 35 00 e8 14 5e cc ff e8 bf 5b 0f 00 8b
0x00007ffaeb45d4a2:   45 28 44 8b 4f 28 41 3b c1 73 13 8b c8 48 8d 57
0x00007ffaeb45d4b2:   30 48 8b 47 30 4c 8b 04 c8 4d 85 c0 75 0b 4c 8b
0x00007ffaeb45d4c2:   87 90 09 00 00 48 8d 57 30 41 0f b7 40 58 48 8b
0x00007ffaeb45d4d2:   cb 66 39 46 58 48 0f 43 cd 48 8b e9 4c 3b fb 0f
0x00007ffaeb45d4e2:   85 29 ff ff ff 49 3b cf 0f 84 76 01 00 00 8b 41
0x00007ffaeb45d4f2:   2c 48 8b f1 24 0f 3c 08 75 68 0f 1f 40 00 33 d2
0x00007ffaeb45d502:   48 8b ce e8 46 4b 0c 00 48 85 c0 74 55 48 8b c8
0x00007ffaeb45d512:   e8 59 d3 c2 ff 85 c0 79 49 f7 d0 c1 f8 03 83 e0 


Stack slot to memory mapping:
stack at sp + 0 slots: 0x000000049fbfae60 is pointing into the stack for thread: 0x0000014fe74ad840
stack at sp + 1 slots: 0x0000014fe7912bb8 points into unknown readable memory: 0x00007ffaeb8150b0 | b0 50 81 eb fa 7f 00 00
stack at sp + 2 slots: 0x0000014fe783f7c0 points into unknown readable memory: 0x00007ffaeb72f640 | 40 f6 72 eb fa 7f 00 00
stack at sp + 3 slots: 0x0000014fe7911da0 points into unknown readable memory: 0x00007ffaeb795100 | 00 51 79 eb fa 7f 00 00
stack at sp + 4 slots: 0x0000000000000006 is an unknown value
stack at sp + 5 slots: 0x000000049fbfab48 is pointing into the stack for thread: 0x0000014fe74ad840
stack at sp + 6 slots: 0x0000014fe76f2bb0 points into unknown readable memory: 0x00007ffaeb7ad1c8 | c8 d1 7a eb fa 7f 00 00
stack at sp + 7 slots: 0x00007ffaeb45d134 jvm.dll


---------------  P R O C E S S  ---------------

Threads class SMR info:
_java_thread_list=0x0000014fe7ec2a60, length=15, elements={
0x0000014fc87f49b0, 0x0000014fe6845a80, 0x0000014fe6847090, 0x0000014fe6857ec0,
0x0000014fe6858a70, 0x0000014fe685bbd0, 0x0000014fe68625b0, 0x0000014fe68686a0,
0x0000014fe686afb0, 0x0000014fe6880080, 0x0000014fe682e820, 0x0000014fe74ad840,
0x0000014fe7543030, 0x0000014fe7543500, 0x0000014fe7ba0760
}

Java Threads: ( => current thread )
  0x0000014fc87f49b0 JavaThread "main" [_thread_in_Java, id=9948, stack(0x000000049ea00000,0x000000049eb00000)]
  0x0000014fe6845a80 JavaThread "Reference Handler" daemon [_thread_blocked, id=12548, stack(0x000000049f100000,0x000000049f200000)]
  0x0000014fe6847090 JavaThread "Finalizer" daemon [_thread_blocked, id=2012, stack(0x000000049f200000,0x000000049f300000)]
  0x0000014fe6857ec0 JavaThread "Signal Dispatcher" daemon [_thread_blocked, id=13636, stack(0x000000049f300000,0x000000049f400000)]
  0x0000014fe6858a70 JavaThread "Attach Listener" daemon [_thread_blocked, id=6988, stack(0x000000049f400000,0x000000049f500000)]
  0x0000014fe685bbd0 JavaThread "Service Thread" daemon [_thread_blocked, id=18984, stack(0x000000049f500000,0x000000049f600000)]
  0x0000014fe68625b0 JavaThread "Monitor Deflation Thread" daemon [_thread_blocked, id=5512, stack(0x000000049f600000,0x000000049f700000)]
  0x0000014fe68686a0 JavaThread "C2 CompilerThread0" daemon [_thread_in_native, id=16872, stack(0x000000049f700000,0x000000049f800000)]
  0x0000014fe686afb0 JavaThread "C1 CompilerThread0" daemon [_thread_blocked, id=11604, stack(0x000000049f800000,0x000000049f900000)]
  0x0000014fe6880080 JavaThread "Sweeper thread" daemon [_thread_blocked, id=536, stack(0x000000049f900000,0x000000049fa00000)]
  0x0000014fe682e820 JavaThread "Common-Cleaner" daemon [_thread_blocked, id=9196, stack(0x000000049fa00000,0x000000049fb00000)]
=>0x0000014fe74ad840 JavaThread "C2 CompilerThread1" daemon [_thread_in_native, id=16848, stack(0x000000049fb00000,0x000000049fc00000)]
  0x0000014fe7543030 JavaThread "Monitor Ctrl-Break" daemon [_thread_in_native, id=16756, stack(0x000000049fc00000,0x000000049fd00000)]
  0x0000014fe7543500 JavaThread "Notification Thread" daemon [_thread_blocked, id=17912, stack(0x000000049fd00000,0x000000049fe00000)]
  0x0000014fe7ba0760 JavaThread "C2 CompilerThread2" daemon [_thread_blocked, id=12596, stack(0x00000004a0600000,0x00000004a0700000)]

Other Threads:
  0x0000014fe683e6d0 VMThread "VM Thread" [stack: 0x000000049f000000,0x000000049f100000] [id=13552]
  0x0000014fc88655c0 WatcherThread [stack: 0x000000049fe00000,0x000000049ff00000] [id=2836]
  0x0000014fc884d810 GCTaskThread "GC Thread#0" [stack: 0x000000049eb00000,0x000000049ec00000] [id=8900]
  0x0000014fe7b4b9f0 GCTaskThread "GC Thread#1" [stack: 0x000000049ff00000,0x00000004a0000000] [id=3028]
  0x0000014fe7b84440 GCTaskThread "GC Thread#2" [stack: 0x00000004a0000000,0x00000004a0100000] [id=18636]
  0x0000014fe7ba5000 GCTaskThread "GC Thread#3" [stack: 0x00000004a0100000,0x00000004a0200000] [id=6808]
  0x0000014fe7ba52b0 GCTaskThread "GC Thread#4" [stack: 0x00000004a0200000,0x00000004a0300000] [id=14704]
  0x0000014fe7ba5560 GCTaskThread "GC Thread#5" [stack: 0x00000004a0300000,0x00000004a0400000] [id=18308]
  0x0000014fe7ba6020 GCTaskThread "GC Thread#6" [stack: 0x00000004a0400000,0x00000004a0500000] [id=19204]
  0x0000014fe7ba62d0 GCTaskThread "GC Thread#7" [stack: 0x00000004a0500000,0x00000004a0600000] [id=12320]
  0x0000014fc885db80 ConcurrentGCThread "G1 Main Marker" [stack: 0x000000049ec00000,0x000000049ed00000] [id=11708]
  0x0000014fc65fcce0 ConcurrentGCThread "G1 Conc#0" [stack: 0x000000049ed00000,0x000000049ee00000] [id=2528]
  0x0000014fc88c67b0 ConcurrentGCThread "G1 Refine#0" [stack: 0x000000049ee00000,0x000000049ef00000] [id=14404]
  0x0000014fe6700300 ConcurrentGCThread "G1 Service" [stack: 0x000000049ef00000,0x000000049f000000] [id=18768]

Threads with active compile tasks:
C2 CompilerThread0     1878 1231       4       renderer.Camera::castRay (30 bytes)
C2 CompilerThread1     1878 1173       4       geometries.Triangle::findGeoIntersectionsHelper (348 bytes)

VM state: not at safepoint (normal execution)

VM Mutex/Monitor currently owned by a thread: None

Heap address: 0x0000000082800000, size: 2008 MB, Compressed Oops mode: 32-bit

CDS archive(s) mapped at: [0x0000000800000000-0x0000000800bd0000-0x0000000800bd0000), size 12386304, SharedBaseAddress: 0x0000000800000000, ArchiveRelocationMode: 0.
Compressed class space mapped at: 0x0000000800c00000-0x0000000840c00000, reserved size: 1073741824
Narrow klass base: 0x0000000800000000, Narrow klass shift: 0, Narrow klass range: 0x100000000

GC Precious Log:
 CPUs: 8 total, 8 available
 Memory: 8027M
 Large Page Support: Disabled
 NUMA Support: Disabled
 Compressed Oops: Enabled (32-bit)
 Heap Region Size: 1M
 Heap Min Capacity: 8M
 Heap Initial Capacity: 126M
 Heap Max Capacity: 2008M
 Pre-touch: Disabled
 Parallel Workers: 8
 Concurrent Workers: 2
 Concurrent Refinement Workers: 8
 Periodic GC: Disabled

Heap:
 garbage-first heap   total 129024K, used 19111K [0x0000000082800000, 0x0000000100000000)
  region size 1024K, 18 young (18432K), 1 survivors (1024K)
 Metaspace       used 5268K, committed 5504K, reserved 1056768K
  class space    used 662K, committed 768K, reserved 1048576K

Heap Regions: E=young(eden), S=young(survivor), O=old, HS=humongous(starts), HC=humongous(continues), CS=collection set, F=free, OA=open archive, CA=closed archive, TAMS=top-at-mark-start (previous, next)
|   0|0x0000000082800000, 0x0000000082900000, 0x0000000082900000|100%| O|  |TAMS 0x0000000082800000, 0x0000000082800000| Untracked 
|   1|0x0000000082900000, 0x0000000082a00000, 0x0000000082a00000|100%| O|  |TAMS 0x0000000082900000, 0x0000000082900000| Untracked 
|   2|0x0000000082a00000, 0x0000000082a8c400, 0x0000000082b00000| 54%| O|  |TAMS 0x0000000082a00000, 0x0000000082a00000| Untracked 
|   3|0x0000000082b00000, 0x0000000082b00000, 0x0000000082c00000|  0%| F|  |TAMS 0x0000000082b00000, 0x0000000082b00000| Untracked 
|   4|0x0000000082c00000, 0x0000000082c00000, 0x0000000082d00000|  0%| F|  |TAMS 0x0000000082c00000, 0x0000000082c00000| Untracked 
|   5|0x0000000082d00000, 0x0000000082d00000, 0x0000000082e00000|  0%| F|  |TAMS 0x0000000082d00000, 0x0000000082d00000| Untracked 
|   6|0x0000000082e00000, 0x0000000082e00000, 0x0000000082f00000|  0%| F|  |TAMS 0x0000000082e00000, 0x0000000082e00000| Untracked 
|   7|0x0000000082f00000, 0x0000000082f00000, 0x0000000083000000|  0%| F|  |TAMS 0x0000000082f00000, 0x0000000082f00000| Untracked 
|   8|0x0000000083000000, 0x0000000083000000, 0x0000000083100000|  0%| F|  |TAMS 0x0000000083000000, 0x0000000083000000| Untracked 
|   9|0x0000000083100000, 0x0000000083100000, 0x0000000083200000|  0%| F|  |TAMS 0x0000000083100000, 0x0000000083100000| Untracked 
|  10|0x0000000083200000, 0x0000000083200000, 0x0000000083300000|  0%| F|  |TAMS 0x0000000083200000, 0x0000000083200000| Untracked 
|  11|0x0000000083300000, 0x0000000083300000, 0x0000000083400000|  0%| F|  |TAMS 0x0000000083300000, 0x0000000083300000| Untracked 
|  12|0x0000000083400000, 0x0000000083400000, 0x0000000083500000|  0%| F|  |TAMS 0x0000000083400000, 0x0000000083400000| Untracked 
|  13|0x0000000083500000, 0x0000000083500000, 0x0000000083600000|  0%| F|  |TAMS 0x0000000083500000, 0x0000000083500000| Untracked 
|  14|0x0000000083600000, 0x0000000083600000, 0x0000000083700000|  0%| F|  |TAMS 0x0000000083600000, 0x0000000083600000| Untracked 
|  15|0x0000000083700000, 0x0000000083700000, 0x0000000083800000|  0%| F|  |TAMS 0x0000000083700000, 0x0000000083700000| Untracked 
|  16|0x0000000083800000, 0x0000000083800000, 0x0000000083900000|  0%| F|  |TAMS 0x0000000083800000, 0x0000000083800000| Untracked 
|  17|0x0000000083900000, 0x0000000083900000, 0x0000000083a00000|  0%| F|  |TAMS 0x0000000083900000, 0x0000000083900000| Untracked 
|  18|0x0000000083a00000, 0x0000000083a00000, 0x0000000083b00000|  0%| F|  |TAMS 0x0000000083a00000, 0x0000000083a00000| Untracked 
|  19|0x0000000083b00000, 0x0000000083b00000, 0x0000000083c00000|  0%| F|  |TAMS 0x0000000083b00000, 0x0000000083b00000| Untracked 
|  20|0x0000000083c00000, 0x0000000083c00000, 0x0000000083d00000|  0%| F|  |TAMS 0x0000000083c00000, 0x0000000083c00000| Untracked 
|  21|0x0000000083d00000, 0x0000000083d00000, 0x0000000083e00000|  0%| F|  |TAMS 0x0000000083d00000, 0x0000000083d00000| Untracked 
|  22|0x0000000083e00000, 0x0000000083e00000, 0x0000000083f00000|  0%| F|  |TAMS 0x0000000083e00000, 0x0000000083e00000| Untracked 
|  23|0x0000000083f00000, 0x0000000083f00000, 0x0000000084000000|  0%| F|  |TAMS 0x0000000083f00000, 0x0000000083f00000| Untracked 
|  24|0x0000000084000000, 0x0000000084000000, 0x0000000084100000|  0%| F|  |TAMS 0x0000000084000000, 0x0000000084000000| Untracked 
|  25|0x0000000084100000, 0x0000000084100000, 0x0000000084200000|  0%| F|  |TAMS 0x0000000084100000, 0x0000000084100000| Untracked 
|  26|0x0000000084200000, 0x0000000084200000, 0x0000000084300000|  0%| F|  |TAMS 0x0000000084200000, 0x0000000084200000| Untracked 
|  27|0x0000000084300000, 0x0000000084300000, 0x0000000084400000|  0%| F|  |TAMS 0x0000000084300000, 0x0000000084300000| Untracked 
|  28|0x0000000084400000, 0x0000000084400000, 0x0000000084500000|  0%| F|  |TAMS 0x0000000084400000, 0x0000000084400000| Untracked 
|  29|0x0000000084500000, 0x0000000084500000, 0x0000000084600000|  0%| F|  |TAMS 0x0000000084500000, 0x0000000084500000| Untracked 
|  30|0x0000000084600000, 0x0000000084600000, 0x0000000084700000|  0%| F|  |TAMS 0x0000000084600000, 0x0000000084600000| Untracked 
|  31|0x0000000084700000, 0x0000000084700000, 0x0000000084800000|  0%| F|  |TAMS 0x0000000084700000, 0x0000000084700000| Untracked 
|  32|0x0000000084800000, 0x0000000084800000, 0x0000000084900000|  0%| F|  |TAMS 0x0000000084800000, 0x0000000084800000| Untracked 
|  33|0x0000000084900000, 0x0000000084900000, 0x0000000084a00000|  0%| F|  |TAMS 0x0000000084900000, 0x0000000084900000| Untracked 
|  34|0x0000000084a00000, 0x0000000084a00000, 0x0000000084b00000|  0%| F|  |TAMS 0x0000000084a00000, 0x0000000084a00000| Untracked 
|  35|0x0000000084b00000, 0x0000000084b00000, 0x0000000084c00000|  0%| F|  |TAMS 0x0000000084b00000, 0x0000000084b00000| Untracked 
|  36|0x0000000084c00000, 0x0000000084c00000, 0x0000000084d00000|  0%| F|  |TAMS 0x0000000084c00000, 0x0000000084c00000| Untracked 
|  37|0x0000000084d00000, 0x0000000084d00000, 0x0000000084e00000|  0%| F|  |TAMS 0x0000000084d00000, 0x0000000084d00000| Untracked 
|  38|0x0000000084e00000, 0x0000000084e00000, 0x0000000084f00000|  0%| F|  |TAMS 0x0000000084e00000, 0x0000000084e00000| Untracked 
|  39|0x0000000084f00000, 0x0000000084f00000, 0x0000000085000000|  0%| F|  |TAMS 0x0000000084f00000, 0x0000000084f00000| Untracked 
|  40|0x0000000085000000, 0x0000000085000000, 0x0000000085100000|  0%| F|  |TAMS 0x0000000085000000, 0x0000000085000000| Untracked 
|  41|0x0000000085100000, 0x0000000085100000, 0x0000000085200000|  0%| F|  |TAMS 0x0000000085100000, 0x0000000085100000| Untracked 
|  42|0x0000000085200000, 0x0000000085200000, 0x0000000085300000|  0%| F|  |TAMS 0x0000000085200000, 0x0000000085200000| Untracked 
|  43|0x0000000085300000, 0x0000000085300000, 0x0000000085400000|  0%| F|  |TAMS 0x0000000085300000, 0x0000000085300000| Untracked 
|  44|0x0000000085400000, 0x0000000085400000, 0x0000000085500000|  0%| F|  |TAMS 0x0000000085400000, 0x0000000085400000| Untracked 
|  45|0x0000000085500000, 0x0000000085500000, 0x0000000085600000|  0%| F|  |TAMS 0x0000000085500000, 0x0000000085500000| Untracked 
|  46|0x0000000085600000, 0x0000000085600000, 0x0000000085700000|  0%| F|  |TAMS 0x0000000085600000, 0x0000000085600000| Untracked 
|  47|0x0000000085700000, 0x0000000085700000, 0x0000000085800000|  0%| F|  |TAMS 0x0000000085700000, 0x0000000085700000| Untracked 
|  48|0x0000000085800000, 0x0000000085800000, 0x0000000085900000|  0%| F|  |TAMS 0x0000000085800000, 0x0000000085800000| Untracked 
|  49|0x0000000085900000, 0x0000000085900000, 0x0000000085a00000|  0%| F|  |TAMS 0x0000000085900000, 0x0000000085900000| Untracked 
|  50|0x0000000085a00000, 0x0000000085a1d850, 0x0000000085b00000| 11%| S|CS|TAMS 0x0000000085a00000, 0x0000000085a00000| Complete 
|  51|0x0000000085b00000, 0x0000000085b00000, 0x0000000085c00000|  0%| F|  |TAMS 0x0000000085b00000, 0x0000000085b00000| Untracked 
|  52|0x0000000085c00000, 0x0000000085c00000, 0x0000000085d00000|  0%| F|  |TAMS 0x0000000085c00000, 0x0000000085c00000| Untracked 
|  53|0x0000000085d00000, 0x0000000085d00000, 0x0000000085e00000|  0%| F|  |TAMS 0x0000000085d00000, 0x0000000085d00000| Untracked 
|  54|0x0000000085e00000, 0x0000000085e00000, 0x0000000085f00000|  0%| F|  |TAMS 0x0000000085e00000, 0x0000000085e00000| Untracked 
|  55|0x0000000085f00000, 0x0000000085f00000, 0x0000000086000000|  0%| F|  |TAMS 0x0000000085f00000, 0x0000000085f00000| Untracked 
|  56|0x0000000086000000, 0x0000000086000000, 0x0000000086100000|  0%| F|  |TAMS 0x0000000086000000, 0x0000000086000000| Untracked 
|  57|0x0000000086100000, 0x0000000086100000, 0x0000000086200000|  0%| F|  |TAMS 0x0000000086100000, 0x0000000086100000| Untracked 
|  58|0x0000000086200000, 0x0000000086200000, 0x0000000086300000|  0%| F|  |TAMS 0x0000000086200000, 0x0000000086200000| Untracked 
|  59|0x0000000086300000, 0x0000000086300000, 0x0000000086400000|  0%| F|  |TAMS 0x0000000086300000, 0x0000000086300000| Untracked 
|  60|0x0000000086400000, 0x0000000086400000, 0x0000000086500000|  0%| F|  |TAMS 0x0000000086400000, 0x0000000086400000| Untracked 
|  61|0x0000000086500000, 0x0000000086500000, 0x0000000086600000|  0%| F|  |TAMS 0x0000000086500000, 0x0000000086500000| Untracked 
|  62|0x0000000086600000, 0x0000000086600000, 0x0000000086700000|  0%| F|  |TAMS 0x0000000086600000, 0x0000000086600000| Untracked 
|  63|0x0000000086700000, 0x0000000086700000, 0x0000000086800000|  0%| F|  |TAMS 0x0000000086700000, 0x0000000086700000| Untracked 
|  64|0x0000000086800000, 0x0000000086800000, 0x0000000086900000|  0%| F|  |TAMS 0x0000000086800000, 0x0000000086800000| Untracked 
|  65|0x0000000086900000, 0x0000000086900000, 0x0000000086a00000|  0%| F|  |TAMS 0x0000000086900000, 0x0000000086900000| Untracked 
|  66|0x0000000086a00000, 0x0000000086a00000, 0x0000000086b00000|  0%| F|  |TAMS 0x0000000086a00000, 0x0000000086a00000| Untracked 
|  67|0x0000000086b00000, 0x0000000086b00000, 0x0000000086c00000|  0%| F|  |TAMS 0x0000000086b00000, 0x0000000086b00000| Untracked 
|  68|0x0000000086c00000, 0x0000000086c00000, 0x0000000086d00000|  0%| F|  |TAMS 0x0000000086c00000, 0x0000000086c00000| Untracked 
|  69|0x0000000086d00000, 0x0000000086d00000, 0x0000000086e00000|  0%| F|  |TAMS 0x0000000086d00000, 0x0000000086d00000| Untracked 
|  70|0x0000000086e00000, 0x0000000086e00000, 0x0000000086f00000|  0%| F|  |TAMS 0x0000000086e00000, 0x0000000086e00000| Untracked 
|  71|0x0000000086f00000, 0x0000000086f00000, 0x0000000087000000|  0%| F|  |TAMS 0x0000000086f00000, 0x0000000086f00000| Untracked 
|  72|0x0000000087000000, 0x0000000087000000, 0x0000000087100000|  0%| F|  |TAMS 0x0000000087000000, 0x0000000087000000| Untracked 
|  73|0x0000000087100000, 0x0000000087100000, 0x0000000087200000|  0%| F|  |TAMS 0x0000000087100000, 0x0000000087100000| Untracked 
|  74|0x0000000087200000, 0x0000000087200000, 0x0000000087300000|  0%| F|  |TAMS 0x0000000087200000, 0x0000000087200000| Untracked 
|  75|0x0000000087300000, 0x0000000087300000, 0x0000000087400000|  0%| F|  |TAMS 0x0000000087300000, 0x0000000087300000| Untracked 
|  76|0x0000000087400000, 0x0000000087400000, 0x0000000087500000|  0%| F|  |TAMS 0x0000000087400000, 0x0000000087400000| Untracked 
|  77|0x0000000087500000, 0x0000000087500000, 0x0000000087600000|  0%| F|  |TAMS 0x0000000087500000, 0x0000000087500000| Untracked 
|  78|0x0000000087600000, 0x0000000087600000, 0x0000000087700000|  0%| F|  |TAMS 0x0000000087600000, 0x0000000087600000| Untracked 
|  79|0x0000000087700000, 0x0000000087700000, 0x0000000087800000|  0%| F|  |TAMS 0x0000000087700000, 0x0000000087700000| Untracked 
|  80|0x0000000087800000, 0x0000000087800000, 0x0000000087900000|  0%| F|  |TAMS 0x0000000087800000, 0x0000000087800000| Untracked 
|  81|0x0000000087900000, 0x0000000087900000, 0x0000000087a00000|  0%| F|  |TAMS 0x0000000087900000, 0x0000000087900000| Untracked 
|  82|0x0000000087a00000, 0x0000000087a00000, 0x0000000087b00000|  0%| F|  |TAMS 0x0000000087a00000, 0x0000000087a00000| Untracked 
|  83|0x0000000087b00000, 0x0000000087b00000, 0x0000000087c00000|  0%| F|  |TAMS 0x0000000087b00000, 0x0000000087b00000| Untracked 
|  84|0x0000000087c00000, 0x0000000087c00000, 0x0000000087d00000|  0%| F|  |TAMS 0x0000000087c00000, 0x0000000087c00000| Untracked 
|  85|0x0000000087d00000, 0x0000000087d00000, 0x0000000087e00000|  0%| F|  |TAMS 0x0000000087d00000, 0x0000000087d00000| Untracked 
|  86|0x0000000087e00000, 0x0000000087e00000, 0x0000000087f00000|  0%| F|  |TAMS 0x0000000087e00000, 0x0000000087e00000| Untracked 
|  87|0x0000000087f00000, 0x0000000087f00000, 0x0000000088000000|  0%| F|  |TAMS 0x0000000087f00000, 0x0000000087f00000| Untracked 
|  88|0x0000000088000000, 0x0000000088000000, 0x0000000088100000|  0%| F|  |TAMS 0x0000000088000000, 0x0000000088000000| Untracked 
|  89|0x0000000088100000, 0x0000000088100000, 0x0000000088200000|  0%| F|  |TAMS 0x0000000088100000, 0x0000000088100000| Untracked 
|  90|0x0000000088200000, 0x0000000088200000, 0x0000000088300000|  0%| F|  |TAMS 0x0000000088200000, 0x0000000088200000| Untracked 
|  91|0x0000000088300000, 0x0000000088300000, 0x0000000088400000|  0%| F|  |TAMS 0x0000000088300000, 0x0000000088300000| Untracked 
|  92|0x0000000088400000, 0x0000000088400000, 0x0000000088500000|  0%| F|  |TAMS 0x0000000088400000, 0x0000000088400000| Untracked 
|  93|0x0000000088500000, 0x0000000088500000, 0x0000000088600000|  0%| F|  |TAMS 0x0000000088500000, 0x0000000088500000| Untracked 
|  94|0x0000000088600000, 0x0000000088600000, 0x0000000088700000|  0%| F|  |TAMS 0x0000000088600000, 0x0000000088600000| Untracked 
|  95|0x0000000088700000, 0x0000000088700000, 0x0000000088800000|  0%| F|  |TAMS 0x0000000088700000, 0x0000000088700000| Untracked 
|  96|0x0000000088800000, 0x0000000088800000, 0x0000000088900000|  0%| F|  |TAMS 0x0000000088800000, 0x0000000088800000| Untracked 
|  97|0x0000000088900000, 0x0000000088900000, 0x0000000088a00000|  0%| F|  |TAMS 0x0000000088900000, 0x0000000088900000| Untracked 
|  98|0x0000000088a00000, 0x0000000088a00000, 0x0000000088b00000|  0%| F|  |TAMS 0x0000000088a00000, 0x0000000088a00000| Untracked 
|  99|0x0000000088b00000, 0x0000000088b00000, 0x0000000088c00000|  0%| F|  |TAMS 0x0000000088b00000, 0x0000000088b00000| Untracked 
| 100|0x0000000088c00000, 0x0000000088c00000, 0x0000000088d00000|  0%| F|  |TAMS 0x0000000088c00000, 0x0000000088c00000| Untracked 
| 101|0x0000000088d00000, 0x0000000088d00000, 0x0000000088e00000|  0%| F|  |TAMS 0x0000000088d00000, 0x0000000088d00000| Untracked 
| 102|0x0000000088e00000, 0x0000000088e00000, 0x0000000088f00000|  0%| F|  |TAMS 0x0000000088e00000, 0x0000000088e00000| Untracked 
| 103|0x0000000088f00000, 0x0000000088f00000, 0x0000000089000000|  0%| F|  |TAMS 0x0000000088f00000, 0x0000000088f00000| Untracked 
| 104|0x0000000089000000, 0x0000000089000000, 0x0000000089100000|  0%| F|  |TAMS 0x0000000089000000, 0x0000000089000000| Untracked 
| 105|0x0000000089100000, 0x0000000089100000, 0x0000000089200000|  0%| F|  |TAMS 0x0000000089100000, 0x0000000089100000| Untracked 
| 106|0x0000000089200000, 0x0000000089280800, 0x0000000089300000| 50%| E|  |TAMS 0x0000000089200000, 0x0000000089200000| Complete 
| 107|0x0000000089300000, 0x0000000089400000, 0x0000000089400000|100%| E|CS|TAMS 0x0000000089300000, 0x0000000089300000| Complete 
| 108|0x0000000089400000, 0x0000000089500000, 0x0000000089500000|100%| E|CS|TAMS 0x0000000089400000, 0x0000000089400000| Complete 
| 109|0x0000000089500000, 0x0000000089600000, 0x0000000089600000|100%| E|CS|TAMS 0x0000000089500000, 0x0000000089500000| Complete 
| 110|0x0000000089600000, 0x0000000089700000, 0x0000000089700000|100%| E|CS|TAMS 0x0000000089600000, 0x0000000089600000| Complete 
| 111|0x0000000089700000, 0x0000000089800000, 0x0000000089800000|100%| E|CS|TAMS 0x0000000089700000, 0x0000000089700000| Complete 
| 112|0x0000000089800000, 0x0000000089900000, 0x0000000089900000|100%| E|CS|TAMS 0x0000000089800000, 0x0000000089800000| Complete 
| 113|0x0000000089900000, 0x0000000089a00000, 0x0000000089a00000|100%| E|CS|TAMS 0x0000000089900000, 0x0000000089900000| Complete 
| 114|0x0000000089a00000, 0x0000000089b00000, 0x0000000089b00000|100%| E|CS|TAMS 0x0000000089a00000, 0x0000000089a00000| Complete 
| 115|0x0000000089b00000, 0x0000000089c00000, 0x0000000089c00000|100%| E|CS|TAMS 0x0000000089b00000, 0x0000000089b00000| Complete 
| 116|0x0000000089c00000, 0x0000000089d00000, 0x0000000089d00000|100%| E|CS|TAMS 0x0000000089c00000, 0x0000000089c00000| Complete 
| 117|0x0000000089d00000, 0x0000000089e00000, 0x0000000089e00000|100%| E|CS|TAMS 0x0000000089d00000, 0x0000000089d00000| Complete 
| 118|0x0000000089e00000, 0x0000000089f00000, 0x0000000089f00000|100%| E|CS|TAMS 0x0000000089e00000, 0x0000000089e00000| Complete 
| 119|0x0000000089f00000, 0x000000008a000000, 0x000000008a000000|100%| E|CS|TAMS 0x0000000089f00000, 0x0000000089f00000| Complete 
| 120|0x000000008a000000, 0x000000008a100000, 0x000000008a100000|100%| E|CS|TAMS 0x000000008a000000, 0x000000008a000000| Complete 
| 121|0x000000008a100000, 0x000000008a200000, 0x000000008a200000|100%| E|CS|TAMS 0x000000008a100000, 0x000000008a100000| Complete 
| 122|0x000000008a200000, 0x000000008a300000, 0x000000008a300000|100%| E|CS|TAMS 0x000000008a200000, 0x000000008a200000| Complete 
| 123|0x000000008a300000, 0x000000008a400000, 0x000000008a400000|100%| E|CS|TAMS 0x000000008a300000, 0x000000008a300000| Complete 
| 124|0x000000008a400000, 0x000000008a500000, 0x000000008a500000|100%| E|CS|TAMS 0x000000008a400000, 0x000000008a400000| Complete 
| 125|0x000000008a500000, 0x000000008a600000, 0x000000008a600000|100%| E|CS|TAMS 0x000000008a500000, 0x000000008a500000| Complete 

Card table byte_map: [0x0000014fdf7b0000,0x0000014fdfba0000] _byte_map_base: 0x0000014fdf39c000

Marking Bits (Prev, Next): (CMBitMap*) 0x0000014fc65fb830, (CMBitMap*) 0x0000014fc65fb870
 Prev Bits: [0x0000014fdff90000, 0x0000014fe1ef0000)
 Next Bits: [0x0000014fe1ef0000, 0x0000014fe3e50000)

Polling page: 0x0000014fc6740000

Metaspace:

Usage:
  Non-class:      4.50 MB used.
      Class:    662.09 KB used.
       Both:      5.14 MB used.

Virtual space:
  Non-class space:        8.00 MB reserved,       4.62 MB ( 58%) committed,  1 nodes.
      Class space:        1.00 GB reserved,     768.00 KB ( <1%) committed,  1 nodes.
             Both:        1.01 GB reserved,       5.38 MB ( <1%) committed. 

Chunk freelists:
   Non-Class:  2.14 MB
       Class:  3.31 MB
        Both:  5.45 MB

MaxMetaspaceSize: unlimited
CompressedClassSpaceSize: 1.00 GB
Initial GC threshold: 21.00 MB
Current GC threshold: 21.00 MB
CDS: on
MetaspaceReclaimPolicy: balanced
 - commit_granule_bytes: 65536.
 - commit_granule_words: 8192.
 - virtual_space_node_default_size: 1048576.
 - enlarge_chunks_in_place: 1.
 - new_chunks_are_fully_committed: 0.
 - uncommit_free_chunks: 1.
 - use_allocation_guard: 0.
 - handle_deallocations: 1.


Internal statistics:

num_allocs_failed_limit: 0.
num_arena_births: 128.
num_arena_deaths: 0.
num_vsnodes_births: 2.
num_vsnodes_deaths: 0.
num_space_committed: 86.
num_space_uncommitted: 0.
num_chunks_returned_to_freelist: 0.
num_chunks_taken_from_freelist: 305.
num_chunk_merges: 0.
num_chunk_splits: 161.
num_chunks_enlarged: 92.
num_purges: 0.
num_inconsistent_stats: 0.

CodeHeap 'non-profiled nmethods': size=120000Kb used=427Kb max_used=427Kb free=119572Kb
 bounds [0x0000014fd7b50000, 0x0000014fd7dc0000, 0x0000014fdf080000]
CodeHeap 'profiled nmethods': size=120000Kb used=2223Kb max_used=2223Kb free=117776Kb
 bounds [0x0000014fd0080000, 0x0000014fd02f0000, 0x0000014fd75b0000]
CodeHeap 'non-nmethods': size=5760Kb used=1153Kb max_used=1182Kb free=4606Kb
 bounds [0x0000014fd75b0000, 0x0000014fd7820000, 0x0000014fd7b50000]
 total_blobs=1692 nmethods=1247 adapters=358
 compilation: enabled
              stopped_count=0, restarted_count=0
 full_count=0

Compilation events (20 events):
Event: 1.620 Thread 0x0000014fe686afb0 nmethod 1225 0x0000014fd02a9a90 code [0x0000014fd02a9c60, 0x0000014fd02a9f88]
Event: 1.620 Thread 0x0000014fe686afb0 1226       3       lighting.SpotLight::getIntensity (27 bytes)
Event: 1.621 Thread 0x0000014fe686afb0 nmethod 1226 0x0000014fd02aa110 code [0x0000014fd02aa360, 0x0000014fd02aaa88]
Event: 1.621 Thread 0x0000014fe686afb0 1227       3       lighting.PointLight::getIntensity (59 bytes)
Event: 1.622 Thread 0x0000014fe686afb0 nmethod 1227 0x0000014fd02aae10 code [0x0000014fd02aafe0, 0x0000014fd02ab448]
Event: 1.659 Thread 0x0000014fe68686a0 nmethod 1216 0x0000014fd7bae090 code [0x0000014fd7bae260, 0x0000014fd7baed18]
Event: 1.660 Thread 0x0000014fe68686a0 1200       4       java.util.LinkedList::node (65 bytes)
Event: 1.660 Thread 0x0000014fe7ba0760 1228       4       java.awt.Color::<init> (11 bytes)
Event: 1.661 Thread 0x0000014fe68686a0 nmethod 1200 0x0000014fd7baf610 code [0x0000014fd7baf780, 0x0000014fd7baf858]
Event: 1.661 Thread 0x0000014fe68686a0 1229       4       java.awt.Color::<init> (72 bytes)
Event: 1.663 Thread 0x0000014fe7ba0760 nmethod 1228 0x0000014fd7baf910 code [0x0000014fd7bafa80, 0x0000014fd7bafcd8]
Event: 1.663 Thread 0x0000014fe7ba0760 1230       4       java.awt.Color::testColorValueRange (121 bytes)
Event: 1.664 Thread 0x0000014fe68686a0 nmethod 1229 0x0000014fd7bafe10 code [0x0000014fd7baff80, 0x0000014fd7bb01d8]
Event: 1.664 Thread 0x0000014fe68686a0 1231       4       renderer.Camera::castRay (30 bytes)
Event: 1.664 Thread 0x0000014fe7ba0760 nmethod 1230 0x0000014fd7bb0310 code [0x0000014fd7bb0480, 0x0000014fd7bb0558]
Event: 1.664 Thread 0x0000014fe7ba0760 1232       4       renderer.Camera::constructRay (143 bytes)
Event: 1.716 Thread 0x0000014fe7ba0760 nmethod 1232 0x0000014fd7bb0690 code [0x0000014fd7bb08a0, 0x0000014fd7bb1378]
Event: 1.716 Thread 0x0000014fe7ba0760 1233       4       renderer.ImageWriter::writePixel (17 bytes)
Event: 1.725 Thread 0x0000014fe7ba0760 nmethod 1233 0x0000014fd7bb1b90 code [0x0000014fd7bb1d40, 0x0000014fd7bb2208]
Event: 1.725 Thread 0x0000014fe7ba0760 1236       4       java.awt.image.DirectColorModel::getDataElements (928 bytes)

GC Heap History (4 events):
Event: 1.498 GC heap before
{Heap before GC invocations=0 (full 0):
 garbage-first heap   total 129024K, used 23552K [0x0000000082800000, 0x0000000100000000)
  region size 1024K, 23 young (23552K), 0 survivors (0K)
 Metaspace       used 5242K, committed 5440K, reserved 1056768K
  class space    used 662K, committed 768K, reserved 1048576K
}
Event: 1.507 GC heap after
{Heap after GC invocations=1 (full 0):
 garbage-first heap   total 129024K, used 2645K [0x0000000082800000, 0x0000000100000000)
  region size 1024K, 3 young (3072K), 3 survivors (3072K)
 Metaspace       used 5242K, committed 5440K, reserved 1056768K
  class space    used 662K, committed 768K, reserved 1048576K
}
Event: 1.602 GC heap before
{Heap before GC invocations=1 (full 0):
 garbage-first heap   total 129024K, used 36437K [0x0000000082800000, 0x0000000100000000)
  region size 1024K, 36 young (36864K), 3 survivors (3072K)
 Metaspace       used 5266K, committed 5504K, reserved 1056768K
  class space    used 662K, committed 768K, reserved 1048576K
}
Event: 1.610 GC heap after
{Heap after GC invocations=2 (full 0):
 garbage-first heap   total 129024K, used 2923K [0x0000000082800000, 0x0000000100000000)
  region size 1024K, 1 young (1024K), 1 survivors (1024K)
 Metaspace       used 5266K, committed 5504K, reserved 1056768K
  class space    used 662K, committed 768K, reserved 1048576K
}

Deoptimization events (20 events):
Event: 1.254 Thread 0x0000014fc87f49b0 Uncommon trap: trap_request=0xffffffde fr.pc=0x0000014fd7b96148 relative=0x0000000000000128
Event: 1.254 Thread 0x0000014fc87f49b0 Uncommon trap: reason=class_check action=maybe_recompile pc=0x0000014fd7b96148 method=jdk.internal.misc.Unsafe.allocateUninitializedArray(Ljava/lang/Class;I)Ljava/lang/Object; @ 51 c2
Event: 1.254 Thread 0x0000014fc87f49b0 DEOPT PACKING pc=0x0000014fd7b96148 sp=0x000000049eafcc40
Event: 1.255 Thread 0x0000014fc87f49b0 DEOPT UNPACKING pc=0x0000014fd76023a3 sp=0x000000049eafcbc8 mode 2
Event: 1.255 Thread 0x0000014fc87f49b0 Uncommon trap: trap_request=0xffffffde fr.pc=0x0000014fd7b96148 relative=0x0000000000000128
Event: 1.255 Thread 0x0000014fc87f49b0 Uncommon trap: reason=class_check action=maybe_recompile pc=0x0000014fd7b96148 method=jdk.internal.misc.Unsafe.allocateUninitializedArray(Ljava/lang/Class;I)Ljava/lang/Object; @ 51 c2
Event: 1.255 Thread 0x0000014fc87f49b0 DEOPT PACKING pc=0x0000014fd7b96148 sp=0x000000049eafcbb0
Event: 1.255 Thread 0x0000014fc87f49b0 DEOPT UNPACKING pc=0x0000014fd76023a3 sp=0x000000049eafcb38 mode 2
Event: 1.255 Thread 0x0000014fc87f49b0 Uncommon trap: trap_request=0xffffffde fr.pc=0x0000014fd7b96148 relative=0x0000000000000128
Event: 1.255 Thread 0x0000014fc87f49b0 Uncommon trap: reason=class_check action=maybe_recompile pc=0x0000014fd7b96148 method=jdk.internal.misc.Unsafe.allocateUninitializedArray(Ljava/lang/Class;I)Ljava/lang/Object; @ 51 c2
Event: 1.255 Thread 0x0000014fc87f49b0 DEOPT PACKING pc=0x0000014fd7b96148 sp=0x000000049eafcbb0
Event: 1.255 Thread 0x0000014fc87f49b0 DEOPT UNPACKING pc=0x0000014fd76023a3 sp=0x000000049eafcb38 mode 2
Event: 1.338 Thread 0x0000014fc87f49b0 Uncommon trap: trap_request=0xffffff45 fr.pc=0x0000014fd7b86fc8 relative=0x0000000000000048
Event: 1.338 Thread 0x0000014fc87f49b0 Uncommon trap: reason=unstable_if action=reinterpret pc=0x0000014fd7b86fc8 method=java.lang.CharacterData.of(I)Ljava/lang/CharacterData; @ 4 c2
Event: 1.338 Thread 0x0000014fc87f49b0 DEOPT PACKING pc=0x0000014fd7b86fc8 sp=0x000000049eafbd10
Event: 1.338 Thread 0x0000014fc87f49b0 DEOPT UNPACKING pc=0x0000014fd76023a3 sp=0x000000049eafbcb0 mode 2
Event: 1.343 Thread 0x0000014fc87f49b0 Uncommon trap: trap_request=0xffffff45 fr.pc=0x0000014fd7b58eb4 relative=0x00000000000001b4
Event: 1.343 Thread 0x0000014fc87f49b0 Uncommon trap: reason=unstable_if action=reinterpret pc=0x0000014fd7b58eb4 method=java.lang.String.isLatin1()Z @ 10 c2
Event: 1.343 Thread 0x0000014fc87f49b0 DEOPT PACKING pc=0x0000014fd7b58eb4 sp=0x000000049eafc560
Event: 1.343 Thread 0x0000014fc87f49b0 DEOPT UNPACKING pc=0x0000014fd76023a3 sp=0x000000049eafc490 mode 2

Classes unloaded (0 events):
No events

Classes redefined (0 events):
No events

Internal exceptions (20 events):
Event: 0.893 Thread 0x0000014fc87f49b0 Exception <a 'java/lang/IncompatibleClassChangeError'{0x0000000089c5e758}: Found class java.lang.Object, but interface was expected> (0x0000000089c5e758) 
thrown [s\open\src\hotspot\share\interpreter\linkResolver.cpp, line 826]
Event: 0.914 Thread 0x0000014fc87f49b0 Exception <a 'java/lang/NoSuchMethodError'{0x0000000089c9d358}: 'void java.lang.invoke.DirectMethodHandle$Holder.invokeInterface(java.lang.Object, java.lang.Object, java.lang.Object)'> (0x0000000089c9d358) 
thrown [s\open\src\hotspot\share\interpreter\linkResolver.cpp, line 759]
Event: 0.915 Thread 0x0000014fc87f49b0 Exception <a 'java/lang/IncompatibleClassChangeError'{0x0000000089ca09c0}: Found class java.lang.Object, but interface was expected> (0x0000000089ca09c0) 
thrown [s\open\src\hotspot\share\interpreter\linkResolver.cpp, line 826]
Event: 0.924 Thread 0x0000014fc87f49b0 Exception <a 'java/lang/NoSuchMethodError'{0x0000000089cbc570}: 'java.lang.Object java.lang.invoke.DirectMethodHandle$Holder.invokeStatic(java.lang.Object, java.lang.Object, int)'> (0x0000000089cbc570) 
thrown [s\open\src\hotspot\share\interpreter\linkResolver.cpp, line 759]
Event: 0.951 Thread 0x0000014fc87f49b0 Exception <a 'java/lang/NoSuchMethodError'{0x0000000089b10558}: 'void java.lang.invoke.DirectMethodHandle$Holder.invokeSpecial(java.lang.Object, java.lang.Object, java.lang.Object, java.lang.Object, java.lang.Object)'> (0x0000000089b10558) 
thrown [s\open\src\hotspot\share\interpreter\linkResolver.cpp, line 759]
Event: 0.976 Thread 0x0000014fc87f49b0 Exception <a 'java/lang/NoSuchMethodError'{0x0000000089b6bad8}: 'void java.lang.invoke.DirectMethodHandle$Holder.invokeInterface(java.lang.Object, java.lang.Object, java.lang.Object, java.lang.Object)'> (0x0000000089b6bad8) 
thrown [s\open\src\hotspot\share\interpreter\linkResolver.cpp, line 759]
Event: 0.977 Thread 0x0000014fc87f49b0 Exception <a 'java/lang/IncompatibleClassChangeError'{0x0000000089b6f400}: Found class java.lang.Object, but interface was expected> (0x0000000089b6f400) 
thrown [s\open\src\hotspot\share\interpreter\linkResolver.cpp, line 826]
Event: 0.986 Thread 0x0000014fc87f49b0 Exception <a 'java/lang/NoSuchMethodError'{0x0000000089b94a10}: 'void java.lang.invoke.DirectMethodHandle$Holder.invokeStatic(java.lang.Object, java.lang.Object, java.lang.Object, java.lang.Object)'> (0x0000000089b94a10) 
thrown [s\open\src\hotspot\share\interpreter\linkResolver.cpp, line 759]
Event: 0.998 Thread 0x0000014fc87f49b0 Exception <a 'java/lang/NoSuchMethodError'{0x0000000089bb62e8}: 'java.lang.Object java.lang.invoke.DirectMethodHandle$Holder.newInvokeSpecial(java.lang.Object, java.lang.Object, int)'> (0x0000000089bb62e8) 
thrown [s\open\src\hotspot\share\interpreter\linkResolver.cpp, line 759]
Event: 1.043 Thread 0x0000014fc87f49b0 Exception <a 'java/lang/NoSuchMethodError'{0x0000000089a2aa18}: 'java.lang.Object java.lang.invoke.Invokers$Holder.invokeExact_MT(java.lang.Object, java.lang.Object, java.lang.Object, java.lang.Object, java.lang.Object, java.lang.Object)'> (0x0000000089a2aa18) 
thrown [s\open\src\hotspot\share\interpreter\linkResolver.cpp, line 759]
Event: 1.051 Thread 0x0000014fc87f49b0 Exception <a 'java/lang/NoSuchMethodError'{0x0000000089a3a788}: 'int java.lang.invoke.DirectMethodHandle$Holder.invokeStatic(java.lang.Object, java.lang.Object, java.lang.Object, java.lang.Object, java.lang.Object)'> (0x0000000089a3a788) 
thrown [s\open\src\hotspot\share\interpreter\linkResolver.cpp, line 759]
Event: 1.074 Thread 0x0000014fc87f49b0 Exception <a 'java/lang/NoSuchMethodError'{0x0000000089a816d8}: 'void java.lang.invoke.DirectMethodHandle$Holder.invokeStaticInit(java.lang.Object)'> (0x0000000089a816d8) 
thrown [s\open\src\hotspot\share\interpreter\linkResolver.cpp, line 759]
Event: 1.167 Thread 0x0000014fc87f49b0 Exception <a 'java/lang/NoSuchMethodError'{0x000000008997a0e8}: 'int java.lang.invoke.DirectMethodHandle$Holder.invokeStaticInit(java.lang.Object, java.lang.Object)'> (0x000000008997a0e8) 
thrown [s\open\src\hotspot\share\interpreter\linkResolver.cpp, line 759]
Event: 1.272 Thread 0x0000014fc87f49b0 Exception <a 'java/lang/NoSuchMethodError'{0x00000000897860c0}: 'java.lang.Object java.lang.invoke.DirectMethodHandle$Holder.newInvokeSpecial(java.lang.Object, java.lang.Object, java.lang.Object, java.lang.Object, java.lang.Object, java.lang.Object, java.lang.Object)'> (0x00000000897860c0) 
thrown [s\open\src\hotspot\share\interpreter\linkResolver.cpp, line 759]
Event: 1.272 Thread 0x0000014fc87f49b0 Exception <a 'java/lang/NoSuchMethodError'{0x000000008978ac78}: 'java.lang.Object java.lang.invoke.Invokers$Holder.linkToTargetMethod(java.lang.Object, java.lang.Object, java.lang.Object, java.lang.Object, java.lang.Object, java.lang.Object, java.lang.Object)'> (0x000000008978ac78) 
thrown [s\open\src\hotspot\share\interpreter\linkResolver.cpp, line 759]
Event: 1.279 Thread 0x0000014fc87f49b0 Exception <a 'java/lang/NoSuchMethodError'{0x000000008979b520}: 'java.lang.Object java.lang.invoke.DirectMethodHandle$Holder.invokeInterface(java.lang.Object, java.lang.Object, java.lang.Object, java.lang.Object, java.lang.Object)'> (0x000000008979b520) 
thrown [s\open\src\hotspot\share\interpreter\linkResolver.cpp, line 759]
Event: 1.280 Thread 0x0000014fc87f49b0 Exception <a 'java/lang/IncompatibleClassChangeError'{0x000000008979f318}: Found class java.lang.Object, but interface was expected> (0x000000008979f318) 
thrown [s\open\src\hotspot\share\interpreter\linkResolver.cpp, line 826]
Event: 1.400 Thread 0x0000014fc87f49b0 Exception <a 'java/lang/ClassNotFoundException'{0x00000000896b2248}: sun/awt/resources/spi/awtProvider> (0x00000000896b2248) 
thrown [s\open\src\hotspot\share\classfile\systemDictionary.cpp, line 256]
Event: 1.426 Thread 0x0000014fc87f49b0 Exception <a 'java/io/FileNotFoundException'{0x00000000896f6808}> (0x00000000896f6808) 
thrown [s\open\src\hotspot\share\prims\jni.cpp, line 516]
Event: 1.440 Thread 0x0000014fc87f49b0 Exception <a 'java/io/FileNotFoundException'{0x0000000089524028}> (0x0000000089524028) 
thrown [s\open\src\hotspot\share\prims\jni.cpp, line 516]

VM Operations (18 events):
Event: 0.128 Executing VM operation: HandshakeAllThreads
Event: 0.128 Executing VM operation: HandshakeAllThreads done
Event: 0.217 Executing VM operation: HandshakeAllThreads
Event: 0.217 Executing VM operation: HandshakeAllThreads done
Event: 0.394 Executing VM operation: HandshakeAllThreads
Event: 0.394 Executing VM operation: HandshakeAllThreads done
Event: 1.177 Executing VM operation: HandshakeAllThreads
Event: 1.177 Executing VM operation: HandshakeAllThreads done
Event: 1.177 Executing VM operation: Cleanup
Event: 1.180 Executing VM operation: Cleanup done
Event: 1.291 Executing VM operation: HandshakeAllThreads
Event: 1.291 Executing VM operation: HandshakeAllThreads done
Event: 1.339 Executing VM operation: HandshakeAllThreads
Event: 1.339 Executing VM operation: HandshakeAllThreads done
Event: 1.498 Executing VM operation: G1CollectForAllocation
Event: 1.507 Executing VM operation: G1CollectForAllocation done
Event: 1.602 Executing VM operation: G1CollectForAllocation
Event: 1.610 Executing VM operation: G1CollectForAllocation done

Events (20 events):
Event: 1.406 loading class sun/awt/resources/awt_he_IL done
Event: 1.406 loading class java/awt/Toolkit$2
Event: 1.406 loading class java/awt/Toolkit$2 done
Event: 1.407 loading class java/awt/Toolkit$1
Event: 1.407 loading class java/awt/Toolkit$1 done
Event: 1.426 loading class java/io/FileNotFoundException
Event: 1.426 loading class java/io/FileNotFoundException done
Event: 1.440 loading class java/awt/Insets
Event: 1.440 loading class java/awt/Insets done
Event: 1.440 loading class java/awt/GraphicsEnvironment
Event: 1.441 loading class java/awt/GraphicsEnvironment done
Event: 1.441 loading class sun/awt/PlatformGraphicsInfo
Event: 1.442 loading class sun/awt/PlatformGraphicsInfo done
Event: 1.444 loading class java/util/LinkedList$ListItr
Event: 1.444 loading class java/util/LinkedList$ListItr done
Event: 1.445 loading class java/awt/Color
Event: 1.446 loading class java/awt/Paint
Event: 1.446 loading class java/awt/Paint done
Event: 1.446 loading class java/awt/Color done
Event: 1.659 Thread 0x0000014fe7ba0760 Thread added: 0x0000014fe7ba0760


Dynamic libraries:
0x00007ff61a1e0000 - 0x00007ff61a1f0000 	C:\Program Files\Java\jdk-17\bin\java.exe
0x00007ffb30990000 - 0x00007ffb30b88000 	C:\WINDOWS\SYSTEM32\ntdll.dll
0x00007ffb2ef40000 - 0x00007ffb2efff000 	C:\WINDOWS\System32\KERNEL32.DLL
0x00007ffb2e0a0000 - 0x00007ffb2e396000 	C:\WINDOWS\System32\KERNELBASE.dll
0x00007ffb2e3a0000 - 0x00007ffb2e4a0000 	C:\WINDOWS\System32\ucrtbase.dll
0x00007ffb28a70000 - 0x00007ffb28a88000 	C:\Program Files\Java\jdk-17\bin\jli.dll
0x00007ffb28e80000 - 0x00007ffb28e9b000 	C:\Program Files\Java\jdk-17\bin\VCRUNTIME140.dll
0x00007ffb2f6e0000 - 0x00007ffb2f78f000 	C:\WINDOWS\System32\ADVAPI32.dll
0x00007ffb2f800000 - 0x00007ffb2f89e000 	C:\WINDOWS\System32\msvcrt.dll
0x00007ffb307d0000 - 0x00007ffb3086c000 	C:\WINDOWS\System32\sechost.dll
0x00007ffb2ee00000 - 0x00007ffb2ef26000 	C:\WINDOWS\System32\RPCRT4.dll
0x00007ffb30170000 - 0x00007ffb3030d000 	C:\WINDOWS\System32\USER32.dll
0x00007ffb2e070000 - 0x00007ffb2e092000 	C:\WINDOWS\System32\win32u.dll
0x00007ffb1e430000 - 0x00007ffb1e6ca000 	C:\WINDOWS\WinSxS\amd64_microsoft.windows.common-controls_6595b64144ccf1df_6.0.19041.1110_none_60b5254171f9507e\COMCTL32.dll
0x00007ffb306c0000 - 0x00007ffb306ec000 	C:\WINDOWS\System32\GDI32.dll
0x00007ffb2e720000 - 0x00007ffb2e835000 	C:\WINDOWS\System32\gdi32full.dll
0x00007ffb2e610000 - 0x00007ffb2e6ad000 	C:\WINDOWS\System32\msvcp_win.dll
0x00007ffb24980000 - 0x00007ffb2498a000 	C:\WINDOWS\SYSTEM32\VERSION.dll
0x00007ffb30920000 - 0x00007ffb30950000 	C:\WINDOWS\System32\IMM32.DLL
0x00007ffb29b20000 - 0x00007ffb29b2c000 	C:\Program Files\Java\jdk-17\bin\vcruntime140_1.dll
0x00007ffb18c30000 - 0x00007ffb18cbe000 	C:\Program Files\Java\jdk-17\bin\msvcp140.dll
0x00007ffaeaee0000 - 0x00007ffaebab7000 	C:\Program Files\Java\jdk-17\bin\server\jvm.dll
0x00007ffb306b0000 - 0x00007ffb306b8000 	C:\WINDOWS\System32\PSAPI.DLL
0x00007ffb045b0000 - 0x00007ffb045d7000 	C:\WINDOWS\SYSTEM32\WINMM.dll
0x00007ffad8920000 - 0x00007ffad8929000 	C:\WINDOWS\SYSTEM32\WSOCK32.dll
0x00007ffb2f790000 - 0x00007ffb2f7fb000 	C:\WINDOWS\System32\WS2_32.dll
0x00007ffb2c8b0000 - 0x00007ffb2c8c2000 	C:\WINDOWS\SYSTEM32\kernel.appcore.dll
0x00007ffb28ec0000 - 0x00007ffb28eca000 	C:\Program Files\Java\jdk-17\bin\jimage.dll
0x00007ffb2c690000 - 0x00007ffb2c874000 	C:\WINDOWS\SYSTEM32\DBGHELP.DLL
0x00007ffb1e3a0000 - 0x00007ffb1e3d4000 	C:\WINDOWS\SYSTEM32\dbgcore.DLL
0x00007ffb2e580000 - 0x00007ffb2e602000 	C:\WINDOWS\System32\bcryptPrimitives.dll
0x00007ffb1de80000 - 0x00007ffb1de8e000 	C:\Program Files\Java\jdk-17\bin\instrument.dll
0x00007ffb23690000 - 0x00007ffb236b5000 	C:\Program Files\Java\jdk-17\bin\java.dll
0x00007ffb0c320000 - 0x00007ffb0c3f7000 	C:\Program Files\Java\jdk-17\bin\jsvml.dll
0x00007ffb2f9c0000 - 0x00007ffb30104000 	C:\WINDOWS\System32\SHELL32.dll
0x00007ffb2bef0000 - 0x00007ffb2c683000 	C:\WINDOWS\SYSTEM32\windows.storage.dll
0x00007ffb2e9f0000 - 0x00007ffb2ed44000 	C:\WINDOWS\System32\combase.dll
0x00007ffb2d9e0000 - 0x00007ffb2da0e000 	C:\WINDOWS\SYSTEM32\Wldp.dll
0x00007ffb2ed50000 - 0x00007ffb2edfd000 	C:\WINDOWS\System32\SHCORE.dll
0x00007ffb30310000 - 0x00007ffb30365000 	C:\WINDOWS\System32\shlwapi.dll
0x00007ffb2dfb0000 - 0x00007ffb2dfcf000 	C:\WINDOWS\SYSTEM32\profapi.dll
0x00007ffb18c10000 - 0x00007ffb18c28000 	C:\Program Files\Java\jdk-17\bin\zip.dll
0x00007ffb23670000 - 0x00007ffb23689000 	C:\Program Files\Java\jdk-17\bin\net.dll
0x00007ffb25110000 - 0x00007ffb2521a000 	C:\WINDOWS\SYSTEM32\WINHTTP.dll
0x00007ffb2d740000 - 0x00007ffb2d7aa000 	C:\WINDOWS\system32\mswsock.dll
0x00007ffb1e100000 - 0x00007ffb1e116000 	C:\Program Files\Java\jdk-17\bin\nio.dll
0x00007ffb15a80000 - 0x00007ffb15a9a000 	C:\Program Files\JetBrains\IntelliJ IDEA Community Edition 2022.3.2\bin\breakgen64.dll
0x00007ffaf22e0000 - 0x00007ffaf2471000 	C:\Program Files\Java\jdk-17\bin\awt.dll
0x00007ffb2f610000 - 0x00007ffb2f6dd000 	C:\WINDOWS\System32\OLEAUT32.dll
0x00007ffb2b580000 - 0x00007ffb2b611000 	C:\WINDOWS\SYSTEM32\apphelp.dll

dbghelp: loaded successfully - version: 4.0.5 - missing functions: none
symbol engine: initialized successfully - sym options: 0x614 - pdb path: .;C:\Program Files\Java\jdk-17\bin;C:\WINDOWS\SYSTEM32;C:\WINDOWS\WinSxS\amd64_microsoft.windows.common-controls_6595b64144ccf1df_6.0.19041.1110_none_60b5254171f9507e;C:\Program Files\Java\jdk-17\bin\server;C:\Program Files\JetBrains\IntelliJ IDEA Community Edition 2022.3.2\bin

VM Arguments:
jvm_args: -ea -Didea.test.cyclic.buffer.size=1048576 -javaagent:C:\Program Files\JetBrains\IntelliJ IDEA Community Edition 2022.3.2\lib\idea_rt.jar=8660:C:\Program Files\JetBrains\IntelliJ IDEA Community Edition 2022.3.2\bin -Dfile.encoding=UTF-8 
java_command: com.intellij.rt.junit.JUnitStarter -ideVersion5 -junit5 renderer.ReflectionRefractionTests,fourObjects
java_class_path (initial): C:\Users\admin\.m2\repository\org\junit\platform\junit-platform-launcher\1.9.2\junit-platform-launcher-1.9.2.jar;C:\Program Files\JetBrains\IntelliJ IDEA Community Edition 2022.3.2\lib\idea_rt.jar;C:\Program Files\JetBrains\IntelliJ IDEA Community Edition 2022.3.2\plugins\junit\lib\junit5-rt.jar;C:\Program Files\JetBrains\IntelliJ IDEA Community Edition 2022.3.2\plugins\junit\lib\junit-rt.jar;C:\Google drive\Programs\ISE5783_5876\out\test\ISE5783_5876_5801;C:\Google drive\Programs\ISE5783_5876\out\production\ISE5783_5876_5801;C:\Users\admin\.m2\repository\org\junit\jupiter\junit-jupiter\5.9.2\junit-jupiter-5.9.2.jar;C:\Users\admin\.m2\repository\org\junit\jupiter\junit-jupiter-api\5.9.2\junit-jupiter-api-5.9.2.jar;C:\Users\admin\.m2\repository\org\opentest4j\opentest4j\1.2.0\opentest4j-1.2.0.jar;C:\Users\admin\.m2\repository\org\junit\platform\junit-platform-commons\1.9.2\junit-platform-commons-1.9.2.jar;C:\Users\admin\.m2\repository\org\apiguardian\apiguardian-api\1.1.2\apiguardian-api-1.1.2.jar;C:\Users\admin\.m2\repository\org\junit\jupiter\junit-jupiter-params\5.9.2\junit-jupiter-params-5.9.2.jar;C:\Users\admin\.m2\repository\org\junit\jupiter\junit-jupiter-engine\5.9.2\junit-jupiter-engine-5.9.2.jar;C:\Users\admin\.m2\repository\org\junit\platform\junit-platform-engine\1.9.2\junit-platform-engine-1.9.2.jar
Launcher Type: SUN_STANDARD

[Global flags]
     intx CICompilerCount                          = 4                                         {product} {ergonomic}
     uint ConcGCThreads                            = 2                                         {product} {ergonomic}
     uint G1ConcRefinementThreads                  = 8                                         {product} {ergonomic}
   size_t G1HeapRegionSize                         = 1048576                                   {product} {ergonomic}
    uintx GCDrainStackTargetSize                   = 64                                        {product} {ergonomic}
   size_t InitialHeapSize                          = 132120576                                 {product} {ergonomic}
   size_t MarkStackSize                            = 4194304                                   {product} {ergonomic}
   size_t MaxHeapSize                              = 2105540608                                {product} {ergonomic}
   size_t MaxNewSize                               = 1262485504                                {product} {ergonomic}
   size_t MinHeapDeltaBytes                        = 1048576                                   {product} {ergonomic}
   size_t MinHeapSize                              = 8388608                                   {product} {ergonomic}
    uintx NonNMethodCodeHeapSize                   = 5839372                                {pd product} {ergonomic}
    uintx NonProfiledCodeHeapSize                  = 122909434                              {pd product} {ergonomic}
    uintx ProfiledCodeHeapSize                     = 122909434                              {pd product} {ergonomic}
    uintx ReservedCodeCacheSize                    = 251658240                              {pd product} {ergonomic}
     bool SegmentedCodeCache                       = true                                      {product} {ergonomic}
   size_t SoftMaxHeapSize                          = 2105540608                             {manageable} {ergonomic}
     bool UseCompressedClassPointers               = true                           {product lp64_product} {ergonomic}
     bool UseCompressedOops                        = true                           {product lp64_product} {ergonomic}
     bool UseG1GC                                  = true                                      {product} {ergonomic}
     bool UseLargePagesIndividualAllocation        = false                                  {pd product} {ergonomic}

Logging:
Log output configuration:
 #0: stdout all=warning uptime,level,tags
 #1: stderr all=off uptime,level,tags

Environment Variables:
JAVA_HOME=C:\Program Files\Java\jdk-17
PATH=C:\Program Files\Common Files\Oracle\Java\javapath;C:\Program Files (x86)\Common Files\Oracle\Java\javapath;C:\WINDOWS\system32;C:\WINDOWS;C:\WINDOWS\System32\Wbem;C:\WINDOWS\System32\WindowsPowerShell\v1.0\;C:\WINDOWS\System32\OpenSSH\;C:\Program Files\dotnet\;C:\Program Files (x86)\PuTTY\;C:\Program Files\PuTTY\;C:\Program Files\Git\cmd;C:\Users\admin\AppData\Local\Programs\Python\Python39\Scripts\;C:\Users\admin\AppData\Local\Programs\Python\Python39\;C:\Users\admin\AppData\Local\Microsoft\WindowsApps;C:\Users\admin\.dotnet\tools;C:\Users\admin\AppData\Local\Programs\Microsoft VS Code\bin;C:\Program Files\Java\jdk-17\bin;
USERNAME=admin
OS=Windows_NT
PROCESSOR_IDENTIFIER=Intel64 Family 6 Model 142 Stepping 12, GenuineIntel



---------------  S Y S T E M  ---------------

OS:
 Windows 10 , 64 bit Build 19041 (10.0.19041.3031)
OS uptime: 0 days 3:40 hours

CPU: total 8 (initial active 8) (4 cores per cpu, 2 threads per core) family 6 model 142 stepping 12 microcode 0xca, cx8, cmov, fxsr, ht, mmx, 3dnowpref, sse, sse2, sse3, ssse3, sse4.1, sse4.2, popcnt, lzcnt, tsc, tscinvbit, avx, avx2, aes, erms, clmul, bmi1, bmi2, adx, fma, vzeroupper, clflush, clflushopt

Memory: 4k page, system-wide physical 8027M (818M free)
TotalPageFile size 21339M (AvailPageFile size 10287M)
current process WorkingSet (physical memory assigned to process): 137M, peak: 137M
current process commit charge ("private bytes"): 232M, peak: 232M

vm_info: Java HotSpot(TM) 64-Bit Server VM (17.0.6+9-LTS-190) for windows-amd64 JRE (17.0.6+9-LTS-190), built on Dec  6 2022 15:53:54 by "mach5one" with MS VC++ 17.1 (VS2022)

END.
