#
# A fatal error has been detected by the Java Runtime Environment:
#
#  EXCEPTION_ACCESS_VIOLATION (0xc0000005) at pc=0x00007ffaeb59d422, pid=9428, tid=26052
#
# JRE version: Java(TM) SE Runtime Environment (17.0.6+9) (build 17.0.6+9-LTS-190)
# Java VM: Java HotSpot(TM) 64-Bit Server VM (17.0.6+9-LTS-190, mixed mode, sharing, tiered, compressed oops, compressed class ptrs, g1 gc, windows-amd64)
# Problematic frame:
# V  [jvm.dll+0x57d422]
#
# No core dump will be written. Minidumps are not enabled by default on client versions of Windows
#
# If you would like to submit a bug report, please visit:
#   https://bugreport.java.com/bugreport/crash.jsp
#

---------------  S U M M A R Y ------------

Command Line: -ea -Didea.test.cyclic.buffer.size=1048576 -javaagent:C:\Program Files\JetBrains\IntelliJ IDEA Community Edition 2022.3.2\lib\idea_rt.jar=7011:C:\Program Files\JetBrains\IntelliJ IDEA Community Edition 2022.3.2\bin -Dfile.encoding=UTF-8 com.intellij.rt.junit.JUnitStarter -ideVersion5 -junit5 renderer.ShadowTests

Host: Intel(R) Core(TM) i5-10210U CPU @ 1.60GHz, 8 cores, 7G,  Windows 10 , 64 bit Build 19041 (10.0.19041.3031)
Time: Wed Jul  5 00:33:13 2023 West Bank Gaza Daylight Time elapsed time: 1.042877 seconds (0d 0h 0m 1s)

---------------  T H R E A D  ---------------

Current thread (0x000001f95d4e2c60):  JavaThread "C2 CompilerThread1" daemon [_thread_in_native, id=26052, stack(0x000000ad80300000,0x000000ad80400000)]


Current CompileTask:
C2:   1042 1267       4       geometries.Triangle::findGeoIntersectionsHelper (348 bytes)

Stack: [0x000000ad80300000,0x000000ad80400000],  sp=0x000000ad803fa9f0,  free space=1002k
Native frames: (J=compiled Java code, j=interpreted, Vv=VM code, C=native code)
V  [jvm.dll+0x57d422]
V  [jvm.dll+0x57d134]
V  [jvm.dll+0x57c388]
V  [jvm.dll+0x21e142]
V  [jvm.dll+0x2177c5]
V  [jvm.dll+0x215109]
V  [jvm.dll+0x1a1730]
V  [jvm.dll+0x224b6e]
V  [jvm.dll+0x222f15]
V  [jvm.dll+0x78753c]
V  [jvm.dll+0x781a7a]
V  [jvm.dll+0x672375]
C  [ucrtbase.dll+0x21bb2]
C  [KERNEL32.DLL+0x17614]
C  [ntdll.dll+0x526f1]


siginfo: EXCEPTION_ACCESS_VIOLATION (0xc0000005), reading address 0x0000000000000008


Register to memory mapping:

RIP=0x00007ffaeb59d422 jvm.dll
RAX=0x000001f95f177f40 points into unknown readable memory: 0x0000000000000000 | 00 00 00 00 00 00 00 00
RBX=0x0 is NULL
RCX=0x0 is NULL
RDX=0x000000ad803fae50 is pointing into the stack for thread: 0x000001f95d4e2c60
RSP=0x000000ad803fa9f0 is pointing into the stack for thread: 0x000001f95d4e2c60
RBP=0x000001f95d80ac50 points into unknown readable memory: 0x00007ffaeb8d5100 | 00 51 8d eb fa 7f 00 00
RSI=0x000001f95f167f60 points into unknown readable memory: 0x0000000000000000 | 00 00 00 00 00 00 00 00
RDI=0x000000ad803fae20 is pointing into the stack for thread: 0x000001f95d4e2c60
R8 =0x000001f95f177f40 points into unknown readable memory: 0x0000000000000000 | 00 00 00 00 00 00 00 00
R9 =0x0000000000002000 is an unknown value
R10=0xfefefefefefefeff is an unknown value
R11=0x8080808080808080 is an unknown value
R12=0x000000ad803faae8 is pointing into the stack for thread: 0x000001f95d4e2c60
R13=0x000000ad803faac0 is pointing into the stack for thread: 0x000001f95d4e2c60
R14=0x000001f95d80ba68 points into unknown readable memory: 0x00007ffaeb9550b0 | b0 50 95 eb fa 7f 00 00
R15=0x000001f95e8769c0 points into unknown readable memory: 0x00007ffaeb86f640 | 40 f6 86 eb fa 7f 00 00


Registers:
RAX=0x000001f95f177f40, RBX=0x0000000000000000, RCX=0x0000000000000000, RDX=0x000000ad803fae50
RSP=0x000000ad803fa9f0, RBP=0x000001f95d80ac50, RSI=0x000001f95f167f60, RDI=0x000000ad803fae20
R8 =0x000001f95f177f40, R9 =0x0000000000002000, R10=0xfefefefefefefeff, R11=0x8080808080808080
R12=0x000000ad803faae8, R13=0x000000ad803faac0, R14=0x000001f95d80ba68, R15=0x000001f95e8769c0
RIP=0x00007ffaeb59d422, EFLAGS=0x0000000000010206

Top of Stack: (sp=0x000000ad803fa9f0)
0x000000ad803fa9f0:   000000ad803fae20 000001f95d80ba68
0x000000ad803faa00:   000001f95e8769c0 000001f95d80ac50
0x000000ad803faa10:   0000000000000006 000000ad803fab08
0x000000ad803faa20:   000001f95e19bd38 00007ffaeb59d134
0x000000ad803faa30:   000000000000000f 000000000000007e
0x000000ad803faa40:   000000ad803faae8 000001f95d80ba68
0x000000ad803faa50:   000001f95d4e2010 000001f95d4e1fc0
0x000000ad803faa60:   000001f95d433ef8 000000ad803fab90
0x000000ad803faa70:   000001f93e7228f0 0000000000000000
0x000000ad803faa80:   000000ad803fae20 00007ffaeb59c388
0x000000ad803faa90:   000000ad803fae20 0000000000000001
0x000000ad803faaa0:   000001f900000006 000000ad803fab08
0x000000ad803faab0:   0000000000000d62 0000000000007ff0
0x000000ad803faac0:   000001f95d4708e0 0000000000000400
0x000000ad803faad0:   000001f95f214bb0 0000000000000251
0x000000ad803faae0:   0000000000000000 000001f900000100 

Instructions: (pc=0x00007ffaeb59d422)
0x00007ffaeb59d322:   4a 0d 00 48 8b 47 30 48 c7 04 d8 00 00 00 00 48
0x00007ffaeb59d332:   83 c4 20 41 5e 5f 5b c3 49 8b d6 4c 89 7c 24 58
0x00007ffaeb59d342:   48 8b cf e8 26 c8 fe ff 45 33 c9 4c 8b c0 49 8b
0x00007ffaeb59d352:   d6 48 8b cf 4c 8b f8 e8 62 13 00 00 41 8b 4e 2c
0x00007ffaeb59d362:   48 8b d8 83 e1 3f 80 f9 30 75 19 49 3b c7 74 14
0x00007ffaeb59d372:   4c 8b c8 4d 8b c7 49 8b d6 48 8b cf e8 dd 3b 00
0x00007ffaeb59d382:   00 48 8b d8 48 89 74 24 48 48 85 db 75 55 41 8b
0x00007ffaeb59d392:   5e 28 3b 5f 28 72 0b 8b d3 48 8d 4f 20 e8 3c 4a
0x00007ffaeb59d3a2:   0d 00 48 8b 47 30 48 c7 04 d8 00 00 00 00 8b 9f
0x00007ffaeb59d3b2:   d0 09 00 00 8d 43 01 89 87 d0 09 00 00 3b 9f c0
0x00007ffaeb59d3c2:   09 00 00 72 0e 8b d3 48 8d 8f b8 09 00 00 e8 0b
0x00007ffaeb59d3d2:   4a 0d 00 48 8b 87 c8 09 00 00 4c 89 34 d8 e9 30
0x00007ffaeb59d3e2:   03 00 00 48 89 6c 24 40 48 8b eb 4c 3b fb 0f 84
0x00007ffaeb59d3f2:   75 02 00 00 44 8b 4f 28 48 8d 57 30 4c 89 64 24
0x00007ffaeb59d402:   50 0f 1f 40 00 66 0f 1f 84 00 00 00 00 00 8b 4b
0x00007ffaeb59d412:   28 48 8b 87 f8 09 00 00 48 8b 1c c8 4c 8d 04 c8
0x00007ffaeb59d422:   48 8b 43 08 48 83 38 00 75 2b 0f 1f 40 00 8b 43
0x00007ffaeb59d432:   28 41 3b c1 73 0b 8b c8 48 8b 02 48 8b 1c c8 eb
0x00007ffaeb59d442:   02 33 db 48 83 e3 fe 48 8d 57 30 48 8b 43 08 48
0x00007ffaeb59d452:   83 38 00 74 d9 49 89 18 8b 43 28 3b 47 28 73 0f
0x00007ffaeb59d462:   8b c8 48 8b 47 30 48 8b 34 c8 48 85 f6 75 07 48
0x00007ffaeb59d472:   8b b7 90 09 00 00 48 85 ed 75 24 4c 8d 0d 2c e1
0x00007ffaeb59d482:   36 00 ba b0 03 00 00 4c 8d 05 30 e1 36 00 48 8d
0x00007ffaeb59d492:   0d a9 ee 35 00 e8 14 5e cc ff e8 bf 5b 0f 00 8b
0x00007ffaeb59d4a2:   45 28 44 8b 4f 28 41 3b c1 73 13 8b c8 48 8d 57
0x00007ffaeb59d4b2:   30 48 8b 47 30 4c 8b 04 c8 4d 85 c0 75 0b 4c 8b
0x00007ffaeb59d4c2:   87 90 09 00 00 48 8d 57 30 41 0f b7 40 58 48 8b
0x00007ffaeb59d4d2:   cb 66 39 46 58 48 0f 43 cd 48 8b e9 4c 3b fb 0f
0x00007ffaeb59d4e2:   85 29 ff ff ff 49 3b cf 0f 84 76 01 00 00 8b 41
0x00007ffaeb59d4f2:   2c 48 8b f1 24 0f 3c 08 75 68 0f 1f 40 00 33 d2
0x00007ffaeb59d502:   48 8b ce e8 46 4b 0c 00 48 85 c0 74 55 48 8b c8
0x00007ffaeb59d512:   e8 59 d3 c2 ff 85 c0 79 49 f7 d0 c1 f8 03 83 e0 


Stack slot to memory mapping:
stack at sp + 0 slots: 0x000000ad803fae20 is pointing into the stack for thread: 0x000001f95d4e2c60
stack at sp + 1 slots: 0x000001f95d80ba68 points into unknown readable memory: 0x00007ffaeb9550b0 | b0 50 95 eb fa 7f 00 00
stack at sp + 2 slots: 0x000001f95e8769c0 points into unknown readable memory: 0x00007ffaeb86f640 | 40 f6 86 eb fa 7f 00 00
stack at sp + 3 slots: 0x000001f95d80ac50 points into unknown readable memory: 0x00007ffaeb8d5100 | 00 51 8d eb fa 7f 00 00
stack at sp + 4 slots: 0x0000000000000006 is an unknown value
stack at sp + 5 slots: 0x000000ad803fab08 is pointing into the stack for thread: 0x000001f95d4e2c60
stack at sp + 6 slots: 0x000001f95e19bd38 points into unknown readable memory: 0x00007ffaeb8ed1c8 | c8 d1 8e eb fa 7f 00 00
stack at sp + 7 slots: 0x00007ffaeb59d134 jvm.dll


---------------  P R O C E S S  ---------------

Threads class SMR info:
_java_thread_list=0x000001f95dae1c50, length=15, elements={
0x000001f93e735780, 0x000001f95c7770e0, 0x000001f95c779e70, 0x000001f95c7899c0,
0x000001f95c78a480, 0x000001f95c78cd50, 0x000001f95c78d610, 0x000001f95c791700,
0x000001f95c79c420, 0x000001f95c79cd20, 0x000001f95c7616f0, 0x000001f95d4e2c60,
0x000001f95d52b140, 0x000001f95d5d02b0, 0x000001f95d610260
}

Java Threads: ( => current thread )
  0x000001f93e735780 JavaThread "main" [_thread_in_Java, id=27444, stack(0x000000adff200000,0x000000adff300000)]
  0x000001f95c7770e0 JavaThread "Reference Handler" daemon [_thread_blocked, id=16244, stack(0x000000adff900000,0x000000adffa00000)]
  0x000001f95c779e70 JavaThread "Finalizer" daemon [_thread_blocked, id=27012, stack(0x000000adffa00000,0x000000adffb00000)]
  0x000001f95c7899c0 JavaThread "Signal Dispatcher" daemon [_thread_blocked, id=22996, stack(0x000000adffb00000,0x000000adffc00000)]
  0x000001f95c78a480 JavaThread "Attach Listener" daemon [_thread_blocked, id=23012, stack(0x000000adffc00000,0x000000adffd00000)]
  0x000001f95c78cd50 JavaThread "Service Thread" daemon [_thread_blocked, id=22736, stack(0x000000adffd00000,0x000000adffe00000)]
  0x000001f95c78d610 JavaThread "Monitor Deflation Thread" daemon [_thread_blocked, id=20968, stack(0x000000adffe00000,0x000000adfff00000)]
  0x000001f95c791700 JavaThread "C2 CompilerThread0" daemon [_thread_in_native, id=25996, stack(0x000000adfff00000,0x000000ae00000000)]
  0x000001f95c79c420 JavaThread "C1 CompilerThread0" daemon [_thread_blocked, id=18544, stack(0x000000ad80000000,0x000000ad80100000)]
  0x000001f95c79cd20 JavaThread "Sweeper thread" daemon [_thread_blocked, id=18612, stack(0x000000ad80100000,0x000000ad80200000)]
  0x000001f95c7616f0 JavaThread "Common-Cleaner" daemon [_thread_blocked, id=20408, stack(0x000000ad80200000,0x000000ad80300000)]
=>0x000001f95d4e2c60 JavaThread "C2 CompilerThread1" daemon [_thread_in_native, id=26052, stack(0x000000ad80300000,0x000000ad80400000)]
  0x000001f95d52b140 JavaThread "Monitor Ctrl-Break" daemon [_thread_in_native, id=27380, stack(0x000000ad80400000,0x000000ad80500000)]
  0x000001f95d5d02b0 JavaThread "Notification Thread" daemon [_thread_blocked, id=24724, stack(0x000000ad80500000,0x000000ad80600000)]
  0x000001f95d610260 JavaThread "C2 CompilerThread2" daemon [_thread_in_native, id=22916, stack(0x000000ad80b00000,0x000000ad80c00000)]

Other Threads:
  0x000001f95c7725d0 VMThread "VM Thread" [stack: 0x000000adff800000,0x000000adff900000] [id=20488]
  0x000001f93e7a5630 WatcherThread [stack: 0x000000ad80600000,0x000000ad80700000] [id=24856]
  0x000001f93e78dd20 GCTaskThread "GC Thread#0" [stack: 0x000000adff300000,0x000000adff400000] [id=26524]
  0x000001f95d7a4740 GCTaskThread "GC Thread#1" [stack: 0x000000ad80700000,0x000000ad80800000] [id=6484]
  0x000001f95db1e630 GCTaskThread "GC Thread#2" [stack: 0x000000ad80800000,0x000000ad80900000] [id=7040]
  0x000001f95db5bd40 GCTaskThread "GC Thread#3" [stack: 0x000000ad80900000,0x000000ad80a00000] [id=19312]
  0x000001f95db5d810 GCTaskThread "GC Thread#4" [stack: 0x000000ad80a00000,0x000000ad80b00000] [id=26272]
  0x000001f95d961dc0 GCTaskThread "GC Thread#5" [stack: 0x000000ad80c00000,0x000000ad80d00000] [id=24996]
  0x000001f93c63c540 ConcurrentGCThread "G1 Main Marker" [stack: 0x000000adff400000,0x000000adff500000] [id=20804]
  0x000001f93c63d3a0 ConcurrentGCThread "G1 Conc#0" [stack: 0x000000adff500000,0x000000adff600000] [id=26788]
  0x000001f95c6300a0 ConcurrentGCThread "G1 Refine#0" [stack: 0x000000adff600000,0x000000adff700000] [id=25888]
  0x000001f95c6309d0 ConcurrentGCThread "G1 Service" [stack: 0x000000adff700000,0x000000adff800000] [id=21660]

Threads with active compile tasks:
C2 CompilerThread0     1090 1253       4       renderer.Camera::castRay (30 bytes)
C2 CompilerThread1     1090 1267       4       geometries.Triangle::findGeoIntersectionsHelper (348 bytes)
C2 CompilerThread2     1090 1255       4       renderer.RayTracerBasic::avgT (111 bytes)

VM state: not at safepoint (normal execution)

VM Mutex/Monitor currently owned by a thread: None

Heap address: 0x0000000082800000, size: 2008 MB, Compressed Oops mode: 32-bit

CDS archive(s) mapped at: [0x0000000800000000-0x0000000800bd0000-0x0000000800bd0000), size 12386304, SharedBaseAddress: 0x0000000800000000, ArchiveRelocationMode: 0.
Compressed class space mapped at: 0x0000000800c00000-0x0000000840c00000, reserved size: 1073741824
Narrow klass base: 0x0000000800000000, Narrow klass shift: 0, Narrow klass range: 0x100000000

GC Precious Log:
 CPUs: 8 total, 8 available
 Memory: 8027M
 Large Page Support: Disabled
 NUMA Support: Disabled
 Compressed Oops: Enabled (32-bit)
 Heap Region Size: 1M
 Heap Min Capacity: 8M
 Heap Initial Capacity: 126M
 Heap Max Capacity: 2008M
 Pre-touch: Disabled
 Parallel Workers: 8
 Concurrent Workers: 2
 Concurrent Refinement Workers: 8
 Periodic GC: Disabled

Heap:
 garbage-first heap   total 184320K, used 44157K [0x0000000082800000, 0x0000000100000000)
  region size 1024K, 44 young (45056K), 3 survivors (3072K)
 Metaspace       used 5085K, committed 5248K, reserved 1056768K
  class space    used 646K, committed 704K, reserved 1048576K

Heap Regions: E=young(eden), S=young(survivor), O=old, HS=humongous(starts), HC=humongous(continues), CS=collection set, F=free, OA=open archive, CA=closed archive, TAMS=top-at-mark-start (previous, next)
|   0|0x0000000082800000, 0x0000000082900000, 0x0000000082900000|100%|HS|  |TAMS 0x0000000082800000, 0x0000000082800000| Complete 
|   1|0x0000000082900000, 0x0000000082900000, 0x0000000082a00000|  0%| F|  |TAMS 0x0000000082900000, 0x0000000082900000| Untracked 
|   2|0x0000000082a00000, 0x0000000082a00000, 0x0000000082b00000|  0%| F|  |TAMS 0x0000000082a00000, 0x0000000082a00000| Untracked 
|   3|0x0000000082b00000, 0x0000000082b00000, 0x0000000082c00000|  0%| F|  |TAMS 0x0000000082b00000, 0x0000000082b00000| Untracked 
|   4|0x0000000082c00000, 0x0000000082c00000, 0x0000000082d00000|  0%| F|  |TAMS 0x0000000082c00000, 0x0000000082c00000| Untracked 
|   5|0x0000000082d00000, 0x0000000082d00000, 0x0000000082e00000|  0%| F|  |TAMS 0x0000000082d00000, 0x0000000082d00000| Untracked 
|   6|0x0000000082e00000, 0x0000000082e00000, 0x0000000082f00000|  0%| F|  |TAMS 0x0000000082e00000, 0x0000000082e00000| Untracked 
|   7|0x0000000082f00000, 0x0000000082f00000, 0x0000000083000000|  0%| F|  |TAMS 0x0000000082f00000, 0x0000000082f00000| Untracked 
|   8|0x0000000083000000, 0x0000000083000000, 0x0000000083100000|  0%| F|  |TAMS 0x0000000083000000, 0x0000000083000000| Untracked 
|   9|0x0000000083100000, 0x0000000083100000, 0x0000000083200000|  0%| F|  |TAMS 0x0000000083100000, 0x0000000083100000| Untracked 
|  10|0x0000000083200000, 0x0000000083200000, 0x0000000083300000|  0%| F|  |TAMS 0x0000000083200000, 0x0000000083200000| Untracked 
|  11|0x0000000083300000, 0x0000000083300000, 0x0000000083400000|  0%| F|  |TAMS 0x0000000083300000, 0x0000000083300000| Untracked 
|  12|0x0000000083400000, 0x0000000083400000, 0x0000000083500000|  0%| F|  |TAMS 0x0000000083400000, 0x0000000083400000| Untracked 
|  13|0x0000000083500000, 0x0000000083500000, 0x0000000083600000|  0%| F|  |TAMS 0x0000000083500000, 0x0000000083500000| Untracked 
|  14|0x0000000083600000, 0x0000000083600000, 0x0000000083700000|  0%| F|  |TAMS 0x0000000083600000, 0x0000000083600000| Untracked 
|  15|0x0000000083700000, 0x0000000083700000, 0x0000000083800000|  0%| F|  |TAMS 0x0000000083700000, 0x0000000083700000| Untracked 
|  16|0x0000000083800000, 0x0000000083800000, 0x0000000083900000|  0%| F|  |TAMS 0x0000000083800000, 0x0000000083800000| Untracked 
|  17|0x0000000083900000, 0x0000000083900000, 0x0000000083a00000|  0%| F|  |TAMS 0x0000000083900000, 0x0000000083900000| Untracked 
|  18|0x0000000083a00000, 0x0000000083a00000, 0x0000000083b00000|  0%| F|  |TAMS 0x0000000083a00000, 0x0000000083a00000| Untracked 
|  19|0x0000000083b00000, 0x0000000083b00000, 0x0000000083c00000|  0%| F|  |TAMS 0x0000000083b00000, 0x0000000083b00000| Untracked 
|  20|0x0000000083c00000, 0x0000000083c00000, 0x0000000083d00000|  0%| F|  |TAMS 0x0000000083c00000, 0x0000000083c00000| Untracked 
|  21|0x0000000083d00000, 0x0000000083d00000, 0x0000000083e00000|  0%| F|  |TAMS 0x0000000083d00000, 0x0000000083d00000| Untracked 
|  22|0x0000000083e00000, 0x0000000083e00000, 0x0000000083f00000|  0%| F|  |TAMS 0x0000000083e00000, 0x0000000083e00000| Untracked 
|  23|0x0000000083f00000, 0x0000000083f00000, 0x0000000084000000|  0%| F|  |TAMS 0x0000000083f00000, 0x0000000083f00000| Untracked 
|  24|0x0000000084000000, 0x0000000084000000, 0x0000000084100000|  0%| F|  |TAMS 0x0000000084000000, 0x0000000084000000| Untracked 
|  25|0x0000000084100000, 0x0000000084100000, 0x0000000084200000|  0%| F|  |TAMS 0x0000000084100000, 0x0000000084100000| Untracked 
|  26|0x0000000084200000, 0x0000000084200000, 0x0000000084300000|  0%| F|  |TAMS 0x0000000084200000, 0x0000000084200000| Untracked 
|  27|0x0000000084300000, 0x0000000084300000, 0x0000000084400000|  0%| F|  |TAMS 0x0000000084300000, 0x0000000084300000| Untracked 
|  28|0x0000000084400000, 0x0000000084400000, 0x0000000084500000|  0%| F|  |TAMS 0x0000000084400000, 0x0000000084400000| Untracked 
|  29|0x0000000084500000, 0x0000000084500000, 0x0000000084600000|  0%| F|  |TAMS 0x0000000084500000, 0x0000000084500000| Untracked 
|  30|0x0000000084600000, 0x0000000084600000, 0x0000000084700000|  0%| F|  |TAMS 0x0000000084600000, 0x0000000084600000| Untracked 
|  31|0x0000000084700000, 0x0000000084700000, 0x0000000084800000|  0%| F|  |TAMS 0x0000000084700000, 0x0000000084700000| Untracked 
|  32|0x0000000084800000, 0x0000000084800000, 0x0000000084900000|  0%| F|  |TAMS 0x0000000084800000, 0x0000000084800000| Untracked 
|  33|0x0000000084900000, 0x0000000084900000, 0x0000000084a00000|  0%| F|  |TAMS 0x0000000084900000, 0x0000000084900000| Untracked 
|  34|0x0000000084a00000, 0x0000000084a00000, 0x0000000084b00000|  0%| F|  |TAMS 0x0000000084a00000, 0x0000000084a00000| Untracked 
|  35|0x0000000084b00000, 0x0000000084b00000, 0x0000000084c00000|  0%| F|  |TAMS 0x0000000084b00000, 0x0000000084b00000| Untracked 
|  36|0x0000000084c00000, 0x0000000084c00000, 0x0000000084d00000|  0%| F|  |TAMS 0x0000000084c00000, 0x0000000084c00000| Untracked 
|  37|0x0000000084d00000, 0x0000000084d00000, 0x0000000084e00000|  0%| F|  |TAMS 0x0000000084d00000, 0x0000000084d00000| Untracked 
|  38|0x0000000084e00000, 0x0000000084e00000, 0x0000000084f00000|  0%| F|  |TAMS 0x0000000084e00000, 0x0000000084e00000| Untracked 
|  39|0x0000000084f00000, 0x0000000084f00000, 0x0000000085000000|  0%| F|  |TAMS 0x0000000084f00000, 0x0000000084f00000| Untracked 
|  40|0x0000000085000000, 0x0000000085000000, 0x0000000085100000|  0%| F|  |TAMS 0x0000000085000000, 0x0000000085000000| Untracked 
|  41|0x0000000085100000, 0x0000000085100000, 0x0000000085200000|  0%| F|  |TAMS 0x0000000085100000, 0x0000000085100000| Untracked 
|  42|0x0000000085200000, 0x0000000085200000, 0x0000000085300000|  0%| F|  |TAMS 0x0000000085200000, 0x0000000085200000| Untracked 
|  43|0x0000000085300000, 0x0000000085300000, 0x0000000085400000|  0%| F|  |TAMS 0x0000000085300000, 0x0000000085300000| Untracked 
|  44|0x0000000085400000, 0x0000000085400000, 0x0000000085500000|  0%| F|  |TAMS 0x0000000085400000, 0x0000000085400000| Untracked 
|  45|0x0000000085500000, 0x0000000085500000, 0x0000000085600000|  0%| F|  |TAMS 0x0000000085500000, 0x0000000085500000| Untracked 
|  46|0x0000000085600000, 0x0000000085600000, 0x0000000085700000|  0%| F|  |TAMS 0x0000000085600000, 0x0000000085600000| Untracked 
|  47|0x0000000085700000, 0x0000000085700000, 0x0000000085800000|  0%| F|  |TAMS 0x0000000085700000, 0x0000000085700000| Untracked 
|  48|0x0000000085800000, 0x000000008581f438, 0x0000000085900000| 12%| S|CS|TAMS 0x0000000085800000, 0x0000000085800000| Complete 
|  49|0x0000000085900000, 0x0000000085900000, 0x0000000085a00000|  0%| F|  |TAMS 0x0000000085900000, 0x0000000085900000| Untracked 
|  50|0x0000000085a00000, 0x0000000085a00000, 0x0000000085b00000|  0%| F|  |TAMS 0x0000000085a00000, 0x0000000085a00000| Untracked 
|  51|0x0000000085b00000, 0x0000000085c00000, 0x0000000085c00000|100%| S|CS|TAMS 0x0000000085b00000, 0x0000000085b00000| Complete 
|  52|0x0000000085c00000, 0x0000000085d00000, 0x0000000085d00000|100%| S|CS|TAMS 0x0000000085c00000, 0x0000000085c00000| Complete 
|  53|0x0000000085d00000, 0x0000000085d00000, 0x0000000085e00000|  0%| F|  |TAMS 0x0000000085d00000, 0x0000000085d00000| Untracked 
|  54|0x0000000085e00000, 0x0000000085e00000, 0x0000000085f00000|  0%| F|  |TAMS 0x0000000085e00000, 0x0000000085e00000| Untracked 
|  55|0x0000000085f00000, 0x0000000085f00000, 0x0000000086000000|  0%| F|  |TAMS 0x0000000085f00000, 0x0000000085f00000| Untracked 
|  56|0x0000000086000000, 0x0000000086000000, 0x0000000086100000|  0%| F|  |TAMS 0x0000000086000000, 0x0000000086000000| Untracked 
|  57|0x0000000086100000, 0x0000000086100000, 0x0000000086200000|  0%| F|  |TAMS 0x0000000086100000, 0x0000000086100000| Untracked 
|  58|0x0000000086200000, 0x0000000086200000, 0x0000000086300000|  0%| F|  |TAMS 0x0000000086200000, 0x0000000086200000| Untracked 
|  59|0x0000000086300000, 0x0000000086300000, 0x0000000086400000|  0%| F|  |TAMS 0x0000000086300000, 0x0000000086300000| Untracked 
|  60|0x0000000086400000, 0x0000000086400000, 0x0000000086500000|  0%| F|  |TAMS 0x0000000086400000, 0x0000000086400000| Untracked 
|  61|0x0000000086500000, 0x0000000086500000, 0x0000000086600000|  0%| F|  |TAMS 0x0000000086500000, 0x0000000086500000| Untracked 
|  62|0x0000000086600000, 0x0000000086600000, 0x0000000086700000|  0%| F|  |TAMS 0x0000000086600000, 0x0000000086600000| Untracked 
|  63|0x0000000086700000, 0x0000000086700000, 0x0000000086800000|  0%| F|  |TAMS 0x0000000086700000, 0x0000000086700000| Untracked 
|  64|0x0000000086800000, 0x0000000086800000, 0x0000000086900000|  0%| F|  |TAMS 0x0000000086800000, 0x0000000086800000| Untracked 
|  65|0x0000000086900000, 0x0000000086900000, 0x0000000086a00000|  0%| F|  |TAMS 0x0000000086900000, 0x0000000086900000| Untracked 
|  66|0x0000000086a00000, 0x0000000086a00000, 0x0000000086b00000|  0%| F|  |TAMS 0x0000000086a00000, 0x0000000086a00000| Untracked 
|  67|0x0000000086b00000, 0x0000000086b00000, 0x0000000086c00000|  0%| F|  |TAMS 0x0000000086b00000, 0x0000000086b00000| Untracked 
|  68|0x0000000086c00000, 0x0000000086c00000, 0x0000000086d00000|  0%| F|  |TAMS 0x0000000086c00000, 0x0000000086c00000| Untracked 
|  69|0x0000000086d00000, 0x0000000086d00000, 0x0000000086e00000|  0%| F|  |TAMS 0x0000000086d00000, 0x0000000086d00000| Untracked 
|  70|0x0000000086e00000, 0x0000000086e00000, 0x0000000086f00000|  0%| F|  |TAMS 0x0000000086e00000, 0x0000000086e00000| Untracked 
|  71|0x0000000086f00000, 0x0000000086f00000, 0x0000000087000000|  0%| F|  |TAMS 0x0000000086f00000, 0x0000000086f00000| Untracked 
|  72|0x0000000087000000, 0x0000000087000000, 0x0000000087100000|  0%| F|  |TAMS 0x0000000087000000, 0x0000000087000000| Untracked 
|  73|0x0000000087100000, 0x0000000087100000, 0x0000000087200000|  0%| F|  |TAMS 0x0000000087100000, 0x0000000087100000| Untracked 
|  74|0x0000000087200000, 0x0000000087200000, 0x0000000087300000|  0%| F|  |TAMS 0x0000000087200000, 0x0000000087200000| Untracked 
|  75|0x0000000087300000, 0x0000000087300000, 0x0000000087400000|  0%| F|  |TAMS 0x0000000087300000, 0x0000000087300000| Untracked 
|  76|0x0000000087400000, 0x0000000087400000, 0x0000000087500000|  0%| F|  |TAMS 0x0000000087400000, 0x0000000087400000| Untracked 
|  77|0x0000000087500000, 0x0000000087500000, 0x0000000087600000|  0%| F|  |TAMS 0x0000000087500000, 0x0000000087500000| Untracked 
|  78|0x0000000087600000, 0x0000000087600000, 0x0000000087700000|  0%| F|  |TAMS 0x0000000087600000, 0x0000000087600000| Untracked 
|  79|0x0000000087700000, 0x0000000087700000, 0x0000000087800000|  0%| F|  |TAMS 0x0000000087700000, 0x0000000087700000| Untracked 
|  80|0x0000000087800000, 0x0000000087800000, 0x0000000087900000|  0%| F|  |TAMS 0x0000000087800000, 0x0000000087800000| Untracked 
|  81|0x0000000087900000, 0x0000000087900000, 0x0000000087a00000|  0%| F|  |TAMS 0x0000000087900000, 0x0000000087900000| Untracked 
|  82|0x0000000087a00000, 0x0000000087a00000, 0x0000000087b00000|  0%| F|  |TAMS 0x0000000087a00000, 0x0000000087a00000| Untracked 
|  83|0x0000000087b00000, 0x0000000087b00000, 0x0000000087c00000|  0%| F|  |TAMS 0x0000000087b00000, 0x0000000087b00000| Untracked 
|  84|0x0000000087c00000, 0x0000000087c00000, 0x0000000087d00000|  0%| F|  |TAMS 0x0000000087c00000, 0x0000000087c00000| Untracked 
|  85|0x0000000087d00000, 0x0000000087d00000, 0x0000000087e00000|  0%| F|  |TAMS 0x0000000087d00000, 0x0000000087d00000| Untracked 
|  86|0x0000000087e00000, 0x0000000087e00000, 0x0000000087f00000|  0%| F|  |TAMS 0x0000000087e00000, 0x0000000087e00000| Untracked 
|  87|0x0000000087f00000, 0x0000000087f00000, 0x0000000088000000|  0%| F|  |TAMS 0x0000000087f00000, 0x0000000087f00000| Untracked 
|  88|0x0000000088000000, 0x0000000088000000, 0x0000000088100000|  0%| F|  |TAMS 0x0000000088000000, 0x0000000088000000| Untracked 
|  89|0x0000000088100000, 0x0000000088100000, 0x0000000088200000|  0%| F|  |TAMS 0x0000000088100000, 0x0000000088100000| Untracked 
|  90|0x0000000088200000, 0x0000000088200000, 0x0000000088300000|  0%| F|  |TAMS 0x0000000088200000, 0x0000000088200000| Untracked 
|  91|0x0000000088300000, 0x0000000088300000, 0x0000000088400000|  0%| F|  |TAMS 0x0000000088300000, 0x0000000088300000| Untracked 
|  92|0x0000000088400000, 0x0000000088400000, 0x0000000088500000|  0%| F|  |TAMS 0x0000000088400000, 0x0000000088400000| Untracked 
|  93|0x0000000088500000, 0x0000000088500000, 0x0000000088600000|  0%| F|  |TAMS 0x0000000088500000, 0x0000000088500000| Untracked 
|  94|0x0000000088600000, 0x0000000088600000, 0x0000000088700000|  0%| F|  |TAMS 0x0000000088600000, 0x0000000088600000| Untracked 
|  95|0x0000000088700000, 0x0000000088700000, 0x0000000088800000|  0%| F|  |TAMS 0x0000000088700000, 0x0000000088700000| Untracked 
|  96|0x0000000088800000, 0x0000000088800000, 0x0000000088900000|  0%| F|  |TAMS 0x0000000088800000, 0x0000000088800000| Untracked 
|  97|0x0000000088900000, 0x0000000088900000, 0x0000000088a00000|  0%| F|  |TAMS 0x0000000088900000, 0x0000000088900000| Untracked 
|  98|0x0000000088a00000, 0x0000000088a00000, 0x0000000088b00000|  0%| F|  |TAMS 0x0000000088a00000, 0x0000000088a00000| Untracked 
|  99|0x0000000088b00000, 0x0000000088b00000, 0x0000000088c00000|  0%| F|  |TAMS 0x0000000088b00000, 0x0000000088b00000| Untracked 
| 100|0x0000000088c00000, 0x0000000088c00000, 0x0000000088d00000|  0%| F|  |TAMS 0x0000000088c00000, 0x0000000088c00000| Untracked 
| 101|0x0000000088d00000, 0x0000000088d00000, 0x0000000088e00000|  0%| F|  |TAMS 0x0000000088d00000, 0x0000000088d00000| Untracked 
| 102|0x0000000088e00000, 0x0000000088e00000, 0x0000000088f00000|  0%| F|  |TAMS 0x0000000088e00000, 0x0000000088e00000| Untracked 
| 103|0x0000000088f00000, 0x0000000088f00000, 0x0000000089000000|  0%| F|  |TAMS 0x0000000088f00000, 0x0000000088f00000| Untracked 
| 104|0x0000000089000000, 0x0000000089000000, 0x0000000089100000|  0%| F|  |TAMS 0x0000000089000000, 0x0000000089000000| Untracked 
| 105|0x0000000089100000, 0x0000000089100000, 0x0000000089200000|  0%| F|  |TAMS 0x0000000089100000, 0x0000000089100000| Untracked 
| 106|0x0000000089200000, 0x0000000089200000, 0x0000000089300000|  0%| F|  |TAMS 0x0000000089200000, 0x0000000089200000| Untracked 
| 107|0x0000000089300000, 0x0000000089300000, 0x0000000089400000|  0%| F|  |TAMS 0x0000000089300000, 0x0000000089300000| Untracked 
| 108|0x0000000089400000, 0x0000000089400000, 0x0000000089500000|  0%| F|  |TAMS 0x0000000089400000, 0x0000000089400000| Untracked 
| 109|0x0000000089500000, 0x0000000089500000, 0x0000000089600000|  0%| F|  |TAMS 0x0000000089500000, 0x0000000089500000| Untracked 
| 110|0x0000000089600000, 0x0000000089600000, 0x0000000089700000|  0%| F|  |TAMS 0x0000000089600000, 0x0000000089600000| Untracked 
| 111|0x0000000089700000, 0x0000000089700000, 0x0000000089800000|  0%| F|  |TAMS 0x0000000089700000, 0x0000000089700000| Untracked 
| 112|0x0000000089800000, 0x0000000089800000, 0x0000000089900000|  0%| F|  |TAMS 0x0000000089800000, 0x0000000089800000| Untracked 
| 113|0x0000000089900000, 0x0000000089900000, 0x0000000089a00000|  0%| F|  |TAMS 0x0000000089900000, 0x0000000089900000| Untracked 
| 114|0x0000000089a00000, 0x0000000089a00000, 0x0000000089b00000|  0%| F|  |TAMS 0x0000000089a00000, 0x0000000089a00000| Untracked 
| 115|0x0000000089b00000, 0x0000000089b00000, 0x0000000089c00000|  0%| F|  |TAMS 0x0000000089b00000, 0x0000000089b00000| Untracked 
| 116|0x0000000089c00000, 0x0000000089c00000, 0x0000000089d00000|  0%| F|  |TAMS 0x0000000089c00000, 0x0000000089c00000| Untracked 
| 117|0x0000000089d00000, 0x0000000089d00000, 0x0000000089e00000|  0%| F|  |TAMS 0x0000000089d00000, 0x0000000089d00000| Untracked 
| 118|0x0000000089e00000, 0x0000000089e00000, 0x0000000089f00000|  0%| F|  |TAMS 0x0000000089e00000, 0x0000000089e00000| Untracked 
| 119|0x0000000089f00000, 0x0000000089f00000, 0x000000008a000000|  0%| F|  |TAMS 0x0000000089f00000, 0x0000000089f00000| Untracked 
| 120|0x000000008a000000, 0x000000008a000000, 0x000000008a100000|  0%| F|  |TAMS 0x000000008a000000, 0x000000008a000000| Untracked 
| 121|0x000000008a100000, 0x000000008a100000, 0x000000008a200000|  0%| F|  |TAMS 0x000000008a100000, 0x000000008a100000| Untracked 
| 122|0x000000008a200000, 0x000000008a200000, 0x000000008a300000|  0%| F|  |TAMS 0x000000008a200000, 0x000000008a200000| Untracked 
| 123|0x000000008a300000, 0x000000008a300000, 0x000000008a400000|  0%| F|  |TAMS 0x000000008a300000, 0x000000008a300000| Untracked 
| 124|0x000000008a400000, 0x000000008a400000, 0x000000008a500000|  0%| F|  |TAMS 0x000000008a400000, 0x000000008a400000| Untracked 
| 125|0x000000008a500000, 0x000000008a500000, 0x000000008a600000|  0%| F|  |TAMS 0x000000008a500000, 0x000000008a500000| Untracked 
| 126|0x000000008a600000, 0x000000008a600000, 0x000000008a700000|  0%| F|  |TAMS 0x000000008a600000, 0x000000008a600000| Untracked 
| 127|0x000000008a700000, 0x000000008a700000, 0x000000008a800000|  0%| F|  |TAMS 0x000000008a700000, 0x000000008a700000| Untracked 
| 128|0x000000008a800000, 0x000000008a800000, 0x000000008a900000|  0%| F|  |TAMS 0x000000008a800000, 0x000000008a800000| Untracked 
| 129|0x000000008a900000, 0x000000008a900000, 0x000000008aa00000|  0%| F|  |TAMS 0x000000008a900000, 0x000000008a900000| Untracked 
| 130|0x000000008aa00000, 0x000000008aa00000, 0x000000008ab00000|  0%| F|  |TAMS 0x000000008aa00000, 0x000000008aa00000| Untracked 
| 131|0x000000008ab00000, 0x000000008ab00000, 0x000000008ac00000|  0%| F|  |TAMS 0x000000008ab00000, 0x000000008ab00000| Untracked 
| 132|0x000000008ac00000, 0x000000008ac00000, 0x000000008ad00000|  0%| F|  |TAMS 0x000000008ac00000, 0x000000008ac00000| Untracked 
| 133|0x000000008ad00000, 0x000000008ad00000, 0x000000008ae00000|  0%| F|  |TAMS 0x000000008ad00000, 0x000000008ad00000| Untracked 
| 134|0x000000008ae00000, 0x000000008ae00000, 0x000000008af00000|  0%| F|  |TAMS 0x000000008ae00000, 0x000000008ae00000| Untracked 
| 135|0x000000008af00000, 0x000000008af00000, 0x000000008b000000|  0%| F|  |TAMS 0x000000008af00000, 0x000000008af00000| Untracked 
| 136|0x000000008b000000, 0x000000008b080800, 0x000000008b100000| 50%| E|  |TAMS 0x000000008b000000, 0x000000008b000000| Complete 
| 137|0x000000008b100000, 0x000000008b200000, 0x000000008b200000|100%| E|CS|TAMS 0x000000008b100000, 0x000000008b100000| Complete 
| 138|0x000000008b200000, 0x000000008b300000, 0x000000008b300000|100%| E|CS|TAMS 0x000000008b200000, 0x000000008b200000| Complete 
| 139|0x000000008b300000, 0x000000008b400000, 0x000000008b400000|100%| E|CS|TAMS 0x000000008b300000, 0x000000008b300000| Complete 
| 140|0x000000008b400000, 0x000000008b500000, 0x000000008b500000|100%| E|CS|TAMS 0x000000008b400000, 0x000000008b400000| Complete 
| 141|0x000000008b500000, 0x000000008b600000, 0x000000008b600000|100%| E|CS|TAMS 0x000000008b500000, 0x000000008b500000| Complete 
| 142|0x000000008b600000, 0x000000008b700000, 0x000000008b700000|100%| E|CS|TAMS 0x000000008b600000, 0x000000008b600000| Complete 
| 143|0x000000008b700000, 0x000000008b800000, 0x000000008b800000|100%| E|CS|TAMS 0x000000008b700000, 0x000000008b700000| Complete 
| 144|0x000000008b800000, 0x000000008b900000, 0x000000008b900000|100%| E|CS|TAMS 0x000000008b800000, 0x000000008b800000| Complete 
| 145|0x000000008b900000, 0x000000008ba00000, 0x000000008ba00000|100%| E|CS|TAMS 0x000000008b900000, 0x000000008b900000| Complete 
| 146|0x000000008ba00000, 0x000000008bb00000, 0x000000008bb00000|100%| E|CS|TAMS 0x000000008ba00000, 0x000000008ba00000| Complete 
| 147|0x000000008bb00000, 0x000000008bc00000, 0x000000008bc00000|100%| E|CS|TAMS 0x000000008bb00000, 0x000000008bb00000| Complete 
| 148|0x000000008bc00000, 0x000000008bd00000, 0x000000008bd00000|100%| E|CS|TAMS 0x000000008bc00000, 0x000000008bc00000| Complete 
| 149|0x000000008bd00000, 0x000000008be00000, 0x000000008be00000|100%| E|CS|TAMS 0x000000008bd00000, 0x000000008bd00000| Complete 
| 150|0x000000008be00000, 0x000000008bf00000, 0x000000008bf00000|100%| E|CS|TAMS 0x000000008be00000, 0x000000008be00000| Complete 
| 151|0x000000008bf00000, 0x000000008c000000, 0x000000008c000000|100%| E|CS|TAMS 0x000000008bf00000, 0x000000008bf00000| Complete 
| 152|0x000000008c000000, 0x000000008c100000, 0x000000008c100000|100%| E|CS|TAMS 0x000000008c000000, 0x000000008c000000| Complete 
| 153|0x000000008c100000, 0x000000008c200000, 0x000000008c200000|100%| E|CS|TAMS 0x000000008c100000, 0x000000008c100000| Complete 
| 154|0x000000008c200000, 0x000000008c300000, 0x000000008c300000|100%| E|CS|TAMS 0x000000008c200000, 0x000000008c200000| Complete 
| 155|0x000000008c300000, 0x000000008c400000, 0x000000008c400000|100%| E|CS|TAMS 0x000000008c300000, 0x000000008c300000| Complete 
| 156|0x000000008c400000, 0x000000008c500000, 0x000000008c500000|100%| E|CS|TAMS 0x000000008c400000, 0x000000008c400000| Complete 
| 157|0x000000008c500000, 0x000000008c600000, 0x000000008c600000|100%| E|CS|TAMS 0x000000008c500000, 0x000000008c500000| Complete 
| 158|0x000000008c600000, 0x000000008c700000, 0x000000008c700000|100%| E|CS|TAMS 0x000000008c600000, 0x000000008c600000| Complete 
| 159|0x000000008c700000, 0x000000008c800000, 0x000000008c800000|100%| E|CS|TAMS 0x000000008c700000, 0x000000008c700000| Complete 
| 160|0x000000008c800000, 0x000000008c900000, 0x000000008c900000|100%| E|CS|TAMS 0x000000008c800000, 0x000000008c800000| Complete 
| 161|0x000000008c900000, 0x000000008ca00000, 0x000000008ca00000|100%| E|CS|TAMS 0x000000008c900000, 0x000000008c900000| Complete 
| 162|0x000000008ca00000, 0x000000008cb00000, 0x000000008cb00000|100%| E|CS|TAMS 0x000000008ca00000, 0x000000008ca00000| Complete 
| 163|0x000000008cb00000, 0x000000008cc00000, 0x000000008cc00000|100%| E|CS|TAMS 0x000000008cb00000, 0x000000008cb00000| Complete 
| 164|0x000000008cc00000, 0x000000008cd00000, 0x000000008cd00000|100%| E|CS|TAMS 0x000000008cc00000, 0x000000008cc00000| Complete 
| 165|0x000000008cd00000, 0x000000008ce00000, 0x000000008ce00000|100%| E|CS|TAMS 0x000000008cd00000, 0x000000008cd00000| Complete 
| 166|0x000000008ce00000, 0x000000008cf00000, 0x000000008cf00000|100%| E|CS|TAMS 0x000000008ce00000, 0x000000008ce00000| Complete 
| 167|0x000000008cf00000, 0x000000008d000000, 0x000000008d000000|100%| E|CS|TAMS 0x000000008cf00000, 0x000000008cf00000| Complete 
| 168|0x000000008d000000, 0x000000008d100000, 0x000000008d100000|100%| E|CS|TAMS 0x000000008d000000, 0x000000008d000000| Complete 
| 169|0x000000008d100000, 0x000000008d200000, 0x000000008d200000|100%| E|CS|TAMS 0x000000008d100000, 0x000000008d100000| Complete 
| 170|0x000000008d200000, 0x000000008d300000, 0x000000008d300000|100%| E|CS|TAMS 0x000000008d200000, 0x000000008d200000| Complete 
| 171|0x000000008d300000, 0x000000008d400000, 0x000000008d400000|100%| E|CS|TAMS 0x000000008d300000, 0x000000008d300000| Complete 
| 172|0x000000008d400000, 0x000000008d500000, 0x000000008d500000|100%| E|CS|TAMS 0x000000008d400000, 0x000000008d400000| Complete 
| 173|0x000000008d500000, 0x000000008d600000, 0x000000008d600000|100%| E|CS|TAMS 0x000000008d500000, 0x000000008d500000| Complete 
| 174|0x000000008d600000, 0x000000008d700000, 0x000000008d700000|100%| E|CS|TAMS 0x000000008d600000, 0x000000008d600000| Complete 
| 175|0x000000008d700000, 0x000000008d800000, 0x000000008d800000|100%| E|CS|TAMS 0x000000008d700000, 0x000000008d700000| Complete 
| 176|0x000000008d800000, 0x000000008d900000, 0x000000008d900000|100%| E|CS|TAMS 0x000000008d800000, 0x000000008d800000| Complete 
| 177|0x000000008d900000, 0x000000008da00000, 0x000000008da00000|100%| E|CS|TAMS 0x000000008d900000, 0x000000008d900000| Complete 
| 178|0x000000008da00000, 0x000000008db00000, 0x000000008db00000|100%| E|CS|TAMS 0x000000008da00000, 0x000000008da00000| Complete 
| 179|0x000000008db00000, 0x000000008dc00000, 0x000000008dc00000|100%| E|CS|TAMS 0x000000008db00000, 0x000000008db00000| Complete 

Card table byte_map: [0x000001f9556e0000,0x000001f955ad0000] _byte_map_base: 0x000001f9552cc000

Marking Bits (Prev, Next): (CMBitMap*) 0x000001f93c63be80, (CMBitMap*) 0x000001f93c63bec0
 Prev Bits: [0x000001f955ec0000, 0x000001f957e20000)
 Next Bits: [0x000001f957e20000, 0x000001f959d80000)

Polling page: 0x000001f93c6d0000

Metaspace:

Usage:
  Non-class:      4.33 MB used.
      Class:    646.68 KB used.
       Both:      4.97 MB used.

Virtual space:
  Non-class space:        8.00 MB reserved,       4.44 MB ( 55%) committed,  1 nodes.
      Class space:        1.00 GB reserved,     704.00 KB ( <1%) committed,  1 nodes.
             Both:        1.01 GB reserved,       5.12 MB ( <1%) committed. 

Chunk freelists:
   Non-Class:  2.14 MB
       Class:  3.31 MB
        Both:  5.45 MB

MaxMetaspaceSize: unlimited
CompressedClassSpaceSize: 1.00 GB
Initial GC threshold: 21.00 MB
Current GC threshold: 21.00 MB
CDS: on
MetaspaceReclaimPolicy: balanced
 - commit_granule_bytes: 65536.
 - commit_granule_words: 8192.
 - virtual_space_node_default_size: 1048576.
 - enlarge_chunks_in_place: 1.
 - new_chunks_are_fully_committed: 0.
 - uncommit_free_chunks: 1.
 - use_allocation_guard: 0.
 - handle_deallocations: 1.


Internal statistics:

num_allocs_failed_limit: 0.
num_arena_births: 128.
num_arena_deaths: 0.
num_vsnodes_births: 2.
num_vsnodes_deaths: 0.
num_space_committed: 82.
num_space_uncommitted: 0.
num_chunks_returned_to_freelist: 0.
num_chunks_taken_from_freelist: 304.
num_chunk_merges: 0.
num_chunk_splits: 157.
num_chunks_enlarged: 90.
num_purges: 0.
num_inconsistent_stats: 0.

CodeHeap 'non-profiled nmethods': size=120000Kb used=474Kb max_used=474Kb free=119525Kb
 bounds [0x000001f94da90000, 0x000001f94dd00000, 0x000001f954fc0000]
CodeHeap 'profiled nmethods': size=120000Kb used=2339Kb max_used=2339Kb free=117661Kb
 bounds [0x000001f945fc0000, 0x000001f946230000, 0x000001f94d4f0000]
CodeHeap 'non-nmethods': size=5760Kb used=1153Kb max_used=1174Kb free=4606Kb
 bounds [0x000001f94d4f0000, 0x000001f94d760000, 0x000001f94da90000]
 total_blobs=1702 nmethods=1256 adapters=359
 compilation: enabled
              stopped_count=0, restarted_count=0
 full_count=0

Compilation events (20 events):
Event: 0.850 Thread 0x000001f95d4e2c60 nmethod 1259 0x000001f94dafe690 code [0x000001f94dafe820, 0x000001f94dafe978]
Event: 0.850 Thread 0x000001f95d4e2c60 1260       4       primitives.Point::equals (39 bytes)
Event: 0.852 Thread 0x000001f95d4e2c60 nmethod 1260 0x000001f94dafea90 code [0x000001f94dafec20, 0x000001f94dafedd8]
Event: 0.852 Thread 0x000001f95d4e2c60 1246       4       java.util.LinkedList::addAll (182 bytes)
Event: 0.853 Thread 0x000001f95c79c420 1261 %     3       renderer.Camera::renderImage @ 109 (146 bytes)
Event: 0.854 Thread 0x000001f95c79c420 nmethod 1261% 0x000001f9461f8d90 code [0x000001f9461f8fc0, 0x000001f9461f9878]
Event: 0.858 Thread 0x000001f95c79c420 1264       3       renderer.Camera::renderImage (146 bytes)
Event: 0.858 Thread 0x000001f95c79c420 nmethod 1264 0x000001f9461f9b90 code [0x000001f9461f9da0, 0x000001f9461fa5b8]
Event: 0.861 Thread 0x000001f95d4e2c60 nmethod 1246 0x000001f94dafef90 code [0x000001f94daff140, 0x000001f94daff858]
Event: 0.861 Thread 0x000001f95d4e2c60 1251       4       renderer.RayTracerBasic::transparency (138 bytes)
Event: 0.887 Thread 0x000001f95d610260 nmethod 1184 0x000001f94daffb90 code [0x000001f94dafff20, 0x000001f94db026e0]
Event: 0.888 Thread 0x000001f95d610260 1255       4       renderer.RayTracerBasic::avgT (111 bytes)
Event: 0.888 Thread 0x000001f95c79c420 1265       3       geometries.Triangle::findGeoIntersectionsHelper (348 bytes)
Event: 0.895 Thread 0x000001f95c79c420 nmethod 1265 0x000001f9461fa890 code [0x000001f9461fb680, 0x000001f9462034a8]
Event: 0.895 Thread 0x000001f95c79c420 1266       2       primitives.Vector::equals (30 bytes)
Event: 0.895 Thread 0x000001f95c79c420 nmethod 1266 0x000001f946206290 code [0x000001f946206440, 0x000001f946206648]
Event: 0.936 Thread 0x000001f95d4e2c60 nmethod 1251 0x000001f94db04310 code [0x000001f94db04580, 0x000001f94db05aa8]
Event: 0.936 Thread 0x000001f95d4e2c60 1267       4       geometries.Triangle::findGeoIntersectionsHelper (348 bytes)
Event: 0.963 Thread 0x000001f95c79c420 1272       3       primitives.Color::scale (53 bytes)
Event: 0.963 Thread 0x000001f95c79c420 nmethod 1272 0x000001f946206710 code [0x000001f9462068e0, 0x000001f946206cc8]

GC Heap History (12 events):
Event: 0.632 GC heap before
{Heap before GC invocations=0 (full 0):
 garbage-first heap   total 129024K, used 24576K [0x0000000082800000, 0x0000000100000000)
  region size 1024K, 23 young (23552K), 0 survivors (0K)
 Metaspace       used 5059K, committed 5248K, reserved 1056768K
  class space    used 645K, committed 704K, reserved 1048576K
}
Event: 0.636 GC heap after
{Heap after GC invocations=1 (full 0):
 garbage-first heap   total 129024K, used 3072K [0x0000000082800000, 0x0000000100000000)
  region size 1024K, 2 young (2048K), 2 survivors (2048K)
 Metaspace       used 5059K, committed 5248K, reserved 1056768K
  class space    used 645K, committed 704K, reserved 1048576K
}
Event: 0.671 GC heap before
{Heap before GC invocations=1 (full 0):
 garbage-first heap   total 129024K, used 38912K [0x0000000082800000, 0x0000000100000000)
  region size 1024K, 37 young (37888K), 2 survivors (2048K)
 Metaspace       used 5061K, committed 5248K, reserved 1056768K
  class space    used 645K, committed 704K, reserved 1048576K
}
Event: 0.674 GC heap after
{Heap after GC invocations=2 (full 0):
 garbage-first heap   total 129024K, used 3072K [0x0000000082800000, 0x0000000100000000)
  region size 1024K, 2 young (2048K), 2 survivors (2048K)
 Metaspace       used 5061K, committed 5248K, reserved 1056768K
  class space    used 645K, committed 704K, reserved 1048576K
}
Event: 0.766 GC heap before
{Heap before GC invocations=2 (full 0):
 garbage-first heap   total 129024K, used 77824K [0x0000000082800000, 0x0000000100000000)
  region size 1024K, 75 young (76800K), 2 survivors (2048K)
 Metaspace       used 5083K, committed 5248K, reserved 1056768K
  class space    used 646K, committed 704K, reserved 1048576K
}
Event: 0.769 GC heap after
{Heap after GC invocations=3 (full 0):
 garbage-first heap   total 129024K, used 3198K [0x0000000082800000, 0x0000000100000000)
  region size 1024K, 3 young (3072K), 3 survivors (3072K)
 Metaspace       used 5083K, committed 5248K, reserved 1056768K
  class space    used 646K, committed 704K, reserved 1048576K
}
Event: 0.873 GC heap before
{Heap before GC invocations=3 (full 0):
 garbage-first heap   total 129024K, used 76926K [0x0000000082800000, 0x0000000100000000)
  region size 1024K, 75 young (76800K), 3 survivors (3072K)
 Metaspace       used 5084K, committed 5248K, reserved 1056768K
  class space    used 646K, committed 704K, reserved 1048576K
}
Event: 0.876 GC heap after
{Heap after GC invocations=4 (full 0):
 garbage-first heap   total 129024K, used 3072K [0x0000000082800000, 0x0000000100000000)
  region size 1024K, 2 young (2048K), 2 survivors (2048K)
 Metaspace       used 5084K, committed 5248K, reserved 1056768K
  class space    used 646K, committed 704K, reserved 1048576K
}
Event: 0.967 GC heap before
{Heap before GC invocations=4 (full 0):
 garbage-first heap   total 129024K, used 77824K [0x0000000082800000, 0x0000000100000000)
  region size 1024K, 75 young (76800K), 2 survivors (2048K)
 Metaspace       used 5084K, committed 5248K, reserved 1056768K
  class space    used 646K, committed 704K, reserved 1048576K
}
Event: 0.969 GC heap after
{Heap after GC invocations=5 (full 0):
 garbage-first heap   total 129024K, used 3072K [0x0000000082800000, 0x0000000100000000)
  region size 1024K, 2 young (2048K), 2 survivors (2048K)
 Metaspace       used 5084K, committed 5248K, reserved 1056768K
  class space    used 646K, committed 704K, reserved 1048576K
}
Event: 1.022 GC heap before
{Heap before GC invocations=5 (full 0):
 garbage-first heap   total 129024K, used 77824K [0x0000000082800000, 0x0000000100000000)
  region size 1024K, 75 young (76800K), 2 survivors (2048K)
 Metaspace       used 5084K, committed 5248K, reserved 1056768K
  class space    used 646K, committed 704K, reserved 1048576K
}
Event: 1.025 GC heap after
{Heap after GC invocations=6 (full 0):
 garbage-first heap   total 184320K, used 3197K [0x0000000082800000, 0x0000000100000000)
  region size 1024K, 3 young (3072K), 3 survivors (3072K)
 Metaspace       used 5084K, committed 5248K, reserved 1056768K
  class space    used 646K, committed 704K, reserved 1048576K
}

Deoptimization events (20 events):
Event: 0.720 Thread 0x000001f93e735780 Uncommon trap: trap_request=0xffffff45 fr.pc=0x000001f94daf277c relative=0x00000000000011fc
Event: 0.720 Thread 0x000001f93e735780 Uncommon trap: reason=unstable_if action=reinterpret pc=0x000001f94daf277c method=geometries.Sphere.findGeoIntersectionsHelper(Lprimitives/Ray;)Ljava/util/List; @ 90 c2
Event: 0.720 Thread 0x000001f93e735780 DEOPT PACKING pc=0x000001f94daf277c sp=0x000000adff2fc550
Event: 0.720 Thread 0x000001f93e735780 DEOPT UNPACKING pc=0x000001f94d5423a3 sp=0x000000adff2fc2a8 mode 2
Event: 0.817 Thread 0x000001f93e735780 Uncommon trap: trap_request=0xffffff45 fr.pc=0x000001f94dae1540 relative=0x0000000000000120
Event: 0.817 Thread 0x000001f93e735780 Uncommon trap: reason=unstable_if action=reinterpret pc=0x000001f94dae1540 method=primitives.Double3.equals(Ljava/lang/Object;)Z @ 61 c2
Event: 0.817 Thread 0x000001f93e735780 DEOPT PACKING pc=0x000001f94dae1540 sp=0x000000adff2fc180
Event: 0.817 Thread 0x000001f93e735780 DEOPT UNPACKING pc=0x000001f94d5423a3 sp=0x000000adff2fc0a8 mode 2
Event: 0.821 Thread 0x000001f93e735780 Uncommon trap: trap_request=0xffffff45 fr.pc=0x000001f94dae0e14 relative=0x00000000000000f4
Event: 0.821 Thread 0x000001f93e735780 Uncommon trap: reason=unstable_if action=reinterpret pc=0x000001f94dae0e14 method=primitives.Double3.equals(Ljava/lang/Object;)Z @ 61 c2
Event: 0.821 Thread 0x000001f93e735780 DEOPT PACKING pc=0x000001f94dae0e14 sp=0x000000adff2fc140
Event: 0.821 Thread 0x000001f93e735780 DEOPT UNPACKING pc=0x000001f94d5423a3 sp=0x000000adff2fc0d8 mode 2
Event: 0.887 Thread 0x000001f93e735780 Uncommon trap: trap_request=0xffffff45 fr.pc=0x000001f94db022a4 relative=0x0000000000002384
Event: 0.887 Thread 0x000001f93e735780 Uncommon trap: reason=unstable_if action=reinterpret pc=0x000001f94db022a4 method=geometries.Plane.findGeoIntersectionsHelper(Lprimitives/Ray;)Ljava/util/List; @ 63 c2
Event: 0.887 Thread 0x000001f93e735780 DEOPT PACKING pc=0x000001f94db022a4 sp=0x000000adff2fbf10
Event: 0.887 Thread 0x000001f93e735780 DEOPT UNPACKING pc=0x000001f94d5423a3 sp=0x000000adff2fbe30 mode 2
Event: 0.888 Thread 0x000001f93e735780 Uncommon trap: trap_request=0xffffff45 fr.pc=0x000001f94dae40b4 relative=0x0000000000000114
Event: 0.888 Thread 0x000001f93e735780 Uncommon trap: reason=unstable_if action=reinterpret pc=0x000001f94dae40b4 method=primitives.Double3.equals(Ljava/lang/Object;)Z @ 61 c2
Event: 0.888 Thread 0x000001f93e735780 DEOPT PACKING pc=0x000001f94dae40b4 sp=0x000000adff2fc310
Event: 0.888 Thread 0x000001f93e735780 DEOPT UNPACKING pc=0x000001f94d5423a3 sp=0x000000adff2fc1d8 mode 2

Classes unloaded (0 events):
No events

Classes redefined (0 events):
No events

Internal exceptions (20 events):
Event: 0.441 Thread 0x000001f93e735780 Exception <a 'java/lang/IncompatibleClassChangeError'{0x0000000089cc1518}: Found class java.lang.Object, but interface was expected> (0x0000000089cc1518) 
thrown [s\open\src\hotspot\share\interpreter\linkResolver.cpp, line 826]
Event: 0.445 Thread 0x000001f93e735780 Exception <a 'java/lang/NoSuchMethodError'{0x0000000089cdc9b8}: 'java.lang.Object java.lang.invoke.DirectMethodHandle$Holder.invokeStatic(java.lang.Object, java.lang.Object, int)'> (0x0000000089cdc9b8) 
thrown [s\open\src\hotspot\share\interpreter\linkResolver.cpp, line 759]
Event: 0.457 Thread 0x000001f93e735780 Exception <a 'java/lang/NoSuchMethodError'{0x0000000089b31488}: 'void java.lang.invoke.DirectMethodHandle$Holder.invokeSpecial(java.lang.Object, java.lang.Object, java.lang.Object, java.lang.Object, java.lang.Object)'> (0x0000000089b31488) 
thrown [s\open\src\hotspot\share\interpreter\linkResolver.cpp, line 759]
Event: 0.469 Thread 0x000001f93e735780 Exception <a 'java/lang/NoSuchMethodError'{0x0000000089b8fae8}: 'void java.lang.invoke.DirectMethodHandle$Holder.invokeInterface(java.lang.Object, java.lang.Object, java.lang.Object, java.lang.Object)'> (0x0000000089b8fae8) 
thrown [s\open\src\hotspot\share\interpreter\linkResolver.cpp, line 759]
Event: 0.470 Thread 0x000001f93e735780 Exception <a 'java/lang/IncompatibleClassChangeError'{0x0000000089b93410}: Found class java.lang.Object, but interface was expected> (0x0000000089b93410) 
thrown [s\open\src\hotspot\share\interpreter\linkResolver.cpp, line 826]
Event: 0.474 Thread 0x000001f93e735780 Exception <a 'java/lang/NoSuchMethodError'{0x0000000089bb87d0}: 'void java.lang.invoke.DirectMethodHandle$Holder.invokeStatic(java.lang.Object, java.lang.Object, java.lang.Object, java.lang.Object)'> (0x0000000089bb87d0) 
thrown [s\open\src\hotspot\share\interpreter\linkResolver.cpp, line 759]
Event: 0.479 Thread 0x000001f93e735780 Exception <a 'java/lang/NoSuchMethodError'{0x0000000089bd9e70}: 'java.lang.Object java.lang.invoke.DirectMethodHandle$Holder.newInvokeSpecial(java.lang.Object, java.lang.Object, int)'> (0x0000000089bd9e70) 
thrown [s\open\src\hotspot\share\interpreter\linkResolver.cpp, line 759]
Event: 0.497 Thread 0x000001f93e735780 Exception <a 'java/lang/NoSuchMethodError'{0x0000000089a5c740}: 'int java.lang.invoke.DirectMethodHandle$Holder.invokeStatic(java.lang.Object, java.lang.Object, java.lang.Object, java.lang.Object)'> (0x0000000089a5c740) 
thrown [s\open\src\hotspot\share\interpreter\linkResolver.cpp, line 759]
Event: 0.497 Thread 0x000001f93e735780 Exception <a 'java/lang/NoSuchMethodError'{0x0000000089a600c0}: 'java.lang.Object java.lang.invoke.Invokers$Holder.invokeExact_MT(java.lang.Object, java.lang.Object, java.lang.Object, java.lang.Object, java.lang.Object, java.lang.Object)'> (0x0000000089a600c0) 
thrown [s\open\src\hotspot\share\interpreter\linkResolver.cpp, line 759]
Event: 0.499 Thread 0x000001f93e735780 Exception <a 'java/lang/NoSuchMethodError'{0x0000000089a6fe30}: 'int java.lang.invoke.DirectMethodHandle$Holder.invokeStatic(java.lang.Object, java.lang.Object, java.lang.Object, java.lang.Object, java.lang.Object)'> (0x0000000089a6fe30) 
thrown [s\open\src\hotspot\share\interpreter\linkResolver.cpp, line 759]
Event: 0.507 Thread 0x000001f93e735780 Exception <a 'java/lang/NoSuchMethodError'{0x0000000089ab7760}: 'void java.lang.invoke.DirectMethodHandle$Holder.invokeStaticInit(java.lang.Object)'> (0x0000000089ab7760) 
thrown [s\open\src\hotspot\share\interpreter\linkResolver.cpp, line 759]
Event: 0.528 Thread 0x000001f93e735780 Exception <a 'java/lang/NoSuchMethodError'{0x00000000899af098}: 'int java.lang.invoke.DirectMethodHandle$Holder.invokeStaticInit(java.lang.Object, java.lang.Object)'> (0x00000000899af098) 
thrown [s\open\src\hotspot\share\interpreter\linkResolver.cpp, line 759]
Event: 0.554 Thread 0x000001f93e735780 Exception <a 'java/lang/NoSuchMethodError'{0x00000000898b4688}: 'java.lang.Object java.lang.invoke.DirectMethodHandle$Holder.newInvokeSpecial(java.lang.Object, java.lang.Object, java.lang.Object, java.lang.Object, java.lang.Object, java.lang.Object, java.lang.Object)'> (0x00000000898b4688) 
thrown [s\open\src\hotspot\share\interpreter\linkResolver.cpp, line 759]
Event: 0.555 Thread 0x000001f93e735780 Exception <a 'java/lang/NoSuchMethodError'{0x00000000898b9240}: 'java.lang.Object java.lang.invoke.Invokers$Holder.linkToTargetMethod(java.lang.Object, java.lang.Object, java.lang.Object, java.lang.Object, java.lang.Object, java.lang.Object, java.lang.Object)'> (0x00000000898b9240) 
thrown [s\open\src\hotspot\share\interpreter\linkResolver.cpp, line 759]
Event: 0.557 Thread 0x000001f93e735780 Exception <a 'java/lang/NoSuchMethodError'{0x00000000898c9ae8}: 'java.lang.Object java.lang.invoke.DirectMethodHandle$Holder.invokeInterface(java.lang.Object, java.lang.Object, java.lang.Object, java.lang.Object, java.lang.Object)'> (0x00000000898c9ae8) 
thrown [s\open\src\hotspot\share\interpreter\linkResolver.cpp, line 759]
Event: 0.557 Thread 0x000001f93e735780 Exception <a 'java/lang/IncompatibleClassChangeError'{0x00000000898cd8e0}: Found class java.lang.Object, but interface was expected> (0x00000000898cd8e0) 
thrown [s\open\src\hotspot\share\interpreter\linkResolver.cpp, line 826]
Event: 0.564 Thread 0x000001f93e735780 Exception <a 'java/lang/ClassNotFoundException'{0x0000000089705268}: sun/awt/resources/spi/awtProvider> (0x0000000089705268) 
thrown [s\open\src\hotspot\share\classfile\systemDictionary.cpp, line 256]
Event: 0.574 Thread 0x000001f93e735780 Exception <a 'java/io/FileNotFoundException'{0x000000008974abe0}> (0x000000008974abe0) 
thrown [s\open\src\hotspot\share\prims\jni.cpp, line 516]
Event: 0.577 Thread 0x000001f93e735780 Exception <a 'java/io/FileNotFoundException'{0x0000000089778198}> (0x0000000089778198) 
thrown [s\open\src\hotspot\share\prims\jni.cpp, line 516]
Event: 0.583 Thread 0x000001f93e735780 Exception <a 'java/lang/NoSuchMethodError'{0x000000008979f7b8}: 'int java.lang.invoke.DirectMethodHandle$Holder.invokeInterface(java.lang.Object, java.lang.Object)'> (0x000000008979f7b8) 
thrown [s\open\src\hotspot\share\interpreter\linkResolver.cpp, line 759]

VM Operations (20 events):
Event: 0.226 Executing VM operation: HandshakeAllThreads
Event: 0.226 Executing VM operation: HandshakeAllThreads done
Event: 0.560 Executing VM operation: HandshakeAllThreads
Event: 0.560 Executing VM operation: HandshakeAllThreads done
Event: 0.593 Executing VM operation: ICBufferFull
Event: 0.593 Executing VM operation: ICBufferFull done
Event: 0.593 Executing VM operation: HandshakeAllThreads
Event: 0.593 Executing VM operation: HandshakeAllThreads done
Event: 0.632 Executing VM operation: G1CollectForAllocation
Event: 0.636 Executing VM operation: G1CollectForAllocation done
Event: 0.671 Executing VM operation: G1CollectForAllocation
Event: 0.674 Executing VM operation: G1CollectForAllocation done
Event: 0.766 Executing VM operation: G1CollectForAllocation
Event: 0.769 Executing VM operation: G1CollectForAllocation done
Event: 0.873 Executing VM operation: G1CollectForAllocation
Event: 0.876 Executing VM operation: G1CollectForAllocation done
Event: 0.966 Executing VM operation: G1CollectForAllocation
Event: 0.969 Executing VM operation: G1CollectForAllocation done
Event: 1.022 Executing VM operation: G1CollectForAllocation
Event: 1.025 Executing VM operation: G1CollectForAllocation done

Events (20 events):
Event: 0.603 loading class java/awt/image/SinglePixelPackedSampleModel done
Event: 0.603 loading class sun/awt/image/IntegerInterleavedRaster
Event: 0.603 loading class sun/awt/image/IntegerComponentRaster
Event: 0.603 loading class sun/awt/image/IntegerComponentRaster done
Event: 0.603 loading class sun/awt/image/IntegerInterleavedRaster done
Event: 0.603 loading class sun/awt/image/NativeLibLoader
Event: 0.603 loading class sun/awt/image/NativeLibLoader done
Event: 0.603 loading class sun/awt/image/NativeLibLoader$1
Event: 0.603 loading class sun/awt/image/NativeLibLoader$1 done
Event: 0.604 loading class java/awt/Rectangle
Event: 0.604 loading class java/awt/Shape
Event: 0.604 loading class java/awt/Shape done
Event: 0.604 loading class java/awt/geom/Rectangle2D
Event: 0.604 loading class java/awt/geom/RectangularShape
Event: 0.604 loading class java/awt/geom/RectangularShape done
Event: 0.604 loading class java/awt/geom/Rectangle2D done
Event: 0.604 loading class java/awt/Rectangle done
Event: 0.606 loading class java/util/LinkedList$ListItr
Event: 0.606 loading class java/util/LinkedList$ListItr done
Event: 0.667 Thread 0x000001f95d610260 Thread added: 0x000001f95d610260


Dynamic libraries:
0x00007ff61a1e0000 - 0x00007ff61a1f0000 	C:\Program Files\Java\jdk-17\bin\java.exe
0x00007ffb30990000 - 0x00007ffb30b88000 	C:\WINDOWS\SYSTEM32\ntdll.dll
0x00007ffb2ef40000 - 0x00007ffb2efff000 	C:\WINDOWS\System32\KERNEL32.DLL
0x00007ffb2e0a0000 - 0x00007ffb2e396000 	C:\WINDOWS\System32\KERNELBASE.dll
0x00007ffb2e3a0000 - 0x00007ffb2e4a0000 	C:\WINDOWS\System32\ucrtbase.dll
0x00007ffb27d20000 - 0x00007ffb27d38000 	C:\Program Files\Java\jdk-17\bin\jli.dll
0x00007ffb26ba0000 - 0x00007ffb26bbb000 	C:\Program Files\Java\jdk-17\bin\VCRUNTIME140.dll
0x00007ffb2f6e0000 - 0x00007ffb2f78f000 	C:\WINDOWS\System32\ADVAPI32.dll
0x00007ffb2f800000 - 0x00007ffb2f89e000 	C:\WINDOWS\System32\msvcrt.dll
0x00007ffb307d0000 - 0x00007ffb3086c000 	C:\WINDOWS\System32\sechost.dll
0x00007ffb2ee00000 - 0x00007ffb2ef26000 	C:\WINDOWS\System32\RPCRT4.dll
0x00007ffb30170000 - 0x00007ffb3030d000 	C:\WINDOWS\System32\USER32.dll
0x00007ffb2e070000 - 0x00007ffb2e092000 	C:\WINDOWS\System32\win32u.dll
0x00007ffb306c0000 - 0x00007ffb306ec000 	C:\WINDOWS\System32\GDI32.dll
0x00007ffb1e430000 - 0x00007ffb1e6ca000 	C:\WINDOWS\WinSxS\amd64_microsoft.windows.common-controls_6595b64144ccf1df_6.0.19041.1110_none_60b5254171f9507e\COMCTL32.dll
0x00007ffb2e720000 - 0x00007ffb2e835000 	C:\WINDOWS\System32\gdi32full.dll
0x00007ffb2e610000 - 0x00007ffb2e6ad000 	C:\WINDOWS\System32\msvcp_win.dll
0x00007ffb24980000 - 0x00007ffb2498a000 	C:\WINDOWS\SYSTEM32\VERSION.dll
0x00007ffb30920000 - 0x00007ffb30950000 	C:\WINDOWS\System32\IMM32.DLL
0x00007ffb28060000 - 0x00007ffb2806c000 	C:\Program Files\Java\jdk-17\bin\vcruntime140_1.dll
0x00007ffb19f80000 - 0x00007ffb1a00e000 	C:\Program Files\Java\jdk-17\bin\msvcp140.dll
0x00007ffaeb020000 - 0x00007ffaebbf7000 	C:\Program Files\Java\jdk-17\bin\server\jvm.dll
0x00007ffb306b0000 - 0x00007ffb306b8000 	C:\WINDOWS\System32\PSAPI.DLL
0x00007ffb045b0000 - 0x00007ffb045d7000 	C:\WINDOWS\SYSTEM32\WINMM.dll
0x00007ffad8920000 - 0x00007ffad8929000 	C:\WINDOWS\SYSTEM32\WSOCK32.dll
0x00007ffb2f790000 - 0x00007ffb2f7fb000 	C:\WINDOWS\System32\WS2_32.dll
0x00007ffb2c8b0000 - 0x00007ffb2c8c2000 	C:\WINDOWS\SYSTEM32\kernel.appcore.dll
0x00007ffb27640000 - 0x00007ffb2764a000 	C:\Program Files\Java\jdk-17\bin\jimage.dll
0x00007ffb2c690000 - 0x00007ffb2c874000 	C:\WINDOWS\SYSTEM32\DBGHELP.DLL
0x00007ffb1e3a0000 - 0x00007ffb1e3d4000 	C:\WINDOWS\SYSTEM32\dbgcore.DLL
0x00007ffb2e580000 - 0x00007ffb2e602000 	C:\WINDOWS\System32\bcryptPrimitives.dll
0x00007ffb25530000 - 0x00007ffb2553e000 	C:\Program Files\Java\jdk-17\bin\instrument.dll
0x00007ffb23950000 - 0x00007ffb23975000 	C:\Program Files\Java\jdk-17\bin\java.dll
0x00007ffb17870000 - 0x00007ffb17947000 	C:\Program Files\Java\jdk-17\bin\jsvml.dll
0x00007ffb2f9c0000 - 0x00007ffb30104000 	C:\WINDOWS\System32\SHELL32.dll
0x00007ffb2bef0000 - 0x00007ffb2c683000 	C:\WINDOWS\SYSTEM32\windows.storage.dll
0x00007ffb2e9f0000 - 0x00007ffb2ed44000 	C:\WINDOWS\System32\combase.dll
0x00007ffb2d9e0000 - 0x00007ffb2da0e000 	C:\WINDOWS\SYSTEM32\Wldp.dll
0x00007ffb2ed50000 - 0x00007ffb2edfd000 	C:\WINDOWS\System32\SHCORE.dll
0x00007ffb30310000 - 0x00007ffb30365000 	C:\WINDOWS\System32\shlwapi.dll
0x00007ffb2dfb0000 - 0x00007ffb2dfcf000 	C:\WINDOWS\SYSTEM32\profapi.dll
0x00007ffb236f0000 - 0x00007ffb23708000 	C:\Program Files\Java\jdk-17\bin\zip.dll
0x00007ffb245c0000 - 0x00007ffb245d9000 	C:\Program Files\Java\jdk-17\bin\net.dll
0x00007ffb25110000 - 0x00007ffb2521a000 	C:\WINDOWS\SYSTEM32\WINHTTP.dll
0x00007ffb2d740000 - 0x00007ffb2d7aa000 	C:\WINDOWS\system32\mswsock.dll
0x00007ffb23890000 - 0x00007ffb238a6000 	C:\Program Files\Java\jdk-17\bin\nio.dll
0x00007ffb235d0000 - 0x00007ffb235ea000 	C:\Program Files\JetBrains\IntelliJ IDEA Community Edition 2022.3.2\bin\breakgen64.dll
0x00007ffb16230000 - 0x00007ffb163c1000 	C:\Program Files\Java\jdk-17\bin\awt.dll
0x00007ffb2f610000 - 0x00007ffb2f6dd000 	C:\WINDOWS\System32\OLEAUT32.dll
0x00007ffb2b580000 - 0x00007ffb2b611000 	C:\WINDOWS\SYSTEM32\apphelp.dll

dbghelp: loaded successfully - version: 4.0.5 - missing functions: none
symbol engine: initialized successfully - sym options: 0x614 - pdb path: .;C:\Program Files\Java\jdk-17\bin;C:\WINDOWS\SYSTEM32;C:\WINDOWS\WinSxS\amd64_microsoft.windows.common-controls_6595b64144ccf1df_6.0.19041.1110_none_60b5254171f9507e;C:\Program Files\Java\jdk-17\bin\server;C:\Program Files\JetBrains\IntelliJ IDEA Community Edition 2022.3.2\bin

VM Arguments:
jvm_args: -ea -Didea.test.cyclic.buffer.size=1048576 -javaagent:C:\Program Files\JetBrains\IntelliJ IDEA Community Edition 2022.3.2\lib\idea_rt.jar=7011:C:\Program Files\JetBrains\IntelliJ IDEA Community Edition 2022.3.2\bin -Dfile.encoding=UTF-8 
java_command: com.intellij.rt.junit.JUnitStarter -ideVersion5 -junit5 renderer.ShadowTests
java_class_path (initial): C:\Users\admin\.m2\repository\org\junit\platform\junit-platform-launcher\1.9.2\junit-platform-launcher-1.9.2.jar;C:\Program Files\JetBrains\IntelliJ IDEA Community Edition 2022.3.2\lib\idea_rt.jar;C:\Program Files\JetBrains\IntelliJ IDEA Community Edition 2022.3.2\plugins\junit\lib\junit5-rt.jar;C:\Program Files\JetBrains\IntelliJ IDEA Community Edition 2022.3.2\plugins\junit\lib\junit-rt.jar;C:\Google drive\Programs\ISE5783_5876\out\test\ISE5783_5876_5801;C:\Google drive\Programs\ISE5783_5876\out\production\ISE5783_5876_5801;C:\Users\admin\.m2\repository\org\junit\jupiter\junit-jupiter\5.9.2\junit-jupiter-5.9.2.jar;C:\Users\admin\.m2\repository\org\junit\jupiter\junit-jupiter-api\5.9.2\junit-jupiter-api-5.9.2.jar;C:\Users\admin\.m2\repository\org\opentest4j\opentest4j\1.2.0\opentest4j-1.2.0.jar;C:\Users\admin\.m2\repository\org\junit\platform\junit-platform-commons\1.9.2\junit-platform-commons-1.9.2.jar;C:\Users\admin\.m2\repository\org\apiguardian\apiguardian-api\1.1.2\apiguardian-api-1.1.2.jar;C:\Users\admin\.m2\repository\org\junit\jupiter\junit-jupiter-params\5.9.2\junit-jupiter-params-5.9.2.jar;C:\Users\admin\.m2\repository\org\junit\jupiter\junit-jupiter-engine\5.9.2\junit-jupiter-engine-5.9.2.jar;C:\Users\admin\.m2\repository\org\junit\platform\junit-platform-engine\1.9.2\junit-platform-engine-1.9.2.jar
Launcher Type: SUN_STANDARD

[Global flags]
     intx CICompilerCount                          = 4                                         {product} {ergonomic}
     uint ConcGCThreads                            = 2                                         {product} {ergonomic}
     uint G1ConcRefinementThreads                  = 8                                         {product} {ergonomic}
   size_t G1HeapRegionSize                         = 1048576                                   {product} {ergonomic}
    uintx GCDrainStackTargetSize                   = 64                                        {product} {ergonomic}
   size_t InitialHeapSize                          = 132120576                                 {product} {ergonomic}
   size_t MarkStackSize                            = 4194304                                   {product} {ergonomic}
   size_t MaxHeapSize                              = 2105540608                                {product} {ergonomic}
   size_t MaxNewSize                               = 1262485504                                {product} {ergonomic}
   size_t MinHeapDeltaBytes                        = 1048576                                   {product} {ergonomic}
   size_t MinHeapSize                              = 8388608                                   {product} {ergonomic}
    uintx NonNMethodCodeHeapSize                   = 5839372                                {pd product} {ergonomic}
    uintx NonProfiledCodeHeapSize                  = 122909434                              {pd product} {ergonomic}
    uintx ProfiledCodeHeapSize                     = 122909434                              {pd product} {ergonomic}
    uintx ReservedCodeCacheSize                    = 251658240                              {pd product} {ergonomic}
     bool SegmentedCodeCache                       = true                                      {product} {ergonomic}
   size_t SoftMaxHeapSize                          = 2105540608                             {manageable} {ergonomic}
     bool UseCompressedClassPointers               = true                           {product lp64_product} {ergonomic}
     bool UseCompressedOops                        = true                           {product lp64_product} {ergonomic}
     bool UseG1GC                                  = true                                      {product} {ergonomic}
     bool UseLargePagesIndividualAllocation        = false                                  {pd product} {ergonomic}

Logging:
Log output configuration:
 #0: stdout all=warning uptime,level,tags
 #1: stderr all=off uptime,level,tags

Environment Variables:
JAVA_HOME=C:\Program Files\Java\jdk-17
PATH=C:\Program Files\Common Files\Oracle\Java\javapath;C:\Program Files (x86)\Common Files\Oracle\Java\javapath;C:\WINDOWS\system32;C:\WINDOWS;C:\WINDOWS\System32\Wbem;C:\WINDOWS\System32\WindowsPowerShell\v1.0\;C:\WINDOWS\System32\OpenSSH\;C:\Program Files\dotnet\;C:\Program Files (x86)\PuTTY\;C:\Program Files\PuTTY\;C:\Program Files\Git\cmd;C:\Users\admin\AppData\Local\Programs\Python\Python39\Scripts\;C:\Users\admin\AppData\Local\Programs\Python\Python39\;C:\Users\admin\AppData\Local\Microsoft\WindowsApps;C:\Users\admin\.dotnet\tools;C:\Users\admin\AppData\Local\Programs\Microsoft VS Code\bin;C:\Program Files\Java\jdk-17\bin;
USERNAME=admin
OS=Windows_NT
PROCESSOR_IDENTIFIER=Intel64 Family 6 Model 142 Stepping 12, GenuineIntel



---------------  S Y S T E M  ---------------

OS:
 Windows 10 , 64 bit Build 19041 (10.0.19041.3031)
OS uptime: 9 days 4:32 hours

CPU: total 8 (initial active 8) (4 cores per cpu, 2 threads per core) family 6 model 142 stepping 12 microcode 0xca, cx8, cmov, fxsr, ht, mmx, 3dnowpref, sse, sse2, sse3, ssse3, sse4.1, sse4.2, popcnt, lzcnt, tsc, tscinvbit, avx, avx2, aes, erms, clmul, bmi1, bmi2, adx, fma, vzeroupper, clflush, clflushopt

Memory: 4k page, system-wide physical 8027M (1050M free)
TotalPageFile size 22213M (AvailPageFile size 6787M)
current process WorkingSet (physical memory assigned to process): 197M, peak: 197M
current process commit charge ("private bytes"): 299M, peak: 299M

vm_info: Java HotSpot(TM) 64-Bit Server VM (17.0.6+9-LTS-190) for windows-amd64 JRE (17.0.6+9-LTS-190), built on Dec  6 2022 15:53:54 by "mach5one" with MS VC++ 17.1 (VS2022)

END.
